0,Huluwa1,2,2
0,Huluwa2,2,3
0,Huluwa3,2,4
0,Huluwa4,2,5
0,Huluwa5,2,6
0,Huluwa6,2,7
0,Huluwa7,2,8
0,Yeye,5,9
0,Xiezijing,20,2
0,Xiaolouluo,19,3
0,Xiezijing,18,4
0,Xiaolouluo,17,5
0,Xiezijing,18,6
0,Xiaolouluo,19,7
0,Xiezijing,20,8
0,Shejing,15,9

1,Huluwa1,2,2
1,Huluwa2,2,3
1,Huluwa3,2,4
1,Huluwa4,2,5
1,Huluwa5,2,6
1,Huluwa6,2,7
1,Huluwa7,2,8
1,Yeye,5,9
1,Xiezijing,20,2
1,Xiaolouluo,19,3
1,Xiezijing,18,4
1,Xiaolouluo,17,5
1,Xiezijing,18,6
1,Xiaolouluo,19,7
1,Xiezijing,20,8
1,Shejing,15,9

2,Huluwa1,2,2
2,Huluwa2,2,3
2,Huluwa3,2,4
2,Huluwa4,2,5
2,Huluwa5,2,6
2,Huluwa6,2,7
2,Huluwa7,2,8
2,Yeye,5,9
2,Xiezijing,20,2
2,Xiaolouluo,19,3
2,Xiezijing,18,4
2,Xiaolouluo,17,5
2,Xiezijing,18,6
2,Xiaolouluo,19,7
2,Xiezijing,20,8
2,Shejing,15,9

3,Huluwa1,2,2
3,Huluwa2,2,3
3,Huluwa3,2,4
3,Huluwa4,2,5
3,Huluwa5,2,6
3,Huluwa6,2,7
3,Huluwa7,2,8
3,Yeye,5,9
3,Xiezijing,20,2
3,Xiaolouluo,19,3
3,Xiezijing,18,4
3,Xiaolouluo,17,5
3,Xiezijing,18,6
3,Xiaolouluo,19,7
3,Xiezijing,20,8
3,Shejing,15,9

4,Huluwa1,2,2
4,Huluwa2,2,3
4,Huluwa3,2,4
4,Huluwa4,2,5
4,Huluwa5,2,6
4,Huluwa6,2,7
4,Huluwa7,2,8
4,Yeye,5,9
4,Xiezijing,20,2
4,Xiaolouluo,19,3
4,Xiezijing,18,4
4,Xiaolouluo,17,5
4,Xiezijing,18,6
4,Xiaolouluo,19,7
4,Xiezijing,20,8
4,Shejing,15,9

5,Huluwa1,2,2
5,Huluwa2,2,3
5,Huluwa3,2,4
5,Huluwa4,2,5
5,Huluwa5,2,6
5,Huluwa6,2,7
5,Huluwa7,2,8
5,Yeye,5,9
5,Xiezijing,20,2
5,Xiaolouluo,19,3
5,Xiezijing,18,4
5,Xiaolouluo,17,5
5,Xiezijing,18,6
5,Xiaolouluo,19,7
5,Xiezijing,20,8
5,Shejing,15,9

6,Huluwa1,2,2
6,Huluwa2,2,3
6,Huluwa3,2,4
6,Huluwa4,2,5
6,Huluwa5,2,6
6,Huluwa6,2,7
6,Huluwa7,2,8
6,Yeye,5,9
6,Xiezijing,20,2
6,Xiaolouluo,19,3
6,Xiezijing,18,4
6,Xiaolouluo,17,5
6,Xiezijing,18,6
6,Xiaolouluo,19,7
6,Xiezijing,20,8
6,Shejing,15,9

7,Huluwa1,2,2
7,Huluwa2,2,3
7,Huluwa3,2,4
7,Huluwa4,2,5
7,Huluwa5,2,6
7,Huluwa6,2,7
7,Huluwa7,2,8
7,Yeye,5,9
7,Xiezijing,20,2
7,Xiaolouluo,19,3
7,Xiezijing,18,4
7,Xiaolouluo,17,5
7,Xiezijing,18,6
7,Xiaolouluo,19,7
7,Xiezijing,20,8
7,Shejing,15,9

8,Huluwa1,2,2
8,Huluwa2,2,3
8,Huluwa3,2,4
8,Huluwa4,2,5
8,Huluwa5,2,6
8,Huluwa6,2,7
8,Huluwa7,2,8
8,Yeye,5,9
8,Xiezijing,20,2
8,Xiaolouluo,19,3
8,Xiezijing,18,4
8,Xiaolouluo,17,5
8,Xiezijing,18,6
8,Xiaolouluo,19,7
8,Xiezijing,20,8
8,Shejing,15,9

9,Huluwa1,2,2
9,Huluwa2,2,3
9,Huluwa3,2,4
9,Huluwa4,2,5
9,Huluwa5,2,6
9,Huluwa6,2,7
9,Huluwa7,2,8
9,Yeye,5,9
9,Xiezijing,20,2
9,Xiaolouluo,19,3
9,Xiezijing,18,4
9,Xiaolouluo,17,5
9,Xiezijing,18,6
9,Xiaolouluo,19,7
9,Xiezijing,20,8
9,Shejing,15,9

10,Huluwa1,2,2
10,Huluwa2,2,3
10,Huluwa3,2,4
10,Huluwa4,2,5
10,Huluwa5,2,6
10,Huluwa6,2,7
10,Huluwa7,2,8
10,Yeye,5,9
10,Xiezijing,20,2
10,Xiaolouluo,19,3
10,Xiezijing,18,4
10,Xiaolouluo,17,5
10,Xiezijing,18,6
10,Xiaolouluo,19,7
10,Xiezijing,20,8
10,Shejing,15,9

11,Huluwa1,2,2
11,Huluwa2,2,3
11,Huluwa3,2,4
11,Huluwa4,2,5
11,Huluwa5,2,6
11,Huluwa6,2,7
11,Huluwa7,2,8
11,Yeye,5,9
11,Xiezijing,20,2
11,Xiaolouluo,19,3
11,Xiezijing,18,4
11,Xiaolouluo,17,5
11,Xiezijing,18,6
11,Xiaolouluo,19,7
11,Xiezijing,20,8
11,Shejing,15,9

12,Huluwa1,2,2
12,Huluwa2,2,3
12,Huluwa3,2,4
12,Huluwa4,2,5
12,Huluwa5,2,6
12,Huluwa6,2,7
12,Huluwa7,2,8
12,Yeye,5,9
12,Xiezijing,20,2
12,Xiaolouluo,19,3
12,Xiezijing,18,4
12,Xiaolouluo,17,5
12,Xiezijing,18,6
12,Xiaolouluo,19,7
12,Xiezijing,20,8
12,Shejing,15,9

13,Huluwa1,2,2
13,Huluwa2,2,3
13,Huluwa3,2,4
13,Huluwa4,2,5
13,Huluwa5,2,6
13,Huluwa6,2,7
13,Huluwa7,2,8
13,Yeye,5,9
13,Xiezijing,20,2
13,Xiaolouluo,19,3
13,Xiezijing,18,4
13,Xiaolouluo,17,5
13,Xiezijing,18,6
13,Xiaolouluo,19,7
13,Xiezijing,20,8
13,Shejing,15,9

14,Huluwa1,2,2
14,Huluwa2,2,3
14,Huluwa3,2,4
14,Huluwa4,2,5
14,Huluwa5,2,6
14,Huluwa6,2,7
14,Huluwa7,2,8
14,Yeye,5,9
14,Xiezijing,20,2
14,Xiaolouluo,19,3
14,Xiezijing,18,4
14,Xiaolouluo,17,5
14,Xiezijing,18,6
14,Xiaolouluo,19,7
14,Xiezijing,20,8
14,Shejing,15,9

15,Huluwa1,2,2
15,Huluwa2,2,3
15,Huluwa3,2,4
15,Huluwa4,2,5
15,Huluwa5,2,6
15,Huluwa6,2,7
15,Huluwa7,2,8
15,Yeye,5,9
15,Xiezijing,20,2
15,Xiaolouluo,19,3
15,Xiezijing,18,4
15,Xiaolouluo,17,5
15,Xiezijing,18,6
15,Xiaolouluo,19,7
15,Xiezijing,20,8
15,Shejing,15,9

16,Huluwa1,2,2
16,Huluwa2,2,3
16,Huluwa3,2,4
16,Huluwa4,2,5
16,Huluwa5,2,6
16,Huluwa6,2,7
16,Huluwa7,2,8
16,Yeye,5,9
16,Xiezijing,20,2
16,Xiaolouluo,19,3
16,Xiezijing,18,4
16,Xiaolouluo,17,5
16,Xiezijing,18,6
16,Xiaolouluo,19,7
16,Xiezijing,20,8
16,Shejing,15,9

17,Huluwa1,2,2
17,Huluwa2,2,3
17,Huluwa3,2,4
17,Huluwa4,2,5
17,Huluwa5,2,6
17,Huluwa6,2,7
17,Huluwa7,2,8
17,Yeye,5,9
17,Xiezijing,20,2
17,Xiaolouluo,19,3
17,Xiezijing,18,4
17,Xiaolouluo,17,5
17,Xiezijing,18,6
17,Xiaolouluo,19,7
17,Xiezijing,20,8
17,Shejing,15,9

18,Huluwa1,2,2
18,Huluwa2,2,3
18,Huluwa3,2,4
18,Huluwa4,2,5
18,Huluwa5,2,6
18,Huluwa6,2,7
18,Huluwa7,2,8
18,Yeye,5,9
18,Xiezijing,20,2
18,Xiaolouluo,19,3
18,Xiezijing,18,4
18,Xiaolouluo,17,5
18,Xiezijing,18,6
18,Xiaolouluo,19,7
18,Xiezijing,20,8
18,Shejing,15,9

19,Huluwa1,2,2
19,Huluwa2,2,3
19,Huluwa3,2,4
19,Huluwa4,2,5
19,Huluwa5,2,6
19,Huluwa6,2,7
19,Huluwa7,2,8
19,Yeye,5,9
19,Xiezijing,20,2
19,Xiaolouluo,19,3
19,Xiezijing,18,4
19,Xiaolouluo,17,5
19,Xiezijing,18,6
19,Xiaolouluo,19,7
19,Xiezijing,20,8
19,Shejing,15,9

20,Huluwa1,2,2
20,Huluwa2,2,3
20,Huluwa3,2,4
20,Huluwa4,2,5
20,Huluwa5,2,6
20,Huluwa6,2,7
20,Huluwa7,2,8
20,Yeye,5,9
20,Xiezijing,20,2
20,Xiaolouluo,19,3
20,Xiezijing,18,4
20,Xiaolouluo,17,5
20,Xiezijing,18,6
20,Xiaolouluo,19,7
20,Xiezijing,20,8
20,Shejing,15,9

21,Huluwa1,2,2
21,Huluwa2,2,3
21,Huluwa3,2,4
21,Huluwa4,2,5
21,Huluwa5,2,6
21,Huluwa6,2,7
21,Huluwa7,2,8
21,Yeye,5,9
21,Xiezijing,20,2
21,Xiaolouluo,19,3
21,Xiezijing,18,4
21,Xiaolouluo,17,5
21,Xiezijing,18,6
21,Xiaolouluo,19,7
21,Xiezijing,20,8
21,Shejing,15,9

22,Huluwa1,2,2
22,Huluwa2,2,3
22,Huluwa3,2,4
22,Huluwa4,2,5
22,Huluwa5,2,6
22,Huluwa6,2,7
22,Huluwa7,2,8
22,Yeye,5,9
22,Xiezijing,20,2
22,Xiaolouluo,19,3
22,Xiezijing,18,4
22,Xiaolouluo,17,5
22,Xiezijing,18,6
22,Xiaolouluo,19,7
22,Xiezijing,20,8
22,Shejing,15,9

23,Huluwa1,2,2
23,Huluwa2,2,3
23,Huluwa3,2,4
23,Huluwa4,2,5
23,Huluwa5,2,6
23,Huluwa6,2,7
23,Huluwa7,2,8
23,Yeye,5,9
23,Xiezijing,20,2
23,Xiaolouluo,19,3
23,Xiezijing,18,4
23,Xiaolouluo,17,5
23,Xiezijing,18,6
23,Xiaolouluo,19,7
23,Xiezijing,20,8
23,Shejing,15,9

24,Huluwa1,2,2
24,Huluwa2,2,3
24,Huluwa3,2,4
24,Huluwa4,2,5
24,Huluwa5,2,6
24,Huluwa6,2,7
24,Huluwa7,2,8
24,Yeye,5,9
24,Xiezijing,20,2
24,Xiaolouluo,19,3
24,Xiezijing,18,4
24,Xiaolouluo,17,5
24,Xiezijing,18,6
24,Xiaolouluo,19,7
24,Xiezijing,20,8
24,Shejing,15,9

25,Huluwa1,2,2
25,Huluwa2,2,3
25,Huluwa3,2,4
25,Huluwa4,2,5
25,Huluwa5,2,6
25,Huluwa6,2,7
25,Huluwa7,2,8
25,Yeye,5,9
25,Xiezijing,20,2
25,Xiaolouluo,19,3
25,Xiezijing,18,4
25,Xiaolouluo,17,5
25,Xiezijing,18,6
25,Xiaolouluo,19,7
25,Xiezijing,20,8
25,Shejing,15,9

26,Huluwa1,2,2
26,Huluwa2,2,3
26,Huluwa3,2,4
26,Huluwa4,2,5
26,Huluwa5,2,6
26,Huluwa6,2,7
26,Huluwa7,2,8
26,Yeye,5,9
26,Xiezijing,20,2
26,Xiaolouluo,19,3
26,Xiezijing,18,4
26,Xiaolouluo,17,5
26,Xiezijing,18,6
26,Xiaolouluo,19,7
26,Xiezijing,20,8
26,Shejing,15,9

27,Huluwa1,2,2
27,Huluwa2,2,3
27,Huluwa3,2,4
27,Huluwa4,2,5
27,Huluwa5,2,6
27,Huluwa6,2,7
27,Huluwa7,2,8
27,Yeye,5,9
27,Xiezijing,20,2
27,Xiaolouluo,19,3
27,Xiezijing,18,4
27,Xiaolouluo,17,5
27,Xiezijing,18,6
27,Xiaolouluo,19,7
27,Xiezijing,20,8
27,Shejing,15,9

28,Huluwa1,2,2
28,Huluwa2,2,3
28,Huluwa3,2,4
28,Huluwa4,2,5
28,Huluwa5,2,6
28,Huluwa6,2,7
28,Huluwa7,2,8
28,Yeye,5,9
28,Xiezijing,20,2
28,Xiaolouluo,19,3
28,Xiezijing,18,4
28,Xiaolouluo,17,5
28,Xiezijing,18,6
28,Xiaolouluo,19,7
28,Xiezijing,20,8
28,Shejing,15,9

29,Huluwa1,2,2
29,Huluwa2,2,3
29,Huluwa3,2,4
29,Huluwa4,2,5
29,Huluwa5,2,6
29,Huluwa6,2,7
29,Huluwa7,2,8
29,Yeye,5,9
29,Xiezijing,20,2
29,Xiaolouluo,19,3
29,Xiezijing,18,4
29,Xiaolouluo,17,5
29,Xiezijing,18,6
29,Xiaolouluo,19,7
29,Xiezijing,20,8
29,Shejing,15,9

30,Huluwa1,2,2
30,Huluwa2,2,3
30,Huluwa3,2,4
30,Huluwa4,2,5
30,Huluwa5,2,6
30,Huluwa6,2,7
30,Huluwa7,2,8
30,Yeye,5,9
30,Xiezijing,20,2
30,Xiaolouluo,19,3
30,Xiezijing,18,4
30,Xiaolouluo,17,5
30,Xiezijing,18,6
30,Xiaolouluo,19,7
30,Xiezijing,20,8
30,Shejing,15,9

31,Huluwa1,2,2
31,Huluwa2,2,3
31,Huluwa3,2,4
31,Huluwa4,2,5
31,Huluwa5,2,6
31,Huluwa6,2,7
31,Huluwa7,2,8
31,Yeye,5,9
31,Xiezijing,20,2
31,Xiaolouluo,19,3
31,Xiezijing,18,4
31,Xiaolouluo,17,5
31,Xiezijing,18,6
31,Xiaolouluo,19,7
31,Xiezijing,20,8
31,Shejing,15,9

32,Huluwa1,2,2
32,Huluwa2,2,3
32,Huluwa3,2,4
32,Huluwa4,2,5
32,Huluwa5,2,6
32,Huluwa6,2,7
32,Huluwa7,2,8
32,Yeye,5,9
32,Xiezijing,20,2
32,Xiaolouluo,19,3
32,Xiezijing,18,4
32,Xiaolouluo,17,5
32,Xiezijing,18,6
32,Xiaolouluo,19,7
32,Xiezijing,20,8
32,Shejing,15,9

33,Huluwa1,2,2
33,Huluwa2,2,3
33,Huluwa3,2,4
33,Huluwa4,2,5
33,Huluwa5,2,6
33,Huluwa6,2,7
33,Huluwa7,2,8
33,Yeye,5,9
33,Xiezijing,20,2
33,Xiaolouluo,19,3
33,Xiezijing,18,4
33,Xiaolouluo,17,5
33,Xiezijing,18,6
33,Xiaolouluo,19,7
33,Xiezijing,20,8
33,Shejing,15,9

34,Huluwa1,2,2
34,Huluwa2,2,3
34,Huluwa3,2,4
34,Huluwa4,2,5
34,Huluwa5,2,6
34,Huluwa6,2,7
34,Huluwa7,2,8
34,Yeye,5,9
34,Xiezijing,20,2
34,Xiaolouluo,19,3
34,Xiezijing,18,4
34,Xiaolouluo,17,5
34,Xiezijing,18,6
34,Xiaolouluo,19,7
34,Xiezijing,20,8
34,Shejing,15,9

35,Huluwa1,2,2
35,Huluwa2,2,3
35,Huluwa3,2,4
35,Huluwa4,2,5
35,Huluwa5,2,6
35,Huluwa6,2,7
35,Huluwa7,2,8
35,Yeye,5,9
35,Xiezijing,20,2
35,Xiaolouluo,19,3
35,Xiezijing,18,4
35,Xiaolouluo,17,5
35,Xiezijing,18,6
35,Xiaolouluo,19,7
35,Xiezijing,20,8
35,Shejing,15,9

36,Huluwa1,2,2
36,Huluwa2,2,3
36,Huluwa3,2,4
36,Huluwa4,2,5
36,Huluwa5,2,6
36,Huluwa6,2,7
36,Huluwa7,2,8
36,Yeye,5,9
36,Xiezijing,20,2
36,Xiaolouluo,19,3
36,Xiezijing,18,4
36,Xiaolouluo,17,5
36,Xiezijing,18,6
36,Xiaolouluo,19,7
36,Xiezijing,20,8
36,Shejing,15,9

37,Huluwa1,2,2
37,Huluwa2,2,3
37,Huluwa3,2,4
37,Huluwa4,2,5
37,Huluwa5,2,6
37,Huluwa6,2,7
37,Huluwa7,2,8
37,Yeye,5,9
37,Xiezijing,20,2
37,Xiaolouluo,19,3
37,Xiezijing,18,4
37,Xiaolouluo,17,5
37,Xiezijing,18,6
37,Xiaolouluo,19,7
37,Xiezijing,20,8
37,Shejing,15,9

38,Huluwa1,2,2
38,Huluwa2,2,3
38,Huluwa3,2,4
38,Huluwa4,2,5
38,Huluwa5,2,6
38,Huluwa6,2,7
38,Huluwa7,2,8
38,Yeye,5,9
38,Xiezijing,20,2
38,Xiaolouluo,19,3
38,Xiezijing,18,4
38,Xiaolouluo,17,5
38,Xiezijing,18,6
38,Xiaolouluo,19,7
38,Xiezijing,20,8
38,Shejing,15,9

39,Huluwa1,2,2
39,Huluwa2,2,3
39,Huluwa3,2,4
39,Huluwa4,2,5
39,Huluwa5,2,6
39,Huluwa6,2,7
39,Huluwa7,2,8
39,Yeye,5,9
39,Xiezijing,20,2
39,Xiaolouluo,19,3
39,Xiezijing,18,4
39,Xiaolouluo,17,5
39,Xiezijing,18,6
39,Xiaolouluo,19,7
39,Xiezijing,20,8
39,Shejing,15,9

40,Huluwa1,2,2
40,Huluwa2,2,3
40,Huluwa3,2,4
40,Huluwa4,2,5
40,Huluwa5,2,6
40,Huluwa6,2,7
40,Huluwa7,2,8
40,Yeye,5,9
40,Xiezijing,20,2
40,Xiaolouluo,19,3
40,Xiezijing,18,4
40,Xiaolouluo,17,5
40,Xiezijing,18,6
40,Xiaolouluo,19,7
40,Xiezijing,20,8
40,Shejing,15,9

41,Huluwa1,2,2
41,Huluwa2,2,3
41,Huluwa3,2,4
41,Huluwa4,2,5
41,Huluwa5,2,6
41,Huluwa6,2,7
41,Huluwa7,2,8
41,Yeye,5,9
41,Xiezijing,20,2
41,Xiaolouluo,19,3
41,Xiezijing,18,4
41,Xiaolouluo,17,5
41,Xiezijing,18,6
41,Xiaolouluo,19,7
41,Xiezijing,20,8
41,Shejing,15,9

42,Huluwa1,2,2
42,Huluwa2,2,3
42,Huluwa3,2,4
42,Huluwa4,2,5
42,Huluwa5,2,6
42,Huluwa6,2,7
42,Huluwa7,2,8
42,Yeye,5,9
42,Xiezijing,20,2
42,Xiaolouluo,19,3
42,Xiezijing,18,4
42,Xiaolouluo,17,5
42,Xiezijing,18,6
42,Xiaolouluo,19,7
42,Xiezijing,20,8
42,Shejing,15,9

43,Huluwa1,2,2
43,Huluwa2,2,3
43,Huluwa3,2,4
43,Huluwa4,2,5
43,Huluwa5,2,6
43,Huluwa6,2,7
43,Huluwa7,2,8
43,Yeye,5,9
43,Xiezijing,20,2
43,Xiaolouluo,19,3
43,Xiezijing,18,4
43,Xiaolouluo,17,5
43,Xiezijing,18,6
43,Xiaolouluo,19,7
43,Xiezijing,20,8
43,Shejing,15,9

44,Huluwa1,2,2
44,Huluwa2,2,3
44,Huluwa3,2,4
44,Huluwa4,2,5
44,Huluwa5,2,6
44,Huluwa6,2,7
44,Huluwa7,2,8
44,Yeye,5,9
44,Xiezijing,20,2
44,Xiaolouluo,19,3
44,Xiezijing,18,4
44,Xiaolouluo,17,5
44,Xiezijing,18,6
44,Xiaolouluo,19,7
44,Xiezijing,20,8
44,Shejing,15,9

45,Huluwa1,2,2
45,Huluwa2,2,3
45,Huluwa3,2,4
45,Huluwa4,2,5
45,Huluwa5,2,6
45,Huluwa6,2,7
45,Huluwa7,2,8
45,Yeye,5,9
45,Xiezijing,20,2
45,Xiaolouluo,19,3
45,Xiezijing,18,4
45,Xiaolouluo,17,5
45,Xiezijing,18,6
45,Xiaolouluo,19,7
45,Xiezijing,20,8
45,Shejing,15,9

46,Huluwa1,2,2
46,Huluwa2,2,3
46,Huluwa3,2,4
46,Huluwa4,2,5
46,Huluwa5,2,6
46,Huluwa6,2,7
46,Huluwa7,2,8
46,Yeye,5,9
46,Xiezijing,20,2
46,Xiaolouluo,19,3
46,Xiezijing,18,4
46,Xiaolouluo,17,5
46,Xiezijing,18,6
46,Xiaolouluo,19,7
46,Xiezijing,20,8
46,Shejing,15,9

47,Huluwa1,2,2
47,Huluwa2,2,3
47,Huluwa3,2,4
47,Huluwa4,2,5
47,Huluwa5,2,6
47,Huluwa6,2,7
47,Huluwa7,2,8
47,Yeye,5,9
47,Xiezijing,20,2
47,Xiaolouluo,19,3
47,Xiezijing,18,4
47,Xiaolouluo,17,5
47,Xiezijing,18,6
47,Xiaolouluo,19,7
47,Xiezijing,20,8
47,Shejing,15,9

48,Huluwa1,2,2
48,Huluwa2,2,3
48,Huluwa3,2,4
48,Huluwa4,2,5
48,Huluwa5,2,6
48,Huluwa6,2,7
48,Huluwa7,2,8
48,Yeye,5,9
48,Xiezijing,20,2
48,Xiaolouluo,19,3
48,Xiezijing,18,4
48,Xiaolouluo,17,5
48,Xiezijing,18,6
48,Xiaolouluo,19,7
48,Xiezijing,20,8
48,Shejing,15,9

49,Huluwa1,2,2
49,Huluwa2,2,3
49,Huluwa3,2,4
49,Huluwa4,2,5
49,Huluwa5,2,6
49,Huluwa6,2,7
49,Huluwa7,2,8
49,Yeye,5,9
49,Xiezijing,20,2
49,Xiaolouluo,19,3
49,Xiezijing,18,4
49,Xiaolouluo,17,5
49,Xiezijing,18,6
49,Xiaolouluo,19,7
49,Xiezijing,20,8
49,Shejing,15,9

50,Huluwa1,2,2
50,Huluwa2,2,3
50,Huluwa3,2,4
50,Huluwa4,2,5
50,Huluwa5,2,6
50,Huluwa6,2,7
50,Huluwa7,2,8
50,Yeye,5,9
50,Xiezijing,20,2
50,Xiaolouluo,19,3
50,Xiezijing,18,4
50,Xiaolouluo,17,5
50,Xiezijing,18,6
50,Xiaolouluo,19,7
50,Xiezijing,20,8
50,Shejing,15,9

51,Huluwa1,2,2
51,Huluwa2,2,3
51,Huluwa3,2,4
51,Huluwa4,2,5
51,Huluwa5,2,6
51,Huluwa6,2,7
51,Huluwa7,2,8
51,Yeye,5,9
51,Xiezijing,20,2
51,Xiaolouluo,19,3
51,Xiezijing,18,4
51,Xiaolouluo,17,5
51,Xiezijing,18,6
51,Xiaolouluo,19,7
51,Xiezijing,20,8
51,Shejing,15,9

52,Huluwa1,2,2
52,Huluwa2,2,3
52,Huluwa3,2,4
52,Huluwa4,2,5
52,Huluwa5,2,6
52,Huluwa6,2,7
52,Huluwa7,2,8
52,Yeye,5,9
52,Xiezijing,20,2
52,Xiaolouluo,19,3
52,Xiezijing,18,4
52,Xiaolouluo,17,5
52,Xiezijing,18,6
52,Xiaolouluo,19,7
52,Xiezijing,20,8
52,Shejing,15,9

53,Huluwa1,2,2
53,Huluwa2,2,3
53,Huluwa3,2,4
53,Huluwa4,2,5
53,Huluwa5,2,6
53,Huluwa6,2,7
53,Huluwa7,2,8
53,Yeye,5,9
53,Xiezijing,20,2
53,Xiaolouluo,19,3
53,Xiezijing,18,4
53,Xiaolouluo,17,5
53,Xiezijing,18,6
53,Xiaolouluo,19,7
53,Xiezijing,20,8
53,Shejing,15,9

54,Huluwa1,2,2
54,Huluwa2,2,3
54,Huluwa3,2,4
54,Huluwa4,2,5
54,Huluwa5,2,6
54,Huluwa6,2,7
54,Huluwa7,2,8
54,Yeye,5,9
54,Xiezijing,20,2
54,Xiaolouluo,19,3
54,Xiezijing,18,4
54,Xiaolouluo,17,5
54,Xiezijing,18,6
54,Xiaolouluo,19,7
54,Xiezijing,20,8
54,Shejing,15,9

55,Huluwa1,2,2
55,Huluwa2,2,3
55,Huluwa3,2,4
55,Huluwa4,2,5
55,Huluwa5,2,6
55,Huluwa6,2,7
55,Huluwa7,2,8
55,Yeye,5,9
55,Xiezijing,20,2
55,Xiaolouluo,19,3
55,Xiezijing,18,4
55,Xiaolouluo,17,5
55,Xiezijing,18,6
55,Xiaolouluo,19,7
55,Xiezijing,20,8
55,Shejing,15,9

56,Huluwa1,2,2
56,Huluwa2,2,3
56,Huluwa3,2,4
56,Huluwa4,2,5
56,Huluwa5,2,6
56,Huluwa6,2,7
56,Huluwa7,2,8
56,Yeye,5,9
56,Xiezijing,20,2
56,Xiaolouluo,19,3
56,Xiezijing,18,4
56,Xiaolouluo,17,5
56,Xiezijing,18,6
56,Xiaolouluo,19,7
56,Xiezijing,20,8
56,Shejing,15,9

57,Huluwa1,2,2
57,Huluwa2,2,3
57,Huluwa3,2,4
57,Huluwa4,2,5
57,Huluwa5,2,6
57,Huluwa6,2,7
57,Huluwa7,2,8
57,Yeye,5,9
57,Xiezijing,20,2
57,Xiaolouluo,19,3
57,Xiezijing,18,4
57,Xiaolouluo,17,5
57,Xiezijing,18,6
57,Xiaolouluo,19,7
57,Xiezijing,20,8
57,Shejing,15,9

58,Huluwa1,2,2
58,Huluwa2,2,3
58,Huluwa3,2,4
58,Huluwa4,2,5
58,Huluwa5,2,6
58,Huluwa6,2,7
58,Huluwa7,2,8
58,Yeye,5,9
58,Xiezijing,20,2
58,Xiaolouluo,19,3
58,Xiezijing,18,4
58,Xiaolouluo,17,5
58,Xiezijing,18,6
58,Xiaolouluo,19,7
58,Xiezijing,20,8
58,Shejing,15,9

59,Huluwa1,2,2
59,Huluwa2,2,3
59,Huluwa3,2,4
59,Huluwa4,2,5
59,Huluwa5,2,6
59,Huluwa6,2,7
59,Huluwa7,2,8
59,Yeye,5,9
59,Xiezijing,20,2
59,Xiaolouluo,19,3
59,Xiezijing,18,4
59,Xiaolouluo,17,5
59,Xiezijing,18,6
59,Xiaolouluo,19,7
59,Xiezijing,20,8
59,Shejing,15,9

60,Huluwa1,2,2
60,Huluwa2,2,3
60,Huluwa3,2,4
60,Huluwa4,2,5
60,Huluwa5,2,6
60,Huluwa6,2,7
60,Huluwa7,2,8
60,Yeye,5,9
60,Xiezijing,20,2
60,Xiaolouluo,19,3
60,Xiezijing,18,4
60,Xiaolouluo,17,5
60,Xiezijing,18,6
60,Xiaolouluo,19,7
60,Xiezijing,20,8
60,Shejing,15,9

61,Huluwa1,2,2
61,Huluwa2,2,3
61,Huluwa3,2,4
61,Huluwa4,2,5
61,Huluwa5,2,6
61,Huluwa6,2,7
61,Huluwa7,2,8
61,Yeye,5,9
61,Xiezijing,20,2
61,Xiaolouluo,19,3
61,Xiezijing,18,4
61,Xiaolouluo,17,5
61,Xiezijing,18,6
61,Xiaolouluo,19,7
61,Xiezijing,20,8
61,Shejing,15,9

62,Huluwa1,2,2
62,Huluwa2,2,3
62,Huluwa3,2,4
62,Huluwa4,2,5
62,Huluwa5,2,6
62,Huluwa6,2,7
62,Huluwa7,2,8
62,Yeye,5,9
62,Xiezijing,20,2
62,Xiaolouluo,19,3
62,Xiezijing,18,4
62,Xiaolouluo,17,5
62,Xiezijing,18,6
62,Xiaolouluo,19,7
62,Xiezijing,20,8
62,Shejing,15,9

63,Huluwa1,2,2
63,Huluwa2,2,3
63,Huluwa3,2,4
63,Huluwa4,2,5
63,Huluwa5,2,6
63,Huluwa6,2,7
63,Huluwa7,2,8
63,Yeye,5,9
63,Xiezijing,20,2
63,Xiaolouluo,19,3
63,Xiezijing,18,4
63,Xiaolouluo,17,5
63,Xiezijing,18,6
63,Xiaolouluo,19,7
63,Xiezijing,20,8
63,Shejing,15,9

64,Huluwa1,2,2
64,Huluwa2,2,3
64,Huluwa3,2,4
64,Huluwa4,2,5
64,Huluwa5,2,6
64,Huluwa6,2,7
64,Huluwa7,2,8
64,Yeye,5,9
64,Xiezijing,20,2
64,Xiaolouluo,19,3
64,Xiezijing,18,4
64,Xiaolouluo,17,5
64,Xiezijing,18,6
64,Xiaolouluo,19,7
64,Xiezijing,20,8
64,Shejing,15,9

65,Huluwa1,2,2
65,Huluwa2,2,3
65,Huluwa3,2,4
65,Huluwa4,2,5
65,Huluwa5,2,6
65,Huluwa6,2,7
65,Huluwa7,2,8
65,Yeye,5,9
65,Xiezijing,20,2
65,Xiaolouluo,19,3
65,Xiezijing,18,4
65,Xiaolouluo,17,5
65,Xiezijing,18,6
65,Xiaolouluo,19,7
65,Xiezijing,20,8
65,Shejing,15,9

66,Huluwa1,2,2
66,Huluwa2,2,3
66,Huluwa3,2,4
66,Huluwa4,2,5
66,Huluwa5,2,6
66,Huluwa6,2,7
66,Huluwa7,2,8
66,Yeye,5,9
66,Xiezijing,20,2
66,Xiaolouluo,19,3
66,Xiezijing,18,4
66,Xiaolouluo,17,5
66,Xiezijing,18,6
66,Xiaolouluo,19,7
66,Xiezijing,20,8
66,Shejing,15,9

67,Huluwa1,2,2
67,Huluwa2,2,3
67,Huluwa3,2,4
67,Huluwa4,2,5
67,Huluwa5,2,6
67,Huluwa6,2,7
67,Huluwa7,2,8
67,Yeye,5,9
67,Xiezijing,20,2
67,Xiaolouluo,19,3
67,Xiezijing,18,4
67,Xiaolouluo,17,5
67,Xiezijing,18,6
67,Xiaolouluo,19,7
67,Xiezijing,20,8
67,Shejing,15,9

68,Huluwa1,2,2
68,Huluwa2,2,3
68,Huluwa3,2,4
68,Huluwa4,2,5
68,Huluwa5,2,6
68,Huluwa6,2,7
68,Huluwa7,2,8
68,Yeye,5,9
68,Xiezijing,20,2
68,Xiaolouluo,19,3
68,Xiezijing,18,4
68,Xiaolouluo,17,5
68,Xiezijing,18,6
68,Xiaolouluo,19,7
68,Xiezijing,20,8
68,Shejing,15,9

69,Huluwa1,2,2
69,Huluwa2,2,3
69,Huluwa3,2,4
69,Huluwa4,2,5
69,Huluwa5,2,6
69,Huluwa6,2,7
69,Huluwa7,2,8
69,Yeye,5,9
69,Xiezijing,20,2
69,Xiaolouluo,19,3
69,Xiezijing,18,4
69,Xiaolouluo,17,5
69,Xiezijing,18,6
69,Xiaolouluo,19,7
69,Xiezijing,20,8
69,Shejing,15,9

70,Huluwa1,2,2
70,Huluwa2,2,3
70,Huluwa3,2,4
70,Huluwa4,2,5
70,Huluwa5,2,6
70,Huluwa6,2,7
70,Huluwa7,2,8
70,Yeye,5,9
70,Xiezijing,20,2
70,Xiaolouluo,19,3
70,Xiezijing,18,4
70,Xiaolouluo,17,5
70,Xiezijing,18,6
70,Xiaolouluo,19,7
70,Xiezijing,20,8
70,Shejing,15,9

71,Huluwa1,2,2
71,Huluwa2,2,3
71,Huluwa3,2,4
71,Huluwa4,2,5
71,Huluwa5,2,6
71,Huluwa6,2,7
71,Huluwa7,2,8
71,Yeye,5,9
71,Xiezijing,20,2
71,Xiaolouluo,19,3
71,Xiezijing,18,4
71,Xiaolouluo,17,5
71,Xiezijing,18,6
71,Xiaolouluo,19,7
71,Xiezijing,20,8
71,Shejing,15,9

72,Huluwa1,2,2
72,Huluwa2,2,3
72,Huluwa3,2,4
72,Huluwa4,2,5
72,Huluwa5,2,6
72,Huluwa6,2,7
72,Huluwa7,2,8
72,Yeye,5,9
72,Xiezijing,20,2
72,Xiaolouluo,19,3
72,Xiezijing,18,4
72,Xiaolouluo,17,5
72,Xiezijing,18,6
72,Xiaolouluo,19,7
72,Xiezijing,20,8
72,Shejing,15,9

73,Huluwa1,2,2
73,Huluwa2,2,3
73,Huluwa3,2,4
73,Huluwa4,2,5
73,Huluwa5,2,6
73,Huluwa6,2,7
73,Huluwa7,2,8
73,Yeye,5,9
73,Xiezijing,20,2
73,Xiaolouluo,19,3
73,Xiezijing,18,4
73,Xiaolouluo,17,5
73,Xiezijing,18,6
73,Xiaolouluo,19,7
73,Xiezijing,20,8
73,Shejing,15,9

74,Huluwa1,2,2
74,Huluwa2,2,3
74,Huluwa3,2,4
74,Huluwa4,2,5
74,Huluwa5,2,6
74,Huluwa6,2,7
74,Huluwa7,2,8
74,Yeye,5,9
74,Xiezijing,20,2
74,Xiaolouluo,19,3
74,Xiezijing,18,4
74,Xiaolouluo,17,5
74,Xiezijing,18,6
74,Xiaolouluo,19,7
74,Xiezijing,20,8
74,Shejing,15,9

75,Huluwa1,2,2
75,Huluwa2,2,3
75,Huluwa3,2,4
75,Huluwa4,2,5
75,Huluwa5,2,6
75,Huluwa6,2,7
75,Huluwa7,2,8
75,Yeye,5,9
75,Xiezijing,20,2
75,Xiaolouluo,19,3
75,Xiezijing,18,4
75,Xiaolouluo,17,5
75,Xiezijing,18,6
75,Xiaolouluo,19,7
75,Xiezijing,20,8
75,Shejing,15,9

76,Huluwa1,2,2
76,Huluwa2,2,3
76,Huluwa3,2,4
76,Huluwa4,2,5
76,Huluwa5,2,6
76,Huluwa6,2,7
76,Huluwa7,2,8
76,Yeye,5,9
76,Xiezijing,20,2
76,Xiaolouluo,19,3
76,Xiezijing,18,4
76,Xiaolouluo,17,5
76,Xiezijing,18,6
76,Xiaolouluo,19,7
76,Xiezijing,20,8
76,Shejing,15,9

77,Huluwa1,2,2
77,Huluwa2,2,3
77,Huluwa3,2,4
77,Huluwa4,2,5
77,Huluwa5,2,6
77,Huluwa6,2,7
77,Huluwa7,2,8
77,Yeye,5,9
77,Xiezijing,20,2
77,Xiaolouluo,19,3
77,Xiezijing,18,4
77,Xiaolouluo,17,5
77,Xiezijing,18,6
77,Xiaolouluo,19,7
77,Xiezijing,20,8
77,Shejing,15,9

78,Huluwa1,2,2
78,Huluwa2,2,3
78,Huluwa3,2,4
78,Huluwa4,2,5
78,Huluwa5,2,6
78,Huluwa6,2,7
78,Huluwa7,2,8
78,Yeye,5,9
78,Xiezijing,20,2
78,Xiaolouluo,19,3
78,Xiezijing,18,4
78,Xiaolouluo,17,5
78,Xiezijing,18,6
78,Xiaolouluo,19,7
78,Xiezijing,20,8
78,Shejing,15,9

79,Huluwa1,2,2
79,Huluwa2,2,3
79,Huluwa3,2,4
79,Huluwa4,2,5
79,Huluwa5,2,6
79,Huluwa6,2,7
79,Huluwa7,2,8
79,Yeye,5,9
79,Xiezijing,20,2
79,Xiaolouluo,19,3
79,Xiezijing,18,4
79,Xiaolouluo,17,5
79,Xiezijing,18,6
79,Xiaolouluo,19,7
79,Xiezijing,20,8
79,Shejing,15,9

80,Huluwa1,2,2
80,Huluwa2,2,3
80,Huluwa3,2,4
80,Huluwa4,2,5
80,Huluwa5,2,6
80,Huluwa6,2,7
80,Huluwa7,2,8
80,Yeye,5,9
80,Xiezijing,20,2
80,Xiaolouluo,19,3
80,Xiezijing,18,4
80,Xiaolouluo,17,5
80,Xiezijing,18,6
80,Xiaolouluo,19,7
80,Xiezijing,20,8
80,Shejing,15,9

81,Huluwa1,2,2
81,Huluwa2,2,3
81,Huluwa3,2,4
81,Huluwa4,2,5
81,Huluwa5,2,6
81,Huluwa6,2,7
81,Huluwa7,2,8
81,Yeye,5,9
81,Xiezijing,20,2
81,Xiaolouluo,19,3
81,Xiezijing,18,4
81,Xiaolouluo,17,5
81,Xiezijing,18,6
81,Xiaolouluo,19,7
81,Xiezijing,20,8
81,Shejing,15,9

82,Huluwa1,2,2
82,Huluwa2,2,3
82,Huluwa3,2,4
82,Huluwa4,2,5
82,Huluwa5,2,6
82,Huluwa6,2,7
82,Huluwa7,2,8
82,Yeye,5,9
82,Xiezijing,20,2
82,Xiaolouluo,19,3
82,Xiezijing,18,4
82,Xiaolouluo,17,5
82,Xiezijing,18,6
82,Xiaolouluo,19,7
82,Xiezijing,20,8
82,Shejing,15,9

83,Huluwa1,2,2
83,Huluwa2,2,3
83,Huluwa3,2,4
83,Huluwa4,2,5
83,Huluwa5,2,6
83,Huluwa6,2,7
83,Huluwa7,2,8
83,Yeye,5,9
83,Xiezijing,20,2
83,Xiaolouluo,19,3
83,Xiezijing,18,4
83,Xiaolouluo,17,5
83,Xiezijing,18,6
83,Xiaolouluo,19,7
83,Xiezijing,20,8
83,Shejing,15,9

84,Huluwa1,2,2
84,Huluwa2,2,3
84,Huluwa3,2,4
84,Huluwa4,2,5
84,Huluwa5,2,6
84,Huluwa6,2,7
84,Huluwa7,2,8
84,Yeye,5,9
84,Xiezijing,20,2
84,Xiaolouluo,19,3
84,Xiezijing,18,4
84,Xiaolouluo,17,5
84,Xiezijing,18,6
84,Xiaolouluo,19,7
84,Xiezijing,20,8
84,Shejing,15,9

85,Huluwa1,2,2
85,Huluwa2,2,3
85,Huluwa3,2,4
85,Huluwa4,2,5
85,Huluwa5,2,6
85,Huluwa6,2,7
85,Huluwa7,2,8
85,Yeye,5,9
85,Xiezijing,20,2
85,Xiaolouluo,19,3
85,Xiezijing,18,4
85,Xiaolouluo,17,5
85,Xiezijing,18,6
85,Xiaolouluo,19,7
85,Xiezijing,20,8
85,Shejing,15,9

86,Huluwa1,2,2
86,Huluwa2,2,3
86,Huluwa3,2,4
86,Huluwa4,2,5
86,Huluwa5,2,6
86,Huluwa6,2,7
86,Huluwa7,2,8
86,Yeye,5,9
86,Xiezijing,20,2
86,Xiaolouluo,19,3
86,Xiezijing,18,4
86,Xiaolouluo,17,5
86,Xiezijing,18,6
86,Xiaolouluo,19,7
86,Xiezijing,20,8
86,Shejing,15,9

87,Huluwa1,2,2
87,Huluwa2,2,3
87,Huluwa3,2,4
87,Huluwa4,2,5
87,Huluwa5,2,6
87,Huluwa6,2,7
87,Huluwa7,2,8
87,Yeye,5,9
87,Xiezijing,20,2
87,Xiaolouluo,19,3
87,Xiezijing,18,4
87,Xiaolouluo,17,5
87,Xiezijing,18,6
87,Xiaolouluo,19,7
87,Xiezijing,20,8
87,Shejing,15,9

88,Huluwa1,2,2
88,Huluwa2,2,3
88,Huluwa3,2,4
88,Huluwa4,2,5
88,Huluwa5,2,6
88,Huluwa6,2,7
88,Huluwa7,2,8
88,Yeye,5,9
88,Xiezijing,20,2
88,Xiaolouluo,19,3
88,Xiezijing,18,4
88,Xiaolouluo,17,5
88,Xiezijing,18,6
88,Xiaolouluo,19,7
88,Xiezijing,20,8
88,Shejing,15,9

89,Huluwa1,3,2
89,Huluwa2,3,3
89,Huluwa3,3,4
89,Huluwa4,3,5
89,Huluwa5,3,6
89,Huluwa6,3,7
89,Huluwa7,3,8
89,Yeye,6,9
89,Xiezijing,19,2
89,Xiaolouluo,18,3
89,Xiezijing,17,4
89,Xiaolouluo,16,5
89,Xiezijing,17,6
89,Xiaolouluo,18,7
89,Xiezijing,19,8
89,Shejing,14,9

90,Huluwa1,3,2
90,Huluwa2,3,3
90,Huluwa3,3,4
90,Huluwa4,3,5
90,Huluwa5,3,6
90,Huluwa6,3,7
90,Huluwa7,3,8
90,Yeye,6,9
90,Xiezijing,19,2
90,Xiaolouluo,18,3
90,Xiezijing,17,4
90,Xiaolouluo,16,5
90,Xiezijing,17,6
90,Xiaolouluo,18,7
90,Xiezijing,19,8
90,Shejing,14,9

91,Huluwa1,3,2
91,Huluwa2,3,3
91,Huluwa3,3,4
91,Huluwa4,3,5
91,Huluwa5,3,6
91,Huluwa6,3,7
91,Huluwa7,3,8
91,Yeye,6,9
91,Xiezijing,19,2
91,Xiaolouluo,18,3
91,Xiezijing,17,4
91,Xiaolouluo,16,5
91,Xiezijing,17,6
91,Xiaolouluo,18,7
91,Xiezijing,19,8
91,Shejing,14,9

92,Huluwa1,3,2
92,Huluwa2,3,3
92,Huluwa3,3,4
92,Huluwa4,3,5
92,Huluwa5,3,6
92,Huluwa6,3,7
92,Huluwa7,3,8
92,Yeye,6,9
92,Xiezijing,19,2
92,Xiaolouluo,18,3
92,Xiezijing,17,4
92,Xiaolouluo,16,5
92,Xiezijing,17,6
92,Xiaolouluo,18,7
92,Xiezijing,19,8
92,Shejing,14,9

93,Huluwa1,3,2
93,Huluwa2,3,3
93,Huluwa3,3,4
93,Huluwa4,3,5
93,Huluwa5,3,6
93,Huluwa6,3,7
93,Huluwa7,3,8
93,Yeye,6,9
93,Xiezijing,19,2
93,Xiaolouluo,18,3
93,Xiezijing,17,4
93,Xiaolouluo,16,5
93,Xiezijing,17,6
93,Xiaolouluo,18,7
93,Xiezijing,19,8
93,Shejing,14,9

94,Huluwa1,3,2
94,Huluwa2,3,3
94,Huluwa3,3,4
94,Huluwa4,3,5
94,Huluwa5,3,6
94,Huluwa6,3,7
94,Huluwa7,3,8
94,Yeye,6,9
94,Xiezijing,19,2
94,Xiaolouluo,18,3
94,Xiezijing,17,4
94,Xiaolouluo,16,5
94,Xiezijing,17,6
94,Xiaolouluo,18,7
94,Xiezijing,19,8
94,Shejing,14,9

95,Huluwa1,3,2
95,Huluwa2,3,3
95,Huluwa3,3,4
95,Huluwa4,3,5
95,Huluwa5,3,6
95,Huluwa6,3,7
95,Huluwa7,3,8
95,Yeye,6,9
95,Xiezijing,19,2
95,Xiaolouluo,18,3
95,Xiezijing,17,4
95,Xiaolouluo,16,5
95,Xiezijing,17,6
95,Xiaolouluo,18,7
95,Xiezijing,19,8
95,Shejing,14,9

96,Huluwa1,3,2
96,Huluwa2,3,3
96,Huluwa3,3,4
96,Huluwa4,3,5
96,Huluwa5,3,6
96,Huluwa6,3,7
96,Huluwa7,3,8
96,Yeye,6,9
96,Xiezijing,19,2
96,Xiaolouluo,18,3
96,Xiezijing,17,4
96,Xiaolouluo,16,5
96,Xiezijing,17,6
96,Xiaolouluo,18,7
96,Xiezijing,19,8
96,Shejing,14,9

97,Huluwa1,3,2
97,Huluwa2,3,3
97,Huluwa3,3,4
97,Huluwa4,3,5
97,Huluwa5,3,6
97,Huluwa6,3,7
97,Huluwa7,3,8
97,Yeye,6,9
97,Xiezijing,19,2
97,Xiaolouluo,18,3
97,Xiezijing,17,4
97,Xiaolouluo,16,5
97,Xiezijing,17,6
97,Xiaolouluo,18,7
97,Xiezijing,19,8
97,Shejing,14,9

98,Huluwa1,3,2
98,Huluwa2,3,3
98,Huluwa3,3,4
98,Huluwa4,3,5
98,Huluwa5,3,6
98,Huluwa6,3,7
98,Huluwa7,3,8
98,Yeye,6,9
98,Xiezijing,19,2
98,Xiaolouluo,18,3
98,Xiezijing,17,4
98,Xiaolouluo,16,5
98,Xiezijing,17,6
98,Xiaolouluo,18,7
98,Xiezijing,19,8
98,Shejing,14,9

99,Huluwa1,3,2
99,Huluwa2,3,3
99,Huluwa3,3,4
99,Huluwa4,3,5
99,Huluwa5,3,6
99,Huluwa6,3,7
99,Huluwa7,3,8
99,Yeye,6,9
99,Xiezijing,19,2
99,Xiaolouluo,18,3
99,Xiezijing,17,4
99,Xiaolouluo,16,5
99,Xiezijing,17,6
99,Xiaolouluo,18,7
99,Xiezijing,19,8
99,Shejing,14,9

100,Huluwa1,3,2
100,Huluwa2,3,3
100,Huluwa3,3,4
100,Huluwa4,3,5
100,Huluwa5,3,6
100,Huluwa6,3,7
100,Huluwa7,3,8
100,Yeye,6,9
100,Xiezijing,19,2
100,Xiaolouluo,18,3
100,Xiezijing,17,4
100,Xiaolouluo,16,5
100,Xiezijing,17,6
100,Xiaolouluo,18,7
100,Xiezijing,19,8
100,Shejing,14,9

101,Huluwa1,3,2
101,Huluwa2,3,3
101,Huluwa3,3,4
101,Huluwa4,3,5
101,Huluwa5,3,6
101,Huluwa6,3,7
101,Huluwa7,3,8
101,Yeye,6,9
101,Xiezijing,19,2
101,Xiaolouluo,18,3
101,Xiezijing,17,4
101,Xiaolouluo,16,5
101,Xiezijing,17,6
101,Xiaolouluo,18,7
101,Xiezijing,19,8
101,Shejing,14,9

102,Huluwa1,3,2
102,Huluwa2,3,3
102,Huluwa3,3,4
102,Huluwa4,3,5
102,Huluwa5,3,6
102,Huluwa6,3,7
102,Huluwa7,3,8
102,Yeye,6,9
102,Xiezijing,19,2
102,Xiaolouluo,18,3
102,Xiezijing,17,4
102,Xiaolouluo,16,5
102,Xiezijing,17,6
102,Xiaolouluo,18,7
102,Xiezijing,19,8
102,Shejing,14,9

103,Huluwa1,3,2
103,Huluwa2,3,3
103,Huluwa3,3,4
103,Huluwa4,3,5
103,Huluwa5,3,6
103,Huluwa6,3,7
103,Huluwa7,3,8
103,Yeye,6,9
103,Xiezijing,19,2
103,Xiaolouluo,18,3
103,Xiezijing,17,4
103,Xiaolouluo,16,5
103,Xiezijing,17,6
103,Xiaolouluo,18,7
103,Xiezijing,19,8
103,Shejing,14,9

104,Huluwa1,3,2
104,Huluwa2,3,3
104,Huluwa3,3,4
104,Huluwa4,3,5
104,Huluwa5,3,6
104,Huluwa6,3,7
104,Huluwa7,3,8
104,Yeye,6,9
104,Xiezijing,19,2
104,Xiaolouluo,18,3
104,Xiezijing,17,4
104,Xiaolouluo,16,5
104,Xiezijing,17,6
104,Xiaolouluo,18,7
104,Xiezijing,19,8
104,Shejing,14,9

105,Huluwa1,3,2
105,Huluwa2,3,3
105,Huluwa3,3,4
105,Huluwa4,3,5
105,Huluwa5,3,6
105,Huluwa6,3,7
105,Huluwa7,3,8
105,Yeye,6,9
105,Xiezijing,19,2
105,Xiaolouluo,18,3
105,Xiezijing,17,4
105,Xiaolouluo,16,5
105,Xiezijing,17,6
105,Xiaolouluo,18,7
105,Xiezijing,19,8
105,Shejing,14,9

106,Huluwa1,3,2
106,Huluwa2,3,3
106,Huluwa3,3,4
106,Huluwa4,3,5
106,Huluwa5,3,6
106,Huluwa6,3,7
106,Huluwa7,3,8
106,Yeye,6,9
106,Xiezijing,19,2
106,Xiaolouluo,18,3
106,Xiezijing,17,4
106,Xiaolouluo,16,5
106,Xiezijing,17,6
106,Xiaolouluo,18,7
106,Xiezijing,19,8
106,Shejing,14,9

107,Huluwa1,3,2
107,Huluwa2,3,3
107,Huluwa3,3,4
107,Huluwa4,3,5
107,Huluwa5,3,6
107,Huluwa6,3,7
107,Huluwa7,3,8
107,Yeye,6,9
107,Xiezijing,19,2
107,Xiaolouluo,18,3
107,Xiezijing,17,4
107,Xiaolouluo,16,5
107,Xiezijing,17,6
107,Xiaolouluo,18,7
107,Xiezijing,19,8
107,Shejing,14,9

108,Huluwa1,3,2
108,Huluwa2,3,3
108,Huluwa3,3,4
108,Huluwa4,3,5
108,Huluwa5,3,6
108,Huluwa6,3,7
108,Huluwa7,3,8
108,Yeye,6,9
108,Xiezijing,19,2
108,Xiaolouluo,18,3
108,Xiezijing,17,4
108,Xiaolouluo,16,5
108,Xiezijing,17,6
108,Xiaolouluo,18,7
108,Xiezijing,19,8
108,Shejing,14,9

109,Huluwa1,4,2
109,Huluwa2,4,3
109,Huluwa3,4,4
109,Huluwa4,4,5
109,Huluwa5,4,6
109,Huluwa6,4,7
109,Huluwa7,4,8
109,Yeye,7,9
109,Xiezijing,18,2
109,Xiaolouluo,17,3
109,Xiezijing,16,4
109,Xiaolouluo,15,5
109,Xiezijing,16,6
109,Xiaolouluo,17,7
109,Xiezijing,18,8
109,Shejing,13,9

110,Huluwa1,4,2
110,Huluwa2,4,3
110,Huluwa3,4,4
110,Huluwa4,4,5
110,Huluwa5,4,6
110,Huluwa6,4,7
110,Huluwa7,4,8
110,Yeye,7,9
110,Xiezijing,18,2
110,Xiaolouluo,17,3
110,Xiezijing,16,4
110,Xiaolouluo,15,5
110,Xiezijing,16,6
110,Xiaolouluo,17,7
110,Xiezijing,18,8
110,Shejing,13,9

111,Huluwa1,4,2
111,Huluwa2,4,3
111,Huluwa3,4,4
111,Huluwa4,4,5
111,Huluwa5,4,6
111,Huluwa6,4,7
111,Huluwa7,4,8
111,Yeye,7,9
111,Xiezijing,18,2
111,Xiaolouluo,17,3
111,Xiezijing,16,4
111,Xiaolouluo,15,5
111,Xiezijing,16,6
111,Xiaolouluo,17,7
111,Xiezijing,18,8
111,Shejing,13,9

112,Huluwa1,4,2
112,Huluwa2,4,3
112,Huluwa3,4,4
112,Huluwa4,4,5
112,Huluwa5,4,6
112,Huluwa6,4,7
112,Huluwa7,4,8
112,Yeye,7,9
112,Xiezijing,18,2
112,Xiaolouluo,17,3
112,Xiezijing,16,4
112,Xiaolouluo,15,5
112,Xiezijing,16,6
112,Xiaolouluo,17,7
112,Xiezijing,18,8
112,Shejing,13,9

113,Huluwa1,4,2
113,Huluwa2,4,3
113,Huluwa3,4,4
113,Huluwa4,4,5
113,Huluwa5,4,6
113,Huluwa6,4,7
113,Huluwa7,4,8
113,Yeye,7,9
113,Xiezijing,18,2
113,Xiaolouluo,17,3
113,Xiezijing,16,4
113,Xiaolouluo,15,5
113,Xiezijing,16,6
113,Xiaolouluo,17,7
113,Xiezijing,18,8
113,Shejing,13,9

114,Huluwa1,4,2
114,Huluwa2,4,3
114,Huluwa3,4,4
114,Huluwa4,4,5
114,Huluwa5,4,6
114,Huluwa6,4,7
114,Huluwa7,4,8
114,Yeye,7,9
114,Xiezijing,18,2
114,Xiaolouluo,17,3
114,Xiezijing,16,4
114,Xiaolouluo,15,5
114,Xiezijing,16,6
114,Xiaolouluo,17,7
114,Xiezijing,18,8
114,Shejing,13,9

115,Huluwa1,4,2
115,Huluwa2,4,3
115,Huluwa3,4,4
115,Huluwa4,4,5
115,Huluwa5,4,6
115,Huluwa6,4,7
115,Huluwa7,4,8
115,Yeye,7,9
115,Xiezijing,18,2
115,Xiaolouluo,17,3
115,Xiezijing,16,4
115,Xiaolouluo,15,5
115,Xiezijing,16,6
115,Xiaolouluo,17,7
115,Xiezijing,18,8
115,Shejing,13,9

116,Huluwa1,4,2
116,Huluwa2,4,3
116,Huluwa3,4,4
116,Huluwa4,4,5
116,Huluwa5,4,6
116,Huluwa6,4,7
116,Huluwa7,4,8
116,Yeye,7,9
116,Xiezijing,18,2
116,Xiaolouluo,17,3
116,Xiezijing,16,4
116,Xiaolouluo,15,5
116,Xiezijing,16,6
116,Xiaolouluo,17,7
116,Xiezijing,18,8
116,Shejing,13,9

117,Huluwa1,4,2
117,Huluwa2,4,3
117,Huluwa3,4,4
117,Huluwa4,4,5
117,Huluwa5,4,6
117,Huluwa6,4,7
117,Huluwa7,4,8
117,Yeye,7,9
117,Xiezijing,18,2
117,Xiaolouluo,17,3
117,Xiezijing,16,4
117,Xiaolouluo,15,5
117,Xiezijing,16,6
117,Xiaolouluo,17,7
117,Xiezijing,18,8
117,Shejing,13,9

118,Huluwa1,4,2
118,Huluwa2,4,3
118,Huluwa3,4,4
118,Huluwa4,4,5
118,Huluwa5,4,6
118,Huluwa6,4,7
118,Huluwa7,4,8
118,Yeye,7,9
118,Xiezijing,18,2
118,Xiaolouluo,17,3
118,Xiezijing,16,4
118,Xiaolouluo,15,5
118,Xiezijing,16,6
118,Xiaolouluo,17,7
118,Xiezijing,18,8
118,Shejing,13,9

119,Huluwa1,4,2
119,Huluwa2,4,3
119,Huluwa3,4,4
119,Huluwa4,4,5
119,Huluwa5,4,6
119,Huluwa6,4,7
119,Huluwa7,4,8
119,Yeye,7,9
119,Xiezijing,18,2
119,Xiaolouluo,17,3
119,Xiezijing,16,4
119,Xiaolouluo,15,5
119,Xiezijing,16,6
119,Xiaolouluo,17,7
119,Xiezijing,18,8
119,Shejing,13,9

120,Huluwa1,4,2
120,Huluwa2,4,3
120,Huluwa3,4,4
120,Huluwa4,4,5
120,Huluwa5,4,6
120,Huluwa6,4,7
120,Huluwa7,4,8
120,Yeye,7,9
120,Xiezijing,18,2
120,Xiaolouluo,17,3
120,Xiezijing,16,4
120,Xiaolouluo,15,5
120,Xiezijing,16,6
120,Xiaolouluo,17,7
120,Xiezijing,18,8
120,Shejing,13,9

121,Huluwa1,4,2
121,Huluwa2,4,3
121,Huluwa3,4,4
121,Huluwa4,4,5
121,Huluwa5,4,6
121,Huluwa6,4,7
121,Huluwa7,4,8
121,Yeye,7,9
121,Xiezijing,18,2
121,Xiaolouluo,17,3
121,Xiezijing,16,4
121,Xiaolouluo,15,5
121,Xiezijing,16,6
121,Xiaolouluo,17,7
121,Xiezijing,18,8
121,Shejing,13,9

122,Huluwa1,4,2
122,Huluwa2,4,3
122,Huluwa3,4,4
122,Huluwa4,4,5
122,Huluwa5,4,6
122,Huluwa6,4,7
122,Huluwa7,4,8
122,Yeye,7,9
122,Xiezijing,18,2
122,Xiaolouluo,17,3
122,Xiezijing,16,4
122,Xiaolouluo,15,5
122,Xiezijing,16,6
122,Xiaolouluo,17,7
122,Xiezijing,18,8
122,Shejing,13,9

123,Huluwa1,4,2
123,Huluwa2,4,3
123,Huluwa3,4,4
123,Huluwa4,4,5
123,Huluwa5,4,6
123,Huluwa6,4,7
123,Huluwa7,4,8
123,Yeye,7,9
123,Xiezijing,18,2
123,Xiaolouluo,17,3
123,Xiezijing,16,4
123,Xiaolouluo,15,5
123,Xiezijing,16,6
123,Xiaolouluo,17,7
123,Xiezijing,18,8
123,Shejing,13,9

124,Huluwa1,4,2
124,Huluwa2,4,3
124,Huluwa3,4,4
124,Huluwa4,4,5
124,Huluwa5,4,6
124,Huluwa6,4,7
124,Huluwa7,4,8
124,Yeye,7,9
124,Xiezijing,18,2
124,Xiaolouluo,17,3
124,Xiezijing,16,4
124,Xiaolouluo,15,5
124,Xiezijing,16,6
124,Xiaolouluo,17,7
124,Xiezijing,18,8
124,Shejing,13,9

125,Huluwa1,4,2
125,Huluwa2,4,3
125,Huluwa3,4,4
125,Huluwa4,4,5
125,Huluwa5,4,6
125,Huluwa6,4,7
125,Huluwa7,4,8
125,Yeye,7,9
125,Xiezijing,18,2
125,Xiaolouluo,17,3
125,Xiezijing,16,4
125,Xiaolouluo,15,5
125,Xiezijing,16,6
125,Xiaolouluo,17,7
125,Xiezijing,18,8
125,Shejing,13,9

126,Huluwa1,4,2
126,Huluwa2,4,3
126,Huluwa3,4,4
126,Huluwa4,4,5
126,Huluwa5,4,6
126,Huluwa6,4,7
126,Huluwa7,4,8
126,Yeye,7,9
126,Xiezijing,18,2
126,Xiaolouluo,17,3
126,Xiezijing,16,4
126,Xiaolouluo,15,5
126,Xiezijing,16,6
126,Xiaolouluo,17,7
126,Xiezijing,18,8
126,Shejing,13,9

127,Huluwa1,4,2
127,Huluwa2,4,3
127,Huluwa3,4,4
127,Huluwa4,4,5
127,Huluwa5,4,6
127,Huluwa6,4,7
127,Huluwa7,4,8
127,Yeye,7,9
127,Xiezijing,18,2
127,Xiaolouluo,17,3
127,Xiezijing,16,4
127,Xiaolouluo,15,5
127,Xiezijing,16,6
127,Xiaolouluo,17,7
127,Xiezijing,18,8
127,Shejing,13,9

128,Huluwa1,4,2
128,Huluwa2,4,3
128,Huluwa3,4,4
128,Huluwa4,4,5
128,Huluwa5,4,6
128,Huluwa6,4,7
128,Huluwa7,4,8
128,Yeye,7,9
128,Xiezijing,18,2
128,Xiaolouluo,17,3
128,Xiezijing,16,4
128,Xiaolouluo,15,5
128,Xiezijing,16,6
128,Xiaolouluo,17,7
128,Xiezijing,18,8
128,Shejing,13,9

129,Huluwa1,5,2
129,Huluwa2,5,3
129,Huluwa3,5,4
129,Huluwa4,5,5
129,Huluwa5,5,6
129,Huluwa6,5,7
129,Huluwa7,5,8
129,Yeye,8,9
129,Xiezijing,17,2
129,Xiaolouluo,16,3
129,Xiezijing,15,4
129,Xiaolouluo,14,5
129,Xiezijing,15,6
129,Xiaolouluo,16,7
129,Xiezijing,17,8
129,Shejing,12,9

130,Huluwa1,5,2
130,Huluwa2,5,3
130,Huluwa3,5,4
130,Huluwa4,5,5
130,Huluwa5,5,6
130,Huluwa6,5,7
130,Huluwa7,5,8
130,Yeye,8,9
130,Xiezijing,17,2
130,Xiaolouluo,16,3
130,Xiezijing,15,4
130,Xiaolouluo,14,5
130,Xiezijing,15,6
130,Xiaolouluo,16,7
130,Xiezijing,17,8
130,Shejing,12,9

131,Huluwa1,5,2
131,Huluwa2,5,3
131,Huluwa3,5,4
131,Huluwa4,5,5
131,Huluwa5,5,6
131,Huluwa6,5,7
131,Huluwa7,5,8
131,Yeye,8,9
131,Xiezijing,17,2
131,Xiaolouluo,16,3
131,Xiezijing,15,4
131,Xiaolouluo,14,5
131,Xiezijing,15,6
131,Xiaolouluo,16,7
131,Xiezijing,17,8
131,Shejing,12,9

132,Huluwa1,5,2
132,Huluwa2,5,3
132,Huluwa3,5,4
132,Huluwa4,5,5
132,Huluwa5,5,6
132,Huluwa6,5,7
132,Huluwa7,5,8
132,Yeye,8,9
132,Xiezijing,17,2
132,Xiaolouluo,16,3
132,Xiezijing,15,4
132,Xiaolouluo,14,5
132,Xiezijing,15,6
132,Xiaolouluo,16,7
132,Xiezijing,17,8
132,Shejing,12,9

133,Huluwa1,5,2
133,Huluwa2,5,3
133,Huluwa3,5,4
133,Huluwa4,5,5
133,Huluwa5,5,6
133,Huluwa6,5,7
133,Huluwa7,5,8
133,Yeye,8,9
133,Xiezijing,17,2
133,Xiaolouluo,16,3
133,Xiezijing,15,4
133,Xiaolouluo,14,5
133,Xiezijing,15,6
133,Xiaolouluo,16,7
133,Xiezijing,17,8
133,Shejing,12,9

134,Huluwa1,5,2
134,Huluwa2,5,3
134,Huluwa3,5,4
134,Huluwa4,5,5
134,Huluwa5,5,6
134,Huluwa6,5,7
134,Huluwa7,5,8
134,Yeye,8,9
134,Xiezijing,17,2
134,Xiaolouluo,16,3
134,Xiezijing,15,4
134,Xiaolouluo,14,5
134,Xiezijing,15,6
134,Xiaolouluo,16,7
134,Xiezijing,17,8
134,Shejing,12,9

135,Huluwa1,5,2
135,Huluwa2,5,3
135,Huluwa3,5,4
135,Huluwa4,5,5
135,Huluwa5,5,6
135,Huluwa6,5,7
135,Huluwa7,5,8
135,Yeye,8,9
135,Xiezijing,17,2
135,Xiaolouluo,16,3
135,Xiezijing,15,4
135,Xiaolouluo,14,5
135,Xiezijing,15,6
135,Xiaolouluo,16,7
135,Xiezijing,17,8
135,Shejing,12,9

136,Huluwa1,5,2
136,Huluwa2,5,3
136,Huluwa3,5,4
136,Huluwa4,5,5
136,Huluwa5,5,6
136,Huluwa6,5,7
136,Huluwa7,5,8
136,Yeye,8,9
136,Xiezijing,17,2
136,Xiaolouluo,16,3
136,Xiezijing,15,4
136,Xiaolouluo,14,5
136,Xiezijing,15,6
136,Xiaolouluo,16,7
136,Xiezijing,17,8
136,Shejing,12,9

137,Huluwa1,5,2
137,Huluwa2,5,3
137,Huluwa3,5,4
137,Huluwa4,5,5
137,Huluwa5,5,6
137,Huluwa6,5,7
137,Huluwa7,5,8
137,Yeye,8,9
137,Xiezijing,17,2
137,Xiaolouluo,16,3
137,Xiezijing,15,4
137,Xiaolouluo,14,5
137,Xiezijing,15,6
137,Xiaolouluo,16,7
137,Xiezijing,17,8
137,Shejing,12,9

138,Huluwa1,5,2
138,Huluwa2,5,3
138,Huluwa3,5,4
138,Huluwa4,5,5
138,Huluwa5,5,6
138,Huluwa6,5,7
138,Huluwa7,5,8
138,Yeye,8,9
138,Xiezijing,17,2
138,Xiaolouluo,16,3
138,Xiezijing,15,4
138,Xiaolouluo,14,5
138,Xiezijing,15,6
138,Xiaolouluo,16,7
138,Xiezijing,17,8
138,Shejing,12,9

139,Huluwa1,5,2
139,Huluwa2,5,3
139,Huluwa3,5,4
139,Huluwa4,5,5
139,Huluwa5,5,6
139,Huluwa6,5,7
139,Huluwa7,5,8
139,Yeye,8,9
139,Xiezijing,17,2
139,Xiaolouluo,16,3
139,Xiezijing,15,4
139,Xiaolouluo,14,5
139,Xiezijing,15,6
139,Xiaolouluo,16,7
139,Xiezijing,17,8
139,Shejing,12,9

140,Huluwa1,5,2
140,Huluwa2,5,3
140,Huluwa3,5,4
140,Huluwa4,5,5
140,Huluwa5,5,6
140,Huluwa6,5,7
140,Huluwa7,5,8
140,Yeye,8,9
140,Xiezijing,17,2
140,Xiaolouluo,16,3
140,Xiezijing,15,4
140,Xiaolouluo,14,5
140,Xiezijing,15,6
140,Xiaolouluo,16,7
140,Xiezijing,17,8
140,Shejing,12,9

141,Huluwa1,5,2
141,Huluwa2,5,3
141,Huluwa3,5,4
141,Huluwa4,5,5
141,Huluwa5,5,6
141,Huluwa6,5,7
141,Huluwa7,5,8
141,Yeye,8,9
141,Xiezijing,17,2
141,Xiaolouluo,16,3
141,Xiezijing,15,4
141,Xiaolouluo,14,5
141,Xiezijing,15,6
141,Xiaolouluo,16,7
141,Xiezijing,17,8
141,Shejing,12,9

142,Huluwa1,5,2
142,Huluwa2,5,3
142,Huluwa3,5,4
142,Huluwa4,5,5
142,Huluwa5,5,6
142,Huluwa6,5,7
142,Huluwa7,5,8
142,Yeye,8,9
142,Xiezijing,17,2
142,Xiaolouluo,16,3
142,Xiezijing,15,4
142,Xiaolouluo,14,5
142,Xiezijing,15,6
142,Xiaolouluo,16,7
142,Xiezijing,17,8
142,Shejing,12,9

143,Huluwa1,5,2
143,Huluwa2,5,3
143,Huluwa3,5,4
143,Huluwa4,5,5
143,Huluwa5,5,6
143,Huluwa6,5,7
143,Huluwa7,5,8
143,Yeye,8,9
143,Xiezijing,17,2
143,Xiaolouluo,16,3
143,Xiezijing,15,4
143,Xiaolouluo,14,5
143,Xiezijing,15,6
143,Xiaolouluo,16,7
143,Xiezijing,17,8
143,Shejing,12,9

144,Huluwa1,5,2
144,Huluwa2,5,3
144,Huluwa3,5,4
144,Huluwa4,5,5
144,Huluwa5,5,6
144,Huluwa6,5,7
144,Huluwa7,5,8
144,Yeye,8,9
144,Xiezijing,17,2
144,Xiaolouluo,16,3
144,Xiezijing,15,4
144,Xiaolouluo,14,5
144,Xiezijing,15,6
144,Xiaolouluo,16,7
144,Xiezijing,17,8
144,Shejing,12,9

145,Huluwa1,5,2
145,Huluwa2,5,3
145,Huluwa3,5,4
145,Huluwa4,5,5
145,Huluwa5,5,6
145,Huluwa6,5,7
145,Huluwa7,5,8
145,Yeye,8,9
145,Xiezijing,17,2
145,Xiaolouluo,16,3
145,Xiezijing,15,4
145,Xiaolouluo,14,5
145,Xiezijing,15,6
145,Xiaolouluo,16,7
145,Xiezijing,17,8
145,Shejing,12,9

146,Huluwa1,5,2
146,Huluwa2,5,3
146,Huluwa3,5,4
146,Huluwa4,5,5
146,Huluwa5,5,6
146,Huluwa6,5,7
146,Huluwa7,5,8
146,Yeye,8,9
146,Xiezijing,17,2
146,Xiaolouluo,16,3
146,Xiezijing,15,4
146,Xiaolouluo,14,5
146,Xiezijing,15,6
146,Xiaolouluo,16,7
146,Xiezijing,17,8
146,Shejing,12,9

147,Huluwa1,5,2
147,Huluwa2,5,3
147,Huluwa3,5,4
147,Huluwa4,5,5
147,Huluwa5,5,6
147,Huluwa6,5,7
147,Huluwa7,5,8
147,Yeye,8,9
147,Xiezijing,17,2
147,Xiaolouluo,16,3
147,Xiezijing,15,4
147,Xiaolouluo,14,5
147,Xiezijing,15,6
147,Xiaolouluo,16,7
147,Xiezijing,17,8
147,Shejing,12,9

148,Huluwa1,6,2
148,Huluwa2,5,3
148,Huluwa3,6,4
148,Huluwa4,5,5
148,Huluwa5,6,6
148,Huluwa6,6,7
148,Huluwa7,5,8
148,Yeye,8,9
148,Xiezijing,17,2
148,Xiaolouluo,16,3
148,Xiezijing,15,4
148,Xiaolouluo,14,5
148,Xiezijing,15,6
148,Xiaolouluo,16,7
148,Xiezijing,17,8
148,Shejing,12,9

149,Huluwa1,6,2
149,Huluwa2,6,3
149,Huluwa3,6,4
149,Huluwa4,6,5
149,Huluwa5,6,6
149,Huluwa6,6,7
149,Huluwa7,6,8
149,Yeye,9,9
149,Xiezijing,16,2
149,Xiaolouluo,15,3
149,Xiezijing,14,4
149,Xiaolouluo,13,5
149,Xiezijing,14,6
149,Xiaolouluo,15,7
149,Xiezijing,16,8
149,Shejing,11,9

150,Huluwa1,6,2
150,Huluwa2,6,3
150,Huluwa3,6,4
150,Huluwa4,6,5
150,Huluwa5,6,6
150,Huluwa6,6,7
150,Huluwa7,6,8
150,Yeye,9,9
150,Xiezijing,16,2
150,Xiaolouluo,15,3
150,Xiezijing,14,4
150,Xiaolouluo,13,5
150,Xiezijing,14,6
150,Xiaolouluo,15,7
150,Xiezijing,16,8
150,Shejing,11,9

151,Huluwa1,6,2
151,Huluwa2,6,3
151,Huluwa3,6,4
151,Huluwa4,6,5
151,Huluwa5,6,6
151,Huluwa6,6,7
151,Huluwa7,6,8
151,Yeye,9,9
151,Xiezijing,16,2
151,Xiaolouluo,15,3
151,Xiezijing,14,4
151,Xiaolouluo,13,5
151,Xiezijing,14,6
151,Xiaolouluo,15,7
151,Xiezijing,16,8
151,Shejing,11,9

152,Huluwa1,6,2
152,Huluwa2,6,3
152,Huluwa3,6,4
152,Huluwa4,6,5
152,Huluwa5,6,6
152,Huluwa6,6,7
152,Huluwa7,6,8
152,Yeye,9,9
152,Xiezijing,16,2
152,Xiaolouluo,15,3
152,Xiezijing,14,4
152,Xiaolouluo,13,5
152,Xiezijing,14,6
152,Xiaolouluo,15,7
152,Xiezijing,16,8
152,Shejing,11,9

153,Huluwa1,6,2
153,Huluwa2,6,3
153,Huluwa3,6,4
153,Huluwa4,6,5
153,Huluwa5,6,6
153,Huluwa6,6,7
153,Huluwa7,6,8
153,Yeye,9,9
153,Xiezijing,16,2
153,Xiaolouluo,15,3
153,Xiezijing,14,4
153,Xiaolouluo,13,5
153,Xiezijing,14,6
153,Xiaolouluo,15,7
153,Xiezijing,16,8
153,Shejing,11,9

154,Huluwa1,6,2
154,Huluwa2,6,3
154,Huluwa3,6,4
154,Huluwa4,6,5
154,Huluwa5,6,6
154,Huluwa6,6,7
154,Huluwa7,6,8
154,Yeye,9,9
154,Xiezijing,16,2
154,Xiaolouluo,15,3
154,Xiezijing,14,4
154,Xiaolouluo,13,5
154,Xiezijing,14,6
154,Xiaolouluo,15,7
154,Xiezijing,16,8
154,Shejing,11,9

155,Huluwa1,6,2
155,Huluwa2,6,3
155,Huluwa3,6,4
155,Huluwa4,6,5
155,Huluwa5,6,6
155,Huluwa6,6,7
155,Huluwa7,6,8
155,Yeye,9,9
155,Xiezijing,16,2
155,Xiaolouluo,15,3
155,Xiezijing,14,4
155,Xiaolouluo,13,5
155,Xiezijing,14,6
155,Xiaolouluo,15,7
155,Xiezijing,16,8
155,Shejing,11,9

156,Huluwa1,6,2
156,Huluwa2,6,3
156,Huluwa3,6,4
156,Huluwa4,6,5
156,Huluwa5,6,6
156,Huluwa6,6,7
156,Huluwa7,6,8
156,Yeye,9,9
156,Xiezijing,16,2
156,Xiaolouluo,15,3
156,Xiezijing,14,4
156,Xiaolouluo,13,5
156,Xiezijing,14,6
156,Xiaolouluo,15,7
156,Xiezijing,16,8
156,Shejing,11,9

157,Huluwa1,6,2
157,Huluwa2,6,3
157,Huluwa3,6,4
157,Huluwa4,6,5
157,Huluwa5,6,6
157,Huluwa6,6,7
157,Huluwa7,6,8
157,Yeye,9,9
157,Xiezijing,16,2
157,Xiaolouluo,15,3
157,Xiezijing,14,4
157,Xiaolouluo,13,5
157,Xiezijing,14,6
157,Xiaolouluo,15,7
157,Xiezijing,16,8
157,Shejing,11,9

158,Huluwa1,6,2
158,Huluwa2,6,3
158,Huluwa3,6,4
158,Huluwa4,6,5
158,Huluwa5,6,6
158,Huluwa6,6,7
158,Huluwa7,6,8
158,Yeye,9,9
158,Xiezijing,16,2
158,Xiaolouluo,15,3
158,Xiezijing,14,4
158,Xiaolouluo,13,5
158,Xiezijing,14,6
158,Xiaolouluo,15,7
158,Xiezijing,16,8
158,Shejing,11,9

159,Huluwa1,6,2
159,Huluwa2,6,3
159,Huluwa3,6,4
159,Huluwa4,6,5
159,Huluwa5,6,6
159,Huluwa6,6,7
159,Huluwa7,6,8
159,Yeye,9,9
159,Xiezijing,16,2
159,Xiaolouluo,15,3
159,Xiezijing,14,4
159,Xiaolouluo,13,5
159,Xiezijing,14,6
159,Xiaolouluo,15,7
159,Xiezijing,16,8
159,Shejing,11,9

160,Huluwa1,6,2
160,Huluwa2,6,3
160,Huluwa3,6,4
160,Huluwa4,6,5
160,Huluwa5,6,6
160,Huluwa6,6,7
160,Huluwa7,6,8
160,Yeye,9,9
160,Xiezijing,16,2
160,Xiaolouluo,15,3
160,Xiezijing,14,4
160,Xiaolouluo,13,5
160,Xiezijing,14,6
160,Xiaolouluo,15,7
160,Xiezijing,16,8
160,Shejing,11,9

161,Huluwa1,6,2
161,Huluwa2,6,3
161,Huluwa3,6,4
161,Huluwa4,6,5
161,Huluwa5,6,6
161,Huluwa6,6,7
161,Huluwa7,6,8
161,Yeye,9,9
161,Xiezijing,16,2
161,Xiaolouluo,15,3
161,Xiezijing,14,4
161,Xiaolouluo,13,5
161,Xiezijing,14,6
161,Xiaolouluo,15,7
161,Xiezijing,16,8
161,Shejing,11,9

162,Huluwa1,6,2
162,Huluwa2,6,3
162,Huluwa3,6,4
162,Huluwa4,6,5
162,Huluwa5,6,6
162,Huluwa6,6,7
162,Huluwa7,6,8
162,Yeye,9,9
162,Xiezijing,16,2
162,Xiaolouluo,15,3
162,Xiezijing,14,4
162,Xiaolouluo,13,5
162,Xiezijing,14,6
162,Xiaolouluo,15,7
162,Xiezijing,16,8
162,Shejing,11,9

163,Huluwa1,6,2
163,Huluwa2,6,3
163,Huluwa3,6,4
163,Huluwa4,6,5
163,Huluwa5,6,6
163,Huluwa6,6,7
163,Huluwa7,6,8
163,Yeye,9,9
163,Xiezijing,16,2
163,Xiaolouluo,15,3
163,Xiezijing,14,4
163,Xiaolouluo,13,5
163,Xiezijing,14,6
163,Xiaolouluo,15,7
163,Xiezijing,16,8
163,Shejing,11,9

164,Huluwa1,6,2
164,Huluwa2,6,3
164,Huluwa3,6,4
164,Huluwa4,6,5
164,Huluwa5,6,6
164,Huluwa6,6,7
164,Huluwa7,6,8
164,Yeye,9,9
164,Xiezijing,16,2
164,Xiaolouluo,15,3
164,Xiezijing,14,4
164,Xiaolouluo,13,5
164,Xiezijing,14,6
164,Xiaolouluo,15,7
164,Xiezijing,16,8
164,Shejing,11,9

165,Huluwa1,6,2
165,Huluwa2,6,3
165,Huluwa3,6,4
165,Huluwa4,6,5
165,Huluwa5,6,6
165,Huluwa6,6,7
165,Huluwa7,6,8
165,Yeye,9,9
165,Xiezijing,16,2
165,Xiaolouluo,15,3
165,Xiezijing,14,4
165,Xiaolouluo,13,5
165,Xiezijing,14,6
165,Xiaolouluo,15,7
165,Xiezijing,16,8
165,Shejing,11,9

166,Huluwa1,6,2
166,Huluwa2,6,3
166,Huluwa3,6,4
166,Huluwa4,6,5
166,Huluwa5,6,6
166,Huluwa6,6,7
166,Huluwa7,6,8
166,Yeye,9,9
166,Xiezijing,16,2
166,Xiaolouluo,15,3
166,Xiezijing,14,4
166,Xiaolouluo,13,5
166,Xiezijing,14,6
166,Xiaolouluo,15,7
166,Xiezijing,16,8
166,Shejing,11,9

167,Huluwa1,6,2
167,Huluwa2,6,3
167,Huluwa3,6,4
167,Huluwa4,6,5
167,Huluwa5,6,6
167,Huluwa6,6,7
167,Huluwa7,6,8
167,Yeye,9,9
167,Xiezijing,16,2
167,Xiaolouluo,15,3
167,Xiezijing,14,4
167,Xiaolouluo,13,5
167,Xiezijing,14,6
167,Xiaolouluo,15,7
167,Xiezijing,16,8
167,Shejing,11,9

168,Huluwa1,7,2
168,Huluwa2,7,3
168,Huluwa3,7,4
168,Huluwa4,7,5
168,Huluwa5,7,6
168,Huluwa6,7,7
168,Huluwa7,7,8
168,Yeye,10,9
168,Xiezijing,15,2
168,Xiaolouluo,15,3
168,Xiezijing,13,4
168,Xiaolouluo,12,5
168,Xiezijing,13,6
168,Xiaolouluo,14,7
168,Xiezijing,16,8
168,Shejing,11,9

169,Huluwa1,7,2
169,Huluwa2,7,3
169,Huluwa3,7,4
169,Huluwa4,7,5
169,Huluwa5,7,6
169,Huluwa6,7,7
169,Huluwa7,7,8
169,Yeye,10,9
169,Xiezijing,15,2
169,Xiaolouluo,15,4
169,Xiezijing,13,4
169,Xiaolouluo,12,5
169,Xiezijing,13,6
169,Xiaolouluo,14,7
169,Xiezijing,15,8

170,Huluwa1,7,2
170,Huluwa2,7,3
170,Huluwa3,7,4
170,Huluwa4,7,5
170,Huluwa5,7,6
170,Huluwa6,7,7
170,Huluwa7,7,8
170,Yeye,10,9
170,Xiezijing,15,2
170,Xiaolouluo,15,4
170,Xiezijing,13,4
170,Xiaolouluo,12,5
170,Xiezijing,13,6
170,Xiaolouluo,14,7
170,Xiezijing,15,8

171,Huluwa1,7,2
171,Huluwa2,7,3
171,Huluwa3,7,4
171,Huluwa4,7,5
171,Huluwa5,7,6
171,Huluwa6,7,7
171,Huluwa7,7,8
171,Yeye,10,9
171,Xiezijing,15,2
171,Xiaolouluo,15,4
171,Xiezijing,13,4
171,Xiaolouluo,12,5
171,Xiezijing,13,6
171,Xiaolouluo,14,7
171,Xiezijing,15,8

172,Huluwa1,7,2
172,Huluwa2,7,3
172,Huluwa3,7,4
172,Huluwa4,7,5
172,Huluwa5,7,6
172,Huluwa6,7,7
172,Huluwa7,7,8
172,Yeye,10,9
172,Xiezijing,15,2
172,Xiaolouluo,15,4
172,Xiezijing,13,4
172,Xiaolouluo,12,5
172,Xiezijing,13,6
172,Xiaolouluo,14,7
172,Xiezijing,15,8

173,Huluwa1,7,2
173,Huluwa2,7,3
173,Huluwa3,7,4
173,Huluwa4,7,5
173,Huluwa5,7,6
173,Huluwa6,7,7
173,Huluwa7,7,8
173,Yeye,10,9
173,Xiezijing,15,2
173,Xiaolouluo,15,4
173,Xiezijing,13,4
173,Xiaolouluo,12,5
173,Xiezijing,13,6
173,Xiaolouluo,14,7
173,Xiezijing,15,8

174,Huluwa1,7,2
174,Huluwa2,7,3
174,Huluwa3,7,4
174,Huluwa4,7,5
174,Huluwa5,7,6
174,Huluwa6,7,7
174,Huluwa7,7,8
174,Yeye,10,9
174,Xiezijing,15,2
174,Xiaolouluo,15,4
174,Xiezijing,13,4
174,Xiaolouluo,12,5
174,Xiezijing,13,6
174,Xiaolouluo,14,7
174,Xiezijing,15,8

175,Huluwa1,7,2
175,Huluwa2,7,3
175,Huluwa3,7,4
175,Huluwa4,7,5
175,Huluwa5,7,6
175,Huluwa6,7,7
175,Huluwa7,7,8
175,Yeye,10,9
175,Xiezijing,15,2
175,Xiaolouluo,15,4
175,Xiezijing,13,4
175,Xiaolouluo,12,5
175,Xiezijing,13,6
175,Xiaolouluo,14,7
175,Xiezijing,15,8

176,Huluwa1,7,2
176,Huluwa2,7,3
176,Huluwa3,7,4
176,Huluwa4,7,5
176,Huluwa5,7,6
176,Huluwa6,7,7
176,Huluwa7,7,8
176,Yeye,10,9
176,Xiezijing,15,2
176,Xiaolouluo,15,4
176,Xiezijing,13,4
176,Xiaolouluo,12,5
176,Xiezijing,13,6
176,Xiaolouluo,14,7
176,Xiezijing,15,8

177,Huluwa1,7,2
177,Huluwa2,7,3
177,Huluwa3,7,4
177,Huluwa4,7,5
177,Huluwa5,7,6
177,Huluwa6,7,7
177,Huluwa7,7,8
177,Yeye,10,9
177,Xiezijing,15,2
177,Xiaolouluo,15,4
177,Xiezijing,13,4
177,Xiaolouluo,12,5
177,Xiezijing,13,6
177,Xiaolouluo,14,7
177,Xiezijing,15,8

178,Huluwa1,7,2
178,Huluwa2,7,3
178,Huluwa3,7,4
178,Huluwa4,7,5
178,Huluwa5,7,6
178,Huluwa6,7,7
178,Huluwa7,7,8
178,Yeye,10,9
178,Xiezijing,15,2
178,Xiaolouluo,15,4
178,Xiezijing,13,4
178,Xiaolouluo,12,5
178,Xiezijing,13,6
178,Xiaolouluo,14,7
178,Xiezijing,15,8

179,Huluwa1,7,2
179,Huluwa2,7,3
179,Huluwa3,7,4
179,Huluwa4,7,5
179,Huluwa5,7,6
179,Huluwa6,7,7
179,Huluwa7,7,8
179,Yeye,10,9
179,Xiezijing,15,2
179,Xiaolouluo,15,4
179,Xiezijing,13,4
179,Xiaolouluo,12,5
179,Xiezijing,13,6
179,Xiaolouluo,14,7
179,Xiezijing,15,8

180,Huluwa1,7,2
180,Huluwa2,7,3
180,Huluwa3,7,4
180,Huluwa4,7,5
180,Huluwa5,7,6
180,Huluwa6,7,7
180,Huluwa7,7,8
180,Yeye,10,9
180,Xiezijing,15,2
180,Xiaolouluo,15,4
180,Xiezijing,13,4
180,Xiaolouluo,12,5
180,Xiezijing,13,6
180,Xiaolouluo,14,7
180,Xiezijing,15,8

181,Huluwa1,7,2
181,Huluwa2,7,3
181,Huluwa3,7,4
181,Huluwa4,7,5
181,Huluwa5,7,6
181,Huluwa6,7,7
181,Huluwa7,7,8
181,Yeye,10,9
181,Xiezijing,15,2
181,Xiaolouluo,15,4
181,Xiezijing,13,4
181,Xiaolouluo,12,5
181,Xiezijing,13,6
181,Xiaolouluo,14,7
181,Xiezijing,15,8

182,Huluwa1,7,2
182,Huluwa2,7,3
182,Huluwa3,7,4
182,Huluwa4,7,5
182,Huluwa5,7,6
182,Huluwa6,7,7
182,Huluwa7,7,8
182,Yeye,10,9
182,Xiezijing,15,2
182,Xiaolouluo,15,4
182,Xiezijing,13,4
182,Xiaolouluo,12,5
182,Xiezijing,13,6
182,Xiaolouluo,14,7
182,Xiezijing,15,8

183,Huluwa1,7,2
183,Huluwa2,7,3
183,Huluwa3,7,4
183,Huluwa4,7,5
183,Huluwa5,7,6
183,Huluwa6,7,7
183,Huluwa7,7,8
183,Yeye,10,9
183,Xiezijing,15,2
183,Xiaolouluo,15,4
183,Xiezijing,13,4
183,Xiaolouluo,12,5
183,Xiezijing,13,6
183,Xiaolouluo,14,7
183,Xiezijing,15,8

184,Huluwa1,7,2
184,Huluwa2,7,3
184,Huluwa3,7,4
184,Huluwa4,7,5
184,Huluwa5,7,6
184,Huluwa6,7,7
184,Huluwa7,7,8
184,Yeye,10,9
184,Xiezijing,15,2
184,Xiaolouluo,15,4
184,Xiezijing,13,4
184,Xiaolouluo,12,5
184,Xiezijing,13,6
184,Xiaolouluo,14,7
184,Xiezijing,15,8

185,Huluwa1,7,2
185,Huluwa2,7,3
185,Huluwa3,7,4
185,Huluwa4,7,5
185,Huluwa5,7,6
185,Huluwa6,7,7
185,Huluwa7,7,8
185,Yeye,10,9
185,Xiezijing,15,2
185,Xiaolouluo,15,4
185,Xiezijing,13,4
185,Xiaolouluo,12,5
185,Xiezijing,13,6
185,Xiaolouluo,14,7
185,Xiezijing,15,8

186,Huluwa1,7,2
186,Huluwa2,7,3
186,Huluwa3,7,4
186,Huluwa4,7,5
186,Huluwa5,7,6
186,Huluwa6,7,7
186,Huluwa7,7,8
186,Yeye,10,9
186,Xiezijing,15,2
186,Xiaolouluo,15,4
186,Xiezijing,13,4
186,Xiaolouluo,12,5
186,Xiezijing,13,6
186,Xiaolouluo,14,7
186,Xiezijing,15,8

187,Huluwa1,7,2
187,Huluwa2,7,3
187,Huluwa3,7,4
187,Huluwa4,7,5
187,Huluwa5,7,6
187,Huluwa6,7,7
187,Huluwa7,7,8
187,Yeye,10,9
187,Xiezijing,15,2
187,Xiaolouluo,15,4
187,Xiezijing,13,4
187,Xiaolouluo,12,5
187,Xiezijing,13,6
187,Xiaolouluo,14,7
187,Xiezijing,15,8

188,Huluwa1,8,2
188,Huluwa2,8,3
188,Huluwa3,8,4
188,Huluwa4,8,5
188,Huluwa5,8,6
188,Huluwa6,8,7
188,Huluwa7,8,8
188,Yeye,11,9
188,Xiezijing,14,2
188,Xiaolouluo,15,5
188,Xiezijing,12,4
188,Xiaolouluo,11,5
188,Xiezijing,12,6
188,Xiaolouluo,13,7
188,Xiezijing,14,8

189,Huluwa1,8,2
189,Huluwa2,8,3
189,Huluwa3,8,4
189,Huluwa4,8,5
189,Huluwa5,8,6
189,Huluwa6,8,7
189,Huluwa7,8,8
189,Yeye,11,9
189,Xiezijing,14,2
189,Xiaolouluo,15,5
189,Xiezijing,12,4
189,Xiaolouluo,11,5
189,Xiezijing,12,6
189,Xiaolouluo,13,7
189,Xiezijing,14,8

190,Huluwa1,8,2
190,Huluwa2,8,3
190,Huluwa3,8,4
190,Huluwa4,8,5
190,Huluwa5,8,6
190,Huluwa6,8,7
190,Huluwa7,8,8
190,Yeye,11,9
190,Xiezijing,14,2
190,Xiaolouluo,15,5
190,Xiezijing,12,4
190,Xiaolouluo,11,5
190,Xiezijing,12,6
190,Xiaolouluo,13,7
190,Xiezijing,14,8

191,Huluwa1,8,2
191,Huluwa2,8,3
191,Huluwa3,8,4
191,Huluwa4,8,5
191,Huluwa5,8,6
191,Huluwa6,8,7
191,Huluwa7,8,8
191,Yeye,11,9
191,Xiezijing,14,2
191,Xiaolouluo,15,5
191,Xiezijing,12,4
191,Xiaolouluo,11,5
191,Xiezijing,12,6
191,Xiaolouluo,13,7
191,Xiezijing,14,8

192,Huluwa1,8,2
192,Huluwa2,8,3
192,Huluwa3,8,4
192,Huluwa4,8,5
192,Huluwa5,8,6
192,Huluwa6,8,7
192,Huluwa7,8,8
192,Yeye,11,9
192,Xiezijing,14,2
192,Xiaolouluo,15,5
192,Xiezijing,12,4
192,Xiaolouluo,11,5
192,Xiezijing,12,6
192,Xiaolouluo,13,7
192,Xiezijing,14,8

193,Huluwa1,8,2
193,Huluwa2,8,3
193,Huluwa3,8,4
193,Huluwa4,8,5
193,Huluwa5,8,6
193,Huluwa6,8,7
193,Huluwa7,8,8
193,Yeye,11,9
193,Xiezijing,14,2
193,Xiaolouluo,15,5
193,Xiezijing,12,4
193,Xiaolouluo,11,5
193,Xiezijing,12,6
193,Xiaolouluo,13,7
193,Xiezijing,14,8

194,Huluwa1,8,2
194,Huluwa2,8,3
194,Huluwa3,8,4
194,Huluwa4,8,5
194,Huluwa5,8,6
194,Huluwa6,8,7
194,Huluwa7,8,8
194,Yeye,11,9
194,Xiezijing,14,2
194,Xiaolouluo,15,5
194,Xiezijing,12,4
194,Xiaolouluo,11,5
194,Xiezijing,12,6
194,Xiaolouluo,13,7
194,Xiezijing,14,8

195,Huluwa1,8,2
195,Huluwa2,8,3
195,Huluwa3,8,4
195,Huluwa4,8,5
195,Huluwa5,8,6
195,Huluwa6,8,7
195,Huluwa7,8,8
195,Yeye,11,9
195,Xiezijing,14,2
195,Xiaolouluo,15,5
195,Xiezijing,12,4
195,Xiaolouluo,11,5
195,Xiezijing,12,6
195,Xiaolouluo,13,7
195,Xiezijing,14,8

196,Huluwa1,8,2
196,Huluwa2,8,3
196,Huluwa3,8,4
196,Huluwa4,8,5
196,Huluwa5,8,6
196,Huluwa6,8,7
196,Huluwa7,8,8
196,Yeye,11,9
196,Xiezijing,14,2
196,Xiaolouluo,15,5
196,Xiezijing,12,4
196,Xiaolouluo,11,5
196,Xiezijing,12,6
196,Xiaolouluo,13,7
196,Xiezijing,14,8

197,Huluwa1,8,2
197,Huluwa2,8,3
197,Huluwa3,8,4
197,Huluwa4,8,5
197,Huluwa5,8,6
197,Huluwa6,8,7
197,Huluwa7,8,8
197,Yeye,11,9
197,Xiezijing,14,2
197,Xiaolouluo,15,5
197,Xiezijing,12,4
197,Xiaolouluo,11,5
197,Xiezijing,12,6
197,Xiaolouluo,13,7
197,Xiezijing,14,8

198,Huluwa1,8,2
198,Huluwa2,8,3
198,Huluwa3,8,4
198,Huluwa4,8,5
198,Huluwa5,8,6
198,Huluwa6,8,7
198,Huluwa7,8,8
198,Yeye,11,9
198,Xiezijing,14,2
198,Xiaolouluo,15,5
198,Xiezijing,12,4
198,Xiaolouluo,11,5
198,Xiezijing,12,6
198,Xiaolouluo,13,7
198,Xiezijing,14,8

199,Huluwa1,8,2
199,Huluwa2,8,3
199,Huluwa3,8,4
199,Huluwa4,8,5
199,Huluwa5,8,6
199,Huluwa6,8,7
199,Huluwa7,8,8
199,Yeye,11,9
199,Xiezijing,14,2
199,Xiaolouluo,15,5
199,Xiezijing,12,4
199,Xiaolouluo,11,5
199,Xiezijing,12,6
199,Xiaolouluo,13,7
199,Xiezijing,14,8

200,Huluwa1,8,2
200,Huluwa2,8,3
200,Huluwa3,8,4
200,Huluwa4,8,5
200,Huluwa5,8,6
200,Huluwa6,8,7
200,Huluwa7,8,8
200,Yeye,11,9
200,Xiezijing,14,2
200,Xiaolouluo,15,5
200,Xiezijing,12,4
200,Xiaolouluo,11,5
200,Xiezijing,12,6
200,Xiaolouluo,13,7
200,Xiezijing,14,8

201,Huluwa1,8,2
201,Huluwa2,8,3
201,Huluwa3,8,4
201,Huluwa4,8,5
201,Huluwa5,8,6
201,Huluwa6,8,7
201,Huluwa7,8,8
201,Yeye,11,9
201,Xiezijing,14,2
201,Xiaolouluo,15,5
201,Xiezijing,12,4
201,Xiaolouluo,11,5
201,Xiezijing,12,6
201,Xiaolouluo,13,7
201,Xiezijing,14,8

202,Huluwa1,8,2
202,Huluwa2,8,3
202,Huluwa3,8,4
202,Huluwa4,8,5
202,Huluwa5,8,6
202,Huluwa6,8,7
202,Huluwa7,8,8
202,Yeye,11,9
202,Xiezijing,14,2
202,Xiaolouluo,15,5
202,Xiezijing,12,4
202,Xiaolouluo,11,5
202,Xiezijing,12,6
202,Xiaolouluo,13,7
202,Xiezijing,14,8

203,Huluwa1,8,2
203,Huluwa2,8,3
203,Huluwa3,8,4
203,Huluwa4,8,5
203,Huluwa5,8,6
203,Huluwa6,8,7
203,Huluwa7,8,8
203,Yeye,11,9
203,Xiezijing,14,2
203,Xiaolouluo,15,5
203,Xiezijing,12,4
203,Xiaolouluo,11,5
203,Xiezijing,12,6
203,Xiaolouluo,13,7
203,Xiezijing,14,8

204,Huluwa1,8,2
204,Huluwa2,8,3
204,Huluwa3,8,4
204,Huluwa4,8,5
204,Huluwa5,8,6
204,Huluwa6,8,7
204,Huluwa7,8,8
204,Yeye,11,9
204,Xiezijing,14,2
204,Xiaolouluo,15,5
204,Xiezijing,12,4
204,Xiaolouluo,11,5
204,Xiezijing,12,6
204,Xiaolouluo,13,7
204,Xiezijing,14,8

205,Huluwa1,8,2
205,Huluwa2,8,3
205,Huluwa3,8,4
205,Huluwa4,8,5
205,Huluwa5,8,6
205,Huluwa6,8,7
205,Huluwa7,8,8
205,Yeye,11,9
205,Xiezijing,14,2
205,Xiaolouluo,15,5
205,Xiezijing,12,4
205,Xiaolouluo,11,5
205,Xiezijing,12,6
205,Xiaolouluo,13,7
205,Xiezijing,14,8

206,Huluwa1,8,2
206,Huluwa2,8,3
206,Huluwa3,8,4
206,Huluwa4,8,5
206,Huluwa5,8,6
206,Huluwa6,8,7
206,Huluwa7,8,8
206,Yeye,11,9
206,Xiezijing,14,2
206,Xiaolouluo,15,5
206,Xiezijing,12,4
206,Xiaolouluo,11,5
206,Xiezijing,12,6
206,Xiaolouluo,13,7
206,Xiezijing,14,8

207,Huluwa1,8,2
207,Huluwa2,8,3
207,Huluwa3,8,4
207,Huluwa4,8,5
207,Huluwa5,8,6
207,Huluwa6,8,7
207,Huluwa7,8,8
207,Yeye,11,9
207,Xiezijing,14,2
207,Xiaolouluo,15,5
207,Xiezijing,12,4
207,Xiaolouluo,11,5
207,Xiezijing,12,6
207,Xiaolouluo,13,7
207,Xiezijing,14,8

208,Huluwa1,9,2
208,Huluwa2,9,3
208,Huluwa3,9,4
208,Huluwa4,9,5
208,Huluwa5,9,6
208,Huluwa6,9,7
208,Huluwa7,9,8
208,Yeye,11,8
208,Xiezijing,13,2
208,Xiaolouluo,14,5
208,Xiezijing,11,4
208,Xiaolouluo,10,5
208,Xiezijing,11,6
208,Xiaolouluo,12,7
208,Xiezijing,13,8

209,Huluwa1,9,2
209,Huluwa2,9,3
209,Huluwa3,9,4
209,Huluwa4,9,5
209,Huluwa5,9,6
209,Huluwa6,9,7
209,Huluwa7,9,8
209,Yeye,11,8
209,Xiezijing,13,2
209,Xiaolouluo,14,5
209,Xiezijing,11,4
209,Xiaolouluo,10,5
209,Xiezijing,11,6
209,Xiaolouluo,12,7
209,Xiezijing,13,8

210,Huluwa1,9,2
210,Huluwa2,9,3
210,Huluwa3,9,4
210,Huluwa4,9,5
210,Huluwa5,9,6
210,Huluwa6,9,7
210,Huluwa7,9,8
210,Yeye,11,8
210,Xiezijing,13,2
210,Xiaolouluo,14,5
210,Xiezijing,11,4
210,Xiaolouluo,10,5
210,Xiezijing,11,6
210,Xiaolouluo,12,7
210,Xiezijing,13,8

211,Huluwa1,9,2
211,Huluwa2,9,3
211,Huluwa3,9,4
211,Huluwa4,9,5
211,Huluwa5,9,6
211,Huluwa6,9,7
211,Huluwa7,9,8
211,Yeye,11,8
211,Xiezijing,13,2
211,Xiaolouluo,14,5
211,Xiezijing,11,4
211,Xiaolouluo,10,5
211,Xiezijing,11,6
211,Xiaolouluo,12,7
211,Xiezijing,13,8

212,Huluwa1,9,2
212,Huluwa2,9,3
212,Huluwa3,9,4
212,Huluwa4,9,5
212,Huluwa5,9,6
212,Huluwa6,9,7
212,Huluwa7,9,8
212,Yeye,11,8
212,Xiezijing,13,2
212,Xiaolouluo,14,5
212,Xiezijing,11,4
212,Xiaolouluo,10,5
212,Xiezijing,11,6
212,Xiaolouluo,12,7
212,Xiezijing,13,8

213,Huluwa1,9,2
213,Huluwa2,9,3
213,Huluwa3,9,4
213,Huluwa4,9,5
213,Huluwa5,9,6
213,Huluwa6,9,7
213,Huluwa7,9,8
213,Yeye,11,8
213,Xiezijing,13,2
213,Xiaolouluo,14,5
213,Xiezijing,11,4
213,Xiaolouluo,10,5
213,Xiezijing,11,6
213,Xiaolouluo,12,7
213,Xiezijing,13,8

214,Huluwa1,9,2
214,Huluwa2,9,3
214,Huluwa3,9,4
214,Huluwa4,9,5
214,Huluwa5,9,6
214,Huluwa6,9,7
214,Huluwa7,9,8
214,Yeye,11,8
214,Xiezijing,13,2
214,Xiaolouluo,14,5
214,Xiezijing,11,4
214,Xiaolouluo,10,5
214,Xiezijing,11,6
214,Xiaolouluo,12,7
214,Xiezijing,13,8

215,Huluwa1,9,2
215,Huluwa2,9,3
215,Huluwa3,9,4
215,Huluwa4,9,5
215,Huluwa5,9,6
215,Huluwa6,9,7
215,Huluwa7,9,8
215,Yeye,11,8
215,Xiezijing,13,2
215,Xiaolouluo,14,5
215,Xiezijing,11,4
215,Xiaolouluo,10,5
215,Xiezijing,11,6
215,Xiaolouluo,12,7
215,Xiezijing,13,8

216,Huluwa1,9,2
216,Huluwa2,9,3
216,Huluwa3,9,4
216,Huluwa4,9,5
216,Huluwa5,9,6
216,Huluwa6,9,7
216,Huluwa7,9,8
216,Yeye,11,8
216,Xiezijing,13,2
216,Xiaolouluo,14,5
216,Xiezijing,11,4
216,Xiaolouluo,10,5
216,Xiezijing,11,6
216,Xiaolouluo,12,7
216,Xiezijing,13,8

217,Huluwa1,9,2
217,Huluwa2,9,3
217,Huluwa3,9,4
217,Huluwa4,9,5
217,Huluwa5,9,6
217,Huluwa6,9,7
217,Huluwa7,9,8
217,Yeye,11,8
217,Xiezijing,13,2
217,Xiaolouluo,14,5
217,Xiezijing,11,4
217,Xiaolouluo,10,5
217,Xiezijing,11,6
217,Xiaolouluo,12,7
217,Xiezijing,13,8

218,Huluwa1,9,2
218,Huluwa2,9,3
218,Huluwa3,9,4
218,Huluwa4,9,5
218,Huluwa5,9,6
218,Huluwa6,9,7
218,Huluwa7,9,8
218,Yeye,11,8
218,Xiezijing,13,2
218,Xiaolouluo,14,5
218,Xiezijing,11,4
218,Xiaolouluo,10,5
218,Xiezijing,11,6
218,Xiaolouluo,12,7
218,Xiezijing,13,8

219,Huluwa1,9,2
219,Huluwa2,9,3
219,Huluwa3,9,4
219,Huluwa4,9,5
219,Huluwa5,9,6
219,Huluwa6,9,7
219,Huluwa7,9,8
219,Yeye,11,8
219,Xiezijing,13,2
219,Xiaolouluo,14,5
219,Xiezijing,11,4
219,Xiaolouluo,10,5
219,Xiezijing,11,6
219,Xiaolouluo,12,7
219,Xiezijing,13,8

220,Huluwa1,9,2
220,Huluwa2,9,3
220,Huluwa3,9,4
220,Huluwa4,9,5
220,Huluwa5,9,6
220,Huluwa6,9,7
220,Huluwa7,9,8
220,Yeye,11,8
220,Xiezijing,13,2
220,Xiaolouluo,14,5
220,Xiezijing,11,4
220,Xiaolouluo,10,5
220,Xiezijing,11,6
220,Xiaolouluo,12,7
220,Xiezijing,13,8

221,Huluwa1,9,2
221,Huluwa2,9,3
221,Huluwa3,9,4
221,Huluwa4,9,5
221,Huluwa5,9,6
221,Huluwa6,9,7
221,Huluwa7,9,8
221,Yeye,11,8
221,Xiezijing,13,2
221,Xiaolouluo,14,5
221,Xiezijing,11,4
221,Xiaolouluo,10,5
221,Xiezijing,11,6
221,Xiaolouluo,12,7
221,Xiezijing,13,8

222,Huluwa1,9,2
222,Huluwa2,9,3
222,Huluwa3,9,4
222,Huluwa4,9,5
222,Huluwa5,9,6
222,Huluwa6,9,7
222,Huluwa7,9,8
222,Yeye,11,8
222,Xiezijing,13,2
222,Xiaolouluo,14,5
222,Xiezijing,11,4
222,Xiaolouluo,10,5
222,Xiezijing,11,6
222,Xiaolouluo,12,7
222,Xiezijing,13,8

223,Huluwa1,9,2
223,Huluwa2,9,3
223,Huluwa3,9,4
223,Huluwa4,9,5
223,Huluwa5,9,6
223,Huluwa6,9,7
223,Huluwa7,9,8
223,Yeye,11,8
223,Xiezijing,13,2
223,Xiaolouluo,14,5
223,Xiezijing,11,4
223,Xiaolouluo,10,5
223,Xiezijing,11,6
223,Xiaolouluo,12,7
223,Xiezijing,13,8

224,Huluwa1,9,2
224,Huluwa2,9,3
224,Huluwa3,9,4
224,Huluwa4,9,5
224,Huluwa5,9,6
224,Huluwa6,9,7
224,Huluwa7,9,8
224,Yeye,11,8
224,Xiezijing,13,2
224,Xiaolouluo,14,5
224,Xiezijing,11,4
224,Xiaolouluo,10,5
224,Xiezijing,11,6
224,Xiaolouluo,12,7
224,Xiezijing,13,8

225,Huluwa1,9,2
225,Huluwa2,9,3
225,Huluwa3,9,4
225,Huluwa4,9,5
225,Huluwa5,9,6
225,Huluwa6,9,7
225,Huluwa7,9,8
225,Yeye,11,8
225,Xiezijing,13,2
225,Xiaolouluo,14,5
225,Xiezijing,11,4
225,Xiaolouluo,10,5
225,Xiezijing,11,6
225,Xiaolouluo,12,7
225,Xiezijing,13,8

226,Huluwa1,9,2
226,Huluwa2,9,3
226,Huluwa3,9,4
226,Huluwa4,9,5
226,Huluwa5,9,6
226,Huluwa6,9,7
226,Huluwa7,9,8
226,Yeye,11,8
226,Xiezijing,13,2
226,Xiaolouluo,14,5
226,Xiezijing,11,4
226,Xiaolouluo,10,5
226,Xiezijing,11,6
226,Xiaolouluo,12,7
226,Xiezijing,13,8

227,Huluwa1,9,2
227,Huluwa2,9,3
227,Huluwa3,9,4
227,Huluwa4,9,5
227,Huluwa5,9,6
227,Huluwa6,9,7
227,Huluwa7,9,8
227,Yeye,11,8
227,Xiezijing,13,2
227,Xiaolouluo,14,5
227,Xiezijing,11,4
227,Xiaolouluo,10,5
227,Xiezijing,11,6
227,Xiaolouluo,12,7
227,Xiezijing,13,8

228,Huluwa1,10,2
228,Huluwa2,10,3
228,Huluwa5,10,6
228,Huluwa6,10,7
228,Huluwa7,10,8
228,Xiezijing,12,2
228,Xiaolouluo,13,5
228,Xiaolouluo,10,5
228,Xiaolouluo,11,7
228,Xiezijing,12,8

229,Huluwa1,10,2
229,Huluwa2,10,3
229,Huluwa5,10,6
229,Huluwa6,10,7
229,Huluwa7,10,8
229,Xiezijing,12,2
229,Xiaolouluo,13,5
229,Xiaolouluo,10,5
229,Xiaolouluo,11,7
229,Xiezijing,12,8

230,Huluwa1,10,2
230,Huluwa2,10,3
230,Huluwa5,10,6
230,Huluwa6,10,7
230,Huluwa7,10,8
230,Xiezijing,12,2
230,Xiaolouluo,13,5
230,Xiaolouluo,10,5
230,Xiaolouluo,11,7
230,Xiezijing,12,8

231,Huluwa1,10,2
231,Huluwa2,10,3
231,Huluwa5,10,6
231,Huluwa6,10,7
231,Huluwa7,10,8
231,Xiezijing,12,2
231,Xiaolouluo,13,5
231,Xiaolouluo,10,5
231,Xiaolouluo,11,7
231,Xiezijing,12,8

232,Huluwa1,10,2
232,Huluwa2,10,3
232,Huluwa5,10,6
232,Huluwa6,10,7
232,Huluwa7,10,8
232,Xiezijing,12,2
232,Xiaolouluo,13,5
232,Xiaolouluo,10,5
232,Xiaolouluo,11,7
232,Xiezijing,12,8

233,Huluwa1,10,2
233,Huluwa2,10,3
233,Huluwa5,10,6
233,Huluwa6,10,7
233,Huluwa7,10,8
233,Xiezijing,12,2
233,Xiaolouluo,13,5
233,Xiaolouluo,10,5
233,Xiaolouluo,11,7
233,Xiezijing,12,8

234,Huluwa1,10,2
234,Huluwa2,10,3
234,Huluwa5,10,6
234,Huluwa6,10,7
234,Huluwa7,10,8
234,Xiezijing,12,2
234,Xiaolouluo,13,5
234,Xiaolouluo,10,5
234,Xiaolouluo,11,7
234,Xiezijing,12,8

235,Huluwa1,10,2
235,Huluwa2,10,3
235,Huluwa5,10,6
235,Huluwa6,10,7
235,Huluwa7,10,8
235,Xiezijing,12,2
235,Xiaolouluo,13,5
235,Xiaolouluo,10,5
235,Xiaolouluo,11,7
235,Xiezijing,12,8

236,Huluwa1,10,2
236,Huluwa2,10,3
236,Huluwa5,10,6
236,Huluwa6,10,7
236,Huluwa7,10,8
236,Xiezijing,12,2
236,Xiaolouluo,13,5
236,Xiaolouluo,10,5
236,Xiaolouluo,11,7
236,Xiezijing,12,8

237,Huluwa1,10,2
237,Huluwa2,10,3
237,Huluwa5,10,6
237,Huluwa6,10,7
237,Huluwa7,10,8
237,Xiezijing,12,2
237,Xiaolouluo,13,5
237,Xiaolouluo,10,5
237,Xiaolouluo,11,7
237,Xiezijing,12,8

238,Huluwa1,10,2
238,Huluwa2,10,3
238,Huluwa5,10,6
238,Huluwa6,10,7
238,Huluwa7,10,8
238,Xiezijing,12,2
238,Xiaolouluo,13,5
238,Xiaolouluo,10,5
238,Xiaolouluo,11,7
238,Xiezijing,12,8

239,Huluwa1,10,2
239,Huluwa2,10,3
239,Huluwa5,10,6
239,Huluwa6,10,7
239,Huluwa7,10,8
239,Xiezijing,12,2
239,Xiaolouluo,13,5
239,Xiaolouluo,10,5
239,Xiaolouluo,11,7
239,Xiezijing,12,8

240,Huluwa1,10,2
240,Huluwa2,10,3
240,Huluwa5,10,6
240,Huluwa6,10,7
240,Huluwa7,10,8
240,Xiezijing,12,2
240,Xiaolouluo,13,5
240,Xiaolouluo,10,5
240,Xiaolouluo,11,7
240,Xiezijing,12,8

241,Huluwa1,10,2
241,Huluwa2,10,3
241,Huluwa5,10,6
241,Huluwa6,10,7
241,Huluwa7,10,8
241,Xiezijing,12,2
241,Xiaolouluo,13,5
241,Xiaolouluo,10,5
241,Xiaolouluo,11,7
241,Xiezijing,12,8

242,Huluwa1,10,2
242,Huluwa2,10,3
242,Huluwa5,10,6
242,Huluwa6,10,7
242,Huluwa7,10,8
242,Xiezijing,12,2
242,Xiaolouluo,13,5
242,Xiaolouluo,10,5
242,Xiaolouluo,11,7
242,Xiezijing,12,8

243,Huluwa1,10,2
243,Huluwa2,10,3
243,Huluwa5,10,6
243,Huluwa6,10,7
243,Huluwa7,10,8
243,Xiezijing,12,2
243,Xiaolouluo,13,5
243,Xiaolouluo,10,5
243,Xiaolouluo,11,7
243,Xiezijing,12,8

244,Huluwa1,10,2
244,Huluwa2,10,3
244,Huluwa5,10,6
244,Huluwa6,10,7
244,Huluwa7,10,8
244,Xiezijing,12,2
244,Xiaolouluo,13,5
244,Xiaolouluo,10,5
244,Xiaolouluo,11,7
244,Xiezijing,12,8

245,Huluwa1,10,2
245,Huluwa2,10,3
245,Huluwa5,10,6
245,Huluwa6,10,7
245,Huluwa7,10,8
245,Xiezijing,12,2
245,Xiaolouluo,13,5
245,Xiaolouluo,10,5
245,Xiaolouluo,11,7
245,Xiezijing,12,8

246,Huluwa1,10,2
246,Huluwa2,10,3
246,Huluwa5,10,6
246,Huluwa6,10,7
246,Huluwa7,10,8
246,Xiezijing,12,2
246,Xiaolouluo,13,5
246,Xiaolouluo,10,5
246,Xiaolouluo,11,7
246,Xiezijing,12,8

247,Huluwa1,10,2
247,Huluwa2,10,3
247,Huluwa5,10,6
247,Huluwa6,10,7
247,Huluwa7,10,8
247,Xiezijing,12,2
247,Xiaolouluo,13,5
247,Xiaolouluo,10,5
247,Xiaolouluo,11,7
247,Xiezijing,12,8

248,Huluwa1,11,2
248,Huluwa2,11,3
248,Huluwa5,11,6
248,Huluwa6,10,7
248,Xiaolouluo,12,5
248,Xiezijing,12,8

249,Huluwa1,11,2
249,Huluwa2,11,3
249,Huluwa5,11,6
249,Huluwa6,10,7
249,Xiaolouluo,12,5
249,Xiezijing,12,8

250,Huluwa1,11,2
250,Huluwa2,11,3
250,Huluwa5,11,6
250,Huluwa6,10,7
250,Xiaolouluo,12,5
250,Xiezijing,12,8

251,Huluwa1,11,2
251,Huluwa2,11,3
251,Huluwa5,11,6
251,Huluwa6,10,7
251,Xiaolouluo,12,5
251,Xiezijing,12,8

252,Huluwa1,11,2
252,Huluwa2,11,3
252,Huluwa5,11,6
252,Huluwa6,10,7
252,Xiaolouluo,12,5
252,Xiezijing,12,8

253,Huluwa1,11,2
253,Huluwa2,11,3
253,Huluwa5,11,6
253,Huluwa6,10,7
253,Xiaolouluo,12,5
253,Xiezijing,12,8

254,Huluwa1,11,2
254,Huluwa2,11,3
254,Huluwa5,11,6
254,Huluwa6,10,7
254,Xiaolouluo,12,5
254,Xiezijing,12,8

255,Huluwa1,11,2
255,Huluwa2,11,3
255,Huluwa5,11,6
255,Huluwa6,10,7
255,Xiaolouluo,12,5
255,Xiezijing,12,8

256,Huluwa1,11,2
256,Huluwa2,11,3
256,Huluwa5,11,6
256,Huluwa6,10,7
256,Xiaolouluo,12,5
256,Xiezijing,12,8

257,Huluwa1,11,2
257,Huluwa2,11,3
257,Huluwa5,11,6
257,Huluwa6,10,7
257,Xiaolouluo,12,5
257,Xiezijing,12,8

258,Huluwa1,11,2
258,Huluwa2,11,3
258,Huluwa5,11,6
258,Huluwa6,10,7
258,Xiaolouluo,12,5
258,Xiezijing,12,8

259,Huluwa1,11,2
259,Huluwa2,11,3
259,Huluwa5,11,6
259,Huluwa6,10,7
259,Xiaolouluo,12,5
259,Xiezijing,12,8

260,Huluwa1,11,2
260,Huluwa2,11,3
260,Huluwa5,11,6
260,Huluwa6,10,7
260,Xiaolouluo,12,5
260,Xiezijing,12,8

261,Huluwa1,11,2
261,Huluwa2,11,3
261,Huluwa5,11,6
261,Huluwa6,10,7
261,Xiaolouluo,12,5
261,Xiezijing,12,8

262,Huluwa1,11,2
262,Huluwa2,11,3
262,Huluwa5,11,6
262,Huluwa6,10,7
262,Xiaolouluo,12,5
262,Xiezijing,12,8

263,Huluwa1,11,2
263,Huluwa2,11,3
263,Huluwa5,11,6
263,Huluwa6,10,7
263,Xiaolouluo,12,5
263,Xiezijing,12,8

264,Huluwa1,11,2
264,Huluwa2,11,3
264,Huluwa5,11,6
264,Huluwa6,10,7
264,Xiaolouluo,12,5
264,Xiezijing,12,8

265,Huluwa1,11,2
265,Huluwa2,11,3
265,Huluwa5,11,6
265,Huluwa6,10,7
265,Xiaolouluo,12,5
265,Xiezijing,12,8

266,Huluwa1,11,2
266,Huluwa2,11,3
266,Huluwa5,11,6
266,Huluwa6,10,7
266,Xiaolouluo,12,5
266,Xiezijing,12,8

267,Huluwa1,11,2
267,Huluwa2,11,3
267,Huluwa5,11,6
267,Huluwa6,10,7
267,Xiaolouluo,12,5
267,Xiezijing,12,8

268,Huluwa1,12,2
268,Huluwa2,11,4
268,Huluwa5,12,6
268,Huluwa6,11,7
268,Xiezijing,11,8

269,Huluwa1,12,2
269,Huluwa2,11,4
269,Huluwa5,12,6
269,Huluwa6,11,7
269,Xiezijing,11,8

270,Huluwa1,12,2
270,Huluwa2,11,4
270,Huluwa5,12,6
270,Huluwa6,11,7
270,Xiezijing,11,8

271,Huluwa1,12,2
271,Huluwa2,11,4
271,Huluwa5,12,6
271,Huluwa6,11,7
271,Xiezijing,11,8

272,Huluwa1,12,2
272,Huluwa2,11,4
272,Huluwa5,12,6
272,Huluwa6,11,7
272,Xiezijing,11,8

273,Huluwa1,12,2
273,Huluwa2,11,4
273,Huluwa5,12,6
273,Huluwa6,11,7
273,Xiezijing,11,8

274,Huluwa1,12,2
274,Huluwa2,11,4
274,Huluwa5,12,6
274,Huluwa6,11,7
274,Xiezijing,11,8

275,Huluwa1,12,2
275,Huluwa2,11,4
275,Huluwa5,12,6
275,Huluwa6,11,7
275,Xiezijing,11,8

276,Huluwa1,12,2
276,Huluwa2,11,4
276,Huluwa5,12,6
276,Huluwa6,11,7
276,Xiezijing,11,8

277,Huluwa1,12,2
277,Huluwa2,11,4
277,Huluwa5,12,6
277,Huluwa6,11,7
277,Xiezijing,11,8

278,Huluwa1,12,2
278,Huluwa2,11,4
278,Huluwa5,12,6
278,Huluwa6,11,7
278,Xiezijing,11,8

279,Huluwa1,12,2
279,Huluwa2,11,4
279,Huluwa5,12,6
279,Huluwa6,11,7
279,Xiezijing,11,8

280,Huluwa1,12,2
280,Huluwa2,11,4
280,Huluwa5,12,6
280,Huluwa6,11,7
280,Xiezijing,11,8

281,Huluwa1,12,2
281,Huluwa2,11,4
281,Huluwa5,12,6
281,Huluwa6,11,7
281,Xiezijing,11,8

282,Huluwa1,12,2
282,Huluwa2,11,4
282,Huluwa5,12,6
282,Huluwa6,11,7
282,Xiezijing,11,8

283,Huluwa1,12,2
283,Huluwa2,11,4
283,Huluwa5,12,6
283,Huluwa6,11,7
283,Xiezijing,11,8

284,Huluwa1,12,2
284,Huluwa2,11,4
284,Huluwa5,12,6
284,Huluwa6,11,7
284,Xiezijing,11,8

285,Huluwa1,12,2
285,Huluwa2,11,4
285,Huluwa5,12,6
285,Huluwa6,11,7
285,Xiezijing,11,8

286,Huluwa1,12,2
286,Huluwa2,11,4
286,Huluwa5,12,6
286,Huluwa6,11,7
286,Xiezijing,11,8

287,Huluwa1,12,2
287,Huluwa2,11,4
287,Huluwa5,12,6
287,Huluwa6,11,7
287,Xiezijing,11,8

