1,Huluwa1,2,2
1,Huluwa2,2,3
1,Huluwa3,2,4
1,Huluwa4,2,5
1,Yeye,7,5
1,Huluwa5,2,6
1,Huluwa6,2,7
1,Huluwa7,2,8
1,Xiezijing,20,2
1,Xiaolouluo,19,3
1,Xiezijing,18,4
1,Xiaolouluo,17,5
1,Shejing,21,5
1,Xiezijing,18,6
1,Xiaolouluo,19,7
1,Xiezijing,20,8

1,Huluwa1,2,2
1,Huluwa2,2,3
1,Huluwa3,2,4
1,Huluwa4,2,5
1,Yeye,7,5
1,Huluwa5,2,6
1,Huluwa6,2,7
1,Huluwa7,2,8
1,Xiezijing,20,2
1,Xiaolouluo,19,3
1,Xiezijing,18,4
1,Xiaolouluo,17,5
1,Shejing,21,5
1,Xiezijing,18,6
1,Xiaolouluo,19,7
1,Xiezijing,20,8

2,Huluwa1,2,2
2,Huluwa2,2,3
2,Huluwa3,2,4
2,Huluwa4,2,5
2,Yeye,7,5
2,Huluwa5,2,6
2,Huluwa6,2,7
2,Huluwa7,2,8
2,Xiezijing,20,2
2,Xiaolouluo,19,3
2,Xiezijing,18,4
2,Xiaolouluo,17,5
2,Shejing,21,5
2,Xiezijing,18,6
2,Xiaolouluo,19,7
2,Xiezijing,20,8

3,Huluwa1,2,2
3,Huluwa2,2,3
3,Huluwa3,2,4
3,Huluwa4,2,5
3,Yeye,7,5
3,Huluwa5,2,6
3,Huluwa6,2,7
3,Huluwa7,2,8
3,Xiezijing,20,2
3,Xiaolouluo,19,3
3,Xiezijing,18,4
3,Xiaolouluo,17,5
3,Shejing,21,5
3,Xiezijing,18,6
3,Xiaolouluo,19,7
3,Xiezijing,20,8

4,Huluwa1,2,2
4,Huluwa2,2,3
4,Huluwa3,2,4
4,Huluwa4,2,5
4,Yeye,7,5
4,Huluwa5,2,6
4,Huluwa6,2,7
4,Huluwa7,2,8
4,Xiezijing,20,2
4,Xiaolouluo,19,3
4,Xiezijing,18,4
4,Xiaolouluo,17,5
4,Shejing,21,5
4,Xiezijing,18,6
4,Xiaolouluo,19,7
4,Xiezijing,20,8

5,Huluwa1,2,2
5,Huluwa2,2,3
5,Huluwa3,2,4
5,Huluwa4,2,5
5,Yeye,7,5
5,Huluwa5,2,6
5,Huluwa6,2,7
5,Huluwa7,2,8
5,Xiezijing,20,2
5,Xiaolouluo,19,3
5,Xiezijing,18,4
5,Xiaolouluo,17,5
5,Shejing,21,5
5,Xiezijing,18,6
5,Xiaolouluo,19,7
5,Xiezijing,20,8

6,Huluwa1,2,2
6,Huluwa2,2,3
6,Huluwa3,2,4
6,Huluwa4,2,5
6,Yeye,7,5
6,Huluwa5,2,6
6,Huluwa6,2,7
6,Huluwa7,2,8
6,Xiezijing,20,2
6,Xiaolouluo,19,3
6,Xiezijing,18,4
6,Xiaolouluo,17,5
6,Shejing,21,5
6,Xiezijing,18,6
6,Xiaolouluo,19,7
6,Xiezijing,20,8

7,Huluwa1,2,2
7,Huluwa2,2,3
7,Huluwa3,2,4
7,Huluwa4,2,5
7,Yeye,7,5
7,Huluwa5,2,6
7,Huluwa6,2,7
7,Huluwa7,2,8
7,Xiezijing,20,2
7,Xiaolouluo,19,3
7,Xiezijing,18,4
7,Xiaolouluo,17,5
7,Shejing,21,5
7,Xiezijing,18,6
7,Xiaolouluo,19,7
7,Xiezijing,20,8

8,Huluwa1,2,2
8,Huluwa2,2,3
8,Huluwa3,2,4
8,Huluwa4,2,5
8,Yeye,7,5
8,Huluwa5,2,6
8,Huluwa6,2,7
8,Huluwa7,2,8
8,Xiezijing,20,2
8,Xiaolouluo,19,3
8,Xiezijing,18,4
8,Xiaolouluo,17,5
8,Shejing,21,5
8,Xiezijing,18,6
8,Xiaolouluo,19,7
8,Xiezijing,20,8

9,Huluwa1,2,2
9,Huluwa2,2,3
9,Huluwa3,2,4
9,Huluwa4,2,5
9,Yeye,7,5
9,Huluwa5,2,6
9,Huluwa6,2,7
9,Huluwa7,2,8
9,Xiezijing,20,2
9,Xiaolouluo,19,3
9,Xiezijing,18,4
9,Xiaolouluo,17,5
9,Shejing,21,5
9,Xiezijing,18,6
9,Xiaolouluo,19,7
9,Xiezijing,20,8

10,Huluwa1,2,2
10,Huluwa2,2,3
10,Huluwa3,2,4
10,Huluwa4,2,5
10,Yeye,7,5
10,Huluwa5,2,6
10,Huluwa6,2,7
10,Huluwa7,2,8
10,Xiezijing,20,2
10,Xiaolouluo,19,3
10,Xiezijing,18,4
10,Xiaolouluo,17,5
10,Shejing,21,5
10,Xiezijing,18,6
10,Xiaolouluo,19,7
10,Xiezijing,20,8

11,Huluwa1,2,2
11,Huluwa2,2,3
11,Huluwa3,2,4
11,Huluwa4,2,5
11,Yeye,7,5
11,Huluwa5,2,6
11,Huluwa6,2,7
11,Huluwa7,2,8
11,Xiezijing,20,2
11,Xiaolouluo,19,3
11,Xiezijing,18,4
11,Xiaolouluo,17,5
11,Shejing,21,5
11,Xiezijing,18,6
11,Xiaolouluo,19,7
11,Xiezijing,20,8

12,Huluwa1,2,2
12,Huluwa2,2,3
12,Huluwa3,2,4
12,Huluwa4,2,5
12,Yeye,7,5
12,Huluwa5,2,6
12,Huluwa6,2,7
12,Huluwa7,2,8
12,Xiezijing,20,2
12,Xiaolouluo,19,3
12,Xiezijing,18,4
12,Xiaolouluo,17,5
12,Shejing,21,5
12,Xiezijing,18,6
12,Xiaolouluo,19,7
12,Xiezijing,20,8

13,Huluwa1,2,2
13,Huluwa2,2,3
13,Huluwa3,2,4
13,Huluwa4,2,5
13,Yeye,7,5
13,Huluwa5,2,6
13,Huluwa6,2,7
13,Huluwa7,2,8
13,Xiezijing,20,2
13,Xiaolouluo,19,3
13,Xiezijing,18,4
13,Xiaolouluo,17,5
13,Shejing,21,5
13,Xiezijing,18,6
13,Xiaolouluo,19,7
13,Xiezijing,20,8

14,Huluwa1,2,2
14,Huluwa2,2,3
14,Huluwa3,2,4
14,Huluwa4,2,5
14,Yeye,7,5
14,Huluwa5,2,6
14,Huluwa6,2,7
14,Huluwa7,2,8
14,Xiezijing,20,2
14,Xiaolouluo,19,3
14,Xiezijing,18,4
14,Xiaolouluo,17,5
14,Shejing,21,5
14,Xiezijing,18,6
14,Xiaolouluo,19,7
14,Xiezijing,20,8

15,Huluwa1,2,2
15,Huluwa2,2,3
15,Huluwa3,2,4
15,Huluwa4,2,5
15,Yeye,7,5
15,Huluwa5,2,6
15,Huluwa6,2,7
15,Huluwa7,2,8
15,Xiezijing,20,2
15,Xiaolouluo,19,3
15,Xiezijing,18,4
15,Xiaolouluo,17,5
15,Shejing,21,5
15,Xiezijing,18,6
15,Xiaolouluo,19,7
15,Xiezijing,20,8

16,Huluwa1,2,2
16,Huluwa2,2,3
16,Huluwa3,2,4
16,Huluwa4,2,5
16,Yeye,7,5
16,Huluwa5,2,6
16,Huluwa6,2,7
16,Huluwa7,2,8
16,Xiezijing,20,2
16,Xiaolouluo,19,3
16,Xiezijing,18,4
16,Xiaolouluo,17,5
16,Shejing,21,5
16,Xiezijing,18,6
16,Xiaolouluo,19,7
16,Xiezijing,20,8

17,Huluwa1,2,2
17,Huluwa2,2,3
17,Huluwa3,2,4
17,Huluwa4,2,5
17,Yeye,7,5
17,Huluwa5,2,6
17,Huluwa6,2,7
17,Huluwa7,2,8
17,Xiezijing,20,2
17,Xiaolouluo,19,3
17,Xiezijing,18,4
17,Xiaolouluo,17,5
17,Shejing,21,5
17,Xiezijing,18,6
17,Xiaolouluo,19,7
17,Xiezijing,20,8

18,Huluwa1,2,2
18,Huluwa2,2,3
18,Huluwa3,2,4
18,Huluwa4,2,5
18,Yeye,7,5
18,Huluwa5,2,6
18,Huluwa6,2,7
18,Huluwa7,2,8
18,Xiezijing,20,2
18,Xiaolouluo,19,3
18,Xiezijing,18,4
18,Xiaolouluo,17,5
18,Shejing,21,5
18,Xiezijing,18,6
18,Xiaolouluo,19,7
18,Xiezijing,20,8

19,Huluwa1,2,2
19,Huluwa2,2,3
19,Huluwa3,2,4
19,Huluwa4,2,5
19,Yeye,7,5
19,Huluwa5,2,6
19,Huluwa6,2,7
19,Huluwa7,2,8
19,Xiezijing,20,2
19,Xiaolouluo,19,3
19,Xiezijing,18,4
19,Xiaolouluo,17,5
19,Shejing,21,5
19,Xiezijing,18,6
19,Xiaolouluo,19,7
19,Xiezijing,20,8

20,Huluwa1,2,2
20,Huluwa2,2,3
20,Huluwa3,2,4
20,Huluwa4,2,5
20,Yeye,7,5
20,Huluwa5,2,6
20,Huluwa6,2,7
20,Huluwa7,2,8
20,Xiezijing,20,2
20,Xiaolouluo,19,3
20,Xiezijing,18,4
20,Xiaolouluo,17,5
20,Shejing,21,5
20,Xiezijing,18,6
20,Xiaolouluo,19,7
20,Xiezijing,20,8

21,Huluwa1,2,2
21,Huluwa2,2,3
21,Huluwa3,2,4
21,Huluwa4,2,5
21,Yeye,7,5
21,Huluwa5,2,6
21,Huluwa6,2,7
21,Huluwa7,2,8
21,Xiezijing,20,2
21,Xiaolouluo,19,3
21,Xiezijing,18,4
21,Xiaolouluo,17,5
21,Shejing,21,5
21,Xiezijing,18,6
21,Xiaolouluo,19,7
21,Xiezijing,20,8

22,Huluwa1,2,2
22,Huluwa2,2,3
22,Huluwa3,2,4
22,Huluwa4,2,5
22,Yeye,7,5
22,Huluwa5,2,6
22,Huluwa6,2,7
22,Huluwa7,2,8
22,Xiezijing,20,2
22,Xiaolouluo,19,3
22,Xiezijing,18,4
22,Xiaolouluo,17,5
22,Shejing,21,5
22,Xiezijing,18,6
22,Xiaolouluo,19,7
22,Xiezijing,20,8

23,Huluwa1,2,2
23,Huluwa2,2,3
23,Huluwa3,2,4
23,Huluwa4,2,5
23,Yeye,7,5
23,Huluwa5,2,6
23,Huluwa6,2,7
23,Huluwa7,2,8
23,Xiezijing,20,2
23,Xiaolouluo,19,3
23,Xiezijing,18,4
23,Xiaolouluo,17,5
23,Shejing,21,5
23,Xiezijing,18,6
23,Xiaolouluo,19,7
23,Xiezijing,20,8

24,Huluwa1,2,2
24,Huluwa2,2,3
24,Huluwa3,2,4
24,Huluwa4,2,5
24,Yeye,7,5
24,Huluwa5,2,6
24,Huluwa6,2,7
24,Huluwa7,2,8
24,Xiezijing,20,2
24,Xiaolouluo,19,3
24,Xiezijing,18,4
24,Xiaolouluo,17,5
24,Shejing,21,5
24,Xiezijing,18,6
24,Xiaolouluo,19,7
24,Xiezijing,20,8

25,Huluwa1,2,2
25,Huluwa2,2,3
25,Huluwa3,2,4
25,Huluwa4,2,5
25,Yeye,7,5
25,Huluwa5,2,6
25,Huluwa6,2,7
25,Huluwa7,2,8
25,Xiezijing,20,2
25,Xiaolouluo,19,3
25,Xiezijing,18,4
25,Xiaolouluo,17,5
25,Shejing,21,5
25,Xiezijing,18,6
25,Xiaolouluo,19,7
25,Xiezijing,20,8

26,Huluwa1,2,2
26,Huluwa2,2,3
26,Huluwa3,2,4
26,Huluwa4,2,5
26,Yeye,7,5
26,Huluwa5,2,6
26,Huluwa6,2,7
26,Huluwa7,2,8
26,Xiezijing,20,2
26,Xiaolouluo,19,3
26,Xiezijing,18,4
26,Xiaolouluo,17,5
26,Shejing,21,5
26,Xiezijing,18,6
26,Xiaolouluo,19,7
26,Xiezijing,20,8

27,Huluwa1,2,2
27,Huluwa2,2,3
27,Huluwa3,2,4
27,Huluwa4,2,5
27,Yeye,7,5
27,Huluwa5,2,6
27,Huluwa6,2,7
27,Huluwa7,2,8
27,Xiezijing,20,2
27,Xiaolouluo,19,3
27,Xiezijing,18,4
27,Xiaolouluo,17,5
27,Shejing,21,5
27,Xiezijing,18,6
27,Xiaolouluo,19,7
27,Xiezijing,20,8

28,Huluwa1,2,2
28,Huluwa2,2,3
28,Huluwa3,2,4
28,Huluwa4,2,5
28,Yeye,7,5
28,Huluwa5,2,6
28,Huluwa6,2,7
28,Huluwa7,2,8
28,Xiezijing,20,2
28,Xiaolouluo,19,3
28,Xiezijing,18,4
28,Xiaolouluo,17,5
28,Shejing,21,5
28,Xiezijing,18,6
28,Xiaolouluo,19,7
28,Xiezijing,20,8

29,Huluwa1,2,2
29,Huluwa2,2,3
29,Huluwa3,2,4
29,Huluwa4,2,5
29,Yeye,7,5
29,Huluwa5,2,6
29,Huluwa6,2,7
29,Huluwa7,2,8
29,Xiezijing,20,2
29,Xiaolouluo,19,3
29,Xiezijing,18,4
29,Xiaolouluo,17,5
29,Shejing,21,5
29,Xiezijing,18,6
29,Xiaolouluo,19,7
29,Xiezijing,20,8

30,Huluwa1,2,2
30,Huluwa2,2,3
30,Huluwa3,2,4
30,Huluwa4,2,5
30,Yeye,7,5
30,Huluwa5,2,6
30,Huluwa6,2,7
30,Huluwa7,2,8
30,Xiezijing,20,2
30,Xiaolouluo,19,3
30,Xiezijing,18,4
30,Xiaolouluo,17,5
30,Shejing,21,5
30,Xiezijing,18,6
30,Xiaolouluo,19,7
30,Xiezijing,20,8

31,Huluwa1,2,2
31,Huluwa2,2,3
31,Huluwa3,2,4
31,Huluwa4,2,5
31,Yeye,7,5
31,Huluwa5,2,6
31,Huluwa6,2,7
31,Huluwa7,2,8
31,Xiezijing,20,2
31,Xiaolouluo,19,3
31,Xiezijing,18,4
31,Xiaolouluo,17,5
31,Shejing,21,5
31,Xiezijing,18,6
31,Xiaolouluo,19,7
31,Xiezijing,20,8

32,Huluwa1,2,2
32,Huluwa2,2,3
32,Huluwa3,2,4
32,Huluwa4,2,5
32,Yeye,7,5
32,Huluwa5,2,6
32,Huluwa6,2,7
32,Huluwa7,2,8
32,Xiezijing,20,2
32,Xiaolouluo,19,3
32,Xiezijing,18,4
32,Xiaolouluo,17,5
32,Shejing,21,5
32,Xiezijing,18,6
32,Xiaolouluo,19,7
32,Xiezijing,20,8

33,Huluwa1,2,2
33,Huluwa2,2,3
33,Huluwa3,2,4
33,Huluwa4,2,5
33,Yeye,7,5
33,Huluwa5,2,6
33,Huluwa6,2,7
33,Huluwa7,2,8
33,Xiezijing,20,2
33,Xiaolouluo,19,3
33,Xiezijing,18,4
33,Xiaolouluo,17,5
33,Shejing,21,5
33,Xiezijing,18,6
33,Xiaolouluo,19,7
33,Xiezijing,20,8

34,Huluwa1,3,2
34,Huluwa2,3,3
34,Huluwa3,3,4
34,Huluwa4,3,5
34,Yeye,8,5
34,Huluwa5,3,6
34,Huluwa6,3,7
34,Huluwa7,3,8
34,Xiezijing,19,2
34,Xiaolouluo,18,3
34,Xiezijing,17,4
34,Xiaolouluo,16,5
34,Shejing,20,5
34,Xiezijing,17,6
34,Xiaolouluo,18,7
34,Xiezijing,19,8

35,Huluwa1,3,2
35,Huluwa2,3,3
35,Huluwa3,3,4
35,Huluwa4,3,5
35,Yeye,8,5
35,Huluwa5,3,6
35,Huluwa6,3,7
35,Huluwa7,3,8
35,Xiezijing,19,2
35,Xiaolouluo,18,3
35,Xiezijing,17,4
35,Xiaolouluo,16,5
35,Shejing,20,5
35,Xiezijing,17,6
35,Xiaolouluo,18,7
35,Xiezijing,19,8

36,Huluwa1,3,2
36,Huluwa2,3,3
36,Huluwa3,3,4
36,Huluwa4,3,5
36,Yeye,8,5
36,Huluwa5,3,6
36,Huluwa6,3,7
36,Huluwa7,3,8
36,Xiezijing,19,2
36,Xiaolouluo,18,3
36,Xiezijing,17,4
36,Xiaolouluo,16,5
36,Shejing,20,5
36,Xiezijing,17,6
36,Xiaolouluo,18,7
36,Xiezijing,19,8

37,Huluwa1,3,2
37,Huluwa2,3,3
37,Huluwa3,3,4
37,Huluwa4,3,5
37,Yeye,8,5
37,Huluwa5,3,6
37,Huluwa6,3,7
37,Huluwa7,3,8
37,Xiezijing,19,2
37,Xiaolouluo,18,3
37,Xiezijing,17,4
37,Xiaolouluo,16,5
37,Shejing,20,5
37,Xiezijing,17,6
37,Xiaolouluo,18,7
37,Xiezijing,19,8

38,Huluwa1,3,2
38,Huluwa2,3,3
38,Huluwa3,3,4
38,Huluwa4,3,5
38,Yeye,8,5
38,Huluwa5,3,6
38,Huluwa6,3,7
38,Huluwa7,3,8
38,Xiezijing,19,2
38,Xiaolouluo,18,3
38,Xiezijing,17,4
38,Xiaolouluo,16,5
38,Shejing,20,5
38,Xiezijing,17,6
38,Xiaolouluo,18,7
38,Xiezijing,19,8

39,Huluwa1,3,2
39,Huluwa2,3,3
39,Huluwa3,3,4
39,Huluwa4,3,5
39,Yeye,8,5
39,Huluwa5,3,6
39,Huluwa6,3,7
39,Huluwa7,3,8
39,Xiezijing,19,2
39,Xiaolouluo,18,3
39,Xiezijing,17,4
39,Xiaolouluo,16,5
39,Shejing,20,5
39,Xiezijing,17,6
39,Xiaolouluo,18,7
39,Xiezijing,19,8

40,Huluwa1,3,2
40,Huluwa2,3,3
40,Huluwa3,3,4
40,Huluwa4,3,5
40,Yeye,8,5
40,Huluwa5,3,6
40,Huluwa6,3,7
40,Huluwa7,3,8
40,Xiezijing,19,2
40,Xiaolouluo,18,3
40,Xiezijing,17,4
40,Xiaolouluo,16,5
40,Shejing,20,5
40,Xiezijing,17,6
40,Xiaolouluo,18,7
40,Xiezijing,19,8

41,Huluwa1,3,2
41,Huluwa2,3,3
41,Huluwa3,3,4
41,Huluwa4,3,5
41,Yeye,8,5
41,Huluwa5,3,6
41,Huluwa6,3,7
41,Huluwa7,3,8
41,Xiezijing,19,2
41,Xiaolouluo,18,3
41,Xiezijing,17,4
41,Xiaolouluo,16,5
41,Shejing,20,5
41,Xiezijing,17,6
41,Xiaolouluo,18,7
41,Xiezijing,19,8

42,Huluwa1,3,2
42,Huluwa2,3,3
42,Huluwa3,3,4
42,Huluwa4,3,5
42,Yeye,8,5
42,Huluwa5,3,6
42,Huluwa6,3,7
42,Huluwa7,3,8
42,Xiezijing,19,2
42,Xiaolouluo,18,3
42,Xiezijing,17,4
42,Xiaolouluo,16,5
42,Shejing,20,5
42,Xiezijing,17,6
42,Xiaolouluo,18,7
42,Xiezijing,19,8

43,Huluwa1,3,2
43,Huluwa2,3,3
43,Huluwa3,3,4
43,Huluwa4,3,5
43,Yeye,8,5
43,Huluwa5,3,6
43,Huluwa6,3,7
43,Huluwa7,3,8
43,Xiezijing,19,2
43,Xiaolouluo,18,3
43,Xiezijing,17,4
43,Xiaolouluo,16,5
43,Shejing,20,5
43,Xiezijing,17,6
43,Xiaolouluo,18,7
43,Xiezijing,19,8

44,Huluwa1,3,2
44,Huluwa2,3,3
44,Huluwa3,3,4
44,Huluwa4,3,5
44,Yeye,8,5
44,Huluwa5,3,6
44,Huluwa6,3,7
44,Huluwa7,3,8
44,Xiezijing,19,2
44,Xiaolouluo,18,3
44,Xiezijing,17,4
44,Xiaolouluo,16,5
44,Shejing,20,5
44,Xiezijing,17,6
44,Xiaolouluo,18,7
44,Xiezijing,19,8

45,Huluwa1,3,2
45,Huluwa2,3,3
45,Huluwa3,3,4
45,Huluwa4,3,5
45,Yeye,8,5
45,Huluwa5,3,6
45,Huluwa6,3,7
45,Huluwa7,3,8
45,Xiezijing,19,2
45,Xiaolouluo,18,3
45,Xiezijing,17,4
45,Xiaolouluo,16,5
45,Shejing,20,5
45,Xiezijing,17,6
45,Xiaolouluo,18,7
45,Xiezijing,19,8

46,Huluwa1,3,2
46,Huluwa2,3,3
46,Huluwa3,3,4
46,Huluwa4,3,5
46,Yeye,8,5
46,Huluwa5,3,6
46,Huluwa6,3,7
46,Huluwa7,3,8
46,Xiezijing,19,2
46,Xiaolouluo,18,3
46,Xiezijing,17,4
46,Xiaolouluo,16,5
46,Shejing,20,5
46,Xiezijing,17,6
46,Xiaolouluo,18,7
46,Xiezijing,19,8

47,Huluwa1,3,2
47,Huluwa2,3,3
47,Huluwa3,3,4
47,Huluwa4,3,5
47,Yeye,8,5
47,Huluwa5,3,6
47,Huluwa6,3,7
47,Huluwa7,3,8
47,Xiezijing,19,2
47,Xiaolouluo,18,3
47,Xiezijing,17,4
47,Xiaolouluo,16,5
47,Shejing,20,5
47,Xiezijing,17,6
47,Xiaolouluo,18,7
47,Xiezijing,19,8

48,Huluwa1,3,2
48,Huluwa2,3,3
48,Huluwa3,3,4
48,Huluwa4,3,5
48,Yeye,8,5
48,Huluwa5,3,6
48,Huluwa6,3,7
48,Huluwa7,3,8
48,Xiezijing,19,2
48,Xiaolouluo,18,3
48,Xiezijing,17,4
48,Xiaolouluo,16,5
48,Shejing,20,5
48,Xiezijing,17,6
48,Xiaolouluo,18,7
48,Xiezijing,19,8

49,Huluwa1,3,2
49,Huluwa2,3,3
49,Huluwa3,3,4
49,Huluwa4,3,5
49,Yeye,8,5
49,Huluwa5,3,6
49,Huluwa6,3,7
49,Huluwa7,3,8
49,Xiezijing,19,2
49,Xiaolouluo,18,3
49,Xiezijing,17,4
49,Xiaolouluo,16,5
49,Shejing,20,5
49,Xiezijing,17,6
49,Xiaolouluo,18,7
49,Xiezijing,19,8

50,Huluwa1,3,2
50,Huluwa2,3,3
50,Huluwa3,3,4
50,Huluwa4,3,5
50,Yeye,8,5
50,Huluwa5,3,6
50,Huluwa6,3,7
50,Huluwa7,3,8
50,Xiezijing,19,2
50,Xiaolouluo,18,3
50,Xiezijing,17,4
50,Xiaolouluo,16,5
50,Shejing,20,5
50,Xiezijing,17,6
50,Xiaolouluo,18,7
50,Xiezijing,19,8

51,Huluwa1,3,2
51,Huluwa2,3,3
51,Huluwa3,3,4
51,Huluwa4,3,5
51,Yeye,8,5
51,Huluwa5,3,6
51,Huluwa6,3,7
51,Huluwa7,3,8
51,Xiezijing,19,2
51,Xiaolouluo,18,3
51,Xiezijing,17,4
51,Xiaolouluo,16,5
51,Shejing,20,5
51,Xiezijing,17,6
51,Xiaolouluo,18,7
51,Xiezijing,19,8

52,Huluwa1,3,2
52,Huluwa2,3,3
52,Huluwa3,3,4
52,Huluwa4,3,5
52,Yeye,8,5
52,Huluwa5,3,6
52,Huluwa6,3,7
52,Huluwa7,3,8
52,Xiezijing,19,2
52,Xiaolouluo,18,3
52,Xiezijing,17,4
52,Xiaolouluo,16,5
52,Shejing,20,5
52,Xiezijing,17,6
52,Xiaolouluo,18,7
52,Xiezijing,19,8

53,Huluwa1,3,2
53,Huluwa2,3,3
53,Huluwa3,3,4
53,Huluwa4,3,5
53,Yeye,8,5
53,Huluwa5,3,6
53,Huluwa6,3,7
53,Huluwa7,3,8
53,Xiezijing,19,2
53,Xiaolouluo,18,3
53,Xiezijing,17,4
53,Xiaolouluo,16,5
53,Shejing,20,5
53,Xiezijing,17,6
53,Xiaolouluo,18,7
53,Xiezijing,19,8

54,Huluwa1,4,2
54,Huluwa2,4,3
54,Huluwa3,4,4
54,Huluwa4,4,5
54,Yeye,9,5
54,Huluwa5,4,6
54,Huluwa6,4,7
54,Huluwa7,4,8
54,Xiezijing,18,2
54,Xiaolouluo,17,3
54,Xiezijing,16,4
54,Xiaolouluo,15,5
54,Shejing,19,5
54,Xiezijing,16,6
54,Xiaolouluo,17,7
54,Xiezijing,18,8

55,Huluwa1,4,2
55,Huluwa2,4,3
55,Huluwa3,4,4
55,Huluwa4,4,5
55,Yeye,9,5
55,Huluwa5,4,6
55,Huluwa6,4,7
55,Huluwa7,4,8
55,Xiezijing,18,2
55,Xiaolouluo,17,3
55,Xiezijing,16,4
55,Xiaolouluo,15,5
55,Shejing,19,5
55,Xiezijing,16,6
55,Xiaolouluo,17,7
55,Xiezijing,18,8

56,Huluwa1,4,2
56,Huluwa2,4,3
56,Huluwa3,4,4
56,Huluwa4,4,5
56,Yeye,9,5
56,Huluwa5,4,6
56,Huluwa6,4,7
56,Huluwa7,4,8
56,Xiezijing,18,2
56,Xiaolouluo,17,3
56,Xiezijing,16,4
56,Xiaolouluo,15,5
56,Shejing,19,5
56,Xiezijing,16,6
56,Xiaolouluo,17,7
56,Xiezijing,18,8

57,Huluwa1,4,2
57,Huluwa2,4,3
57,Huluwa3,4,4
57,Huluwa4,4,5
57,Yeye,9,5
57,Huluwa5,4,6
57,Huluwa6,4,7
57,Huluwa7,4,8
57,Xiezijing,18,2
57,Xiaolouluo,17,3
57,Xiezijing,16,4
57,Xiaolouluo,15,5
57,Shejing,19,5
57,Xiezijing,16,6
57,Xiaolouluo,17,7
57,Xiezijing,18,8

58,Huluwa1,4,2
58,Huluwa2,4,3
58,Huluwa3,4,4
58,Huluwa4,4,5
58,Yeye,9,5
58,Huluwa5,4,6
58,Huluwa6,4,7
58,Huluwa7,4,8
58,Xiezijing,18,2
58,Xiaolouluo,17,3
58,Xiezijing,16,4
58,Xiaolouluo,15,5
58,Shejing,19,5
58,Xiezijing,16,6
58,Xiaolouluo,17,7
58,Xiezijing,18,8

59,Huluwa1,4,2
59,Huluwa2,4,3
59,Huluwa3,4,4
59,Huluwa4,4,5
59,Yeye,9,5
59,Huluwa5,4,6
59,Huluwa6,4,7
59,Huluwa7,4,8
59,Xiezijing,18,2
59,Xiaolouluo,17,3
59,Xiezijing,16,4
59,Xiaolouluo,15,5
59,Shejing,19,5
59,Xiezijing,16,6
59,Xiaolouluo,17,7
59,Xiezijing,18,8

60,Huluwa1,4,2
60,Huluwa2,4,3
60,Huluwa3,4,4
60,Huluwa4,4,5
60,Yeye,9,5
60,Huluwa5,4,6
60,Huluwa6,4,7
60,Huluwa7,4,8
60,Xiezijing,18,2
60,Xiaolouluo,17,3
60,Xiezijing,16,4
60,Xiaolouluo,15,5
60,Shejing,19,5
60,Xiezijing,16,6
60,Xiaolouluo,17,7
60,Xiezijing,18,8

61,Huluwa1,4,2
61,Huluwa2,4,3
61,Huluwa3,4,4
61,Huluwa4,4,5
61,Yeye,9,5
61,Huluwa5,4,6
61,Huluwa6,4,7
61,Huluwa7,4,8
61,Xiezijing,18,2
61,Xiaolouluo,17,3
61,Xiezijing,16,4
61,Xiaolouluo,15,5
61,Shejing,19,5
61,Xiezijing,16,6
61,Xiaolouluo,17,7
61,Xiezijing,18,8

62,Huluwa1,4,2
62,Huluwa2,4,3
62,Huluwa3,4,4
62,Huluwa4,4,5
62,Yeye,9,5
62,Huluwa5,4,6
62,Huluwa6,4,7
62,Huluwa7,4,8
62,Xiezijing,18,2
62,Xiaolouluo,17,3
62,Xiezijing,16,4
62,Xiaolouluo,15,5
62,Shejing,19,5
62,Xiezijing,16,6
62,Xiaolouluo,17,7
62,Xiezijing,18,8

63,Huluwa1,4,2
63,Huluwa2,4,3
63,Huluwa3,4,4
63,Huluwa4,4,5
63,Yeye,9,5
63,Huluwa5,4,6
63,Huluwa6,4,7
63,Huluwa7,4,8
63,Xiezijing,18,2
63,Xiaolouluo,17,3
63,Xiezijing,16,4
63,Xiaolouluo,15,5
63,Shejing,19,5
63,Xiezijing,16,6
63,Xiaolouluo,17,7
63,Xiezijing,18,8

64,Huluwa1,4,2
64,Huluwa2,4,3
64,Huluwa3,4,4
64,Huluwa4,4,5
64,Yeye,9,5
64,Huluwa5,4,6
64,Huluwa6,4,7
64,Huluwa7,4,8
64,Xiezijing,18,2
64,Xiaolouluo,17,3
64,Xiezijing,16,4
64,Xiaolouluo,15,5
64,Shejing,19,5
64,Xiezijing,16,6
64,Xiaolouluo,17,7
64,Xiezijing,18,8

65,Huluwa1,4,2
65,Huluwa2,4,3
65,Huluwa3,4,4
65,Huluwa4,4,5
65,Yeye,9,5
65,Huluwa5,4,6
65,Huluwa6,4,7
65,Huluwa7,4,8
65,Xiezijing,18,2
65,Xiaolouluo,17,3
65,Xiezijing,16,4
65,Xiaolouluo,15,5
65,Shejing,19,5
65,Xiezijing,16,6
65,Xiaolouluo,17,7
65,Xiezijing,18,8

66,Huluwa1,4,2
66,Huluwa2,4,3
66,Huluwa3,4,4
66,Huluwa4,4,5
66,Yeye,9,5
66,Huluwa5,4,6
66,Huluwa6,4,7
66,Huluwa7,4,8
66,Xiezijing,18,2
66,Xiaolouluo,17,3
66,Xiezijing,16,4
66,Xiaolouluo,15,5
66,Shejing,19,5
66,Xiezijing,16,6
66,Xiaolouluo,17,7
66,Xiezijing,18,8

67,Huluwa1,4,2
67,Huluwa2,4,3
67,Huluwa3,4,4
67,Huluwa4,4,5
67,Yeye,9,5
67,Huluwa5,4,6
67,Huluwa6,4,7
67,Huluwa7,4,8
67,Xiezijing,18,2
67,Xiaolouluo,17,3
67,Xiezijing,16,4
67,Xiaolouluo,15,5
67,Shejing,19,5
67,Xiezijing,16,6
67,Xiaolouluo,17,7
67,Xiezijing,18,8

68,Huluwa1,4,2
68,Huluwa2,4,3
68,Huluwa3,4,4
68,Huluwa4,4,5
68,Yeye,9,5
68,Huluwa5,4,6
68,Huluwa6,4,7
68,Huluwa7,4,8
68,Xiezijing,18,2
68,Xiaolouluo,17,3
68,Xiezijing,16,4
68,Xiaolouluo,15,5
68,Shejing,19,5
68,Xiezijing,16,6
68,Xiaolouluo,17,7
68,Xiezijing,18,8

69,Huluwa1,4,2
69,Huluwa2,4,3
69,Huluwa3,4,4
69,Huluwa4,4,5
69,Yeye,9,5
69,Huluwa5,4,6
69,Huluwa6,4,7
69,Huluwa7,4,8
69,Xiezijing,18,2
69,Xiaolouluo,17,3
69,Xiezijing,16,4
69,Xiaolouluo,15,5
69,Shejing,19,5
69,Xiezijing,16,6
69,Xiaolouluo,17,7
69,Xiezijing,18,8

70,Huluwa1,4,2
70,Huluwa2,4,3
70,Huluwa3,4,4
70,Huluwa4,4,5
70,Yeye,9,5
70,Huluwa5,4,6
70,Huluwa6,4,7
70,Huluwa7,4,8
70,Xiezijing,18,2
70,Xiaolouluo,17,3
70,Xiezijing,16,4
70,Xiaolouluo,15,5
70,Shejing,19,5
70,Xiezijing,16,6
70,Xiaolouluo,17,7
70,Xiezijing,18,8

71,Huluwa1,4,2
71,Huluwa2,4,3
71,Huluwa3,4,4
71,Huluwa4,4,5
71,Yeye,9,5
71,Huluwa5,4,6
71,Huluwa6,4,7
71,Huluwa7,4,8
71,Xiezijing,18,2
71,Xiaolouluo,17,3
71,Xiezijing,16,4
71,Xiaolouluo,15,5
71,Shejing,19,5
71,Xiezijing,16,6
71,Xiaolouluo,17,7
71,Xiezijing,18,8

72,Huluwa1,4,2
72,Huluwa2,4,3
72,Huluwa3,4,4
72,Huluwa4,4,5
72,Yeye,9,5
72,Huluwa5,4,6
72,Huluwa6,4,7
72,Huluwa7,4,8
72,Xiezijing,18,2
72,Xiaolouluo,17,3
72,Xiezijing,16,4
72,Xiaolouluo,15,5
72,Shejing,19,5
72,Xiezijing,16,6
72,Xiaolouluo,17,7
72,Xiezijing,18,8

73,Huluwa1,4,2
73,Huluwa2,4,3
73,Huluwa3,4,4
73,Huluwa4,4,5
73,Yeye,9,5
73,Huluwa5,4,6
73,Huluwa6,4,7
73,Huluwa7,4,8
73,Xiezijing,18,2
73,Xiaolouluo,17,3
73,Xiezijing,16,4
73,Xiaolouluo,15,5
73,Shejing,19,5
73,Xiezijing,16,6
73,Xiaolouluo,17,7
73,Xiezijing,18,8

74,Huluwa1,5,2
74,Huluwa2,5,3
74,Huluwa3,5,4
74,Huluwa4,5,5
74,Yeye,10,5
74,Huluwa5,5,6
74,Huluwa6,5,7
74,Huluwa7,5,8
74,Xiezijing,17,2
74,Xiaolouluo,16,3
74,Xiezijing,15,4
74,Xiaolouluo,14,5
74,Shejing,18,5
74,Xiezijing,15,6
74,Xiaolouluo,16,7
74,Xiezijing,17,8

75,Huluwa1,5,2
75,Huluwa2,5,3
75,Huluwa3,5,4
75,Huluwa4,5,5
75,Yeye,10,5
75,Huluwa5,5,6
75,Huluwa6,5,7
75,Huluwa7,5,8
75,Xiezijing,17,2
75,Xiaolouluo,16,3
75,Xiezijing,15,4
75,Xiaolouluo,14,5
75,Shejing,18,5
75,Xiezijing,15,6
75,Xiaolouluo,16,7
75,Xiezijing,17,8

76,Huluwa1,5,2
76,Huluwa2,5,3
76,Huluwa3,5,4
76,Huluwa4,5,5
76,Yeye,10,5
76,Huluwa5,5,6
76,Huluwa6,5,7
76,Huluwa7,5,8
76,Xiezijing,17,2
76,Xiaolouluo,16,3
76,Xiezijing,15,4
76,Xiaolouluo,14,5
76,Shejing,18,5
76,Xiezijing,15,6
76,Xiaolouluo,16,7
76,Xiezijing,17,8

77,Huluwa1,5,2
77,Huluwa2,5,3
77,Huluwa3,5,4
77,Huluwa4,5,5
77,Yeye,10,5
77,Huluwa5,5,6
77,Huluwa6,5,7
77,Huluwa7,5,8
77,Xiezijing,17,2
77,Xiaolouluo,16,3
77,Xiezijing,15,4
77,Xiaolouluo,14,5
77,Shejing,18,5
77,Xiezijing,15,6
77,Xiaolouluo,16,7
77,Xiezijing,17,8

78,Huluwa1,5,2
78,Huluwa2,5,3
78,Huluwa3,5,4
78,Huluwa4,5,5
78,Yeye,10,5
78,Huluwa5,5,6
78,Huluwa6,5,7
78,Huluwa7,5,8
78,Xiezijing,17,2
78,Xiaolouluo,16,3
78,Xiezijing,15,4
78,Xiaolouluo,14,5
78,Shejing,18,5
78,Xiezijing,15,6
78,Xiaolouluo,16,7
78,Xiezijing,17,8

79,Huluwa1,5,2
79,Huluwa2,5,3
79,Huluwa3,5,4
79,Huluwa4,5,5
79,Yeye,10,5
79,Huluwa5,5,6
79,Huluwa6,5,7
79,Huluwa7,5,8
79,Xiezijing,17,2
79,Xiaolouluo,16,3
79,Xiezijing,15,4
79,Xiaolouluo,14,5
79,Shejing,18,5
79,Xiezijing,15,6
79,Xiaolouluo,16,7
79,Xiezijing,17,8

80,Huluwa1,5,2
80,Huluwa2,5,3
80,Huluwa3,5,4
80,Huluwa4,5,5
80,Yeye,10,5
80,Huluwa5,5,6
80,Huluwa6,5,7
80,Huluwa7,5,8
80,Xiezijing,17,2
80,Xiaolouluo,16,3
80,Xiezijing,15,4
80,Xiaolouluo,14,5
80,Shejing,18,5
80,Xiezijing,15,6
80,Xiaolouluo,16,7
80,Xiezijing,17,8

81,Huluwa1,5,2
81,Huluwa2,5,3
81,Huluwa3,5,4
81,Huluwa4,5,5
81,Yeye,10,5
81,Huluwa5,5,6
81,Huluwa6,5,7
81,Huluwa7,5,8
81,Xiezijing,17,2
81,Xiaolouluo,16,3
81,Xiezijing,15,4
81,Xiaolouluo,14,5
81,Shejing,18,5
81,Xiezijing,15,6
81,Xiaolouluo,16,7
81,Xiezijing,17,8

82,Huluwa1,5,2
82,Huluwa2,5,3
82,Huluwa3,5,4
82,Huluwa4,5,5
82,Yeye,10,5
82,Huluwa5,5,6
82,Huluwa6,5,7
82,Huluwa7,5,8
82,Xiezijing,17,2
82,Xiaolouluo,16,3
82,Xiezijing,15,4
82,Xiaolouluo,14,5
82,Shejing,18,5
82,Xiezijing,15,6
82,Xiaolouluo,16,7
82,Xiezijing,17,8

83,Huluwa1,5,2
83,Huluwa2,5,3
83,Huluwa3,5,4
83,Huluwa4,5,5
83,Yeye,10,5
83,Huluwa5,5,6
83,Huluwa6,5,7
83,Huluwa7,5,8
83,Xiezijing,17,2
83,Xiaolouluo,16,3
83,Xiezijing,15,4
83,Xiaolouluo,14,5
83,Shejing,18,5
83,Xiezijing,15,6
83,Xiaolouluo,16,7
83,Xiezijing,17,8

84,Huluwa1,5,2
84,Huluwa2,5,3
84,Huluwa3,5,4
84,Huluwa4,5,5
84,Yeye,10,5
84,Huluwa5,5,6
84,Huluwa6,5,7
84,Huluwa7,5,8
84,Xiezijing,17,2
84,Xiaolouluo,16,3
84,Xiezijing,15,4
84,Xiaolouluo,14,5
84,Shejing,18,5
84,Xiezijing,15,6
84,Xiaolouluo,16,7
84,Xiezijing,17,8

85,Huluwa1,5,2
85,Huluwa2,5,3
85,Huluwa3,5,4
85,Huluwa4,5,5
85,Yeye,10,5
85,Huluwa5,5,6
85,Huluwa6,5,7
85,Huluwa7,5,8
85,Xiezijing,17,2
85,Xiaolouluo,16,3
85,Xiezijing,15,4
85,Xiaolouluo,14,5
85,Shejing,18,5
85,Xiezijing,15,6
85,Xiaolouluo,16,7
85,Xiezijing,17,8

86,Huluwa1,5,2
86,Huluwa2,5,3
86,Huluwa3,5,4
86,Huluwa4,5,5
86,Yeye,10,5
86,Huluwa5,5,6
86,Huluwa6,5,7
86,Huluwa7,5,8
86,Xiezijing,17,2
86,Xiaolouluo,16,3
86,Xiezijing,15,4
86,Xiaolouluo,14,5
86,Shejing,18,5
86,Xiezijing,15,6
86,Xiaolouluo,16,7
86,Xiezijing,17,8

87,Huluwa1,5,2
87,Huluwa2,5,3
87,Huluwa3,5,4
87,Huluwa4,5,5
87,Yeye,10,5
87,Huluwa5,5,6
87,Huluwa6,5,7
87,Huluwa7,5,8
87,Xiezijing,17,2
87,Xiaolouluo,16,3
87,Xiezijing,15,4
87,Xiaolouluo,14,5
87,Shejing,18,5
87,Xiezijing,15,6
87,Xiaolouluo,16,7
87,Xiezijing,17,8

88,Huluwa1,5,2
88,Huluwa2,5,3
88,Huluwa3,5,4
88,Huluwa4,5,5
88,Yeye,10,5
88,Huluwa5,5,6
88,Huluwa6,5,7
88,Huluwa7,5,8
88,Xiezijing,17,2
88,Xiaolouluo,16,3
88,Xiezijing,15,4
88,Xiaolouluo,14,5
88,Shejing,18,5
88,Xiezijing,15,6
88,Xiaolouluo,16,7
88,Xiezijing,17,8

89,Huluwa1,5,2
89,Huluwa2,5,3
89,Huluwa3,5,4
89,Huluwa4,5,5
89,Yeye,10,5
89,Huluwa5,5,6
89,Huluwa6,5,7
89,Huluwa7,5,8
89,Xiezijing,17,2
89,Xiaolouluo,16,3
89,Xiezijing,15,4
89,Xiaolouluo,14,5
89,Shejing,18,5
89,Xiezijing,15,6
89,Xiaolouluo,16,7
89,Xiezijing,17,8

90,Huluwa1,5,2
90,Huluwa2,5,3
90,Huluwa3,5,4
90,Huluwa4,5,5
90,Yeye,10,5
90,Huluwa5,5,6
90,Huluwa6,5,7
90,Huluwa7,5,8
90,Xiezijing,17,2
90,Xiaolouluo,16,3
90,Xiezijing,15,4
90,Xiaolouluo,14,5
90,Shejing,18,5
90,Xiezijing,15,6
90,Xiaolouluo,16,7
90,Xiezijing,17,8

91,Huluwa1,5,2
91,Huluwa2,5,3
91,Huluwa3,5,4
91,Huluwa4,5,5
91,Yeye,10,5
91,Huluwa5,5,6
91,Huluwa6,5,7
91,Huluwa7,5,8
91,Xiezijing,17,2
91,Xiaolouluo,16,3
91,Xiezijing,15,4
91,Xiaolouluo,14,5
91,Shejing,18,5
91,Xiezijing,15,6
91,Xiaolouluo,16,7
91,Xiezijing,17,8

92,Huluwa1,5,2
92,Huluwa2,5,3
92,Huluwa3,5,4
92,Huluwa4,5,5
92,Yeye,10,5
92,Huluwa5,5,6
92,Huluwa6,5,7
92,Huluwa7,5,8
92,Xiezijing,17,2
92,Xiaolouluo,16,3
92,Xiezijing,15,4
92,Xiaolouluo,14,5
92,Shejing,18,5
92,Xiezijing,15,6
92,Xiaolouluo,16,7
92,Xiezijing,17,8

93,Huluwa1,5,2
93,Huluwa2,5,3
93,Huluwa3,5,4
93,Huluwa4,5,5
93,Yeye,10,5
93,Huluwa5,5,6
93,Huluwa6,5,7
93,Huluwa7,5,8
93,Xiezijing,17,2
93,Xiaolouluo,16,3
93,Xiezijing,15,4
93,Xiaolouluo,14,5
93,Shejing,18,5
93,Xiezijing,15,6
93,Xiaolouluo,16,7
93,Xiezijing,17,8

94,Huluwa1,6,2
94,Huluwa2,6,3
94,Huluwa3,6,4
94,Huluwa4,6,5
94,Yeye,11,5
94,Huluwa5,6,6
94,Huluwa6,6,7
94,Huluwa7,6,8
94,Xiezijing,16,2
94,Xiaolouluo,15,3
94,Xiezijing,14,4
94,Xiaolouluo,13,5
94,Shejing,17,5
94,Xiezijing,14,6
94,Xiaolouluo,15,7
94,Xiezijing,16,8

95,Huluwa1,6,2
95,Huluwa2,6,3
95,Huluwa3,6,4
95,Huluwa4,6,5
95,Yeye,11,5
95,Huluwa5,6,6
95,Huluwa6,6,7
95,Huluwa7,6,8
95,Xiezijing,16,2
95,Xiaolouluo,15,3
95,Xiezijing,14,4
95,Xiaolouluo,13,5
95,Shejing,17,5
95,Xiezijing,14,6
95,Xiaolouluo,15,7
95,Xiezijing,16,8

96,Huluwa1,6,2
96,Huluwa2,6,3
96,Huluwa3,6,4
96,Huluwa4,6,5
96,Yeye,11,5
96,Huluwa5,6,6
96,Huluwa6,6,7
96,Huluwa7,6,8
96,Xiezijing,16,2
96,Xiaolouluo,15,3
96,Xiezijing,14,4
96,Xiaolouluo,13,5
96,Shejing,17,5
96,Xiezijing,14,6
96,Xiaolouluo,15,7
96,Xiezijing,16,8

97,Huluwa1,6,2
97,Huluwa2,6,3
97,Huluwa3,6,4
97,Huluwa4,6,5
97,Yeye,11,5
97,Huluwa5,6,6
97,Huluwa6,6,7
97,Huluwa7,6,8
97,Xiezijing,16,2
97,Xiaolouluo,15,3
97,Xiezijing,14,4
97,Xiaolouluo,13,5
97,Shejing,17,5
97,Xiezijing,14,6
97,Xiaolouluo,15,7
97,Xiezijing,16,8

98,Huluwa1,6,2
98,Huluwa2,6,3
98,Huluwa3,6,4
98,Huluwa4,6,5
98,Yeye,11,5
98,Huluwa5,6,6
98,Huluwa6,6,7
98,Huluwa7,6,8
98,Xiezijing,16,2
98,Xiaolouluo,15,3
98,Xiezijing,14,4
98,Xiaolouluo,13,5
98,Shejing,17,5
98,Xiezijing,14,6
98,Xiaolouluo,15,7
98,Xiezijing,16,8

99,Huluwa1,6,2
99,Huluwa2,6,3
99,Huluwa3,6,4
99,Huluwa4,6,5
99,Yeye,11,5
99,Huluwa5,6,6
99,Huluwa6,6,7
99,Huluwa7,6,8
99,Xiezijing,16,2
99,Xiaolouluo,15,3
99,Xiezijing,14,4
99,Xiaolouluo,13,5
99,Shejing,17,5
99,Xiezijing,14,6
99,Xiaolouluo,15,7
99,Xiezijing,16,8

100,Huluwa1,6,2
100,Huluwa2,6,3
100,Huluwa3,6,4
100,Huluwa4,6,5
100,Yeye,11,5
100,Huluwa5,6,6
100,Huluwa6,6,7
100,Huluwa7,6,8
100,Xiezijing,16,2
100,Xiaolouluo,15,3
100,Xiezijing,14,4
100,Xiaolouluo,13,5
100,Shejing,17,5
100,Xiezijing,14,6
100,Xiaolouluo,15,7
100,Xiezijing,16,8

101,Huluwa1,6,2
101,Huluwa2,6,3
101,Huluwa3,6,4
101,Huluwa4,6,5
101,Yeye,11,5
101,Huluwa5,6,6
101,Huluwa6,6,7
101,Huluwa7,6,8
101,Xiezijing,16,2
101,Xiaolouluo,15,3
101,Xiezijing,14,4
101,Xiaolouluo,13,5
101,Shejing,17,5
101,Xiezijing,14,6
101,Xiaolouluo,15,7
101,Xiezijing,16,8

102,Huluwa1,6,2
102,Huluwa2,6,3
102,Huluwa3,6,4
102,Huluwa4,6,5
102,Yeye,11,5
102,Huluwa5,6,6
102,Huluwa6,6,7
102,Huluwa7,6,8
102,Xiezijing,16,2
102,Xiaolouluo,15,3
102,Xiezijing,14,4
102,Xiaolouluo,13,5
102,Shejing,17,5
102,Xiezijing,14,6
102,Xiaolouluo,15,7
102,Xiezijing,16,8

103,Huluwa1,6,2
103,Huluwa2,6,3
103,Huluwa3,6,4
103,Huluwa4,6,5
103,Yeye,11,5
103,Huluwa5,6,6
103,Huluwa6,6,7
103,Huluwa7,6,8
103,Xiezijing,16,2
103,Xiaolouluo,15,3
103,Xiezijing,14,4
103,Xiaolouluo,13,5
103,Shejing,17,5
103,Xiezijing,14,6
103,Xiaolouluo,15,7
103,Xiezijing,16,8

104,Huluwa1,6,2
104,Huluwa2,6,3
104,Huluwa3,6,4
104,Huluwa4,6,5
104,Yeye,11,5
104,Huluwa5,6,6
104,Huluwa6,6,7
104,Huluwa7,6,8
104,Xiezijing,16,2
104,Xiaolouluo,15,3
104,Xiezijing,14,4
104,Xiaolouluo,13,5
104,Shejing,17,5
104,Xiezijing,14,6
104,Xiaolouluo,15,7
104,Xiezijing,16,8

105,Huluwa1,6,2
105,Huluwa2,6,3
105,Huluwa3,6,4
105,Huluwa4,6,5
105,Yeye,11,5
105,Huluwa5,6,6
105,Huluwa6,6,7
105,Huluwa7,6,8
105,Xiezijing,16,2
105,Xiaolouluo,15,3
105,Xiezijing,14,4
105,Xiaolouluo,13,5
105,Shejing,17,5
105,Xiezijing,14,6
105,Xiaolouluo,15,7
105,Xiezijing,16,8

106,Huluwa1,6,2
106,Huluwa2,6,3
106,Huluwa3,6,4
106,Huluwa4,6,5
106,Yeye,11,5
106,Huluwa5,6,6
106,Huluwa6,6,7
106,Huluwa7,6,8
106,Xiezijing,16,2
106,Xiaolouluo,15,3
106,Xiezijing,14,4
106,Xiaolouluo,13,5
106,Shejing,17,5
106,Xiezijing,14,6
106,Xiaolouluo,15,7
106,Xiezijing,16,8

107,Huluwa1,6,2
107,Huluwa2,6,3
107,Huluwa3,6,4
107,Huluwa4,6,5
107,Yeye,11,5
107,Huluwa5,6,6
107,Huluwa6,6,7
107,Huluwa7,6,8
107,Xiezijing,16,2
107,Xiaolouluo,15,3
107,Xiezijing,14,4
107,Xiaolouluo,13,5
107,Shejing,17,5
107,Xiezijing,14,6
107,Xiaolouluo,15,7
107,Xiezijing,16,8

108,Huluwa1,6,2
108,Huluwa2,6,3
108,Huluwa3,6,4
108,Huluwa4,6,5
108,Yeye,11,5
108,Huluwa5,6,6
108,Huluwa6,6,7
108,Huluwa7,6,8
108,Xiezijing,16,2
108,Xiaolouluo,15,3
108,Xiezijing,14,4
108,Xiaolouluo,13,5
108,Shejing,17,5
108,Xiezijing,14,6
108,Xiaolouluo,15,7
108,Xiezijing,16,8

109,Huluwa1,6,2
109,Huluwa2,6,3
109,Huluwa3,6,4
109,Huluwa4,6,5
109,Yeye,11,5
109,Huluwa5,6,6
109,Huluwa6,6,7
109,Huluwa7,6,8
109,Xiezijing,16,2
109,Xiaolouluo,15,3
109,Xiezijing,14,4
109,Xiaolouluo,13,5
109,Shejing,17,5
109,Xiezijing,14,6
109,Xiaolouluo,15,7
109,Xiezijing,16,8

110,Huluwa1,6,2
110,Huluwa2,6,3
110,Huluwa3,6,4
110,Huluwa4,6,5
110,Yeye,11,5
110,Huluwa5,6,6
110,Huluwa6,6,7
110,Huluwa7,6,8
110,Xiezijing,16,2
110,Xiaolouluo,15,3
110,Xiezijing,14,4
110,Xiaolouluo,13,5
110,Shejing,17,5
110,Xiezijing,14,6
110,Xiaolouluo,15,7
110,Xiezijing,16,8

111,Huluwa1,6,2
111,Huluwa2,6,3
111,Huluwa3,6,4
111,Huluwa4,6,5
111,Yeye,11,5
111,Huluwa5,6,6
111,Huluwa6,6,7
111,Huluwa7,6,8
111,Xiezijing,16,2
111,Xiaolouluo,15,3
111,Xiezijing,14,4
111,Xiaolouluo,13,5
111,Shejing,17,5
111,Xiezijing,14,6
111,Xiaolouluo,15,7
111,Xiezijing,16,8

112,Huluwa1,6,2
112,Huluwa2,6,3
112,Huluwa3,6,4
112,Huluwa4,6,5
112,Yeye,11,5
112,Huluwa5,6,6
112,Huluwa6,6,7
112,Huluwa7,6,8
112,Xiezijing,16,2
112,Xiaolouluo,15,3
112,Xiezijing,14,4
112,Xiaolouluo,13,5
112,Shejing,17,5
112,Xiezijing,14,6
112,Xiaolouluo,15,7
112,Xiezijing,16,8

113,Huluwa1,6,2
113,Huluwa2,6,3
113,Huluwa3,6,4
113,Huluwa4,6,5
113,Yeye,11,5
113,Huluwa5,6,6
113,Huluwa6,6,7
113,Huluwa7,6,8
113,Xiezijing,16,2
113,Xiaolouluo,15,3
113,Xiezijing,14,4
113,Xiaolouluo,13,5
113,Shejing,17,5
113,Xiezijing,14,6
113,Xiaolouluo,15,7
113,Xiezijing,16,8

114,Huluwa1,7,2
114,Huluwa2,7,3
114,Huluwa3,7,4
114,Huluwa4,7,5
114,Yeye,12,5
114,Huluwa5,7,6
114,Huluwa6,7,7
114,Huluwa7,7,8
114,Xiezijing,15,2
114,Xiaolouluo,14,3
114,Xiezijing,13,4
114,Shejing,16,5
114,Xiezijing,13,6
114,Xiaolouluo,14,7
114,Xiezijing,15,8

115,Huluwa1,7,2
115,Huluwa2,7,3
115,Huluwa3,7,4
115,Huluwa4,7,5
115,Yeye,12,5
115,Huluwa5,7,6
115,Huluwa6,7,7
115,Huluwa7,7,8
115,Xiezijing,15,2
115,Xiaolouluo,14,3
115,Xiezijing,13,4
115,Shejing,16,5
115,Xiezijing,13,6
115,Xiaolouluo,14,7
115,Xiezijing,15,8

116,Huluwa1,7,2
116,Huluwa2,7,3
116,Huluwa3,7,4
116,Huluwa4,7,5
116,Yeye,12,5
116,Huluwa5,7,6
116,Huluwa6,7,7
116,Huluwa7,7,8
116,Xiezijing,15,2
116,Xiaolouluo,14,3
116,Xiezijing,13,4
116,Shejing,16,5
116,Xiezijing,13,6
116,Xiaolouluo,14,7
116,Xiezijing,15,8

117,Huluwa1,7,2
117,Huluwa2,7,3
117,Huluwa3,7,4
117,Huluwa4,7,5
117,Yeye,12,5
117,Huluwa5,7,6
117,Huluwa6,7,7
117,Huluwa7,7,8
117,Xiezijing,15,2
117,Xiaolouluo,14,3
117,Xiezijing,13,4
117,Shejing,16,5
117,Xiezijing,13,6
117,Xiaolouluo,14,7
117,Xiezijing,15,8

118,Huluwa1,7,2
118,Huluwa2,7,3
118,Huluwa3,7,4
118,Huluwa4,7,5
118,Yeye,12,5
118,Huluwa5,7,6
118,Huluwa6,7,7
118,Huluwa7,7,8
118,Xiezijing,15,2
118,Xiaolouluo,14,3
118,Xiezijing,13,4
118,Shejing,16,5
118,Xiezijing,13,6
118,Xiaolouluo,14,7
118,Xiezijing,15,8

119,Huluwa1,7,2
119,Huluwa2,7,3
119,Huluwa3,7,4
119,Huluwa4,7,5
119,Yeye,12,5
119,Huluwa5,7,6
119,Huluwa6,7,7
119,Huluwa7,7,8
119,Xiezijing,15,2
119,Xiaolouluo,14,3
119,Xiezijing,13,4
119,Shejing,16,5
119,Xiezijing,13,6
119,Xiaolouluo,14,7
119,Xiezijing,15,8

120,Huluwa1,7,2
120,Huluwa2,7,3
120,Huluwa3,7,4
120,Huluwa4,7,5
120,Yeye,12,5
120,Huluwa5,7,6
120,Huluwa6,7,7
120,Huluwa7,7,8
120,Xiezijing,15,2
120,Xiaolouluo,14,3
120,Xiezijing,13,4
120,Shejing,16,5
120,Xiezijing,13,6
120,Xiaolouluo,14,7
120,Xiezijing,15,8

121,Huluwa1,7,2
121,Huluwa2,7,3
121,Huluwa3,7,4
121,Huluwa4,7,5
121,Yeye,12,5
121,Huluwa5,7,6
121,Huluwa6,7,7
121,Huluwa7,7,8
121,Xiezijing,15,2
121,Xiaolouluo,14,3
121,Xiezijing,13,4
121,Shejing,16,5
121,Xiezijing,13,6
121,Xiaolouluo,14,7
121,Xiezijing,15,8

122,Huluwa1,7,2
122,Huluwa2,7,3
122,Huluwa3,7,4
122,Huluwa4,7,5
122,Yeye,12,5
122,Huluwa5,7,6
122,Huluwa6,7,7
122,Huluwa7,7,8
122,Xiezijing,15,2
122,Xiaolouluo,14,3
122,Xiezijing,13,4
122,Shejing,16,5
122,Xiezijing,13,6
122,Xiaolouluo,14,7
122,Xiezijing,15,8

123,Huluwa1,7,2
123,Huluwa2,7,3
123,Huluwa3,7,4
123,Huluwa4,7,5
123,Yeye,12,5
123,Huluwa5,7,6
123,Huluwa6,7,7
123,Huluwa7,7,8
123,Xiezijing,15,2
123,Xiaolouluo,14,3
123,Xiezijing,13,4
123,Shejing,16,5
123,Xiezijing,13,6
123,Xiaolouluo,14,7
123,Xiezijing,15,8

124,Huluwa1,7,2
124,Huluwa2,7,3
124,Huluwa3,7,4
124,Huluwa4,7,5
124,Yeye,12,5
124,Huluwa5,7,6
124,Huluwa6,7,7
124,Huluwa7,7,8
124,Xiezijing,15,2
124,Xiaolouluo,14,3
124,Xiezijing,13,4
124,Shejing,16,5
124,Xiezijing,13,6
124,Xiaolouluo,14,7
124,Xiezijing,15,8

125,Huluwa1,7,2
125,Huluwa2,7,3
125,Huluwa3,7,4
125,Huluwa4,7,5
125,Yeye,12,5
125,Huluwa5,7,6
125,Huluwa6,7,7
125,Huluwa7,7,8
125,Xiezijing,15,2
125,Xiaolouluo,14,3
125,Xiezijing,13,4
125,Shejing,16,5
125,Xiezijing,13,6
125,Xiaolouluo,14,7
125,Xiezijing,15,8

126,Huluwa1,7,2
126,Huluwa2,7,3
126,Huluwa3,7,4
126,Huluwa4,7,5
126,Yeye,12,5
126,Huluwa5,7,6
126,Huluwa6,7,7
126,Huluwa7,7,8
126,Xiezijing,15,2
126,Xiaolouluo,14,3
126,Xiezijing,13,4
126,Shejing,16,5
126,Xiezijing,13,6
126,Xiaolouluo,14,7
126,Xiezijing,15,8

127,Huluwa1,7,2
127,Huluwa2,7,3
127,Huluwa3,7,4
127,Huluwa4,7,5
127,Yeye,12,5
127,Huluwa5,7,6
127,Huluwa6,7,7
127,Huluwa7,7,8
127,Xiezijing,15,2
127,Xiaolouluo,14,3
127,Xiezijing,13,4
127,Shejing,16,5
127,Xiezijing,13,6
127,Xiaolouluo,14,7
127,Xiezijing,15,8

128,Huluwa1,7,2
128,Huluwa2,7,3
128,Huluwa3,7,4
128,Huluwa4,7,5
128,Yeye,12,5
128,Huluwa5,7,6
128,Huluwa6,7,7
128,Huluwa7,7,8
128,Xiezijing,15,2
128,Xiaolouluo,14,3
128,Xiezijing,13,4
128,Shejing,16,5
128,Xiezijing,13,6
128,Xiaolouluo,14,7
128,Xiezijing,15,8

129,Huluwa1,7,2
129,Huluwa2,7,3
129,Huluwa3,7,4
129,Huluwa4,7,5
129,Yeye,12,5
129,Huluwa5,7,6
129,Huluwa6,7,7
129,Huluwa7,7,8
129,Xiezijing,15,2
129,Xiaolouluo,14,3
129,Xiezijing,13,4
129,Shejing,16,5
129,Xiezijing,13,6
129,Xiaolouluo,14,7
129,Xiezijing,15,8

130,Huluwa1,7,2
130,Huluwa2,7,3
130,Huluwa3,7,4
130,Huluwa4,7,5
130,Yeye,12,5
130,Huluwa5,7,6
130,Huluwa6,7,7
130,Huluwa7,7,8
130,Xiezijing,15,2
130,Xiaolouluo,14,3
130,Xiezijing,13,4
130,Shejing,16,5
130,Xiezijing,13,6
130,Xiaolouluo,14,7
130,Xiezijing,15,8

131,Huluwa1,7,2
131,Huluwa2,7,3
131,Huluwa3,7,4
131,Huluwa4,7,5
131,Yeye,12,5
131,Huluwa5,7,6
131,Huluwa6,7,7
131,Huluwa7,7,8
131,Xiezijing,15,2
131,Xiaolouluo,14,3
131,Xiezijing,13,4
131,Shejing,16,5
131,Xiezijing,13,6
131,Xiaolouluo,14,7
131,Xiezijing,15,8

132,Huluwa1,7,2
132,Huluwa2,7,3
132,Huluwa3,7,4
132,Huluwa4,7,5
132,Yeye,12,5
132,Huluwa5,7,6
132,Huluwa6,7,7
132,Huluwa7,7,8
132,Xiezijing,15,2
132,Xiaolouluo,14,3
132,Xiezijing,13,4
132,Shejing,16,5
132,Xiezijing,13,6
132,Xiaolouluo,14,7
132,Xiezijing,15,8

133,Huluwa1,7,2
133,Huluwa2,7,3
133,Huluwa3,7,4
133,Huluwa4,7,5
133,Yeye,12,5
133,Huluwa5,7,6
133,Huluwa6,7,7
133,Huluwa7,7,8
133,Xiezijing,15,2
133,Xiaolouluo,14,3
133,Xiezijing,13,4
133,Shejing,16,5
133,Xiezijing,13,6
133,Xiaolouluo,14,7
133,Xiezijing,15,8

134,Huluwa1,8,2
134,Huluwa2,8,3
134,Huluwa3,8,4
134,Huluwa4,8,5
134,Yeye,13,5
134,Huluwa5,8,6
134,Huluwa6,8,7
134,Huluwa7,8,8
134,Xiezijing,15,3
134,Xiaolouluo,14,4
134,Shejing,15,5
134,Xiaolouluo,14,6
134,Xiezijing,15,7

135,Huluwa1,8,2
135,Huluwa2,8,3
135,Huluwa3,8,4
135,Huluwa4,8,5
135,Yeye,13,5
135,Huluwa5,8,6
135,Huluwa6,8,7
135,Huluwa7,8,8
135,Xiezijing,15,3
135,Xiaolouluo,14,4
135,Shejing,15,5
135,Xiaolouluo,14,6
135,Xiezijing,15,7

136,Huluwa1,8,2
136,Huluwa2,8,3
136,Huluwa3,8,4
136,Huluwa4,8,5
136,Yeye,13,5
136,Huluwa5,8,6
136,Huluwa6,8,7
136,Huluwa7,8,8
136,Xiezijing,15,3
136,Xiaolouluo,14,4
136,Shejing,15,5
136,Xiaolouluo,14,6
136,Xiezijing,15,7

137,Huluwa1,8,2
137,Huluwa2,8,3
137,Huluwa3,8,4
137,Huluwa4,8,5
137,Yeye,13,5
137,Huluwa5,8,6
137,Huluwa6,8,7
137,Huluwa7,8,8
137,Xiezijing,15,3
137,Xiaolouluo,14,4
137,Shejing,15,5
137,Xiaolouluo,14,6
137,Xiezijing,15,7

138,Huluwa1,8,2
138,Huluwa2,8,3
138,Huluwa3,8,4
138,Huluwa4,8,5
138,Yeye,13,5
138,Huluwa5,8,6
138,Huluwa6,8,7
138,Huluwa7,8,8
138,Xiezijing,15,3
138,Xiaolouluo,14,4
138,Shejing,15,5
138,Xiaolouluo,14,6
138,Xiezijing,15,7

139,Huluwa1,8,2
139,Huluwa2,8,3
139,Huluwa3,8,4
139,Huluwa4,8,5
139,Yeye,13,5
139,Huluwa5,8,6
139,Huluwa6,8,7
139,Huluwa7,8,8
139,Xiezijing,15,3
139,Xiaolouluo,14,4
139,Shejing,15,5
139,Xiaolouluo,14,6
139,Xiezijing,15,7

140,Huluwa1,8,2
140,Huluwa2,8,3
140,Huluwa3,8,4
140,Huluwa4,8,5
140,Yeye,13,5
140,Huluwa5,8,6
140,Huluwa6,8,7
140,Huluwa7,8,8
140,Xiezijing,15,3
140,Xiaolouluo,14,4
140,Shejing,15,5
140,Xiaolouluo,14,6
140,Xiezijing,15,7

141,Huluwa1,8,2
141,Huluwa2,8,3
141,Huluwa3,8,4
141,Huluwa4,8,5
141,Yeye,13,5
141,Huluwa5,8,6
141,Huluwa6,8,7
141,Huluwa7,8,8
141,Xiezijing,15,3
141,Xiaolouluo,14,4
141,Shejing,15,5
141,Xiaolouluo,14,6
141,Xiezijing,15,7

142,Huluwa1,8,2
142,Huluwa2,8,3
142,Huluwa3,8,4
142,Huluwa4,8,5
142,Yeye,13,5
142,Huluwa5,8,6
142,Huluwa6,8,7
142,Huluwa7,8,8
142,Xiezijing,15,3
142,Xiaolouluo,14,4
142,Shejing,15,5
142,Xiaolouluo,14,6
142,Xiezijing,15,7

143,Huluwa1,8,2
143,Huluwa2,8,3
143,Huluwa3,8,4
143,Huluwa4,8,5
143,Yeye,13,5
143,Huluwa5,8,6
143,Huluwa6,8,7
143,Huluwa7,8,8
143,Xiezijing,15,3
143,Xiaolouluo,14,4
143,Shejing,15,5
143,Xiaolouluo,14,6
143,Xiezijing,15,7

144,Huluwa1,8,2
144,Huluwa2,8,3
144,Huluwa3,8,4
144,Huluwa4,8,5
144,Yeye,13,5
144,Huluwa5,8,6
144,Huluwa6,8,7
144,Huluwa7,8,8
144,Xiezijing,15,3
144,Xiaolouluo,14,4
144,Shejing,15,5
144,Xiaolouluo,14,6
144,Xiezijing,15,7

145,Huluwa1,8,2
145,Huluwa2,8,3
145,Huluwa3,8,4
145,Huluwa4,8,5
145,Yeye,13,5
145,Huluwa5,8,6
145,Huluwa6,8,7
145,Huluwa7,8,8
145,Xiezijing,15,3
145,Xiaolouluo,14,4
145,Shejing,15,5
145,Xiaolouluo,14,6
145,Xiezijing,15,7

146,Huluwa1,8,2
146,Huluwa2,8,3
146,Huluwa3,8,4
146,Huluwa4,8,5
146,Yeye,13,5
146,Huluwa5,8,6
146,Huluwa6,8,7
146,Huluwa7,8,8
146,Xiezijing,15,3
146,Xiaolouluo,14,4
146,Shejing,15,5
146,Xiaolouluo,14,6
146,Xiezijing,15,7

147,Huluwa1,8,2
147,Huluwa2,8,3
147,Huluwa3,8,4
147,Huluwa4,8,5
147,Yeye,13,5
147,Huluwa5,8,6
147,Huluwa6,8,7
147,Huluwa7,8,8
147,Xiezijing,15,3
147,Xiaolouluo,14,4
147,Shejing,15,5
147,Xiaolouluo,14,6
147,Xiezijing,15,7

148,Huluwa1,8,2
148,Huluwa2,8,3
148,Huluwa3,8,4
148,Huluwa4,8,5
148,Yeye,13,5
148,Huluwa5,8,6
148,Huluwa6,8,7
148,Huluwa7,8,8
148,Xiezijing,15,3
148,Xiaolouluo,14,4
148,Shejing,15,5
148,Xiaolouluo,14,6
148,Xiezijing,15,7

149,Huluwa1,8,2
149,Huluwa2,8,3
149,Huluwa3,8,4
149,Huluwa4,8,5
149,Yeye,13,5
149,Huluwa5,8,6
149,Huluwa6,8,7
149,Huluwa7,8,8
149,Xiezijing,15,3
149,Xiaolouluo,14,4
149,Shejing,15,5
149,Xiaolouluo,14,6
149,Xiezijing,15,7

150,Huluwa1,8,2
150,Huluwa2,8,3
150,Huluwa3,8,4
150,Huluwa4,8,5
150,Yeye,13,5
150,Huluwa5,8,6
150,Huluwa6,8,7
150,Huluwa7,8,8
150,Xiezijing,15,3
150,Xiaolouluo,14,4
150,Shejing,15,5
150,Xiaolouluo,14,6
150,Xiezijing,15,7

151,Huluwa1,8,2
151,Huluwa2,8,3
151,Huluwa3,8,4
151,Huluwa4,8,5
151,Yeye,13,5
151,Huluwa5,8,6
151,Huluwa6,8,7
151,Huluwa7,8,8
151,Xiezijing,15,3
151,Xiaolouluo,14,4
151,Shejing,15,5
151,Xiaolouluo,14,6
151,Xiezijing,15,7

152,Huluwa1,8,2
152,Huluwa2,8,3
152,Huluwa3,8,4
152,Huluwa4,8,5
152,Yeye,13,5
152,Huluwa5,8,6
152,Huluwa6,8,7
152,Huluwa7,8,8
152,Xiezijing,15,3
152,Xiaolouluo,14,4
152,Shejing,15,5
152,Xiaolouluo,14,6
152,Xiezijing,15,7

153,Huluwa1,8,2
153,Huluwa2,8,3
153,Huluwa3,8,4
153,Huluwa4,8,5
153,Yeye,13,5
153,Huluwa5,8,6
153,Huluwa6,8,7
153,Huluwa7,8,8
153,Xiezijing,15,3
153,Xiaolouluo,14,4
153,Shejing,15,5
153,Xiaolouluo,14,6
153,Xiezijing,15,7

154,Huluwa1,9,2
154,Huluwa2,9,3
154,Huluwa3,9,4
154,Huluwa4,9,5
154,Yeye,14,5
154,Huluwa5,9,6
154,Huluwa6,9,7
154,Huluwa7,9,8
154,Xiezijing,15,4
154,Xiezijing,15,6

155,Huluwa1,9,2
155,Huluwa2,9,3
155,Huluwa3,9,4
155,Huluwa4,9,5
155,Yeye,14,5
155,Huluwa5,9,6
155,Huluwa6,9,7
155,Huluwa7,9,8
155,Xiezijing,15,4
155,Xiezijing,15,6

156,Huluwa1,9,2
156,Huluwa2,9,3
156,Huluwa3,9,4
156,Huluwa4,9,5
156,Yeye,14,5
156,Huluwa5,9,6
156,Huluwa6,9,7
156,Huluwa7,9,8
156,Xiezijing,15,4
156,Xiezijing,15,6

157,Huluwa1,9,2
157,Huluwa2,9,3
157,Huluwa3,9,4
157,Huluwa4,9,5
157,Yeye,14,5
157,Huluwa5,9,6
157,Huluwa6,9,7
157,Huluwa7,9,8
157,Xiezijing,15,4
157,Xiezijing,15,6

158,Huluwa1,9,2
158,Huluwa2,9,3
158,Huluwa3,9,4
158,Huluwa4,9,5
158,Yeye,14,5
158,Huluwa5,9,6
158,Huluwa6,9,7
158,Huluwa7,9,8
158,Xiezijing,15,4
158,Xiezijing,15,6

159,Huluwa1,9,2
159,Huluwa2,9,3
159,Huluwa3,9,4
159,Huluwa4,9,5
159,Yeye,14,5
159,Huluwa5,9,6
159,Huluwa6,9,7
159,Huluwa7,9,8
159,Xiezijing,15,4
159,Xiezijing,15,6

160,Huluwa1,9,2
160,Huluwa2,9,3
160,Huluwa3,9,4
160,Huluwa4,9,5
160,Yeye,14,5
160,Huluwa5,9,6
160,Huluwa6,9,7
160,Huluwa7,9,8
160,Xiezijing,15,4
160,Xiezijing,15,6

161,Huluwa1,9,2
161,Huluwa2,9,3
161,Huluwa3,9,4
161,Huluwa4,9,5
161,Yeye,14,5
161,Huluwa5,9,6
161,Huluwa6,9,7
161,Huluwa7,9,8
161,Xiezijing,15,4
161,Xiezijing,15,6

162,Huluwa1,9,2
162,Huluwa2,9,3
162,Huluwa3,9,4
162,Huluwa4,9,5
162,Yeye,14,5
162,Huluwa5,9,6
162,Huluwa6,9,7
162,Huluwa7,9,8
162,Xiezijing,15,4
162,Xiezijing,15,6

163,Huluwa1,9,2
163,Huluwa2,9,3
163,Huluwa3,9,4
163,Huluwa4,9,5
163,Yeye,14,5
163,Huluwa5,9,6
163,Huluwa6,9,7
163,Huluwa7,9,8
163,Xiezijing,15,4
163,Xiezijing,15,6

164,Huluwa1,9,2
164,Huluwa2,9,3
164,Huluwa3,9,4
164,Huluwa4,9,5
164,Yeye,14,5
164,Huluwa5,9,6
164,Huluwa6,9,7
164,Huluwa7,9,8
164,Xiezijing,15,4
164,Xiezijing,15,6

165,Huluwa1,9,2
165,Huluwa2,9,3
165,Huluwa3,9,4
165,Huluwa4,9,5
165,Yeye,14,5
165,Huluwa5,9,6
165,Huluwa6,9,7
165,Huluwa7,9,8
165,Xiezijing,15,4
165,Xiezijing,15,6

166,Huluwa1,9,2
166,Huluwa2,9,3
166,Huluwa3,9,4
166,Huluwa4,9,5
166,Yeye,14,5
166,Huluwa5,9,6
166,Huluwa6,9,7
166,Huluwa7,9,8
166,Xiezijing,15,4
166,Xiezijing,15,6

167,Huluwa1,9,2
167,Huluwa2,9,3
167,Huluwa3,9,4
167,Huluwa4,9,5
167,Yeye,14,5
167,Huluwa5,9,6
167,Huluwa6,9,7
167,Huluwa7,9,8
167,Xiezijing,15,4
167,Xiezijing,15,6

168,Huluwa1,9,2
168,Huluwa2,9,3
168,Huluwa3,9,4
168,Huluwa4,9,5
168,Yeye,14,5
168,Huluwa5,9,6
168,Huluwa6,9,7
168,Huluwa7,9,8
168,Xiezijing,15,4
168,Xiezijing,15,6

169,Huluwa1,9,2
169,Huluwa2,9,3
169,Huluwa3,9,4
169,Huluwa4,9,5
169,Yeye,14,5
169,Huluwa5,9,6
169,Huluwa6,9,7
169,Huluwa7,9,8
169,Xiezijing,15,4
169,Xiezijing,15,6

170,Huluwa1,9,2
170,Huluwa2,9,3
170,Huluwa3,9,4
170,Huluwa4,9,5
170,Yeye,14,5
170,Huluwa5,9,6
170,Huluwa6,9,7
170,Huluwa7,9,8
170,Xiezijing,15,4
170,Xiezijing,15,6

171,Huluwa1,9,2
171,Huluwa2,9,3
171,Huluwa3,9,4
171,Huluwa4,9,5
171,Yeye,14,5
171,Huluwa5,9,6
171,Huluwa6,9,7
171,Huluwa7,9,8
171,Xiezijing,15,4
171,Xiezijing,15,6

172,Huluwa1,9,2
172,Huluwa2,9,3
172,Huluwa3,9,4
172,Huluwa4,9,5
172,Yeye,14,5
172,Huluwa5,9,6
172,Huluwa6,9,7
172,Huluwa7,9,8
172,Xiezijing,15,4
172,Xiezijing,15,6

173,Huluwa1,9,2
173,Huluwa2,9,3
173,Huluwa3,9,4
173,Huluwa4,9,5
173,Yeye,14,5
173,Huluwa5,9,6
173,Huluwa6,9,7
173,Huluwa7,9,8
173,Xiezijing,15,4
173,Xiezijing,15,6

174,Huluwa1,10,2
174,Huluwa2,10,3
174,Huluwa3,10,4
174,Huluwa4,10,5
174,Huluwa5,10,6
174,Huluwa6,10,7
174,Huluwa7,10,8
174,Xiezijing,15,6

175,Huluwa1,10,2
175,Huluwa2,10,3
175,Huluwa3,10,4
175,Huluwa4,10,5
175,Huluwa5,10,6
175,Huluwa6,10,7
175,Huluwa7,10,8
175,Xiezijing,15,6

176,Huluwa1,10,2
176,Huluwa2,10,3
176,Huluwa3,10,4
176,Huluwa4,10,5
176,Huluwa5,10,6
176,Huluwa6,10,7
176,Huluwa7,10,8
176,Xiezijing,15,6

177,Huluwa1,10,2
177,Huluwa2,10,3
177,Huluwa3,10,4
177,Huluwa4,10,5
177,Huluwa5,10,6
177,Huluwa6,10,7
177,Huluwa7,10,8
177,Xiezijing,15,6

178,Huluwa1,10,2
178,Huluwa2,10,3
178,Huluwa3,10,4
178,Huluwa4,10,5
178,Huluwa5,10,6
178,Huluwa6,10,7
178,Huluwa7,10,8
178,Xiezijing,15,6

179,Huluwa1,10,2
179,Huluwa2,10,3
179,Huluwa3,10,4
179,Huluwa4,10,5
179,Huluwa5,10,6
179,Huluwa6,10,7
179,Huluwa7,10,8
179,Xiezijing,15,6

180,Huluwa1,10,2
180,Huluwa2,10,3
180,Huluwa3,10,4
180,Huluwa4,10,5
180,Huluwa5,10,6
180,Huluwa6,10,7
180,Huluwa7,10,8
180,Xiezijing,15,6

181,Huluwa1,10,2
181,Huluwa2,10,3
181,Huluwa3,10,4
181,Huluwa4,10,5
181,Huluwa5,10,6
181,Huluwa6,10,7
181,Huluwa7,10,8
181,Xiezijing,15,6

182,Huluwa1,10,2
182,Huluwa2,10,3
182,Huluwa3,10,4
182,Huluwa4,10,5
182,Huluwa5,10,6
182,Huluwa6,10,7
182,Huluwa7,10,8
182,Xiezijing,15,6

183,Huluwa1,10,2
183,Huluwa2,10,3
183,Huluwa3,10,4
183,Huluwa4,10,5
183,Huluwa5,10,6
183,Huluwa6,10,7
183,Huluwa7,10,8
183,Xiezijing,15,6

184,Huluwa1,10,2
184,Huluwa2,10,3
184,Huluwa3,10,4
184,Huluwa4,10,5
184,Huluwa5,10,6
184,Huluwa6,10,7
184,Huluwa7,10,8
184,Xiezijing,15,6

185,Huluwa1,10,2
185,Huluwa2,10,3
185,Huluwa3,10,4
185,Huluwa4,10,5
185,Huluwa5,10,6
185,Huluwa6,10,7
185,Huluwa7,10,8
185,Xiezijing,15,6

186,Huluwa1,10,2
186,Huluwa2,10,3
186,Huluwa3,10,4
186,Huluwa4,10,5
186,Huluwa5,10,6
186,Huluwa6,10,7
186,Huluwa7,10,8
186,Xiezijing,15,6

187,Huluwa1,10,2
187,Huluwa2,10,3
187,Huluwa3,10,4
187,Huluwa4,10,5
187,Huluwa5,10,6
187,Huluwa6,10,7
187,Huluwa7,10,8
187,Xiezijing,15,6

188,Huluwa1,10,2
188,Huluwa2,10,3
188,Huluwa3,10,4
188,Huluwa4,10,5
188,Huluwa5,10,6
188,Huluwa6,10,7
188,Huluwa7,10,8
188,Xiezijing,15,6

189,Huluwa1,10,2
189,Huluwa2,10,3
189,Huluwa3,10,4
189,Huluwa4,10,5
189,Huluwa5,10,6
189,Huluwa6,10,7
189,Huluwa7,10,8
189,Xiezijing,15,6

190,Huluwa1,10,2
190,Huluwa2,10,3
190,Huluwa3,10,4
190,Huluwa4,10,5
190,Huluwa5,10,6
190,Huluwa6,10,7
190,Huluwa7,10,8
190,Xiezijing,15,6

191,Huluwa1,10,2
191,Huluwa2,10,3
191,Huluwa3,10,4
191,Huluwa4,10,5
191,Huluwa5,10,6
191,Huluwa6,10,7
191,Huluwa7,10,8
191,Xiezijing,15,6

192,Huluwa1,10,2
192,Huluwa2,10,3
192,Huluwa3,10,4
192,Huluwa4,10,5
192,Huluwa5,10,6
192,Huluwa6,10,7
192,Huluwa7,10,8
192,Xiezijing,15,6

193,Huluwa1,10,2
193,Huluwa2,10,3
193,Huluwa3,10,4
193,Huluwa4,10,5
193,Huluwa5,10,6
193,Huluwa6,10,7
193,Huluwa7,10,8
193,Xiezijing,15,6

