0,Huluwa1,2,2
0,Huluwa2,2,3
0,Huluwa3,2,4
0,Huluwa4,2,5
0,Huluwa5,2,6
0,Huluwa6,2,7
0,Huluwa7,2,8
0,Yeye,5,9
0,Xiezijing,20,2
0,Xiaolouluo,19,3
0,Xiezijing,18,4
0,Xiaolouluo,17,5
0,Xiezijing,18,6
0,Xiaolouluo,19,7
0,Xiezijing,20,8
0,Shejing,15,9

1,Huluwa1,2,2
1,Huluwa2,2,3
1,Huluwa3,2,4
1,Huluwa4,2,5
1,Huluwa5,2,6
1,Huluwa6,2,7
1,Huluwa7,2,8
1,Yeye,5,9
1,Xiezijing,20,2
1,Xiaolouluo,19,3
1,Xiezijing,18,4
1,Xiaolouluo,17,5
1,Xiezijing,18,6
1,Xiaolouluo,19,7
1,Xiezijing,20,8
1,Shejing,15,9

2,Huluwa1,2,2
2,Huluwa2,2,3
2,Huluwa3,2,4
2,Huluwa4,2,5
2,Huluwa5,2,6
2,Huluwa6,2,7
2,Huluwa7,2,8
2,Yeye,5,9
2,Xiezijing,20,2
2,Xiaolouluo,19,3
2,Xiezijing,18,4
2,Xiaolouluo,17,5
2,Xiezijing,18,6
2,Xiaolouluo,19,7
2,Xiezijing,20,8
2,Shejing,15,9

2,Huluwa1,2,2
2,Huluwa2,2,3
2,Huluwa3,2,4
2,Huluwa4,2,5
2,Huluwa5,2,6
2,Huluwa6,2,7
2,Huluwa7,2,8
2,Yeye,5,9
2,Xiezijing,20,2
2,Xiaolouluo,19,3
2,Xiezijing,18,4
2,Xiaolouluo,17,5
2,Xiezijing,18,6
2,Xiaolouluo,19,7
2,Xiezijing,20,8
2,Shejing,15,9

4,Huluwa1,2,2
4,Huluwa2,2,3
4,Huluwa3,2,4
4,Huluwa4,2,5
4,Huluwa5,2,6
4,Huluwa6,2,7
4,Huluwa7,2,8
4,Yeye,5,9
4,Xiezijing,20,2
4,Xiaolouluo,19,3
4,Xiezijing,18,4
4,Xiaolouluo,17,5
4,Xiezijing,18,6
4,Xiaolouluo,19,7
4,Xiezijing,20,8
4,Shejing,15,9

5,Huluwa1,2,2
5,Huluwa2,2,3
5,Huluwa3,2,4
5,Huluwa4,2,5
5,Huluwa5,2,6
5,Huluwa6,2,7
5,Huluwa7,2,8
5,Yeye,5,9
5,Xiezijing,20,2
5,Xiaolouluo,19,3
5,Xiezijing,18,4
5,Xiaolouluo,17,5
5,Xiezijing,18,6
5,Xiaolouluo,19,7
5,Xiezijing,20,8
5,Shejing,15,9

6,Huluwa1,2,2
6,Huluwa2,2,3
6,Huluwa3,2,4
6,Huluwa4,2,5
6,Huluwa5,2,6
6,Huluwa6,2,7
6,Huluwa7,2,8
6,Yeye,5,9
6,Xiezijing,20,2
6,Xiaolouluo,19,3
6,Xiezijing,18,4
6,Xiaolouluo,17,5
6,Xiezijing,18,6
6,Xiaolouluo,19,7
6,Xiezijing,20,8
6,Shejing,15,9

7,Huluwa1,2,2
7,Huluwa2,2,3
7,Huluwa3,2,4
7,Huluwa4,2,5
7,Huluwa5,2,6
7,Huluwa6,2,7
7,Huluwa7,2,8
7,Yeye,5,9
7,Xiezijing,20,2
7,Xiaolouluo,19,3
7,Xiezijing,18,4
7,Xiaolouluo,17,5
7,Xiezijing,18,6
7,Xiaolouluo,19,7
7,Xiezijing,20,8
7,Shejing,15,9

8,Huluwa1,2,2
8,Huluwa2,2,3
8,Huluwa3,2,4
8,Huluwa4,2,5
8,Huluwa5,2,6
8,Huluwa6,2,7
8,Huluwa7,2,8
8,Yeye,5,9
8,Xiezijing,20,2
8,Xiaolouluo,19,3
8,Xiezijing,18,4
8,Xiaolouluo,17,5
8,Xiezijing,18,6
8,Xiaolouluo,19,7
8,Xiezijing,20,8
8,Shejing,15,9

9,Huluwa1,2,2
9,Huluwa2,2,3
9,Huluwa3,2,4
9,Huluwa4,2,5
9,Huluwa5,2,6
9,Huluwa6,2,7
9,Huluwa7,2,8
9,Yeye,5,9
9,Xiezijing,20,2
9,Xiaolouluo,19,3
9,Xiezijing,18,4
9,Xiaolouluo,17,5
9,Xiezijing,18,6
9,Xiaolouluo,19,7
9,Xiezijing,20,8
9,Shejing,15,9

10,Huluwa1,2,2
10,Huluwa2,2,3
10,Huluwa3,2,4
10,Huluwa4,2,5
10,Huluwa5,2,6
10,Huluwa6,2,7
10,Huluwa7,2,8
10,Yeye,5,9
10,Xiezijing,20,2
10,Xiaolouluo,19,3
10,Xiezijing,18,4
10,Xiaolouluo,17,5
10,Xiezijing,18,6
10,Xiaolouluo,19,7
10,Xiezijing,20,8
10,Shejing,15,9

11,Huluwa1,2,2
11,Huluwa2,2,3
11,Huluwa3,2,4
11,Huluwa4,2,5
11,Huluwa5,2,6
11,Huluwa6,2,7
11,Huluwa7,2,8
11,Yeye,5,9
11,Xiezijing,20,2
11,Xiaolouluo,19,3
11,Xiezijing,18,4
11,Xiaolouluo,17,5
11,Xiezijing,18,6
11,Xiaolouluo,19,7
11,Xiezijing,20,8
11,Shejing,15,9

12,Huluwa1,2,2
12,Huluwa2,2,3
12,Huluwa3,2,4
12,Huluwa4,2,5
12,Huluwa5,2,6
12,Huluwa6,2,7
12,Huluwa7,2,8
12,Yeye,5,9
12,Xiezijing,20,2
12,Xiaolouluo,19,3
12,Xiezijing,18,4
12,Xiaolouluo,17,5
12,Xiezijing,18,6
12,Xiaolouluo,19,7
12,Xiezijing,20,8
12,Shejing,15,9

13,Huluwa1,2,2
13,Huluwa2,2,3
13,Huluwa3,2,4
13,Huluwa4,2,5
13,Huluwa5,2,6
13,Huluwa6,2,7
13,Huluwa7,2,8
13,Yeye,5,9
13,Xiezijing,20,2
13,Xiaolouluo,19,3
13,Xiezijing,18,4
13,Xiaolouluo,17,5
13,Xiezijing,18,6
13,Xiaolouluo,19,7
13,Xiezijing,20,8
13,Shejing,15,9

14,Huluwa1,2,2
14,Huluwa2,2,3
14,Huluwa3,2,4
14,Huluwa4,2,5
14,Huluwa5,2,6
14,Huluwa6,2,7
14,Huluwa7,2,8
14,Yeye,5,9
14,Xiezijing,20,2
14,Xiaolouluo,19,3
14,Xiezijing,18,4
14,Xiaolouluo,17,5
14,Xiezijing,18,6
14,Xiaolouluo,19,7
14,Xiezijing,20,8
14,Shejing,15,9

15,Huluwa1,2,2
15,Huluwa2,2,3
15,Huluwa3,2,4
15,Huluwa4,2,5
15,Huluwa5,2,6
15,Huluwa6,2,7
15,Huluwa7,2,8
15,Yeye,5,9
15,Xiezijing,20,2
15,Xiaolouluo,19,3
15,Xiezijing,18,4
15,Xiaolouluo,17,5
15,Xiezijing,18,6
15,Xiaolouluo,19,7
15,Xiezijing,20,8
15,Shejing,15,9

16,Huluwa1,2,2
16,Huluwa2,2,3
16,Huluwa3,2,4
16,Huluwa4,2,5
16,Huluwa5,2,6
16,Huluwa6,2,7
16,Huluwa7,2,8
16,Yeye,5,9
16,Xiezijing,20,2
16,Xiaolouluo,19,3
16,Xiezijing,18,4
16,Xiaolouluo,17,5
16,Xiezijing,18,6
16,Xiaolouluo,19,7
16,Xiezijing,20,8
16,Shejing,15,9

17,Huluwa1,2,2
17,Huluwa2,2,3
17,Huluwa3,2,4
17,Huluwa4,2,5
17,Huluwa5,2,6
17,Huluwa6,2,7
17,Huluwa7,2,8
17,Yeye,5,9
17,Xiezijing,20,2
17,Xiaolouluo,19,3
17,Xiezijing,18,4
17,Xiaolouluo,17,5
17,Xiezijing,18,6
17,Xiaolouluo,19,7
17,Xiezijing,20,8
17,Shejing,15,9

18,Huluwa1,2,2
18,Huluwa2,2,3
18,Huluwa3,2,4
18,Huluwa4,2,5
18,Huluwa5,2,6
18,Huluwa6,2,7
18,Huluwa7,2,8
18,Yeye,5,9
18,Xiezijing,20,2
18,Xiaolouluo,19,3
18,Xiezijing,18,4
18,Xiaolouluo,17,5
18,Xiezijing,18,6
18,Xiaolouluo,19,7
18,Xiezijing,20,8
18,Shejing,15,9

19,Huluwa1,2,2
19,Huluwa2,2,3
19,Huluwa3,2,4
19,Huluwa4,2,5
19,Huluwa5,2,6
19,Huluwa6,2,7
19,Huluwa7,2,8
19,Yeye,5,9
19,Xiezijing,20,2
19,Xiaolouluo,19,3
19,Xiezijing,18,4
19,Xiaolouluo,17,5
19,Xiezijing,18,6
19,Xiaolouluo,19,7
19,Xiezijing,20,8
19,Shejing,15,9

20,Huluwa1,2,2
20,Huluwa2,2,3
20,Huluwa3,2,4
20,Huluwa4,2,5
20,Huluwa5,2,6
20,Huluwa6,2,7
20,Huluwa7,2,8
20,Yeye,5,9
20,Xiezijing,20,2
20,Xiaolouluo,19,3
20,Xiezijing,18,4
20,Xiaolouluo,17,5
20,Xiezijing,18,6
20,Xiaolouluo,19,7
20,Xiezijing,20,8
20,Shejing,15,9

21,Huluwa1,2,2
21,Huluwa2,2,3
21,Huluwa3,2,4
21,Huluwa4,2,5
21,Huluwa5,2,6
21,Huluwa6,2,7
21,Huluwa7,2,8
21,Yeye,5,9
21,Xiezijing,20,2
21,Xiaolouluo,19,3
21,Xiezijing,18,4
21,Xiaolouluo,17,5
21,Xiezijing,18,6
21,Xiaolouluo,19,7
21,Xiezijing,20,8
21,Shejing,15,9

22,Huluwa1,2,2
22,Huluwa2,2,3
22,Huluwa3,2,4
22,Huluwa4,2,5
22,Huluwa5,2,6
22,Huluwa6,2,7
22,Huluwa7,2,8
22,Yeye,5,9
22,Xiezijing,20,2
22,Xiaolouluo,19,3
22,Xiezijing,18,4
22,Xiaolouluo,17,5
22,Xiezijing,18,6
22,Xiaolouluo,19,7
22,Xiezijing,20,8
22,Shejing,15,9

23,Huluwa1,2,2
23,Huluwa2,2,3
23,Huluwa3,2,4
23,Huluwa4,2,5
23,Huluwa5,2,6
23,Huluwa6,2,7
23,Huluwa7,2,8
23,Yeye,5,9
23,Xiezijing,20,2
23,Xiaolouluo,19,3
23,Xiezijing,18,4
23,Xiaolouluo,17,5
23,Xiezijing,18,6
23,Xiaolouluo,19,7
23,Xiezijing,20,8
23,Shejing,15,9

24,Huluwa1,2,2
24,Huluwa2,2,3
24,Huluwa3,2,4
24,Huluwa4,2,5
24,Huluwa5,2,6
24,Huluwa6,2,7
24,Huluwa7,2,8
24,Yeye,5,9
24,Xiezijing,20,2
24,Xiaolouluo,19,3
24,Xiezijing,18,4
24,Xiaolouluo,17,5
24,Xiezijing,18,6
24,Xiaolouluo,19,7
24,Xiezijing,20,8
24,Shejing,15,9

25,Huluwa1,2,2
25,Huluwa2,2,3
25,Huluwa3,2,4
25,Huluwa4,2,5
25,Huluwa5,2,6
25,Huluwa6,2,7
25,Huluwa7,2,8
25,Yeye,5,9
25,Xiezijing,20,2
25,Xiaolouluo,19,3
25,Xiezijing,18,4
25,Xiaolouluo,17,5
25,Xiezijing,18,6
25,Xiaolouluo,19,7
25,Xiezijing,20,8
25,Shejing,15,9

26,Huluwa1,2,2
26,Huluwa2,2,3
26,Huluwa3,2,4
26,Huluwa4,2,5
26,Huluwa5,2,6
26,Huluwa6,2,7
26,Huluwa7,2,8
26,Yeye,5,9
26,Xiezijing,20,2
26,Xiaolouluo,19,3
26,Xiezijing,18,4
26,Xiaolouluo,17,5
26,Xiezijing,18,6
26,Xiaolouluo,19,7
26,Xiezijing,20,8
26,Shejing,15,9

27,Huluwa1,2,2
27,Huluwa2,2,3
27,Huluwa3,2,4
27,Huluwa4,2,5
27,Huluwa5,2,6
27,Huluwa6,2,7
27,Huluwa7,2,8
27,Yeye,5,9
27,Xiezijing,20,2
27,Xiaolouluo,19,3
27,Xiezijing,18,4
27,Xiaolouluo,17,5
27,Xiezijing,18,6
27,Xiaolouluo,19,7
27,Xiezijing,20,8
27,Shejing,15,9

28,Huluwa1,2,2
28,Huluwa2,2,3
28,Huluwa3,2,4
28,Huluwa4,2,5
28,Huluwa5,2,6
28,Huluwa6,2,7
28,Huluwa7,2,8
28,Yeye,5,9
28,Xiezijing,20,2
28,Xiaolouluo,19,3
28,Xiezijing,18,4
28,Xiaolouluo,17,5
28,Xiezijing,18,6
28,Xiaolouluo,19,7
28,Xiezijing,20,8
28,Shejing,15,9

29,Huluwa1,2,2
29,Huluwa2,2,3
29,Huluwa3,2,4
29,Huluwa4,2,5
29,Huluwa5,2,6
29,Huluwa6,2,7
29,Huluwa7,2,8
29,Yeye,5,9
29,Xiezijing,20,2
29,Xiaolouluo,19,3
29,Xiezijing,18,4
29,Xiaolouluo,17,5
29,Xiezijing,18,6
29,Xiaolouluo,19,7
29,Xiezijing,20,8
29,Shejing,15,9

30,Huluwa1,2,2
30,Huluwa2,2,3
30,Huluwa3,2,4
30,Huluwa4,2,5
30,Huluwa5,2,6
30,Huluwa6,2,7
30,Huluwa7,2,8
30,Yeye,5,9
30,Xiezijing,20,2
30,Xiaolouluo,19,3
30,Xiezijing,18,4
30,Xiaolouluo,17,5
30,Xiezijing,18,6
30,Xiaolouluo,19,7
30,Xiezijing,20,8
30,Shejing,15,9

31,Huluwa1,2,2
31,Huluwa2,2,3
31,Huluwa3,2,4
31,Huluwa4,2,5
31,Huluwa5,2,6
31,Huluwa6,2,7
31,Huluwa7,2,8
31,Yeye,5,9
31,Xiezijing,20,2
31,Xiaolouluo,19,3
31,Xiezijing,18,4
31,Xiaolouluo,17,5
31,Xiezijing,18,6
31,Xiaolouluo,19,7
31,Xiezijing,20,8
31,Shejing,15,9

32,Huluwa1,2,2
32,Huluwa2,2,3
32,Huluwa3,2,4
32,Huluwa4,2,5
32,Huluwa5,2,6
32,Huluwa6,2,7
32,Huluwa7,2,8
32,Yeye,5,9
32,Xiezijing,20,2
32,Xiaolouluo,19,3
32,Xiezijing,18,4
32,Xiaolouluo,17,5
32,Xiezijing,18,6
32,Xiaolouluo,19,7
32,Xiezijing,20,8
32,Shejing,15,9

33,Huluwa1,2,2
33,Huluwa2,2,3
33,Huluwa3,2,4
33,Huluwa4,2,5
33,Huluwa5,2,6
33,Huluwa6,2,7
33,Huluwa7,2,8
33,Yeye,5,9
33,Xiezijing,20,2
33,Xiaolouluo,19,3
33,Xiezijing,18,4
33,Xiaolouluo,17,5
33,Xiezijing,18,6
33,Xiaolouluo,19,7
33,Xiezijing,20,8
33,Shejing,15,9

34,Huluwa1,2,2
34,Huluwa2,2,3
34,Huluwa3,2,4
34,Huluwa4,2,5
34,Huluwa5,2,6
34,Huluwa6,2,7
34,Huluwa7,2,8
34,Yeye,5,9
34,Xiezijing,20,2
34,Xiaolouluo,19,3
34,Xiezijing,18,4
34,Xiaolouluo,17,5
34,Xiezijing,18,6
34,Xiaolouluo,19,7
34,Xiezijing,20,8
34,Shejing,15,9

35,Huluwa1,2,2
35,Huluwa2,2,3
35,Huluwa3,2,4
35,Huluwa4,2,5
35,Huluwa5,2,6
35,Huluwa6,2,7
35,Huluwa7,2,8
35,Yeye,5,9
35,Xiezijing,20,2
35,Xiaolouluo,19,3
35,Xiezijing,18,4
35,Xiaolouluo,17,5
35,Xiezijing,18,6
35,Xiaolouluo,19,7
35,Xiezijing,20,8
35,Shejing,15,9

36,Huluwa1,2,2
36,Huluwa2,2,3
36,Huluwa3,2,4
36,Huluwa4,2,5
36,Huluwa5,2,6
36,Huluwa6,2,7
36,Huluwa7,2,8
36,Yeye,5,9
36,Xiezijing,20,2
36,Xiaolouluo,19,3
36,Xiezijing,18,4
36,Xiaolouluo,17,5
36,Xiezijing,18,6
36,Xiaolouluo,19,7
36,Xiezijing,20,8
36,Shejing,15,9

37,Huluwa1,2,2
37,Huluwa2,2,3
37,Huluwa3,2,4
37,Huluwa4,2,5
37,Huluwa5,2,6
37,Huluwa6,2,7
37,Huluwa7,2,8
37,Yeye,5,9
37,Xiezijing,20,2
37,Xiaolouluo,19,3
37,Xiezijing,18,4
37,Xiaolouluo,17,5
37,Xiezijing,18,6
37,Xiaolouluo,19,7
37,Xiezijing,20,8
37,Shejing,15,9

38,Huluwa1,2,2
38,Huluwa2,2,3
38,Huluwa3,2,4
38,Huluwa4,2,5
38,Huluwa5,2,6
38,Huluwa6,2,7
38,Huluwa7,2,8
38,Yeye,5,9
38,Xiezijing,20,2
38,Xiaolouluo,19,3
38,Xiezijing,18,4
38,Xiaolouluo,17,5
38,Xiezijing,18,6
38,Xiaolouluo,19,7
38,Xiezijing,20,8
38,Shejing,15,9

39,Huluwa1,2,2
39,Huluwa2,2,3
39,Huluwa3,2,4
39,Huluwa4,2,5
39,Huluwa5,2,6
39,Huluwa6,2,7
39,Huluwa7,2,8
39,Yeye,5,9
39,Xiezijing,20,2
39,Xiaolouluo,19,3
39,Xiezijing,18,4
39,Xiaolouluo,17,5
39,Xiezijing,18,6
39,Xiaolouluo,19,7
39,Xiezijing,20,8
39,Shejing,15,9

40,Huluwa1,2,2
40,Huluwa2,2,3
40,Huluwa3,2,4
40,Huluwa4,2,5
40,Huluwa5,2,6
40,Huluwa6,2,7
40,Huluwa7,2,8
40,Yeye,5,9
40,Xiezijing,20,2
40,Xiaolouluo,19,3
40,Xiezijing,18,4
40,Xiaolouluo,17,5
40,Xiezijing,18,6
40,Xiaolouluo,19,7
40,Xiezijing,20,8
40,Shejing,15,9

41,Huluwa1,2,2
41,Huluwa2,2,3
41,Huluwa3,2,4
41,Huluwa4,2,5
41,Huluwa5,2,6
41,Huluwa6,2,7
41,Huluwa7,2,8
41,Yeye,5,9
41,Xiezijing,20,2
41,Xiaolouluo,19,3
41,Xiezijing,18,4
41,Xiaolouluo,17,5
41,Xiezijing,18,6
41,Xiaolouluo,19,7
41,Xiezijing,20,8
41,Shejing,15,9

42,Huluwa1,3,2
42,Huluwa2,3,3
42,Huluwa3,3,4
42,Huluwa4,3,5
42,Huluwa5,3,6
42,Huluwa6,3,7
42,Huluwa7,3,8
42,Yeye,6,9
42,Xiezijing,19,2
42,Xiaolouluo,18,3
42,Xiezijing,17,4
42,Xiaolouluo,16,5
42,Xiezijing,17,6
42,Xiaolouluo,18,7
42,Xiezijing,19,8
42,Shejing,14,9

43,Huluwa1,3,2
43,Huluwa2,3,3
43,Huluwa3,3,4
43,Huluwa4,3,5
43,Huluwa5,3,6
43,Huluwa6,3,7
43,Huluwa7,3,8
43,Yeye,6,9
43,Xiezijing,19,2
43,Xiaolouluo,18,3
43,Xiezijing,17,4
43,Xiaolouluo,16,5
43,Xiezijing,17,6
43,Xiaolouluo,18,7
43,Xiezijing,19,8
43,Shejing,14,9

44,Huluwa1,3,2
44,Huluwa2,3,3
44,Huluwa3,3,4
44,Huluwa4,3,5
44,Huluwa5,3,6
44,Huluwa6,3,7
44,Huluwa7,3,8
44,Yeye,6,9
44,Xiezijing,19,2
44,Xiaolouluo,18,3
44,Xiezijing,17,4
44,Xiaolouluo,16,5
44,Xiezijing,17,6
44,Xiaolouluo,18,7
44,Xiezijing,19,8
44,Shejing,14,9

45,Huluwa1,3,2
45,Huluwa2,3,3
45,Huluwa3,3,4
45,Huluwa4,3,5
45,Huluwa5,3,6
45,Huluwa6,3,7
45,Huluwa7,3,8
45,Yeye,6,9
45,Xiezijing,19,2
45,Xiaolouluo,18,3
45,Xiezijing,17,4
45,Xiaolouluo,16,5
45,Xiezijing,17,6
45,Xiaolouluo,18,7
45,Xiezijing,19,8
45,Shejing,14,9

46,Huluwa1,3,2
46,Huluwa2,3,3
46,Huluwa3,3,4
46,Huluwa4,3,5
46,Huluwa5,3,6
46,Huluwa6,3,7
46,Huluwa7,3,8
46,Yeye,6,9
46,Xiezijing,19,2
46,Xiaolouluo,18,3
46,Xiezijing,17,4
46,Xiaolouluo,16,5
46,Xiezijing,17,6
46,Xiaolouluo,18,7
46,Xiezijing,19,8
46,Shejing,14,9

47,Huluwa1,3,2
47,Huluwa2,3,3
47,Huluwa3,3,4
47,Huluwa4,3,5
47,Huluwa5,3,6
47,Huluwa6,3,7
47,Huluwa7,3,8
47,Yeye,6,9
47,Xiezijing,19,2
47,Xiaolouluo,18,3
47,Xiezijing,17,4
47,Xiaolouluo,16,5
47,Xiezijing,17,6
47,Xiaolouluo,18,7
47,Xiezijing,19,8
47,Shejing,14,9

48,Huluwa1,3,2
48,Huluwa2,3,3
48,Huluwa3,3,4
48,Huluwa4,3,5
48,Huluwa5,3,6
48,Huluwa6,3,7
48,Huluwa7,3,8
48,Yeye,6,9
48,Xiezijing,19,2
48,Xiaolouluo,18,3
48,Xiezijing,17,4
48,Xiaolouluo,16,5
48,Xiezijing,17,6
48,Xiaolouluo,18,7
48,Xiezijing,19,8
48,Shejing,14,9

49,Huluwa1,3,2
49,Huluwa2,3,3
49,Huluwa3,3,4
49,Huluwa4,3,5
49,Huluwa5,3,6
49,Huluwa6,3,7
49,Huluwa7,3,8
49,Yeye,6,9
49,Xiezijing,19,2
49,Xiaolouluo,18,3
49,Xiezijing,17,4
49,Xiaolouluo,16,5
49,Xiezijing,17,6
49,Xiaolouluo,18,7
49,Xiezijing,19,8
49,Shejing,14,9

50,Huluwa1,3,2
50,Huluwa2,3,3
50,Huluwa3,3,4
50,Huluwa4,3,5
50,Huluwa5,3,6
50,Huluwa6,3,7
50,Huluwa7,3,8
50,Yeye,6,9
50,Xiezijing,19,2
50,Xiaolouluo,18,3
50,Xiezijing,17,4
50,Xiaolouluo,16,5
50,Xiezijing,17,6
50,Xiaolouluo,18,7
50,Xiezijing,19,8
50,Shejing,14,9

51,Huluwa1,3,2
51,Huluwa2,3,3
51,Huluwa3,3,4
51,Huluwa4,3,5
51,Huluwa5,3,6
51,Huluwa6,3,7
51,Huluwa7,3,8
51,Yeye,6,9
51,Xiezijing,19,2
51,Xiaolouluo,18,3
51,Xiezijing,17,4
51,Xiaolouluo,16,5
51,Xiezijing,17,6
51,Xiaolouluo,18,7
51,Xiezijing,19,8
51,Shejing,14,9

52,Huluwa1,3,2
52,Huluwa2,3,3
52,Huluwa3,3,4
52,Huluwa4,3,5
52,Huluwa5,3,6
52,Huluwa6,3,7
52,Huluwa7,3,8
52,Yeye,6,9
52,Xiezijing,19,2
52,Xiaolouluo,18,3
52,Xiezijing,17,4
52,Xiaolouluo,16,5
52,Xiezijing,17,6
52,Xiaolouluo,18,7
52,Xiezijing,19,8
52,Shejing,14,9

53,Huluwa1,3,2
53,Huluwa2,3,3
53,Huluwa3,3,4
53,Huluwa4,3,5
53,Huluwa5,3,6
53,Huluwa6,3,7
53,Huluwa7,3,8
53,Yeye,6,9
53,Xiezijing,19,2
53,Xiaolouluo,18,3
53,Xiezijing,17,4
53,Xiaolouluo,16,5
53,Xiezijing,17,6
53,Xiaolouluo,18,7
53,Xiezijing,19,8
53,Shejing,14,9

54,Huluwa1,3,2
54,Huluwa2,3,3
54,Huluwa3,3,4
54,Huluwa4,3,5
54,Huluwa5,3,6
54,Huluwa6,3,7
54,Huluwa7,3,8
54,Yeye,6,9
54,Xiezijing,19,2
54,Xiaolouluo,18,3
54,Xiezijing,17,4
54,Xiaolouluo,16,5
54,Xiezijing,17,6
54,Xiaolouluo,18,7
54,Xiezijing,19,8
54,Shejing,14,9

55,Huluwa1,3,2
55,Huluwa2,3,3
55,Huluwa3,3,4
55,Huluwa4,3,5
55,Huluwa5,3,6
55,Huluwa6,3,7
55,Huluwa7,3,8
55,Yeye,6,9
55,Xiezijing,19,2
55,Xiaolouluo,18,3
55,Xiezijing,17,4
55,Xiaolouluo,16,5
55,Xiezijing,17,6
55,Xiaolouluo,18,7
55,Xiezijing,19,8
55,Shejing,14,9

56,Huluwa1,3,2
56,Huluwa2,3,3
56,Huluwa3,3,4
56,Huluwa4,3,5
56,Huluwa5,3,6
56,Huluwa6,3,7
56,Huluwa7,3,8
56,Yeye,6,9
56,Xiezijing,19,2
56,Xiaolouluo,18,3
56,Xiezijing,17,4
56,Xiaolouluo,16,5
56,Xiezijing,17,6
56,Xiaolouluo,18,7
56,Xiezijing,19,8
56,Shejing,14,9

57,Huluwa1,3,2
57,Huluwa2,3,3
57,Huluwa3,3,4
57,Huluwa4,3,5
57,Huluwa5,3,6
57,Huluwa6,3,7
57,Huluwa7,3,8
57,Yeye,6,9
57,Xiezijing,19,2
57,Xiaolouluo,18,3
57,Xiezijing,17,4
57,Xiaolouluo,16,5
57,Xiezijing,17,6
57,Xiaolouluo,18,7
57,Xiezijing,19,8
57,Shejing,14,9

58,Huluwa1,3,2
58,Huluwa2,3,3
58,Huluwa3,3,4
58,Huluwa4,3,5
58,Huluwa5,3,6
58,Huluwa6,3,7
58,Huluwa7,3,8
58,Yeye,6,9
58,Xiezijing,19,2
58,Xiaolouluo,18,3
58,Xiezijing,17,4
58,Xiaolouluo,16,5
58,Xiezijing,17,6
58,Xiaolouluo,18,7
58,Xiezijing,19,8
58,Shejing,14,9

59,Huluwa1,3,2
59,Huluwa2,3,3
59,Huluwa3,3,4
59,Huluwa4,3,5
59,Huluwa5,3,6
59,Huluwa6,3,7
59,Huluwa7,3,8
59,Yeye,6,9
59,Xiezijing,19,2
59,Xiaolouluo,18,3
59,Xiezijing,17,4
59,Xiaolouluo,16,5
59,Xiezijing,17,6
59,Xiaolouluo,18,7
59,Xiezijing,19,8
59,Shejing,14,9

60,Huluwa1,3,2
60,Huluwa2,3,3
60,Huluwa3,3,4
60,Huluwa4,3,5
60,Huluwa5,3,6
60,Huluwa6,3,7
60,Huluwa7,3,8
60,Yeye,6,9
60,Xiezijing,19,2
60,Xiaolouluo,18,3
60,Xiezijing,17,4
60,Xiaolouluo,16,5
60,Xiezijing,17,6
60,Xiaolouluo,18,7
60,Xiezijing,19,8
60,Shejing,14,9

61,Huluwa1,3,2
61,Huluwa2,3,3
61,Huluwa3,3,4
61,Huluwa4,3,5
61,Huluwa5,3,6
61,Huluwa6,3,7
61,Huluwa7,3,8
61,Yeye,6,9
61,Xiezijing,19,2
61,Xiaolouluo,18,3
61,Xiezijing,17,4
61,Xiaolouluo,16,5
61,Xiezijing,17,6
61,Xiaolouluo,18,7
61,Xiezijing,19,8
61,Shejing,14,9

62,Huluwa1,4,2
62,Huluwa2,4,3
62,Huluwa3,4,4
62,Huluwa4,4,5
62,Huluwa5,4,6
62,Huluwa6,3,7
62,Huluwa7,3,8
62,Yeye,6,9
62,Xiezijing,19,2
62,Xiaolouluo,18,3
62,Xiezijing,16,4
62,Xiaolouluo,16,5
62,Xiezijing,17,6
62,Xiaolouluo,18,7
62,Xiezijing,19,8
62,Shejing,14,9

63,Huluwa1,4,2
63,Huluwa2,4,3
63,Huluwa3,4,4
63,Huluwa4,4,5
63,Huluwa5,4,6
63,Huluwa6,4,7
63,Huluwa7,4,8
63,Yeye,7,9
63,Xiezijing,18,2
63,Xiaolouluo,17,3
63,Xiezijing,16,4
63,Xiaolouluo,15,5
63,Xiezijing,16,6
63,Xiaolouluo,17,7
63,Xiezijing,18,8
63,Shejing,13,9

64,Huluwa1,4,2
64,Huluwa2,4,3
64,Huluwa3,4,4
64,Huluwa4,4,5
64,Huluwa5,4,6
64,Huluwa6,4,7
64,Huluwa7,4,8
64,Yeye,7,9
64,Xiezijing,18,2
64,Xiaolouluo,17,3
64,Xiezijing,16,4
64,Xiaolouluo,15,5
64,Xiezijing,16,6
64,Xiaolouluo,17,7
64,Xiezijing,18,8
64,Shejing,13,9

65,Huluwa1,4,2
65,Huluwa2,4,3
65,Huluwa3,4,4
65,Huluwa4,4,5
65,Huluwa5,4,6
65,Huluwa6,4,7
65,Huluwa7,4,8
65,Yeye,7,9
65,Xiezijing,18,2
65,Xiaolouluo,17,3
65,Xiezijing,16,4
65,Xiaolouluo,15,5
65,Xiezijing,16,6
65,Xiaolouluo,17,7
65,Xiezijing,18,8
65,Shejing,13,9

66,Huluwa1,4,2
66,Huluwa2,4,3
66,Huluwa3,4,4
66,Huluwa4,4,5
66,Huluwa5,4,6
66,Huluwa6,4,7
66,Huluwa7,4,8
66,Yeye,7,9
66,Xiezijing,18,2
66,Xiaolouluo,17,3
66,Xiezijing,16,4
66,Xiaolouluo,15,5
66,Xiezijing,16,6
66,Xiaolouluo,17,7
66,Xiezijing,18,8
66,Shejing,13,9

67,Huluwa1,4,2
67,Huluwa2,4,3
67,Huluwa3,4,4
67,Huluwa4,4,5
67,Huluwa5,4,6
67,Huluwa6,4,7
67,Huluwa7,4,8
67,Yeye,7,9
67,Xiezijing,18,2
67,Xiaolouluo,17,3
67,Xiezijing,16,4
67,Xiaolouluo,15,5
67,Xiezijing,16,6
67,Xiaolouluo,17,7
67,Xiezijing,18,8
67,Shejing,13,9

68,Huluwa1,4,2
68,Huluwa2,4,3
68,Huluwa3,4,4
68,Huluwa4,4,5
68,Huluwa5,4,6
68,Huluwa6,4,7
68,Huluwa7,4,8
68,Yeye,7,9
68,Xiezijing,18,2
68,Xiaolouluo,17,3
68,Xiezijing,16,4
68,Xiaolouluo,15,5
68,Xiezijing,16,6
68,Xiaolouluo,17,7
68,Xiezijing,18,8
68,Shejing,13,9

69,Huluwa1,4,2
69,Huluwa2,4,3
69,Huluwa3,4,4
69,Huluwa4,4,5
69,Huluwa5,4,6
69,Huluwa6,4,7
69,Huluwa7,4,8
69,Yeye,7,9
69,Xiezijing,18,2
69,Xiaolouluo,17,3
69,Xiezijing,16,4
69,Xiaolouluo,15,5
69,Xiezijing,16,6
69,Xiaolouluo,17,7
69,Xiezijing,18,8
69,Shejing,13,9

70,Huluwa1,4,2
70,Huluwa2,4,3
70,Huluwa3,4,4
70,Huluwa4,4,5
70,Huluwa5,4,6
70,Huluwa6,4,7
70,Huluwa7,4,8
70,Yeye,7,9
70,Xiezijing,18,2
70,Xiaolouluo,17,3
70,Xiezijing,16,4
70,Xiaolouluo,15,5
70,Xiezijing,16,6
70,Xiaolouluo,17,7
70,Xiezijing,18,8
70,Shejing,13,9

71,Huluwa1,4,2
71,Huluwa2,4,3
71,Huluwa3,4,4
71,Huluwa4,4,5
71,Huluwa5,4,6
71,Huluwa6,4,7
71,Huluwa7,4,8
71,Yeye,7,9
71,Xiezijing,18,2
71,Xiaolouluo,17,3
71,Xiezijing,16,4
71,Xiaolouluo,15,5
71,Xiezijing,16,6
71,Xiaolouluo,17,7
71,Xiezijing,18,8
71,Shejing,13,9

72,Huluwa1,4,2
72,Huluwa2,4,3
72,Huluwa3,4,4
72,Huluwa4,4,5
72,Huluwa5,4,6
72,Huluwa6,4,7
72,Huluwa7,4,8
72,Yeye,7,9
72,Xiezijing,18,2
72,Xiaolouluo,17,3
72,Xiezijing,16,4
72,Xiaolouluo,15,5
72,Xiezijing,16,6
72,Xiaolouluo,17,7
72,Xiezijing,18,8
72,Shejing,13,9

73,Huluwa1,4,2
73,Huluwa2,4,3
73,Huluwa3,4,4
73,Huluwa4,4,5
73,Huluwa5,4,6
73,Huluwa6,4,7
73,Huluwa7,4,8
73,Yeye,7,9
73,Xiezijing,18,2
73,Xiaolouluo,17,3
73,Xiezijing,16,4
73,Xiaolouluo,15,5
73,Xiezijing,16,6
73,Xiaolouluo,17,7
73,Xiezijing,18,8
73,Shejing,13,9

74,Huluwa1,4,2
74,Huluwa2,4,3
74,Huluwa3,4,4
74,Huluwa4,4,5
74,Huluwa5,4,6
74,Huluwa6,4,7
74,Huluwa7,4,8
74,Yeye,7,9
74,Xiezijing,18,2
74,Xiaolouluo,17,3
74,Xiezijing,16,4
74,Xiaolouluo,15,5
74,Xiezijing,16,6
74,Xiaolouluo,17,7
74,Xiezijing,18,8
74,Shejing,13,9

75,Huluwa1,4,2
75,Huluwa2,4,3
75,Huluwa3,4,4
75,Huluwa4,4,5
75,Huluwa5,4,6
75,Huluwa6,4,7
75,Huluwa7,4,8
75,Yeye,7,9
75,Xiezijing,18,2
75,Xiaolouluo,17,3
75,Xiezijing,16,4
75,Xiaolouluo,15,5
75,Xiezijing,16,6
75,Xiaolouluo,17,7
75,Xiezijing,18,8
75,Shejing,13,9

76,Huluwa1,4,2
76,Huluwa2,4,3
76,Huluwa3,4,4
76,Huluwa4,4,5
76,Huluwa5,4,6
76,Huluwa6,4,7
76,Huluwa7,4,8
76,Yeye,7,9
76,Xiezijing,18,2
76,Xiaolouluo,17,3
76,Xiezijing,16,4
76,Xiaolouluo,15,5
76,Xiezijing,16,6
76,Xiaolouluo,17,7
76,Xiezijing,18,8
76,Shejing,13,9

77,Huluwa1,4,2
77,Huluwa2,4,3
77,Huluwa3,4,4
77,Huluwa4,4,5
77,Huluwa5,4,6
77,Huluwa6,4,7
77,Huluwa7,4,8
77,Yeye,7,9
77,Xiezijing,18,2
77,Xiaolouluo,17,3
77,Xiezijing,16,4
77,Xiaolouluo,15,5
77,Xiezijing,16,6
77,Xiaolouluo,17,7
77,Xiezijing,18,8
77,Shejing,13,9

78,Huluwa1,4,2
78,Huluwa2,4,3
78,Huluwa3,4,4
78,Huluwa4,4,5
78,Huluwa5,4,6
78,Huluwa6,4,7
78,Huluwa7,4,8
78,Yeye,7,9
78,Xiezijing,18,2
78,Xiaolouluo,17,3
78,Xiezijing,16,4
78,Xiaolouluo,15,5
78,Xiezijing,16,6
78,Xiaolouluo,17,7
78,Xiezijing,18,8
78,Shejing,13,9

79,Huluwa1,4,2
79,Huluwa2,4,3
79,Huluwa3,4,4
79,Huluwa4,4,5
79,Huluwa5,4,6
79,Huluwa6,4,7
79,Huluwa7,4,8
79,Yeye,7,9
79,Xiezijing,18,2
79,Xiaolouluo,17,3
79,Xiezijing,16,4
79,Xiaolouluo,15,5
79,Xiezijing,16,6
79,Xiaolouluo,17,7
79,Xiezijing,18,8
79,Shejing,13,9

80,Huluwa1,4,2
80,Huluwa2,4,3
80,Huluwa3,4,4
80,Huluwa4,4,5
80,Huluwa5,4,6
80,Huluwa6,4,7
80,Huluwa7,4,8
80,Yeye,7,9
80,Xiezijing,18,2
80,Xiaolouluo,17,3
80,Xiezijing,16,4
80,Xiaolouluo,15,5
80,Xiezijing,16,6
80,Xiaolouluo,17,7
80,Xiezijing,18,8
80,Shejing,13,9

81,Huluwa1,4,2
81,Huluwa2,4,3
81,Huluwa3,4,4
81,Huluwa4,4,5
81,Huluwa5,4,6
81,Huluwa6,4,7
81,Huluwa7,4,8
81,Yeye,7,9
81,Xiezijing,18,2
81,Xiaolouluo,17,3
81,Xiezijing,16,4
81,Xiaolouluo,15,5
81,Xiezijing,16,6
81,Xiaolouluo,17,7
81,Xiezijing,18,8
81,Shejing,13,9

82,Huluwa1,5,2
82,Huluwa2,5,3
82,Huluwa3,5,4
82,Huluwa4,5,5
82,Huluwa5,5,6
82,Huluwa6,5,7
82,Huluwa7,5,8
82,Yeye,8,9
82,Xiezijing,17,2
82,Xiaolouluo,16,3
82,Xiezijing,15,4
82,Xiaolouluo,14,5
82,Xiezijing,15,6
82,Xiaolouluo,16,7
82,Xiezijing,17,8
82,Shejing,12,9

83,Huluwa1,5,2
83,Huluwa2,5,3
83,Huluwa3,5,4
83,Huluwa4,5,5
83,Huluwa5,5,6
83,Huluwa6,5,7
83,Huluwa7,5,8
83,Yeye,8,9
83,Xiezijing,17,2
83,Xiaolouluo,16,3
83,Xiezijing,15,4
83,Xiaolouluo,14,5
83,Xiezijing,15,6
83,Xiaolouluo,16,7
83,Xiezijing,17,8
83,Shejing,12,9

84,Huluwa1,5,2
84,Huluwa2,5,3
84,Huluwa3,5,4
84,Huluwa4,5,5
84,Huluwa5,5,6
84,Huluwa6,5,7
84,Huluwa7,5,8
84,Yeye,8,9
84,Xiezijing,17,2
84,Xiaolouluo,16,3
84,Xiezijing,15,4
84,Xiaolouluo,14,5
84,Xiezijing,15,6
84,Xiaolouluo,16,7
84,Xiezijing,17,8
84,Shejing,12,9

85,Huluwa1,5,2
85,Huluwa2,5,3
85,Huluwa3,5,4
85,Huluwa4,5,5
85,Huluwa5,5,6
85,Huluwa6,5,7
85,Huluwa7,5,8
85,Yeye,8,9
85,Xiezijing,17,2
85,Xiaolouluo,16,3
85,Xiezijing,15,4
85,Xiaolouluo,14,5
85,Xiezijing,15,6
85,Xiaolouluo,16,7
85,Xiezijing,17,8
85,Shejing,12,9

86,Huluwa1,5,2
86,Huluwa2,5,3
86,Huluwa3,5,4
86,Huluwa4,5,5
86,Huluwa5,5,6
86,Huluwa6,5,7
86,Huluwa7,5,8
86,Yeye,8,9
86,Xiezijing,17,2
86,Xiaolouluo,16,3
86,Xiezijing,15,4
86,Xiaolouluo,14,5
86,Xiezijing,15,6
86,Xiaolouluo,16,7
86,Xiezijing,17,8
86,Shejing,12,9

87,Huluwa1,5,2
87,Huluwa2,5,3
87,Huluwa3,5,4
87,Huluwa4,5,5
87,Huluwa5,5,6
87,Huluwa6,5,7
87,Huluwa7,5,8
87,Yeye,8,9
87,Xiezijing,17,2
87,Xiaolouluo,16,3
87,Xiezijing,15,4
87,Xiaolouluo,14,5
87,Xiezijing,15,6
87,Xiaolouluo,16,7
87,Xiezijing,17,8
87,Shejing,12,9

88,Huluwa1,5,2
88,Huluwa2,5,3
88,Huluwa3,5,4
88,Huluwa4,5,5
88,Huluwa5,5,6
88,Huluwa6,5,7
88,Huluwa7,5,8
88,Yeye,8,9
88,Xiezijing,17,2
88,Xiaolouluo,16,3
88,Xiezijing,15,4
88,Xiaolouluo,14,5
88,Xiezijing,15,6
88,Xiaolouluo,16,7
88,Xiezijing,17,8
88,Shejing,12,9

89,Huluwa1,5,2
89,Huluwa2,5,3
89,Huluwa3,5,4
89,Huluwa4,5,5
89,Huluwa5,5,6
89,Huluwa6,5,7
89,Huluwa7,5,8
89,Yeye,8,9
89,Xiezijing,17,2
89,Xiaolouluo,16,3
89,Xiezijing,15,4
89,Xiaolouluo,14,5
89,Xiezijing,15,6
89,Xiaolouluo,16,7
89,Xiezijing,17,8
89,Shejing,12,9

90,Huluwa1,5,2
90,Huluwa2,5,3
90,Huluwa3,5,4
90,Huluwa4,5,5
90,Huluwa5,5,6
90,Huluwa6,5,7
90,Huluwa7,5,8
90,Yeye,8,9
90,Xiezijing,17,2
90,Xiaolouluo,16,3
90,Xiezijing,15,4
90,Xiaolouluo,14,5
90,Xiezijing,15,6
90,Xiaolouluo,16,7
90,Xiezijing,17,8
90,Shejing,12,9

91,Huluwa1,5,2
91,Huluwa2,5,3
91,Huluwa3,5,4
91,Huluwa4,5,5
91,Huluwa5,5,6
91,Huluwa6,5,7
91,Huluwa7,5,8
91,Yeye,8,9
91,Xiezijing,17,2
91,Xiaolouluo,16,3
91,Xiezijing,15,4
91,Xiaolouluo,14,5
91,Xiezijing,15,6
91,Xiaolouluo,16,7
91,Xiezijing,17,8
91,Shejing,12,9

92,Huluwa1,5,2
92,Huluwa2,5,3
92,Huluwa3,5,4
92,Huluwa4,5,5
92,Huluwa5,5,6
92,Huluwa6,5,7
92,Huluwa7,5,8
92,Yeye,8,9
92,Xiezijing,17,2
92,Xiaolouluo,16,3
92,Xiezijing,15,4
92,Xiaolouluo,14,5
92,Xiezijing,15,6
92,Xiaolouluo,16,7
92,Xiezijing,17,8
92,Shejing,12,9

93,Huluwa1,5,2
93,Huluwa2,5,3
93,Huluwa3,5,4
93,Huluwa4,5,5
93,Huluwa5,5,6
93,Huluwa6,5,7
93,Huluwa7,5,8
93,Yeye,8,9
93,Xiezijing,17,2
93,Xiaolouluo,16,3
93,Xiezijing,15,4
93,Xiaolouluo,14,5
93,Xiezijing,15,6
93,Xiaolouluo,16,7
93,Xiezijing,17,8
93,Shejing,12,9

94,Huluwa1,5,2
94,Huluwa2,5,3
94,Huluwa3,5,4
94,Huluwa4,5,5
94,Huluwa5,5,6
94,Huluwa6,5,7
94,Huluwa7,5,8
94,Yeye,8,9
94,Xiezijing,17,2
94,Xiaolouluo,16,3
94,Xiezijing,15,4
94,Xiaolouluo,14,5
94,Xiezijing,15,6
94,Xiaolouluo,16,7
94,Xiezijing,17,8
94,Shejing,12,9

95,Huluwa1,5,2
95,Huluwa2,5,3
95,Huluwa3,5,4
95,Huluwa4,5,5
95,Huluwa5,5,6
95,Huluwa6,5,7
95,Huluwa7,5,8
95,Yeye,8,9
95,Xiezijing,17,2
95,Xiaolouluo,16,3
95,Xiezijing,15,4
95,Xiaolouluo,14,5
95,Xiezijing,15,6
95,Xiaolouluo,16,7
95,Xiezijing,17,8
95,Shejing,12,9

96,Huluwa1,5,2
96,Huluwa2,5,3
96,Huluwa3,5,4
96,Huluwa4,5,5
96,Huluwa5,5,6
96,Huluwa6,5,7
96,Huluwa7,5,8
96,Yeye,8,9
96,Xiezijing,17,2
96,Xiaolouluo,16,3
96,Xiezijing,15,4
96,Xiaolouluo,14,5
96,Xiezijing,15,6
96,Xiaolouluo,16,7
96,Xiezijing,17,8
96,Shejing,12,9

97,Huluwa1,5,2
97,Huluwa2,5,3
97,Huluwa3,5,4
97,Huluwa4,5,5
97,Huluwa5,5,6
97,Huluwa6,5,7
97,Huluwa7,5,8
97,Yeye,8,9
97,Xiezijing,17,2
97,Xiaolouluo,16,3
97,Xiezijing,15,4
97,Xiaolouluo,14,5
97,Xiezijing,15,6
97,Xiaolouluo,16,7
97,Xiezijing,17,8
97,Shejing,12,9

98,Huluwa1,5,2
98,Huluwa2,5,3
98,Huluwa3,5,4
98,Huluwa4,5,5
98,Huluwa5,5,6
98,Huluwa6,5,7
98,Huluwa7,5,8
98,Yeye,8,9
98,Xiezijing,17,2
98,Xiaolouluo,16,3
98,Xiezijing,15,4
98,Xiaolouluo,14,5
98,Xiezijing,15,6
98,Xiaolouluo,16,7
98,Xiezijing,17,8
98,Shejing,12,9

99,Huluwa1,5,2
99,Huluwa2,5,3
99,Huluwa3,5,4
99,Huluwa4,5,5
99,Huluwa5,5,6
99,Huluwa6,5,7
99,Huluwa7,5,8
99,Yeye,8,9
99,Xiezijing,17,2
99,Xiaolouluo,16,3
99,Xiezijing,15,4
99,Xiaolouluo,14,5
99,Xiezijing,15,6
99,Xiaolouluo,16,7
99,Xiezijing,17,8
99,Shejing,12,9

100,Huluwa1,5,2
100,Huluwa2,5,3
100,Huluwa3,5,4
100,Huluwa4,5,5
100,Huluwa5,5,6
100,Huluwa6,5,7
100,Huluwa7,5,8
100,Yeye,8,9
100,Xiezijing,17,2
100,Xiaolouluo,16,3
100,Xiezijing,15,4
100,Xiaolouluo,14,5
100,Xiezijing,15,6
100,Xiaolouluo,16,7
100,Xiezijing,17,8
100,Shejing,12,9

101,Huluwa1,5,2
101,Huluwa2,5,3
101,Huluwa3,5,4
101,Huluwa4,5,5
101,Huluwa5,5,6
101,Huluwa6,5,7
101,Huluwa7,5,8
101,Yeye,8,9
101,Xiezijing,17,2
101,Xiaolouluo,16,3
101,Xiezijing,15,4
101,Xiaolouluo,14,5
101,Xiezijing,15,6
101,Xiaolouluo,16,7
101,Xiezijing,17,8
101,Shejing,12,9

102,Huluwa1,6,2
102,Huluwa2,6,3
102,Huluwa3,6,4
102,Huluwa4,6,5
102,Huluwa5,6,6
102,Huluwa6,6,7
102,Huluwa7,6,8
102,Yeye,9,9
102,Xiezijing,16,2
102,Xiaolouluo,15,3
102,Xiezijing,14,4
102,Xiaolouluo,13,5
102,Xiezijing,14,6
102,Xiaolouluo,15,7
102,Xiezijing,16,8
102,Shejing,11,9

103,Huluwa1,6,2
103,Huluwa2,6,3
103,Huluwa3,6,4
103,Huluwa4,6,5
103,Huluwa5,6,6
103,Huluwa6,6,7
103,Huluwa7,6,8
103,Yeye,9,9
103,Xiezijing,16,2
103,Xiaolouluo,15,3
103,Xiezijing,14,4
103,Xiaolouluo,13,5
103,Xiezijing,14,6
103,Xiaolouluo,15,7
103,Xiezijing,16,8
103,Shejing,11,9

104,Huluwa1,6,2
104,Huluwa2,6,3
104,Huluwa3,6,4
104,Huluwa4,6,5
104,Huluwa5,6,6
104,Huluwa6,6,7
104,Huluwa7,6,8
104,Yeye,9,9
104,Xiezijing,16,2
104,Xiaolouluo,15,3
104,Xiezijing,14,4
104,Xiaolouluo,13,5
104,Xiezijing,14,6
104,Xiaolouluo,15,7
104,Xiezijing,16,8
104,Shejing,11,9

105,Huluwa1,6,2
105,Huluwa2,6,3
105,Huluwa3,6,4
105,Huluwa4,6,5
105,Huluwa5,6,6
105,Huluwa6,6,7
105,Huluwa7,6,8
105,Yeye,9,9
105,Xiezijing,16,2
105,Xiaolouluo,15,3
105,Xiezijing,14,4
105,Xiaolouluo,13,5
105,Xiezijing,14,6
105,Xiaolouluo,15,7
105,Xiezijing,16,8
105,Shejing,11,9

106,Huluwa1,6,2
106,Huluwa2,6,3
106,Huluwa3,6,4
106,Huluwa4,6,5
106,Huluwa5,6,6
106,Huluwa6,6,7
106,Huluwa7,6,8
106,Yeye,9,9
106,Xiezijing,16,2
106,Xiaolouluo,15,3
106,Xiezijing,14,4
106,Xiaolouluo,13,5
106,Xiezijing,14,6
106,Xiaolouluo,15,7
106,Xiezijing,16,8
106,Shejing,11,9

107,Huluwa1,6,2
107,Huluwa2,6,3
107,Huluwa3,6,4
107,Huluwa4,6,5
107,Huluwa5,6,6
107,Huluwa6,6,7
107,Huluwa7,6,8
107,Yeye,9,9
107,Xiezijing,16,2
107,Xiaolouluo,15,3
107,Xiezijing,14,4
107,Xiaolouluo,13,5
107,Xiezijing,14,6
107,Xiaolouluo,15,7
107,Xiezijing,16,8
107,Shejing,11,9

108,Huluwa1,6,2
108,Huluwa2,6,3
108,Huluwa3,6,4
108,Huluwa4,6,5
108,Huluwa5,6,6
108,Huluwa6,6,7
108,Huluwa7,6,8
108,Yeye,9,9
108,Xiezijing,16,2
108,Xiaolouluo,15,3
108,Xiezijing,14,4
108,Xiaolouluo,13,5
108,Xiezijing,14,6
108,Xiaolouluo,15,7
108,Xiezijing,16,8
108,Shejing,11,9

109,Huluwa1,6,2
109,Huluwa2,6,3
109,Huluwa3,6,4
109,Huluwa4,6,5
109,Huluwa5,6,6
109,Huluwa6,6,7
109,Huluwa7,6,8
109,Yeye,9,9
109,Xiezijing,16,2
109,Xiaolouluo,15,3
109,Xiezijing,14,4
109,Xiaolouluo,13,5
109,Xiezijing,14,6
109,Xiaolouluo,15,7
109,Xiezijing,16,8
109,Shejing,11,9

110,Huluwa1,6,2
110,Huluwa2,6,3
110,Huluwa3,6,4
110,Huluwa4,6,5
110,Huluwa5,6,6
110,Huluwa6,6,7
110,Huluwa7,6,8
110,Yeye,9,9
110,Xiezijing,16,2
110,Xiaolouluo,15,3
110,Xiezijing,14,4
110,Xiaolouluo,13,5
110,Xiezijing,14,6
110,Xiaolouluo,15,7
110,Xiezijing,16,8
110,Shejing,11,9

111,Huluwa1,6,2
111,Huluwa2,6,3
111,Huluwa3,6,4
111,Huluwa4,6,5
111,Huluwa5,6,6
111,Huluwa6,6,7
111,Huluwa7,6,8
111,Yeye,9,9
111,Xiezijing,16,2
111,Xiaolouluo,15,3
111,Xiezijing,14,4
111,Xiaolouluo,13,5
111,Xiezijing,14,6
111,Xiaolouluo,15,7
111,Xiezijing,16,8
111,Shejing,11,9

112,Huluwa1,6,2
112,Huluwa2,6,3
112,Huluwa3,6,4
112,Huluwa4,6,5
112,Huluwa5,6,6
112,Huluwa6,6,7
112,Huluwa7,6,8
112,Yeye,9,9
112,Xiezijing,16,2
112,Xiaolouluo,15,3
112,Xiezijing,14,4
112,Xiaolouluo,13,5
112,Xiezijing,14,6
112,Xiaolouluo,15,7
112,Xiezijing,16,8
112,Shejing,11,9

113,Huluwa1,6,2
113,Huluwa2,6,3
113,Huluwa3,6,4
113,Huluwa4,6,5
113,Huluwa5,6,6
113,Huluwa6,6,7
113,Huluwa7,6,8
113,Yeye,9,9
113,Xiezijing,16,2
113,Xiaolouluo,15,3
113,Xiezijing,14,4
113,Xiaolouluo,13,5
113,Xiezijing,14,6
113,Xiaolouluo,15,7
113,Xiezijing,16,8
113,Shejing,11,9

114,Huluwa1,6,2
114,Huluwa2,6,3
114,Huluwa3,6,4
114,Huluwa4,6,5
114,Huluwa5,6,6
114,Huluwa6,6,7
114,Huluwa7,6,8
114,Yeye,9,9
114,Xiezijing,16,2
114,Xiaolouluo,15,3
114,Xiezijing,14,4
114,Xiaolouluo,13,5
114,Xiezijing,14,6
114,Xiaolouluo,15,7
114,Xiezijing,16,8
114,Shejing,11,9

115,Huluwa1,6,2
115,Huluwa2,6,3
115,Huluwa3,6,4
115,Huluwa4,6,5
115,Huluwa5,6,6
115,Huluwa6,6,7
115,Huluwa7,6,8
115,Yeye,9,9
115,Xiezijing,16,2
115,Xiaolouluo,15,3
115,Xiezijing,14,4
115,Xiaolouluo,13,5
115,Xiezijing,14,6
115,Xiaolouluo,15,7
115,Xiezijing,16,8
115,Shejing,11,9

116,Huluwa1,6,2
116,Huluwa2,6,3
116,Huluwa3,6,4
116,Huluwa4,6,5
116,Huluwa5,6,6
116,Huluwa6,6,7
116,Huluwa7,6,8
116,Yeye,9,9
116,Xiezijing,16,2
116,Xiaolouluo,15,3
116,Xiezijing,14,4
116,Xiaolouluo,13,5
116,Xiezijing,14,6
116,Xiaolouluo,15,7
116,Xiezijing,16,8
116,Shejing,11,9

117,Huluwa1,6,2
117,Huluwa2,6,3
117,Huluwa3,6,4
117,Huluwa4,6,5
117,Huluwa5,6,6
117,Huluwa6,6,7
117,Huluwa7,6,8
117,Yeye,9,9
117,Xiezijing,16,2
117,Xiaolouluo,15,3
117,Xiezijing,14,4
117,Xiaolouluo,13,5
117,Xiezijing,14,6
117,Xiaolouluo,15,7
117,Xiezijing,16,8
117,Shejing,11,9

118,Huluwa1,6,2
118,Huluwa2,6,3
118,Huluwa3,6,4
118,Huluwa4,6,5
118,Huluwa5,6,6
118,Huluwa6,6,7
118,Huluwa7,6,8
118,Yeye,9,9
118,Xiezijing,16,2
118,Xiaolouluo,15,3
118,Xiezijing,14,4
118,Xiaolouluo,13,5
118,Xiezijing,14,6
118,Xiaolouluo,15,7
118,Xiezijing,16,8
118,Shejing,11,9

119,Huluwa1,6,2
119,Huluwa2,6,3
119,Huluwa3,6,4
119,Huluwa4,6,5
119,Huluwa5,6,6
119,Huluwa6,6,7
119,Huluwa7,6,8
119,Yeye,9,9
119,Xiezijing,16,2
119,Xiaolouluo,15,3
119,Xiezijing,14,4
119,Xiaolouluo,13,5
119,Xiezijing,14,6
119,Xiaolouluo,15,7
119,Xiezijing,16,8
119,Shejing,11,9

120,Huluwa1,6,2
120,Huluwa2,6,3
120,Huluwa3,6,4
120,Huluwa4,6,5
120,Huluwa5,6,6
120,Huluwa6,6,7
120,Huluwa7,6,8
120,Yeye,9,9
120,Xiezijing,16,2
120,Xiaolouluo,15,3
120,Xiezijing,14,4
120,Xiaolouluo,13,5
120,Xiezijing,14,6
120,Xiaolouluo,15,7
120,Xiezijing,16,8
120,Shejing,11,9

121,Huluwa1,6,2
121,Huluwa2,6,3
121,Huluwa3,6,4
121,Huluwa4,6,5
121,Huluwa5,6,6
121,Huluwa6,6,7
121,Huluwa7,6,8
121,Yeye,9,9
121,Xiezijing,16,2
121,Xiaolouluo,15,3
121,Xiezijing,14,4
121,Xiaolouluo,13,5
121,Xiezijing,14,6
121,Xiaolouluo,15,7
121,Xiezijing,16,8
121,Shejing,11,9

122,Huluwa1,7,2
122,Huluwa2,7,3
122,Huluwa3,7,4
122,Huluwa4,7,5
122,Huluwa5,7,6
122,Huluwa6,7,7
122,Huluwa7,7,8
122,Yeye,9,9
122,Xiezijing,15,2
122,Xiaolouluo,14,3
122,Xiezijing,13,4
122,Xiaolouluo,12,5
122,Xiezijing,13,6
122,Xiaolouluo,14,7
122,Xiezijing,15,8

123,Huluwa1,7,2
123,Huluwa2,7,3
123,Huluwa3,7,4
123,Huluwa4,7,5
123,Huluwa5,7,6
123,Huluwa6,7,7
123,Huluwa7,7,8
123,Yeye,9,9
123,Xiezijing,15,2
123,Xiaolouluo,14,3
123,Xiezijing,13,4
123,Xiaolouluo,12,5
123,Xiezijing,13,6
123,Xiaolouluo,14,7
123,Xiezijing,15,8

124,Huluwa1,7,2
124,Huluwa2,7,3
124,Huluwa3,7,4
124,Huluwa4,7,5
124,Huluwa5,7,6
124,Huluwa6,7,7
124,Huluwa7,7,8
124,Yeye,9,9
124,Xiezijing,15,2
124,Xiaolouluo,14,3
124,Xiezijing,13,4
124,Xiaolouluo,12,5
124,Xiezijing,13,6
124,Xiaolouluo,14,7
124,Xiezijing,15,8

125,Huluwa1,7,2
125,Huluwa2,7,3
125,Huluwa3,7,4
125,Huluwa4,7,5
125,Huluwa5,7,6
125,Huluwa6,7,7
125,Huluwa7,7,8
125,Yeye,9,9
125,Xiezijing,15,2
125,Xiaolouluo,14,3
125,Xiezijing,13,4
125,Xiaolouluo,12,5
125,Xiezijing,13,6
125,Xiaolouluo,14,7
125,Xiezijing,15,8

126,Huluwa1,7,2
126,Huluwa2,7,3
126,Huluwa3,7,4
126,Huluwa4,7,5
126,Huluwa5,7,6
126,Huluwa6,7,7
126,Huluwa7,7,8
126,Yeye,9,9
126,Xiezijing,15,2
126,Xiaolouluo,14,3
126,Xiezijing,13,4
126,Xiaolouluo,12,5
126,Xiezijing,13,6
126,Xiaolouluo,14,7
126,Xiezijing,15,8

127,Huluwa1,7,2
127,Huluwa2,7,3
127,Huluwa3,7,4
127,Huluwa4,7,5
127,Huluwa5,7,6
127,Huluwa6,7,7
127,Huluwa7,7,8
127,Yeye,9,9
127,Xiezijing,15,2
127,Xiaolouluo,14,3
127,Xiezijing,13,4
127,Xiaolouluo,12,5
127,Xiezijing,13,6
127,Xiaolouluo,14,7
127,Xiezijing,15,8

128,Huluwa1,7,2
128,Huluwa2,7,3
128,Huluwa3,7,4
128,Huluwa4,7,5
128,Huluwa5,7,6
128,Huluwa6,7,7
128,Huluwa7,7,8
128,Yeye,9,9
128,Xiezijing,15,2
128,Xiaolouluo,14,3
128,Xiezijing,13,4
128,Xiaolouluo,12,5
128,Xiezijing,13,6
128,Xiaolouluo,14,7
128,Xiezijing,15,8

129,Huluwa1,7,2
129,Huluwa2,7,3
129,Huluwa3,7,4
129,Huluwa4,7,5
129,Huluwa5,7,6
129,Huluwa6,7,7
129,Huluwa7,7,8
129,Yeye,9,9
129,Xiezijing,15,2
129,Xiaolouluo,14,3
129,Xiezijing,13,4
129,Xiaolouluo,12,5
129,Xiezijing,13,6
129,Xiaolouluo,14,7
129,Xiezijing,15,8

130,Huluwa1,7,2
130,Huluwa2,7,3
130,Huluwa3,7,4
130,Huluwa4,7,5
130,Huluwa5,7,6
130,Huluwa6,7,7
130,Huluwa7,7,8
130,Yeye,9,9
130,Xiezijing,15,2
130,Xiaolouluo,14,3
130,Xiezijing,13,4
130,Xiaolouluo,12,5
130,Xiezijing,13,6
130,Xiaolouluo,14,7
130,Xiezijing,15,8

131,Huluwa1,7,2
131,Huluwa2,7,3
131,Huluwa3,7,4
131,Huluwa4,7,5
131,Huluwa5,7,6
131,Huluwa6,7,7
131,Huluwa7,7,8
131,Yeye,9,9
131,Xiezijing,15,2
131,Xiaolouluo,14,3
131,Xiezijing,13,4
131,Xiaolouluo,12,5
131,Xiezijing,13,6
131,Xiaolouluo,14,7
131,Xiezijing,15,8

132,Huluwa1,7,2
132,Huluwa2,7,3
132,Huluwa3,7,4
132,Huluwa4,7,5
132,Huluwa5,7,6
132,Huluwa6,7,7
132,Huluwa7,7,8
132,Yeye,9,9
132,Xiezijing,15,2
132,Xiaolouluo,14,3
132,Xiezijing,13,4
132,Xiaolouluo,12,5
132,Xiezijing,13,6
132,Xiaolouluo,14,7
132,Xiezijing,15,8

133,Huluwa1,7,2
133,Huluwa2,7,3
133,Huluwa3,7,4
133,Huluwa4,7,5
133,Huluwa5,7,6
133,Huluwa6,7,7
133,Huluwa7,7,8
133,Yeye,9,9
133,Xiezijing,15,2
133,Xiaolouluo,14,3
133,Xiezijing,13,4
133,Xiaolouluo,12,5
133,Xiezijing,13,6
133,Xiaolouluo,14,7
133,Xiezijing,15,8

134,Huluwa1,7,2
134,Huluwa2,7,3
134,Huluwa3,7,4
134,Huluwa4,7,5
134,Huluwa5,7,6
134,Huluwa6,7,7
134,Huluwa7,7,8
134,Yeye,9,9
134,Xiezijing,15,2
134,Xiaolouluo,14,3
134,Xiezijing,13,4
134,Xiaolouluo,12,5
134,Xiezijing,13,6
134,Xiaolouluo,14,7
134,Xiezijing,15,8

135,Huluwa1,7,2
135,Huluwa2,7,3
135,Huluwa3,7,4
135,Huluwa4,7,5
135,Huluwa5,7,6
135,Huluwa6,7,7
135,Huluwa7,7,8
135,Yeye,9,9
135,Xiezijing,15,2
135,Xiaolouluo,14,3
135,Xiezijing,13,4
135,Xiaolouluo,12,5
135,Xiezijing,13,6
135,Xiaolouluo,14,7
135,Xiezijing,15,8

136,Huluwa1,7,2
136,Huluwa2,7,3
136,Huluwa3,7,4
136,Huluwa4,7,5
136,Huluwa5,7,6
136,Huluwa6,7,7
136,Huluwa7,7,8
136,Yeye,9,9
136,Xiezijing,15,2
136,Xiaolouluo,14,3
136,Xiezijing,13,4
136,Xiaolouluo,12,5
136,Xiezijing,13,6
136,Xiaolouluo,14,7
136,Xiezijing,15,8

137,Huluwa1,7,2
137,Huluwa2,7,3
137,Huluwa3,7,4
137,Huluwa4,7,5
137,Huluwa5,7,6
137,Huluwa6,7,7
137,Huluwa7,7,8
137,Yeye,9,9
137,Xiezijing,15,2
137,Xiaolouluo,14,3
137,Xiezijing,13,4
137,Xiaolouluo,12,5
137,Xiezijing,13,6
137,Xiaolouluo,14,7
137,Xiezijing,15,8

138,Huluwa1,7,2
138,Huluwa2,7,3
138,Huluwa3,7,4
138,Huluwa4,7,5
138,Huluwa5,7,6
138,Huluwa6,7,7
138,Huluwa7,7,8
138,Yeye,9,9
138,Xiezijing,15,2
138,Xiaolouluo,14,3
138,Xiezijing,13,4
138,Xiaolouluo,12,5
138,Xiezijing,13,6
138,Xiaolouluo,14,7
138,Xiezijing,15,8

139,Huluwa1,7,2
139,Huluwa2,7,3
139,Huluwa3,7,4
139,Huluwa4,7,5
139,Huluwa5,7,6
139,Huluwa6,7,7
139,Huluwa7,7,8
139,Yeye,9,9
139,Xiezijing,15,2
139,Xiaolouluo,14,3
139,Xiezijing,13,4
139,Xiaolouluo,12,5
139,Xiezijing,13,6
139,Xiaolouluo,14,7
139,Xiezijing,15,8

140,Huluwa1,7,2
140,Huluwa2,7,3
140,Huluwa3,7,4
140,Huluwa4,7,5
140,Huluwa5,7,6
140,Huluwa6,7,7
140,Huluwa7,7,8
140,Yeye,9,9
140,Xiezijing,15,2
140,Xiaolouluo,14,3
140,Xiezijing,13,4
140,Xiaolouluo,12,5
140,Xiezijing,13,6
140,Xiaolouluo,14,7
140,Xiezijing,15,8

141,Huluwa1,7,2
141,Huluwa2,7,3
141,Huluwa3,7,4
141,Huluwa4,7,5
141,Huluwa5,7,6
141,Huluwa6,7,7
141,Huluwa7,7,8
141,Yeye,9,9
141,Xiezijing,15,2
141,Xiaolouluo,14,3
141,Xiezijing,13,4
141,Xiaolouluo,12,5
141,Xiezijing,13,6
141,Xiaolouluo,14,7
141,Xiezijing,15,8

142,Huluwa1,8,2
142,Huluwa2,8,3
142,Huluwa3,8,4
142,Huluwa4,8,5
142,Huluwa5,8,6
142,Huluwa6,8,7
142,Huluwa7,8,8
142,Xiezijing,14,2
142,Xiaolouluo,13,3
142,Xiezijing,12,4
142,Xiaolouluo,11,5
142,Xiezijing,12,6
142,Xiaolouluo,13,7
142,Xiezijing,14,8

143,Huluwa1,8,2
143,Huluwa2,8,3
143,Huluwa3,8,4
143,Huluwa4,8,5
143,Huluwa5,8,6
143,Huluwa6,8,7
143,Huluwa7,8,8
143,Xiezijing,14,2
143,Xiaolouluo,13,3
143,Xiezijing,12,4
143,Xiaolouluo,11,5
143,Xiezijing,12,6
143,Xiaolouluo,13,7
143,Xiezijing,14,8

144,Huluwa1,8,2
144,Huluwa2,8,3
144,Huluwa3,8,4
144,Huluwa4,8,5
144,Huluwa5,8,6
144,Huluwa6,8,7
144,Huluwa7,8,8
144,Xiezijing,14,2
144,Xiaolouluo,13,3
144,Xiezijing,12,4
144,Xiaolouluo,11,5
144,Xiezijing,12,6
144,Xiaolouluo,13,7
144,Xiezijing,14,8

145,Huluwa1,8,2
145,Huluwa2,8,3
145,Huluwa3,8,4
145,Huluwa4,8,5
145,Huluwa5,8,6
145,Huluwa6,8,7
145,Huluwa7,8,8
145,Xiezijing,14,2
145,Xiaolouluo,13,3
145,Xiezijing,12,4
145,Xiaolouluo,11,5
145,Xiezijing,12,6
145,Xiaolouluo,13,7
145,Xiezijing,14,8

146,Huluwa1,8,2
146,Huluwa2,8,3
146,Huluwa3,8,4
146,Huluwa4,8,5
146,Huluwa5,8,6
146,Huluwa6,8,7
146,Huluwa7,8,8
146,Xiezijing,14,2
146,Xiaolouluo,13,3
146,Xiezijing,12,4
146,Xiaolouluo,11,5
146,Xiezijing,12,6
146,Xiaolouluo,13,7
146,Xiezijing,14,8

147,Huluwa1,8,2
147,Huluwa2,8,3
147,Huluwa3,8,4
147,Huluwa4,8,5
147,Huluwa5,8,6
147,Huluwa6,8,7
147,Huluwa7,8,8
147,Xiezijing,14,2
147,Xiaolouluo,13,3
147,Xiezijing,12,4
147,Xiaolouluo,11,5
147,Xiezijing,12,6
147,Xiaolouluo,13,7
147,Xiezijing,14,8

148,Huluwa1,8,2
148,Huluwa2,8,3
148,Huluwa3,8,4
148,Huluwa4,8,5
148,Huluwa5,8,6
148,Huluwa6,8,7
148,Huluwa7,8,8
148,Xiezijing,14,2
148,Xiaolouluo,13,3
148,Xiezijing,12,4
148,Xiaolouluo,11,5
148,Xiezijing,12,6
148,Xiaolouluo,13,7
148,Xiezijing,14,8

149,Huluwa1,8,2
149,Huluwa2,8,3
149,Huluwa3,8,4
149,Huluwa4,8,5
149,Huluwa5,8,6
149,Huluwa6,8,7
149,Huluwa7,8,8
149,Xiezijing,14,2
149,Xiaolouluo,13,3
149,Xiezijing,12,4
149,Xiaolouluo,11,5
149,Xiezijing,12,6
149,Xiaolouluo,13,7
149,Xiezijing,14,8

150,Huluwa1,8,2
150,Huluwa2,8,3
150,Huluwa3,8,4
150,Huluwa4,8,5
150,Huluwa5,8,6
150,Huluwa6,8,7
150,Huluwa7,8,8
150,Xiezijing,14,2
150,Xiaolouluo,13,3
150,Xiezijing,12,4
150,Xiaolouluo,11,5
150,Xiezijing,12,6
150,Xiaolouluo,13,7
150,Xiezijing,14,8

151,Huluwa1,8,2
151,Huluwa2,8,3
151,Huluwa3,8,4
151,Huluwa4,8,5
151,Huluwa5,8,6
151,Huluwa6,8,7
151,Huluwa7,8,8
151,Xiezijing,14,2
151,Xiaolouluo,13,3
151,Xiezijing,12,4
151,Xiaolouluo,11,5
151,Xiezijing,12,6
151,Xiaolouluo,13,7
151,Xiezijing,14,8

152,Huluwa1,8,2
152,Huluwa2,8,3
152,Huluwa3,8,4
152,Huluwa4,8,5
152,Huluwa5,8,6
152,Huluwa6,8,7
152,Huluwa7,8,8
152,Xiezijing,14,2
152,Xiaolouluo,13,3
152,Xiezijing,12,4
152,Xiaolouluo,11,5
152,Xiezijing,12,6
152,Xiaolouluo,13,7
152,Xiezijing,14,8

153,Huluwa1,8,2
153,Huluwa2,8,3
153,Huluwa3,8,4
153,Huluwa4,8,5
153,Huluwa5,8,6
153,Huluwa6,8,7
153,Huluwa7,8,8
153,Xiezijing,14,2
153,Xiaolouluo,13,3
153,Xiezijing,12,4
153,Xiaolouluo,11,5
153,Xiezijing,12,6
153,Xiaolouluo,13,7
153,Xiezijing,14,8

154,Huluwa1,8,2
154,Huluwa2,8,3
154,Huluwa3,8,4
154,Huluwa4,8,5
154,Huluwa5,8,6
154,Huluwa6,8,7
154,Huluwa7,8,8
154,Xiezijing,14,2
154,Xiaolouluo,13,3
154,Xiezijing,12,4
154,Xiaolouluo,11,5
154,Xiezijing,12,6
154,Xiaolouluo,13,7
154,Xiezijing,14,8

155,Huluwa1,8,2
155,Huluwa2,8,3
155,Huluwa3,8,4
155,Huluwa4,8,5
155,Huluwa5,8,6
155,Huluwa6,8,7
155,Huluwa7,8,8
155,Xiezijing,14,2
155,Xiaolouluo,13,3
155,Xiezijing,12,4
155,Xiaolouluo,11,5
155,Xiezijing,12,6
155,Xiaolouluo,13,7
155,Xiezijing,14,8

156,Huluwa1,8,2
156,Huluwa2,8,3
156,Huluwa3,8,4
156,Huluwa4,8,5
156,Huluwa5,8,6
156,Huluwa6,8,7
156,Huluwa7,8,8
156,Xiezijing,14,2
156,Xiaolouluo,13,3
156,Xiezijing,12,4
156,Xiaolouluo,11,5
156,Xiezijing,12,6
156,Xiaolouluo,13,7
156,Xiezijing,14,8

157,Huluwa1,8,2
157,Huluwa2,8,3
157,Huluwa3,8,4
157,Huluwa4,8,5
157,Huluwa5,8,6
157,Huluwa6,8,7
157,Huluwa7,8,8
157,Xiezijing,14,2
157,Xiaolouluo,13,3
157,Xiezijing,12,4
157,Xiaolouluo,11,5
157,Xiezijing,12,6
157,Xiaolouluo,13,7
157,Xiezijing,14,8

158,Huluwa1,8,2
158,Huluwa2,8,3
158,Huluwa3,8,4
158,Huluwa4,8,5
158,Huluwa5,8,6
158,Huluwa6,8,7
158,Huluwa7,8,8
158,Xiezijing,14,2
158,Xiaolouluo,13,3
158,Xiezijing,12,4
158,Xiaolouluo,11,5
158,Xiezijing,12,6
158,Xiaolouluo,13,7
158,Xiezijing,14,8

159,Huluwa1,8,2
159,Huluwa2,8,3
159,Huluwa3,8,4
159,Huluwa4,8,5
159,Huluwa5,8,6
159,Huluwa6,8,7
159,Huluwa7,8,8
159,Xiezijing,14,2
159,Xiaolouluo,13,3
159,Xiezijing,12,4
159,Xiaolouluo,11,5
159,Xiezijing,12,6
159,Xiaolouluo,13,7
159,Xiezijing,14,8

160,Huluwa1,8,2
160,Huluwa2,8,3
160,Huluwa3,8,4
160,Huluwa4,8,5
160,Huluwa5,8,6
160,Huluwa6,8,7
160,Huluwa7,8,8
160,Xiezijing,14,2
160,Xiaolouluo,13,3
160,Xiezijing,12,4
160,Xiaolouluo,11,5
160,Xiezijing,12,6
160,Xiaolouluo,13,7
160,Xiezijing,14,8

161,Huluwa1,8,2
161,Huluwa2,8,3
161,Huluwa3,8,4
161,Huluwa4,8,5
161,Huluwa5,8,6
161,Huluwa6,8,7
161,Huluwa7,8,8
161,Xiezijing,14,2
161,Xiaolouluo,13,3
161,Xiezijing,12,4
161,Xiaolouluo,11,5
161,Xiezijing,12,6
161,Xiaolouluo,13,7
161,Xiezijing,14,8

162,Huluwa1,9,2
162,Huluwa2,9,3
162,Huluwa3,9,4
162,Huluwa4,9,5
162,Huluwa5,9,6
162,Huluwa6,9,7
162,Huluwa7,9,8
162,Xiezijing,13,2
162,Xiaolouluo,12,3
162,Xiezijing,11,4
162,Xiaolouluo,10,5
162,Xiezijing,11,6
162,Xiaolouluo,12,7
162,Xiezijing,13,8

163,Huluwa1,9,2
163,Huluwa2,9,3
163,Huluwa3,9,4
163,Huluwa4,9,5
163,Huluwa5,9,6
163,Huluwa6,9,7
163,Huluwa7,9,8
163,Xiezijing,13,2
163,Xiaolouluo,12,3
163,Xiezijing,11,4
163,Xiaolouluo,10,5
163,Xiezijing,11,6
163,Xiaolouluo,12,7
163,Xiezijing,13,8

164,Huluwa1,9,2
164,Huluwa2,9,3
164,Huluwa3,9,4
164,Huluwa4,9,5
164,Huluwa5,9,6
164,Huluwa6,9,7
164,Huluwa7,9,8
164,Xiezijing,13,2
164,Xiaolouluo,12,3
164,Xiezijing,11,4
164,Xiaolouluo,10,5
164,Xiezijing,11,6
164,Xiaolouluo,12,7
164,Xiezijing,13,8

165,Huluwa1,9,2
165,Huluwa2,9,3
165,Huluwa3,9,4
165,Huluwa4,9,5
165,Huluwa5,9,6
165,Huluwa6,9,7
165,Huluwa7,9,8
165,Xiezijing,13,2
165,Xiaolouluo,12,3
165,Xiezijing,11,4
165,Xiaolouluo,10,5
165,Xiezijing,11,6
165,Xiaolouluo,12,7
165,Xiezijing,13,8

166,Huluwa1,9,2
166,Huluwa2,9,3
166,Huluwa3,9,4
166,Huluwa4,9,5
166,Huluwa5,9,6
166,Huluwa6,9,7
166,Huluwa7,9,8
166,Xiezijing,13,2
166,Xiaolouluo,12,3
166,Xiezijing,11,4
166,Xiaolouluo,10,5
166,Xiezijing,11,6
166,Xiaolouluo,12,7
166,Xiezijing,13,8

167,Huluwa1,9,2
167,Huluwa2,9,3
167,Huluwa3,9,4
167,Huluwa4,9,5
167,Huluwa5,9,6
167,Huluwa6,9,7
167,Huluwa7,9,8
167,Xiezijing,13,2
167,Xiaolouluo,12,3
167,Xiezijing,11,4
167,Xiaolouluo,10,5
167,Xiezijing,11,6
167,Xiaolouluo,12,7
167,Xiezijing,13,8

168,Huluwa1,9,2
168,Huluwa2,9,3
168,Huluwa3,9,4
168,Huluwa4,9,5
168,Huluwa5,9,6
168,Huluwa6,9,7
168,Huluwa7,9,8
168,Xiezijing,13,2
168,Xiaolouluo,12,3
168,Xiezijing,11,4
168,Xiaolouluo,10,5
168,Xiezijing,11,6
168,Xiaolouluo,12,7
168,Xiezijing,13,8

169,Huluwa1,9,2
169,Huluwa2,9,3
169,Huluwa3,9,4
169,Huluwa4,9,5
169,Huluwa5,9,6
169,Huluwa6,9,7
169,Huluwa7,9,8
169,Xiezijing,13,2
169,Xiaolouluo,12,3
169,Xiezijing,11,4
169,Xiaolouluo,10,5
169,Xiezijing,11,6
169,Xiaolouluo,12,7
169,Xiezijing,13,8

170,Huluwa1,9,2
170,Huluwa2,9,3
170,Huluwa3,9,4
170,Huluwa4,9,5
170,Huluwa5,9,6
170,Huluwa6,9,7
170,Huluwa7,9,8
170,Xiezijing,13,2
170,Xiaolouluo,12,3
170,Xiezijing,11,4
170,Xiaolouluo,10,5
170,Xiezijing,11,6
170,Xiaolouluo,12,7
170,Xiezijing,13,8

171,Huluwa1,9,2
171,Huluwa2,9,3
171,Huluwa3,9,4
171,Huluwa4,9,5
171,Huluwa5,9,6
171,Huluwa6,9,7
171,Huluwa7,9,8
171,Xiezijing,13,2
171,Xiaolouluo,12,3
171,Xiezijing,11,4
171,Xiaolouluo,10,5
171,Xiezijing,11,6
171,Xiaolouluo,12,7
171,Xiezijing,13,8

172,Huluwa1,9,2
172,Huluwa2,9,3
172,Huluwa3,9,4
172,Huluwa4,9,5
172,Huluwa5,9,6
172,Huluwa6,9,7
172,Huluwa7,9,8
172,Xiezijing,13,2
172,Xiaolouluo,12,3
172,Xiezijing,11,4
172,Xiaolouluo,10,5
172,Xiezijing,11,6
172,Xiaolouluo,12,7
172,Xiezijing,13,8

173,Huluwa1,9,2
173,Huluwa2,9,3
173,Huluwa3,9,4
173,Huluwa4,9,5
173,Huluwa5,9,6
173,Huluwa6,9,7
173,Huluwa7,9,8
173,Xiezijing,13,2
173,Xiaolouluo,12,3
173,Xiezijing,11,4
173,Xiaolouluo,10,5
173,Xiezijing,11,6
173,Xiaolouluo,12,7
173,Xiezijing,13,8

174,Huluwa1,9,2
174,Huluwa2,9,3
174,Huluwa3,9,4
174,Huluwa4,9,5
174,Huluwa5,9,6
174,Huluwa6,9,7
174,Huluwa7,9,8
174,Xiezijing,13,2
174,Xiaolouluo,12,3
174,Xiezijing,11,4
174,Xiaolouluo,10,5
174,Xiezijing,11,6
174,Xiaolouluo,12,7
174,Xiezijing,13,8

175,Huluwa1,9,2
175,Huluwa2,9,3
175,Huluwa3,9,4
175,Huluwa4,9,5
175,Huluwa5,9,6
175,Huluwa6,9,7
175,Huluwa7,9,8
175,Xiezijing,13,2
175,Xiaolouluo,12,3
175,Xiezijing,11,4
175,Xiaolouluo,10,5
175,Xiezijing,11,6
175,Xiaolouluo,12,7
175,Xiezijing,13,8

176,Huluwa1,9,2
176,Huluwa2,9,3
176,Huluwa3,9,4
176,Huluwa4,9,5
176,Huluwa5,9,6
176,Huluwa6,9,7
176,Huluwa7,9,8
176,Xiezijing,13,2
176,Xiaolouluo,12,3
176,Xiezijing,11,4
176,Xiaolouluo,10,5
176,Xiezijing,11,6
176,Xiaolouluo,12,7
176,Xiezijing,13,8

177,Huluwa1,9,2
177,Huluwa2,9,3
177,Huluwa3,9,4
177,Huluwa4,9,5
177,Huluwa5,9,6
177,Huluwa6,9,7
177,Huluwa7,9,8
177,Xiezijing,13,2
177,Xiaolouluo,12,3
177,Xiezijing,11,4
177,Xiaolouluo,10,5
177,Xiezijing,11,6
177,Xiaolouluo,12,7
177,Xiezijing,13,8

178,Huluwa1,9,2
178,Huluwa2,9,3
178,Huluwa3,9,4
178,Huluwa4,9,5
178,Huluwa5,9,6
178,Huluwa6,9,7
178,Huluwa7,9,8
178,Xiezijing,13,2
178,Xiaolouluo,12,3
178,Xiezijing,11,4
178,Xiaolouluo,10,5
178,Xiezijing,11,6
178,Xiaolouluo,12,7
178,Xiezijing,13,8

179,Huluwa1,9,2
179,Huluwa2,9,3
179,Huluwa3,9,4
179,Huluwa4,9,5
179,Huluwa5,9,6
179,Huluwa6,9,7
179,Huluwa7,9,8
179,Xiezijing,13,2
179,Xiaolouluo,12,3
179,Xiezijing,11,4
179,Xiaolouluo,10,5
179,Xiezijing,11,6
179,Xiaolouluo,12,7
179,Xiezijing,13,8

180,Huluwa1,9,2
180,Huluwa2,9,3
180,Huluwa3,9,4
180,Huluwa4,9,5
180,Huluwa5,9,6
180,Huluwa6,9,7
180,Huluwa7,9,8
180,Xiezijing,13,2
180,Xiaolouluo,12,3
180,Xiezijing,11,4
180,Xiaolouluo,10,5
180,Xiezijing,11,6
180,Xiaolouluo,12,7
180,Xiezijing,13,8

181,Huluwa1,9,2
181,Huluwa2,9,3
181,Huluwa3,9,4
181,Huluwa4,9,5
181,Huluwa5,9,6
181,Huluwa6,9,7
181,Huluwa7,9,8
181,Xiezijing,13,2
181,Xiaolouluo,12,3
181,Xiezijing,11,4
181,Xiaolouluo,10,5
181,Xiezijing,11,6
181,Xiaolouluo,12,7
181,Xiezijing,13,8

182,Huluwa1,10,2
182,Huluwa2,10,3
182,Huluwa3,10,4
182,Huluwa4,9,5
182,Huluwa5,10,6
182,Huluwa6,10,7
182,Huluwa7,10,8
182,Xiezijing,12,2
182,Xiaolouluo,11,3
182,Xiaolouluo,11,7
182,Xiezijing,12,8

183,Huluwa1,10,2
183,Huluwa2,10,3
183,Huluwa3,10,4
183,Huluwa4,9,5
183,Huluwa5,10,6
183,Huluwa6,10,7
183,Huluwa7,10,8
183,Xiezijing,12,2
183,Xiaolouluo,11,3
183,Xiaolouluo,11,7
183,Xiezijing,12,8

184,Huluwa1,10,2
184,Huluwa2,10,3
184,Huluwa3,10,4
184,Huluwa4,9,5
184,Huluwa5,10,6
184,Huluwa6,10,7
184,Huluwa7,10,8
184,Xiezijing,12,2
184,Xiaolouluo,11,3
184,Xiaolouluo,11,7
184,Xiezijing,12,8

185,Huluwa1,10,2
185,Huluwa2,10,3
185,Huluwa3,10,4
185,Huluwa4,9,5
185,Huluwa5,10,6
185,Huluwa6,10,7
185,Huluwa7,10,8
185,Xiezijing,12,2
185,Xiaolouluo,11,3
185,Xiaolouluo,11,7
185,Xiezijing,12,8

186,Huluwa1,10,2
186,Huluwa2,10,3
186,Huluwa3,10,4
186,Huluwa4,9,5
186,Huluwa5,10,6
186,Huluwa6,10,7
186,Huluwa7,10,8
186,Xiezijing,12,2
186,Xiaolouluo,11,3
186,Xiaolouluo,11,7
186,Xiezijing,12,8

187,Huluwa1,10,2
187,Huluwa2,10,3
187,Huluwa3,10,4
187,Huluwa4,9,5
187,Huluwa5,10,6
187,Huluwa6,10,7
187,Huluwa7,10,8
187,Xiezijing,12,2
187,Xiaolouluo,11,3
187,Xiaolouluo,11,7
187,Xiezijing,12,8

188,Huluwa1,10,2
188,Huluwa2,10,3
188,Huluwa3,10,4
188,Huluwa4,9,5
188,Huluwa5,10,6
188,Huluwa6,10,7
188,Huluwa7,10,8
188,Xiezijing,12,2
188,Xiaolouluo,11,3
188,Xiaolouluo,11,7
188,Xiezijing,12,8

189,Huluwa1,10,2
189,Huluwa2,10,3
189,Huluwa3,10,4
189,Huluwa4,9,5
189,Huluwa5,10,6
189,Huluwa6,10,7
189,Huluwa7,10,8
189,Xiezijing,12,2
189,Xiaolouluo,11,3
189,Xiaolouluo,11,7
189,Xiezijing,12,8

190,Huluwa1,10,2
190,Huluwa2,10,3
190,Huluwa3,10,4
190,Huluwa4,9,5
190,Huluwa5,10,6
190,Huluwa6,10,7
190,Huluwa7,10,8
190,Xiezijing,12,2
190,Xiaolouluo,11,3
190,Xiaolouluo,11,7
190,Xiezijing,12,8

191,Huluwa1,10,2
191,Huluwa2,10,3
191,Huluwa3,10,4
191,Huluwa4,9,5
191,Huluwa5,10,6
191,Huluwa6,10,7
191,Huluwa7,10,8
191,Xiezijing,12,2
191,Xiaolouluo,11,3
191,Xiaolouluo,11,7
191,Xiezijing,12,8

192,Huluwa1,10,2
192,Huluwa2,10,3
192,Huluwa3,10,4
192,Huluwa4,9,5
192,Huluwa5,10,6
192,Huluwa6,10,7
192,Huluwa7,10,8
192,Xiezijing,12,2
192,Xiaolouluo,11,3
192,Xiaolouluo,11,7
192,Xiezijing,12,8

193,Huluwa1,10,2
193,Huluwa2,10,3
193,Huluwa3,10,4
193,Huluwa4,9,5
193,Huluwa5,10,6
193,Huluwa6,10,7
193,Huluwa7,10,8
193,Xiezijing,12,2
193,Xiaolouluo,11,3
193,Xiaolouluo,11,7
193,Xiezijing,12,8

194,Huluwa1,10,2
194,Huluwa2,10,3
194,Huluwa3,10,4
194,Huluwa4,9,5
194,Huluwa5,10,6
194,Huluwa6,10,7
194,Huluwa7,10,8
194,Xiezijing,12,2
194,Xiaolouluo,11,3
194,Xiaolouluo,11,7
194,Xiezijing,12,8

195,Huluwa1,10,2
195,Huluwa2,10,3
195,Huluwa3,10,4
195,Huluwa4,9,5
195,Huluwa5,10,6
195,Huluwa6,10,7
195,Huluwa7,10,8
195,Xiezijing,12,2
195,Xiaolouluo,11,3
195,Xiaolouluo,11,7
195,Xiezijing,12,8

196,Huluwa1,10,2
196,Huluwa2,10,3
196,Huluwa3,10,4
196,Huluwa4,9,5
196,Huluwa5,10,6
196,Huluwa6,10,7
196,Huluwa7,10,8
196,Xiezijing,12,2
196,Xiaolouluo,11,3
196,Xiaolouluo,11,7
196,Xiezijing,12,8

197,Huluwa1,10,2
197,Huluwa2,10,3
197,Huluwa3,10,4
197,Huluwa4,9,5
197,Huluwa5,10,6
197,Huluwa6,10,7
197,Huluwa7,10,8
197,Xiezijing,12,2
197,Xiaolouluo,11,3
197,Xiaolouluo,11,7
197,Xiezijing,12,8

198,Huluwa1,10,2
198,Huluwa2,10,3
198,Huluwa3,10,4
198,Huluwa4,9,5
198,Huluwa5,10,6
198,Huluwa6,10,7
198,Huluwa7,10,8
198,Xiezijing,12,2
198,Xiaolouluo,11,3
198,Xiaolouluo,11,7
198,Xiezijing,12,8

199,Huluwa1,10,2
199,Huluwa2,10,3
199,Huluwa3,10,4
199,Huluwa4,9,5
199,Huluwa5,10,6
199,Huluwa6,10,7
199,Huluwa7,10,8
199,Xiezijing,12,2
199,Xiaolouluo,11,3
199,Xiaolouluo,11,7
199,Xiezijing,12,8

200,Huluwa1,10,2
200,Huluwa2,10,3
200,Huluwa3,10,4
200,Huluwa4,9,5
200,Huluwa5,10,6
200,Huluwa6,10,7
200,Huluwa7,10,8
200,Xiezijing,12,2
200,Xiaolouluo,11,3
200,Xiaolouluo,11,7
200,Xiezijing,12,8

201,Huluwa1,10,2
201,Huluwa2,10,3
201,Huluwa3,10,4
201,Huluwa4,9,5
201,Huluwa5,10,6
201,Huluwa6,10,7
201,Huluwa7,10,8
201,Xiezijing,12,2
201,Xiaolouluo,11,3
201,Xiaolouluo,11,7
201,Xiezijing,12,8

202,Huluwa3,11,4
202,Huluwa4,10,5
202,Huluwa5,11,6
202,Huluwa6,10,7
202,Huluwa7,11,8
202,Xiezijing,12,2

203,Huluwa3,11,4
203,Huluwa4,10,5
203,Huluwa5,11,6
203,Huluwa6,10,7
203,Huluwa7,11,8
203,Xiezijing,12,2

204,Huluwa3,11,4
204,Huluwa4,10,5
204,Huluwa5,11,6
204,Huluwa6,10,7
204,Huluwa7,11,8
204,Xiezijing,12,2

205,Huluwa3,11,4
205,Huluwa4,10,5
205,Huluwa5,11,6
205,Huluwa6,10,7
205,Huluwa7,11,8
205,Xiezijing,12,2

206,Huluwa3,11,4
206,Huluwa4,10,5
206,Huluwa5,11,6
206,Huluwa6,10,7
206,Huluwa7,11,8
206,Xiezijing,12,2

207,Huluwa3,11,4
207,Huluwa4,10,5
207,Huluwa5,11,6
207,Huluwa6,10,7
207,Huluwa7,11,8
207,Xiezijing,12,2

208,Huluwa3,11,4
208,Huluwa4,10,5
208,Huluwa5,11,6
208,Huluwa6,10,7
208,Huluwa7,11,8
208,Xiezijing,12,2

209,Huluwa3,11,4
209,Huluwa4,10,5
209,Huluwa5,11,6
209,Huluwa6,10,7
209,Huluwa7,11,8
209,Xiezijing,12,2

210,Huluwa3,11,4
210,Huluwa4,10,5
210,Huluwa5,11,6
210,Huluwa6,10,7
210,Huluwa7,11,8
210,Xiezijing,12,2

211,Huluwa3,11,4
211,Huluwa4,10,5
211,Huluwa5,11,6
211,Huluwa6,10,7
211,Huluwa7,11,8
211,Xiezijing,12,2

212,Huluwa3,11,4
212,Huluwa4,10,5
212,Huluwa5,11,6
212,Huluwa6,10,7
212,Huluwa7,11,8
212,Xiezijing,12,2

213,Huluwa3,11,4
213,Huluwa4,10,5
213,Huluwa5,11,6
213,Huluwa6,10,7
213,Huluwa7,11,8
213,Xiezijing,12,2

214,Huluwa3,11,4
214,Huluwa4,10,5
214,Huluwa5,11,6
214,Huluwa6,10,7
214,Huluwa7,11,8
214,Xiezijing,12,2

215,Huluwa3,11,4
215,Huluwa4,10,5
215,Huluwa5,11,6
215,Huluwa6,10,7
215,Huluwa7,11,8
215,Xiezijing,12,2

216,Huluwa3,11,4
216,Huluwa4,10,5
216,Huluwa5,11,6
216,Huluwa6,10,7
216,Huluwa7,11,8
216,Xiezijing,12,2

217,Huluwa3,11,4
217,Huluwa4,10,5
217,Huluwa5,11,6
217,Huluwa6,10,7
217,Huluwa7,11,8
217,Xiezijing,12,2

218,Huluwa3,11,4
218,Huluwa4,10,5
218,Huluwa5,11,6
218,Huluwa6,10,7
218,Huluwa7,11,8
218,Xiezijing,12,2

219,Huluwa3,11,4
219,Huluwa4,10,5
219,Huluwa5,11,6
219,Huluwa6,10,7
219,Huluwa7,11,8
219,Xiezijing,12,2

220,Huluwa3,11,4
220,Huluwa4,10,5
220,Huluwa5,11,6
220,Huluwa6,10,7
220,Huluwa7,11,8
220,Xiezijing,12,2

221,Huluwa3,11,4
221,Huluwa4,10,5
221,Huluwa5,11,6
221,Huluwa6,10,7
221,Huluwa7,11,8
221,Xiezijing,12,2

222,Huluwa3,11,3
222,Huluwa4,10,4
222,Huluwa5,11,5
222,Huluwa6,10,6
222,Huluwa7,11,7
222,Xiezijing,11,2

223,Huluwa3,11,3
223,Huluwa4,10,4
223,Huluwa5,11,5
223,Huluwa6,10,6
223,Huluwa7,11,7
223,Xiezijing,11,2

224,Huluwa3,11,3
224,Huluwa4,10,4
224,Huluwa5,11,5
224,Huluwa6,10,6
224,Huluwa7,11,7
224,Xiezijing,11,2

225,Huluwa3,11,3
225,Huluwa4,10,4
225,Huluwa5,11,5
225,Huluwa6,10,6
225,Huluwa7,11,7
225,Xiezijing,11,2

226,Huluwa3,11,3
226,Huluwa4,10,4
226,Huluwa5,11,5
226,Huluwa6,10,6
226,Huluwa7,11,7
226,Xiezijing,11,2

227,Huluwa3,11,3
227,Huluwa4,10,4
227,Huluwa5,11,5
227,Huluwa6,10,6
227,Huluwa7,11,7
227,Xiezijing,11,2

228,Huluwa3,11,3
228,Huluwa4,10,4
228,Huluwa5,11,5
228,Huluwa6,10,6
228,Huluwa7,11,7
228,Xiezijing,11,2

229,Huluwa3,11,3
229,Huluwa4,10,4
229,Huluwa5,11,5
229,Huluwa6,10,6
229,Huluwa7,11,7
229,Xiezijing,11,2

230,Huluwa3,11,3
230,Huluwa4,10,4
230,Huluwa5,11,5
230,Huluwa6,10,6
230,Huluwa7,11,7
230,Xiezijing,11,2

231,Huluwa3,11,3
231,Huluwa4,10,4
231,Huluwa5,11,5
231,Huluwa6,10,6
231,Huluwa7,11,7
231,Xiezijing,11,2

232,Huluwa3,11,3
232,Huluwa4,10,4
232,Huluwa5,11,5
232,Huluwa6,10,6
232,Huluwa7,11,7
232,Xiezijing,11,2

233,Huluwa3,11,3
233,Huluwa4,10,4
233,Huluwa5,11,5
233,Huluwa6,10,6
233,Huluwa7,11,7
233,Xiezijing,11,2

234,Huluwa3,11,3
234,Huluwa4,10,4
234,Huluwa5,11,5
234,Huluwa6,10,6
234,Huluwa7,11,7
234,Xiezijing,11,2

235,Huluwa3,11,3
235,Huluwa4,10,4
235,Huluwa5,11,5
235,Huluwa6,10,6
235,Huluwa7,11,7
235,Xiezijing,11,2

236,Huluwa3,11,3
236,Huluwa4,10,4
236,Huluwa5,11,5
236,Huluwa6,10,6
236,Huluwa7,11,7
236,Xiezijing,11,2

237,Huluwa3,11,3
237,Huluwa4,10,4
237,Huluwa5,11,5
237,Huluwa6,10,6
237,Huluwa7,11,7
237,Xiezijing,11,2

238,Huluwa3,11,3
238,Huluwa4,10,4
238,Huluwa5,11,5
238,Huluwa6,10,6
238,Huluwa7,11,7
238,Xiezijing,11,2

239,Huluwa3,11,3
239,Huluwa4,10,4
239,Huluwa5,11,5
239,Huluwa6,10,6
239,Huluwa7,11,7
239,Xiezijing,11,2

240,Huluwa3,11,3
240,Huluwa4,10,4
240,Huluwa5,11,5
240,Huluwa6,10,6
240,Huluwa7,11,7
240,Xiezijing,11,2

241,Huluwa3,11,3
241,Huluwa4,10,4
241,Huluwa5,11,5
241,Huluwa6,10,6
241,Huluwa7,11,7

