0,Huluwa1,2,2
0,Huluwa2,2,3
0,Huluwa3,2,4
0,Huluwa4,2,5
0,Yeye,7,5
0,Huluwa5,2,6
0,Huluwa6,2,7
0,Huluwa7,2,8
0,Xiezijing,20,2
0,Xiaolouluo,19,3
0,Xiezijing,18,4
0,Xiaolouluo,17,5
0,Shejing,21,5
0,Xiezijing,18,6
0,Xiaolouluo,19,7
0,Xiezijing,20,8

1,Huluwa1,2,2
1,Huluwa2,2,3
1,Huluwa3,2,4
1,Huluwa4,2,5
1,Yeye,7,5
1,Huluwa5,2,6
1,Huluwa6,2,7
1,Huluwa7,2,8
1,Xiezijing,20,2
1,Xiaolouluo,19,3
1,Xiezijing,18,4
1,Xiaolouluo,17,5
1,Shejing,21,5
1,Xiezijing,18,6
1,Xiaolouluo,19,7
1,Xiezijing,20,8

2,Huluwa1,2,2
2,Huluwa2,2,3
2,Huluwa3,2,4
2,Huluwa4,2,5
2,Yeye,7,5
2,Huluwa5,2,6
2,Huluwa6,2,7
2,Huluwa7,2,8
2,Xiezijing,20,2
2,Xiaolouluo,19,3
2,Xiezijing,18,4
2,Xiaolouluo,17,5
2,Shejing,21,5
2,Xiezijing,18,6
2,Xiaolouluo,19,7
2,Xiezijing,20,8

3,Huluwa1,2,2
3,Huluwa2,2,3
3,Huluwa3,2,4
3,Huluwa4,2,5
3,Yeye,7,5
3,Huluwa5,2,6
3,Huluwa6,2,7
3,Huluwa7,2,8
3,Xiezijing,20,2
3,Xiaolouluo,19,3
3,Xiezijing,18,4
3,Xiaolouluo,17,5
3,Shejing,21,5
3,Xiezijing,18,6
3,Xiaolouluo,19,7
3,Xiezijing,20,8

4,Huluwa1,2,2
4,Huluwa2,2,3
4,Huluwa3,2,4
4,Huluwa4,2,5
4,Yeye,7,5
4,Huluwa5,2,6
4,Huluwa6,2,7
4,Huluwa7,2,8
4,Xiezijing,20,2
4,Xiaolouluo,19,3
4,Xiezijing,18,4
4,Xiaolouluo,17,5
4,Shejing,21,5
4,Xiezijing,18,6
4,Xiaolouluo,19,7
4,Xiezijing,20,8

5,Huluwa1,2,2
5,Huluwa2,2,3
5,Huluwa3,2,4
5,Huluwa4,2,5
5,Yeye,7,5
5,Huluwa5,2,6
5,Huluwa6,2,7
5,Huluwa7,2,8
5,Xiezijing,20,2
5,Xiaolouluo,19,3
5,Xiezijing,18,4
5,Xiaolouluo,17,5
5,Shejing,21,5
5,Xiezijing,18,6
5,Xiaolouluo,19,7
5,Xiezijing,20,8

6,Huluwa1,2,2
6,Huluwa2,2,3
6,Huluwa3,2,4
6,Huluwa4,2,5
6,Yeye,7,5
6,Huluwa5,2,6
6,Huluwa6,2,7
6,Huluwa7,2,8
6,Xiezijing,20,2
6,Xiaolouluo,19,3
6,Xiezijing,18,4
6,Xiaolouluo,17,5
6,Shejing,21,5
6,Xiezijing,18,6
6,Xiaolouluo,19,7
6,Xiezijing,20,8

7,Huluwa1,2,2
7,Huluwa2,2,3
7,Huluwa3,2,4
7,Huluwa4,2,5
7,Yeye,7,5
7,Huluwa5,2,6
7,Huluwa6,2,7
7,Huluwa7,2,8
7,Xiezijing,20,2
7,Xiaolouluo,19,3
7,Xiezijing,18,4
7,Xiaolouluo,17,5
7,Shejing,21,5
7,Xiezijing,18,6
7,Xiaolouluo,19,7
7,Xiezijing,20,8

8,Huluwa1,2,2
8,Huluwa2,2,3
8,Huluwa3,2,4
8,Huluwa4,2,5
8,Yeye,7,5
8,Huluwa5,2,6
8,Huluwa6,2,7
8,Huluwa7,2,8
8,Xiezijing,20,2
8,Xiaolouluo,19,3
8,Xiezijing,18,4
8,Xiaolouluo,17,5
8,Shejing,21,5
8,Xiezijing,18,6
8,Xiaolouluo,19,7
8,Xiezijing,20,8

9,Huluwa1,2,2
9,Huluwa2,2,3
9,Huluwa3,2,4
9,Huluwa4,2,5
9,Yeye,7,5
9,Huluwa5,2,6
9,Huluwa6,2,7
9,Huluwa7,2,8
9,Xiezijing,20,2
9,Xiaolouluo,19,3
9,Xiezijing,18,4
9,Xiaolouluo,17,5
9,Shejing,21,5
9,Xiezijing,18,6
9,Xiaolouluo,19,7
9,Xiezijing,20,8

10,Huluwa1,2,2
10,Huluwa2,2,3
10,Huluwa3,2,4
10,Huluwa4,2,5
10,Yeye,7,5
10,Huluwa5,2,6
10,Huluwa6,2,7
10,Huluwa7,2,8
10,Xiezijing,20,2
10,Xiaolouluo,19,3
10,Xiezijing,18,4
10,Xiaolouluo,17,5
10,Shejing,21,5
10,Xiezijing,18,6
10,Xiaolouluo,19,7
10,Xiezijing,20,8

11,Huluwa1,2,2
11,Huluwa2,2,3
11,Huluwa3,2,4
11,Huluwa4,2,5
11,Yeye,7,5
11,Huluwa5,2,6
11,Huluwa6,2,7
11,Huluwa7,2,8
11,Xiezijing,20,2
11,Xiaolouluo,19,3
11,Xiezijing,18,4
11,Xiaolouluo,17,5
11,Shejing,21,5
11,Xiezijing,18,6
11,Xiaolouluo,19,7
11,Xiezijing,20,8

12,Huluwa1,2,2
12,Huluwa2,2,3
12,Huluwa3,2,4
12,Huluwa4,2,5
12,Yeye,7,5
12,Huluwa5,2,6
12,Huluwa6,2,7
12,Huluwa7,2,8
12,Xiezijing,20,2
12,Xiaolouluo,19,3
12,Xiezijing,18,4
12,Xiaolouluo,17,5
12,Shejing,21,5
12,Xiezijing,18,6
12,Xiaolouluo,19,7
12,Xiezijing,20,8

13,Huluwa1,2,2
13,Huluwa2,2,3
13,Huluwa3,2,4
13,Huluwa4,2,5
13,Yeye,7,5
13,Huluwa5,2,6
13,Huluwa6,2,7
13,Huluwa7,2,8
13,Xiezijing,20,2
13,Xiaolouluo,19,3
13,Xiezijing,18,4
13,Xiaolouluo,17,5
13,Shejing,21,5
13,Xiezijing,18,6
13,Xiaolouluo,19,7
13,Xiezijing,20,8

14,Huluwa1,2,2
14,Huluwa2,2,3
14,Huluwa3,2,4
14,Huluwa4,2,5
14,Yeye,7,5
14,Huluwa5,2,6
14,Huluwa6,2,7
14,Huluwa7,2,8
14,Xiezijing,20,2
14,Xiaolouluo,19,3
14,Xiezijing,18,4
14,Xiaolouluo,17,5
14,Shejing,21,5
14,Xiezijing,18,6
14,Xiaolouluo,19,7
14,Xiezijing,20,8

15,Huluwa1,2,2
15,Huluwa2,2,3
15,Huluwa3,2,4
15,Huluwa4,2,5
15,Yeye,7,5
15,Huluwa5,2,6
15,Huluwa6,2,7
15,Huluwa7,2,8
15,Xiezijing,20,2
15,Xiaolouluo,19,3
15,Xiezijing,18,4
15,Xiaolouluo,17,5
15,Shejing,21,5
15,Xiezijing,18,6
15,Xiaolouluo,19,7
15,Xiezijing,20,8

16,Huluwa1,2,2
16,Huluwa2,2,3
16,Huluwa3,2,4
16,Huluwa4,2,5
16,Yeye,7,5
16,Huluwa5,2,6
16,Huluwa6,2,7
16,Huluwa7,2,8
16,Xiezijing,20,2
16,Xiaolouluo,19,3
16,Xiezijing,18,4
16,Xiaolouluo,17,5
16,Shejing,21,5
16,Xiezijing,18,6
16,Xiaolouluo,19,7
16,Xiezijing,20,8

17,Huluwa1,2,2
17,Huluwa2,2,3
17,Huluwa3,2,4
17,Huluwa4,2,5
17,Yeye,7,5
17,Huluwa5,2,6
17,Huluwa6,2,7
17,Huluwa7,2,8
17,Xiezijing,20,2
17,Xiaolouluo,19,3
17,Xiezijing,18,4
17,Xiaolouluo,17,5
17,Shejing,21,5
17,Xiezijing,18,6
17,Xiaolouluo,19,7
17,Xiezijing,20,8

18,Huluwa1,2,2
18,Huluwa2,2,3
18,Huluwa3,2,4
18,Huluwa4,2,5
18,Yeye,7,5
18,Huluwa5,2,6
18,Huluwa6,2,7
18,Huluwa7,2,8
18,Xiezijing,20,2
18,Xiaolouluo,19,3
18,Xiezijing,18,4
18,Xiaolouluo,17,5
18,Shejing,21,5
18,Xiezijing,18,6
18,Xiaolouluo,19,7
18,Xiezijing,20,8

19,Huluwa1,2,2
19,Huluwa2,2,3
19,Huluwa3,2,4
19,Huluwa4,2,5
19,Yeye,7,5
19,Huluwa5,2,6
19,Huluwa6,2,7
19,Huluwa7,2,8
19,Xiezijing,20,2
19,Xiaolouluo,19,3
19,Xiezijing,18,4
19,Xiaolouluo,17,5
19,Shejing,21,5
19,Xiezijing,18,6
19,Xiaolouluo,19,7
19,Xiezijing,20,8

20,Huluwa1,2,2
20,Huluwa2,2,3
20,Huluwa3,2,4
20,Huluwa4,2,5
20,Yeye,7,5
20,Huluwa5,2,6
20,Huluwa6,2,7
20,Huluwa7,2,8
20,Xiezijing,20,2
20,Xiaolouluo,19,3
20,Xiezijing,18,4
20,Xiaolouluo,17,5
20,Shejing,21,5
20,Xiezijing,18,6
20,Xiaolouluo,19,7
20,Xiezijing,20,8

21,Huluwa1,2,2
21,Huluwa2,2,3
21,Huluwa3,2,4
21,Huluwa4,2,5
21,Yeye,7,5
21,Huluwa5,2,6
21,Huluwa6,2,7
21,Huluwa7,2,8
21,Xiezijing,20,2
21,Xiaolouluo,19,3
21,Xiezijing,18,4
21,Xiaolouluo,17,5
21,Shejing,21,5
21,Xiezijing,18,6
21,Xiaolouluo,19,7
21,Xiezijing,20,8

22,Huluwa1,2,2
22,Huluwa2,2,3
22,Huluwa3,2,4
22,Huluwa4,2,5
22,Yeye,7,5
22,Huluwa5,2,6
22,Huluwa6,2,7
22,Huluwa7,2,8
22,Xiezijing,20,2
22,Xiaolouluo,19,3
22,Xiezijing,18,4
22,Xiaolouluo,17,5
22,Shejing,21,5
22,Xiezijing,18,6
22,Xiaolouluo,19,7
22,Xiezijing,20,8

23,Huluwa1,2,2
23,Huluwa2,2,3
23,Huluwa3,2,4
23,Huluwa4,2,5
23,Yeye,7,5
23,Huluwa5,2,6
23,Huluwa6,2,7
23,Huluwa7,2,8
23,Xiezijing,20,2
23,Xiaolouluo,19,3
23,Xiezijing,18,4
23,Xiaolouluo,17,5
23,Shejing,21,5
23,Xiezijing,18,6
23,Xiaolouluo,19,7
23,Xiezijing,20,8

24,Huluwa1,2,2
24,Huluwa2,2,3
24,Huluwa3,2,4
24,Huluwa4,2,5
24,Yeye,7,5
24,Huluwa5,2,6
24,Huluwa6,2,7
24,Huluwa7,2,8
24,Xiezijing,20,2
24,Xiaolouluo,19,3
24,Xiezijing,18,4
24,Xiaolouluo,17,5
24,Shejing,21,5
24,Xiezijing,18,6
24,Xiaolouluo,19,7
24,Xiezijing,20,8

25,Huluwa1,2,2
25,Huluwa2,2,3
25,Huluwa3,2,4
25,Huluwa4,2,5
25,Yeye,7,5
25,Huluwa5,2,6
25,Huluwa6,2,7
25,Huluwa7,2,8
25,Xiezijing,20,2
25,Xiaolouluo,19,3
25,Xiezijing,18,4
25,Xiaolouluo,17,5
25,Shejing,21,5
25,Xiezijing,18,6
25,Xiaolouluo,19,7
25,Xiezijing,20,8

26,Huluwa1,2,2
26,Huluwa2,2,3
26,Huluwa3,2,4
26,Huluwa4,2,5
26,Yeye,7,5
26,Huluwa5,2,6
26,Huluwa6,2,7
26,Huluwa7,2,8
26,Xiezijing,20,2
26,Xiaolouluo,19,3
26,Xiezijing,18,4
26,Xiaolouluo,17,5
26,Shejing,21,5
26,Xiezijing,18,6
26,Xiaolouluo,19,7
26,Xiezijing,20,8

27,Huluwa1,2,2
27,Huluwa2,2,3
27,Huluwa3,2,4
27,Huluwa4,2,5
27,Yeye,7,5
27,Huluwa5,2,6
27,Huluwa6,2,7
27,Huluwa7,2,8
27,Xiezijing,20,2
27,Xiaolouluo,19,3
27,Xiezijing,18,4
27,Xiaolouluo,17,5
27,Shejing,21,5
27,Xiezijing,18,6
27,Xiaolouluo,19,7
27,Xiezijing,20,8

28,Huluwa1,2,2
28,Huluwa2,2,3
28,Huluwa3,2,4
28,Huluwa4,2,5
28,Yeye,7,5
28,Huluwa5,2,6
28,Huluwa6,2,7
28,Huluwa7,2,8
28,Xiezijing,20,2
28,Xiaolouluo,19,3
28,Xiezijing,18,4
28,Xiaolouluo,17,5
28,Shejing,21,5
28,Xiezijing,18,6
28,Xiaolouluo,19,7
28,Xiezijing,20,8

29,Huluwa1,2,2
29,Huluwa2,2,3
29,Huluwa3,2,4
29,Huluwa4,2,5
29,Yeye,7,5
29,Huluwa5,2,6
29,Huluwa6,2,7
29,Huluwa7,2,8
29,Xiezijing,20,2
29,Xiaolouluo,19,3
29,Xiezijing,18,4
29,Xiaolouluo,17,5
29,Shejing,21,5
29,Xiezijing,18,6
29,Xiaolouluo,19,7
29,Xiezijing,20,8

30,Huluwa1,2,2
30,Huluwa2,2,3
30,Huluwa3,2,4
30,Huluwa4,2,5
30,Yeye,7,5
30,Huluwa5,2,6
30,Huluwa6,2,7
30,Huluwa7,2,8
30,Xiezijing,20,2
30,Xiaolouluo,19,3
30,Xiezijing,18,4
30,Xiaolouluo,17,5
30,Shejing,21,5
30,Xiezijing,18,6
30,Xiaolouluo,19,7
30,Xiezijing,20,8

31,Huluwa1,2,2
31,Huluwa2,2,3
31,Huluwa3,2,4
31,Huluwa4,2,5
31,Yeye,7,5
31,Huluwa5,2,6
31,Huluwa6,2,7
31,Huluwa7,2,8
31,Xiezijing,20,2
31,Xiaolouluo,19,3
31,Xiezijing,18,4
31,Xiaolouluo,17,5
31,Shejing,21,5
31,Xiezijing,18,6
31,Xiaolouluo,19,7
31,Xiezijing,20,8

32,Huluwa1,2,2
32,Huluwa2,2,3
32,Huluwa3,2,4
32,Huluwa4,2,5
32,Yeye,7,5
32,Huluwa5,2,6
32,Huluwa6,2,7
32,Huluwa7,2,8
32,Xiezijing,20,2
32,Xiaolouluo,19,3
32,Xiezijing,18,4
32,Xiaolouluo,17,5
32,Shejing,21,5
32,Xiezijing,18,6
32,Xiaolouluo,19,7
32,Xiezijing,20,8

33,Huluwa1,2,2
33,Huluwa2,2,3
33,Huluwa3,2,4
33,Huluwa4,2,5
33,Yeye,7,5
33,Huluwa5,2,6
33,Huluwa6,2,7
33,Huluwa7,2,8
33,Xiezijing,20,2
33,Xiaolouluo,19,3
33,Xiezijing,18,4
33,Xiaolouluo,17,5
33,Shejing,21,5
33,Xiezijing,18,6
33,Xiaolouluo,19,7
33,Xiezijing,20,8

34,Huluwa1,2,2
34,Huluwa2,2,3
34,Huluwa3,2,4
34,Huluwa4,2,5
34,Yeye,7,5
34,Huluwa5,2,6
34,Huluwa6,2,7
34,Huluwa7,2,8
34,Xiezijing,20,2
34,Xiaolouluo,19,3
34,Xiezijing,18,4
34,Xiaolouluo,17,5
34,Shejing,21,5
34,Xiezijing,18,6
34,Xiaolouluo,19,7
34,Xiezijing,20,8

35,Huluwa1,2,2
35,Huluwa2,2,3
35,Huluwa3,2,4
35,Huluwa4,2,5
35,Yeye,7,5
35,Huluwa5,2,6
35,Huluwa6,2,7
35,Huluwa7,2,8
35,Xiezijing,20,2
35,Xiaolouluo,19,3
35,Xiezijing,18,4
35,Xiaolouluo,17,5
35,Shejing,21,5
35,Xiezijing,18,6
35,Xiaolouluo,19,7
35,Xiezijing,20,8

36,Huluwa1,2,2
36,Huluwa2,2,3
36,Huluwa3,2,4
36,Huluwa4,2,5
36,Yeye,7,5
36,Huluwa5,2,6
36,Huluwa6,2,7
36,Huluwa7,2,8
36,Xiezijing,20,2
36,Xiaolouluo,19,3
36,Xiezijing,18,4
36,Xiaolouluo,17,5
36,Shejing,21,5
36,Xiezijing,18,6
36,Xiaolouluo,19,7
36,Xiezijing,20,8

37,Huluwa1,2,2
37,Huluwa2,2,3
37,Huluwa3,2,4
37,Huluwa4,2,5
37,Yeye,7,5
37,Huluwa5,2,6
37,Huluwa6,2,7
37,Huluwa7,2,8
37,Xiezijing,20,2
37,Xiaolouluo,19,3
37,Xiezijing,18,4
37,Xiaolouluo,17,5
37,Shejing,21,5
37,Xiezijing,18,6
37,Xiaolouluo,19,7
37,Xiezijing,20,8

38,Huluwa1,2,2
38,Huluwa2,2,3
38,Huluwa3,2,4
38,Huluwa4,2,5
38,Yeye,7,5
38,Huluwa5,2,6
38,Huluwa6,2,7
38,Huluwa7,2,8
38,Xiezijing,20,2
38,Xiaolouluo,19,3
38,Xiezijing,18,4
38,Xiaolouluo,17,5
38,Shejing,21,5
38,Xiezijing,18,6
38,Xiaolouluo,19,7
38,Xiezijing,20,8

39,Huluwa1,2,2
39,Huluwa2,2,3
39,Huluwa3,2,4
39,Huluwa4,2,5
39,Yeye,7,5
39,Huluwa5,2,6
39,Huluwa6,2,7
39,Huluwa7,2,8
39,Xiezijing,20,2
39,Xiaolouluo,19,3
39,Xiezijing,18,4
39,Xiaolouluo,17,5
39,Shejing,21,5
39,Xiezijing,18,6
39,Xiaolouluo,19,7
39,Xiezijing,20,8

40,Huluwa1,2,2
40,Huluwa2,2,3
40,Huluwa3,2,4
40,Huluwa4,2,5
40,Yeye,7,5
40,Huluwa5,2,6
40,Huluwa6,2,7
40,Huluwa7,2,8
40,Xiezijing,20,2
40,Xiaolouluo,19,3
40,Xiezijing,18,4
40,Xiaolouluo,17,5
40,Shejing,21,5
40,Xiezijing,18,6
40,Xiaolouluo,19,7
40,Xiezijing,20,8

41,Huluwa1,2,2
41,Huluwa2,2,3
41,Huluwa3,2,4
41,Huluwa4,2,5
41,Yeye,7,5
41,Huluwa5,2,6
41,Huluwa6,2,7
41,Huluwa7,2,8
41,Xiezijing,20,2
41,Xiaolouluo,19,3
41,Xiezijing,18,4
41,Xiaolouluo,17,5
41,Shejing,21,5
41,Xiezijing,18,6
41,Xiaolouluo,19,7
41,Xiezijing,20,8

42,Huluwa1,2,2
42,Huluwa2,2,3
42,Huluwa3,2,4
42,Huluwa4,2,5
42,Yeye,7,5
42,Huluwa5,2,6
42,Huluwa6,2,7
42,Huluwa7,2,8
42,Xiezijing,20,2
42,Xiaolouluo,19,3
42,Xiezijing,18,4
42,Xiaolouluo,17,5
42,Shejing,21,5
42,Xiezijing,18,6
42,Xiaolouluo,19,7
42,Xiezijing,20,8

43,Huluwa1,2,2
43,Huluwa2,2,3
43,Huluwa3,2,4
43,Huluwa4,2,5
43,Yeye,7,5
43,Huluwa5,2,6
43,Huluwa6,2,7
43,Huluwa7,2,8
43,Xiezijing,20,2
43,Xiaolouluo,19,3
43,Xiezijing,18,4
43,Xiaolouluo,17,5
43,Shejing,21,5
43,Xiezijing,18,6
43,Xiaolouluo,19,7
43,Xiezijing,20,8

44,Huluwa1,2,2
44,Huluwa2,2,3
44,Huluwa3,2,4
44,Huluwa4,2,5
44,Yeye,7,5
44,Huluwa5,2,6
44,Huluwa6,2,7
44,Huluwa7,2,8
44,Xiezijing,20,2
44,Xiaolouluo,19,3
44,Xiezijing,18,4
44,Xiaolouluo,17,5
44,Shejing,21,5
44,Xiezijing,18,6
44,Xiaolouluo,19,7
44,Xiezijing,20,8

45,Huluwa1,2,2
45,Huluwa2,2,3
45,Huluwa3,2,4
45,Huluwa4,2,5
45,Yeye,7,5
45,Huluwa5,2,6
45,Huluwa6,2,7
45,Huluwa7,2,8
45,Xiezijing,20,2
45,Xiaolouluo,19,3
45,Xiezijing,18,4
45,Xiaolouluo,17,5
45,Shejing,21,5
45,Xiezijing,18,6
45,Xiaolouluo,19,7
45,Xiezijing,20,8

46,Huluwa1,2,2
46,Huluwa2,2,3
46,Huluwa3,2,4
46,Huluwa4,2,5
46,Yeye,7,5
46,Huluwa5,2,6
46,Huluwa6,2,7
46,Huluwa7,2,8
46,Xiezijing,20,2
46,Xiaolouluo,19,3
46,Xiezijing,18,4
46,Xiaolouluo,17,5
46,Shejing,21,5
46,Xiezijing,18,6
46,Xiaolouluo,19,7
46,Xiezijing,20,8

47,Huluwa1,2,2
47,Huluwa2,2,3
47,Huluwa3,2,4
47,Huluwa4,2,5
47,Yeye,7,5
47,Huluwa5,2,6
47,Huluwa6,2,7
47,Huluwa7,2,8
47,Xiezijing,20,2
47,Xiaolouluo,19,3
47,Xiezijing,18,4
47,Xiaolouluo,17,5
47,Shejing,21,5
47,Xiezijing,18,6
47,Xiaolouluo,19,7
47,Xiezijing,20,8

48,Huluwa1,2,2
48,Huluwa2,2,3
48,Huluwa3,2,4
48,Huluwa4,2,5
48,Yeye,7,5
48,Huluwa5,2,6
48,Huluwa6,2,7
48,Huluwa7,2,8
48,Xiezijing,20,2
48,Xiaolouluo,19,3
48,Xiezijing,18,4
48,Xiaolouluo,17,5
48,Shejing,21,5
48,Xiezijing,18,6
48,Xiaolouluo,19,7
48,Xiezijing,20,8

49,Huluwa1,2,2
49,Huluwa2,2,3
49,Huluwa3,2,4
49,Huluwa4,2,5
49,Yeye,7,5
49,Huluwa5,2,6
49,Huluwa6,2,7
49,Huluwa7,2,8
49,Xiezijing,20,2
49,Xiaolouluo,19,3
49,Xiezijing,18,4
49,Xiaolouluo,17,5
49,Shejing,21,5
49,Xiezijing,18,6
49,Xiaolouluo,19,7
49,Xiezijing,20,8

50,Huluwa1,2,2
50,Huluwa2,2,3
50,Huluwa3,2,4
50,Huluwa4,2,5
50,Yeye,7,5
50,Huluwa5,2,6
50,Huluwa6,2,7
50,Huluwa7,2,8
50,Xiezijing,20,2
50,Xiaolouluo,19,3
50,Xiezijing,18,4
50,Xiaolouluo,17,5
50,Shejing,21,5
50,Xiezijing,18,6
50,Xiaolouluo,19,7
50,Xiezijing,20,8

51,Huluwa1,2,2
51,Huluwa2,2,3
51,Huluwa3,2,4
51,Huluwa4,2,5
51,Yeye,7,5
51,Huluwa5,2,6
51,Huluwa6,2,7
51,Huluwa7,2,8
51,Xiezijing,20,2
51,Xiaolouluo,19,3
51,Xiezijing,18,4
51,Xiaolouluo,17,5
51,Shejing,21,5
51,Xiezijing,18,6
51,Xiaolouluo,19,7
51,Xiezijing,20,8

52,Huluwa1,2,2
52,Huluwa2,2,3
52,Huluwa3,2,4
52,Huluwa4,2,5
52,Yeye,7,5
52,Huluwa5,2,6
52,Huluwa6,2,7
52,Huluwa7,2,8
52,Xiezijing,20,2
52,Xiaolouluo,19,3
52,Xiezijing,18,4
52,Xiaolouluo,17,5
52,Shejing,21,5
52,Xiezijing,18,6
52,Xiaolouluo,19,7
52,Xiezijing,20,8

53,Huluwa1,2,2
53,Huluwa2,2,3
53,Huluwa3,2,4
53,Huluwa4,2,5
53,Yeye,7,5
53,Huluwa5,2,6
53,Huluwa6,2,7
53,Huluwa7,2,8
53,Xiezijing,20,2
53,Xiaolouluo,19,3
53,Xiezijing,18,4
53,Xiaolouluo,17,5
53,Shejing,21,5
53,Xiezijing,18,6
53,Xiaolouluo,19,7
53,Xiezijing,20,8

54,Huluwa1,2,2
54,Huluwa2,2,3
54,Huluwa3,2,4
54,Huluwa4,2,5
54,Yeye,7,5
54,Huluwa5,2,6
54,Huluwa6,2,7
54,Huluwa7,2,8
54,Xiezijing,20,2
54,Xiaolouluo,19,3
54,Xiezijing,18,4
54,Xiaolouluo,17,5
54,Shejing,21,5
54,Xiezijing,18,6
54,Xiaolouluo,19,7
54,Xiezijing,20,8

55,Huluwa1,2,2
55,Huluwa2,2,3
55,Huluwa3,2,4
55,Huluwa4,2,5
55,Yeye,7,5
55,Huluwa5,2,6
55,Huluwa6,2,7
55,Huluwa7,2,8
55,Xiezijing,20,2
55,Xiaolouluo,19,3
55,Xiezijing,18,4
55,Xiaolouluo,17,5
55,Shejing,21,5
55,Xiezijing,18,6
55,Xiaolouluo,19,7
55,Xiezijing,20,8

56,Huluwa1,2,2
56,Huluwa2,2,3
56,Huluwa3,2,4
56,Huluwa4,2,5
56,Yeye,7,5
56,Huluwa5,2,6
56,Huluwa6,2,7
56,Huluwa7,2,8
56,Xiezijing,20,2
56,Xiaolouluo,19,3
56,Xiezijing,18,4
56,Xiaolouluo,17,5
56,Shejing,21,5
56,Xiezijing,18,6
56,Xiaolouluo,19,7
56,Xiezijing,20,8

57,Huluwa1,2,2
57,Huluwa2,2,3
57,Huluwa3,2,4
57,Huluwa4,2,5
57,Yeye,7,5
57,Huluwa5,2,6
57,Huluwa6,2,7
57,Huluwa7,2,8
57,Xiezijing,20,2
57,Xiaolouluo,19,3
57,Xiezijing,18,4
57,Xiaolouluo,17,5
57,Shejing,21,5
57,Xiezijing,18,6
57,Xiaolouluo,19,7
57,Xiezijing,20,8

58,Huluwa1,2,2
58,Huluwa2,2,3
58,Huluwa3,2,4
58,Huluwa4,2,5
58,Yeye,7,5
58,Huluwa5,2,6
58,Huluwa6,2,7
58,Huluwa7,2,8
58,Xiezijing,20,2
58,Xiaolouluo,19,3
58,Xiezijing,18,4
58,Xiaolouluo,17,5
58,Shejing,21,5
58,Xiezijing,18,6
58,Xiaolouluo,19,7
58,Xiezijing,20,8

59,Huluwa1,2,2
59,Huluwa2,2,3
59,Huluwa3,2,4
59,Huluwa4,2,5
59,Yeye,7,5
59,Huluwa5,2,6
59,Huluwa6,2,7
59,Huluwa7,2,8
59,Xiezijing,20,2
59,Xiaolouluo,19,3
59,Xiezijing,18,4
59,Xiaolouluo,17,5
59,Shejing,21,5
59,Xiezijing,18,6
59,Xiaolouluo,19,7
59,Xiezijing,20,8

60,Huluwa1,2,2
60,Huluwa2,2,3
60,Huluwa3,2,4
60,Huluwa4,2,5
60,Yeye,7,5
60,Huluwa5,2,6
60,Huluwa6,2,7
60,Huluwa7,2,8
60,Xiezijing,20,2
60,Xiaolouluo,19,3
60,Xiezijing,18,4
60,Xiaolouluo,17,5
60,Shejing,21,5
60,Xiezijing,18,6
60,Xiaolouluo,19,7
60,Xiezijing,20,8

61,Huluwa1,2,2
61,Huluwa2,2,3
61,Huluwa3,2,4
61,Huluwa4,2,5
61,Yeye,7,5
61,Huluwa5,2,6
61,Huluwa6,2,7
61,Huluwa7,2,8
61,Xiezijing,20,2
61,Xiaolouluo,19,3
61,Xiezijing,18,4
61,Xiaolouluo,17,5
61,Shejing,21,5
61,Xiezijing,18,6
61,Xiaolouluo,19,7
61,Xiezijing,20,8

62,Huluwa1,2,2
62,Huluwa2,2,3
62,Huluwa3,2,4
62,Huluwa4,2,5
62,Yeye,7,5
62,Huluwa5,2,6
62,Huluwa6,2,7
62,Huluwa7,2,8
62,Xiezijing,20,2
62,Xiaolouluo,19,3
62,Xiezijing,18,4
62,Xiaolouluo,17,5
62,Shejing,21,5
62,Xiezijing,18,6
62,Xiaolouluo,19,7
62,Xiezijing,20,8

63,Huluwa1,2,2
63,Huluwa2,2,3
63,Huluwa3,2,4
63,Huluwa4,2,5
63,Yeye,7,5
63,Huluwa5,2,6
63,Huluwa6,2,7
63,Huluwa7,2,8
63,Xiezijing,20,2
63,Xiaolouluo,19,3
63,Xiezijing,18,4
63,Xiaolouluo,17,5
63,Shejing,21,5
63,Xiezijing,18,6
63,Xiaolouluo,19,7
63,Xiezijing,20,8

64,Huluwa1,2,2
64,Huluwa2,2,3
64,Huluwa3,2,4
64,Huluwa4,2,5
64,Yeye,7,5
64,Huluwa5,2,6
64,Huluwa6,2,7
64,Huluwa7,2,8
64,Xiezijing,20,2
64,Xiaolouluo,19,3
64,Xiezijing,18,4
64,Xiaolouluo,17,5
64,Shejing,21,5
64,Xiezijing,18,6
64,Xiaolouluo,19,7
64,Xiezijing,20,8

65,Huluwa1,2,2
65,Huluwa2,2,3
65,Huluwa3,2,4
65,Huluwa4,2,5
65,Yeye,7,5
65,Huluwa5,2,6
65,Huluwa6,2,7
65,Huluwa7,2,8
65,Xiezijing,20,2
65,Xiaolouluo,19,3
65,Xiezijing,18,4
65,Xiaolouluo,17,5
65,Shejing,21,5
65,Xiezijing,18,6
65,Xiaolouluo,19,7
65,Xiezijing,20,8

66,Huluwa1,2,2
66,Huluwa2,2,3
66,Huluwa3,2,4
66,Huluwa4,2,5
66,Yeye,7,5
66,Huluwa5,2,6
66,Huluwa6,2,7
66,Huluwa7,2,8
66,Xiezijing,20,2
66,Xiaolouluo,19,3
66,Xiezijing,18,4
66,Xiaolouluo,17,5
66,Shejing,21,5
66,Xiezijing,18,6
66,Xiaolouluo,19,7
66,Xiezijing,20,8

67,Huluwa1,2,2
67,Huluwa2,2,3
67,Huluwa3,2,4
67,Huluwa4,2,5
67,Yeye,7,5
67,Huluwa5,2,6
67,Huluwa6,2,7
67,Huluwa7,2,8
67,Xiezijing,20,2
67,Xiaolouluo,19,3
67,Xiezijing,18,4
67,Xiaolouluo,17,5
67,Shejing,21,5
67,Xiezijing,18,6
67,Xiaolouluo,19,7
67,Xiezijing,20,8

68,Huluwa1,2,2
68,Huluwa2,2,3
68,Huluwa3,2,4
68,Huluwa4,2,5
68,Yeye,7,5
68,Huluwa5,2,6
68,Huluwa6,2,7
68,Huluwa7,2,8
68,Xiezijing,20,2
68,Xiaolouluo,19,3
68,Xiezijing,18,4
68,Xiaolouluo,17,5
68,Shejing,21,5
68,Xiezijing,18,6
68,Xiaolouluo,19,7
68,Xiezijing,20,8

69,Huluwa1,2,2
69,Huluwa2,2,3
69,Huluwa3,2,4
69,Huluwa4,2,5
69,Yeye,7,5
69,Huluwa5,2,6
69,Huluwa6,2,7
69,Huluwa7,2,8
69,Xiezijing,20,2
69,Xiaolouluo,19,3
69,Xiezijing,18,4
69,Xiaolouluo,17,5
69,Shejing,21,5
69,Xiezijing,18,6
69,Xiaolouluo,19,7
69,Xiezijing,20,8

70,Huluwa1,2,2
70,Huluwa2,2,3
70,Huluwa3,2,4
70,Huluwa4,2,5
70,Yeye,7,5
70,Huluwa5,2,6
70,Huluwa6,2,7
70,Huluwa7,2,8
70,Xiezijing,20,2
70,Xiaolouluo,19,3
70,Xiezijing,18,4
70,Xiaolouluo,17,5
70,Shejing,21,5
70,Xiezijing,18,6
70,Xiaolouluo,19,7
70,Xiezijing,20,8

71,Huluwa1,2,2
71,Huluwa2,2,3
71,Huluwa3,2,4
71,Huluwa4,2,5
71,Yeye,7,5
71,Huluwa5,2,6
71,Huluwa6,2,7
71,Huluwa7,2,8
71,Xiezijing,20,2
71,Xiaolouluo,19,3
71,Xiezijing,18,4
71,Xiaolouluo,17,5
71,Shejing,21,5
71,Xiezijing,18,6
71,Xiaolouluo,19,7
71,Xiezijing,20,8

72,Huluwa1,2,2
72,Huluwa2,2,3
72,Huluwa3,2,4
72,Huluwa4,2,5
72,Yeye,7,5
72,Huluwa5,2,6
72,Huluwa6,2,7
72,Huluwa7,2,8
72,Xiezijing,20,2
72,Xiaolouluo,19,3
72,Xiezijing,18,4
72,Xiaolouluo,17,5
72,Shejing,21,5
72,Xiezijing,18,6
72,Xiaolouluo,19,7
72,Xiezijing,20,8

73,Huluwa1,2,2
73,Huluwa2,2,3
73,Huluwa3,2,4
73,Huluwa4,2,5
73,Yeye,7,5
73,Huluwa5,2,6
73,Huluwa6,2,7
73,Huluwa7,2,8
73,Xiezijing,20,2
73,Xiaolouluo,19,3
73,Xiezijing,18,4
73,Xiaolouluo,17,5
73,Shejing,21,5
73,Xiezijing,18,6
73,Xiaolouluo,19,7
73,Xiezijing,20,8

74,Huluwa1,2,2
74,Huluwa2,2,3
74,Huluwa3,2,4
74,Huluwa4,2,5
74,Yeye,7,5
74,Huluwa5,2,6
74,Huluwa6,2,7
74,Huluwa7,2,8
74,Xiezijing,20,2
74,Xiaolouluo,19,3
74,Xiezijing,18,4
74,Xiaolouluo,17,5
74,Shejing,21,5
74,Xiezijing,18,6
74,Xiaolouluo,19,7
74,Xiezijing,20,8

75,Huluwa1,2,2
75,Huluwa2,2,3
75,Huluwa3,2,4
75,Huluwa4,2,5
75,Yeye,7,5
75,Huluwa5,2,6
75,Huluwa6,2,7
75,Huluwa7,2,8
75,Xiezijing,20,2
75,Xiaolouluo,19,3
75,Xiezijing,18,4
75,Xiaolouluo,17,5
75,Shejing,21,5
75,Xiezijing,18,6
75,Xiaolouluo,19,7
75,Xiezijing,20,8

76,Huluwa1,2,2
76,Huluwa2,2,3
76,Huluwa3,2,4
76,Huluwa4,2,5
76,Yeye,7,5
76,Huluwa5,2,6
76,Huluwa6,2,7
76,Huluwa7,2,8
76,Xiezijing,20,2
76,Xiaolouluo,19,3
76,Xiezijing,18,4
76,Xiaolouluo,17,5
76,Shejing,21,5
76,Xiezijing,18,6
76,Xiaolouluo,19,7
76,Xiezijing,20,8

77,Huluwa1,2,2
77,Huluwa2,2,3
77,Huluwa3,2,4
77,Huluwa4,2,5
77,Yeye,7,5
77,Huluwa5,2,6
77,Huluwa6,2,7
77,Huluwa7,2,8
77,Xiezijing,20,2
77,Xiaolouluo,19,3
77,Xiezijing,18,4
77,Xiaolouluo,17,5
77,Shejing,21,5
77,Xiezijing,18,6
77,Xiaolouluo,19,7
77,Xiezijing,20,8

78,Huluwa1,2,2
78,Huluwa2,2,3
78,Huluwa3,2,4
78,Huluwa4,2,5
78,Yeye,7,5
78,Huluwa5,2,6
78,Huluwa6,2,7
78,Huluwa7,2,8
78,Xiezijing,20,2
78,Xiaolouluo,19,3
78,Xiezijing,18,4
78,Xiaolouluo,17,5
78,Shejing,21,5
78,Xiezijing,18,6
78,Xiaolouluo,19,7
78,Xiezijing,20,8

79,Huluwa1,2,2
79,Huluwa2,2,3
79,Huluwa3,2,4
79,Huluwa4,2,5
79,Yeye,7,5
79,Huluwa5,2,6
79,Huluwa6,2,7
79,Huluwa7,2,8
79,Xiezijing,20,2
79,Xiaolouluo,19,3
79,Xiezijing,18,4
79,Xiaolouluo,17,5
79,Shejing,21,5
79,Xiezijing,18,6
79,Xiaolouluo,19,7
79,Xiezijing,20,8

80,Huluwa1,2,2
80,Huluwa2,2,3
80,Huluwa3,2,4
80,Huluwa4,2,5
80,Yeye,7,5
80,Huluwa5,2,6
80,Huluwa6,2,7
80,Huluwa7,2,8
80,Xiezijing,20,2
80,Xiaolouluo,19,3
80,Xiezijing,18,4
80,Xiaolouluo,17,5
80,Shejing,21,5
80,Xiezijing,18,6
80,Xiaolouluo,19,7
80,Xiezijing,20,8

81,Huluwa1,2,2
81,Huluwa2,2,3
81,Huluwa3,2,4
81,Huluwa4,2,5
81,Yeye,7,5
81,Huluwa5,2,6
81,Huluwa6,2,7
81,Huluwa7,2,8
81,Xiezijing,20,2
81,Xiaolouluo,19,3
81,Xiezijing,18,4
81,Xiaolouluo,17,5
81,Shejing,21,5
81,Xiezijing,18,6
81,Xiaolouluo,19,7
81,Xiezijing,20,8

82,Huluwa1,2,2
82,Huluwa2,2,3
82,Huluwa3,2,4
82,Huluwa4,2,5
82,Yeye,7,5
82,Huluwa5,2,6
82,Huluwa6,2,7
82,Huluwa7,2,8
82,Xiezijing,20,2
82,Xiaolouluo,19,3
82,Xiezijing,18,4
82,Xiaolouluo,17,5
82,Shejing,21,5
82,Xiezijing,18,6
82,Xiaolouluo,19,7
82,Xiezijing,20,8

83,Huluwa1,2,2
83,Huluwa2,2,3
83,Huluwa3,2,4
83,Huluwa4,2,5
83,Yeye,7,5
83,Huluwa5,2,6
83,Huluwa6,2,7
83,Huluwa7,2,8
83,Xiezijing,20,2
83,Xiaolouluo,19,3
83,Xiezijing,18,4
83,Xiaolouluo,17,5
83,Shejing,21,5
83,Xiezijing,18,6
83,Xiaolouluo,19,7
83,Xiezijing,20,8

84,Huluwa1,2,2
84,Huluwa2,2,3
84,Huluwa3,2,4
84,Huluwa4,2,5
84,Yeye,7,5
84,Huluwa5,2,6
84,Huluwa6,2,7
84,Huluwa7,2,8
84,Xiezijing,20,2
84,Xiaolouluo,19,3
84,Xiezijing,18,4
84,Xiaolouluo,17,5
84,Shejing,21,5
84,Xiezijing,18,6
84,Xiaolouluo,19,7
84,Xiezijing,20,8

85,Huluwa1,2,2
85,Huluwa2,2,3
85,Huluwa3,2,4
85,Huluwa4,2,5
85,Yeye,7,5
85,Huluwa5,2,6
85,Huluwa6,2,7
85,Huluwa7,2,8
85,Xiezijing,20,2
85,Xiaolouluo,19,3
85,Xiezijing,18,4
85,Xiaolouluo,17,5
85,Shejing,21,5
85,Xiezijing,18,6
85,Xiaolouluo,19,7
85,Xiezijing,20,8

86,Huluwa1,2,2
86,Huluwa2,2,3
86,Huluwa3,2,4
86,Huluwa4,2,5
86,Yeye,7,5
86,Huluwa5,2,6
86,Huluwa6,2,7
86,Huluwa7,2,8
86,Xiezijing,20,2
86,Xiaolouluo,19,3
86,Xiezijing,18,4
86,Xiaolouluo,17,5
86,Shejing,21,5
86,Xiezijing,18,6
86,Xiaolouluo,19,7
86,Xiezijing,20,8

87,Huluwa1,2,2
87,Huluwa2,2,3
87,Huluwa3,2,4
87,Huluwa4,2,5
87,Yeye,7,5
87,Huluwa5,2,6
87,Huluwa6,2,7
87,Huluwa7,2,8
87,Xiezijing,20,2
87,Xiaolouluo,19,3
87,Xiezijing,18,4
87,Xiaolouluo,17,5
87,Shejing,21,5
87,Xiezijing,18,6
87,Xiaolouluo,19,7
87,Xiezijing,20,8

88,Huluwa1,2,2
88,Huluwa2,2,3
88,Huluwa3,2,4
88,Huluwa4,2,5
88,Yeye,7,5
88,Huluwa5,2,6
88,Huluwa6,2,7
88,Huluwa7,2,8
88,Xiezijing,20,2
88,Xiaolouluo,19,3
88,Xiezijing,18,4
88,Xiaolouluo,17,5
88,Shejing,21,5
88,Xiezijing,18,6
88,Xiaolouluo,19,7
88,Xiezijing,20,8

89,Huluwa1,2,2
89,Huluwa2,2,3
89,Huluwa3,2,4
89,Huluwa4,2,5
89,Yeye,7,5
89,Huluwa5,2,6
89,Huluwa6,2,7
89,Huluwa7,2,8
89,Xiezijing,20,2
89,Xiaolouluo,19,3
89,Xiezijing,18,4
89,Xiaolouluo,17,5
89,Shejing,21,5
89,Xiezijing,18,6
89,Xiaolouluo,19,7
89,Xiezijing,20,8

90,Huluwa1,2,2
90,Huluwa2,2,3
90,Huluwa3,2,4
90,Huluwa4,2,5
90,Yeye,7,5
90,Huluwa5,2,6
90,Huluwa6,2,7
90,Huluwa7,2,8
90,Xiezijing,20,2
90,Xiaolouluo,19,3
90,Xiezijing,18,4
90,Xiaolouluo,17,5
90,Shejing,21,5
90,Xiezijing,18,6
90,Xiaolouluo,19,7
90,Xiezijing,20,8

91,Huluwa1,2,2
91,Huluwa2,2,3
91,Huluwa3,2,4
91,Huluwa4,2,5
91,Yeye,7,5
91,Huluwa5,2,6
91,Huluwa6,2,7
91,Huluwa7,2,8
91,Xiezijing,20,2
91,Xiaolouluo,19,3
91,Xiezijing,18,4
91,Xiaolouluo,17,5
91,Shejing,21,5
91,Xiezijing,18,6
91,Xiaolouluo,19,7
91,Xiezijing,20,8

92,Huluwa1,2,2
92,Huluwa2,2,3
92,Huluwa3,2,4
92,Huluwa4,2,5
92,Yeye,7,5
92,Huluwa5,2,6
92,Huluwa6,2,7
92,Huluwa7,2,8
92,Xiezijing,20,2
92,Xiaolouluo,19,3
92,Xiezijing,18,4
92,Xiaolouluo,17,5
92,Shejing,21,5
92,Xiezijing,18,6
92,Xiaolouluo,19,7
92,Xiezijing,20,8

93,Huluwa1,2,2
93,Huluwa2,2,3
93,Huluwa3,2,4
93,Huluwa4,2,5
93,Yeye,7,5
93,Huluwa5,2,6
93,Huluwa6,2,7
93,Huluwa7,2,8
93,Xiezijing,20,2
93,Xiaolouluo,19,3
93,Xiezijing,18,4
93,Xiaolouluo,17,5
93,Shejing,21,5
93,Xiezijing,18,6
93,Xiaolouluo,19,7
93,Xiezijing,20,8

94,Huluwa1,2,2
94,Huluwa2,2,3
94,Huluwa3,2,4
94,Huluwa4,2,5
94,Yeye,7,5
94,Huluwa5,2,6
94,Huluwa6,2,7
94,Huluwa7,2,8
94,Xiezijing,20,2
94,Xiaolouluo,19,3
94,Xiezijing,18,4
94,Xiaolouluo,17,5
94,Shejing,21,5
94,Xiezijing,18,6
94,Xiaolouluo,19,7
94,Xiezijing,20,8

95,Huluwa1,2,2
95,Huluwa2,2,3
95,Huluwa3,2,4
95,Huluwa4,2,5
95,Yeye,7,5
95,Huluwa5,2,6
95,Huluwa6,2,7
95,Huluwa7,2,8
95,Xiezijing,20,2
95,Xiaolouluo,19,3
95,Xiezijing,18,4
95,Xiaolouluo,17,5
95,Shejing,21,5
95,Xiezijing,18,6
95,Xiaolouluo,19,7
95,Xiezijing,20,8

96,Huluwa1,2,2
96,Huluwa2,2,3
96,Huluwa3,2,4
96,Huluwa4,2,5
96,Yeye,7,5
96,Huluwa5,2,6
96,Huluwa6,2,7
96,Huluwa7,2,8
96,Xiezijing,20,2
96,Xiaolouluo,19,3
96,Xiezijing,18,4
96,Xiaolouluo,17,5
96,Shejing,21,5
96,Xiezijing,18,6
96,Xiaolouluo,19,7
96,Xiezijing,20,8

97,Huluwa1,2,2
97,Huluwa2,2,3
97,Huluwa3,2,4
97,Huluwa4,2,5
97,Yeye,7,5
97,Huluwa5,2,6
97,Huluwa6,2,7
97,Huluwa7,2,8
97,Xiezijing,20,2
97,Xiaolouluo,19,3
97,Xiezijing,18,4
97,Xiaolouluo,17,5
97,Shejing,21,5
97,Xiezijing,18,6
97,Xiaolouluo,19,7
97,Xiezijing,20,8

98,Huluwa1,2,2
98,Huluwa2,2,3
98,Huluwa3,2,4
98,Huluwa4,2,5
98,Yeye,7,5
98,Huluwa5,2,6
98,Huluwa6,2,7
98,Huluwa7,2,8
98,Xiezijing,20,2
98,Xiaolouluo,19,3
98,Xiezijing,18,4
98,Xiaolouluo,17,5
98,Shejing,21,5
98,Xiezijing,18,6
98,Xiaolouluo,19,7
98,Xiezijing,20,8

99,Huluwa1,2,2
99,Huluwa2,2,3
99,Huluwa3,2,4
99,Huluwa4,2,5
99,Yeye,7,5
99,Huluwa5,2,6
99,Huluwa6,2,7
99,Huluwa7,2,8
99,Xiezijing,20,2
99,Xiaolouluo,19,3
99,Xiezijing,18,4
99,Xiaolouluo,17,5
99,Shejing,21,5
99,Xiezijing,18,6
99,Xiaolouluo,19,7
99,Xiezijing,20,8

100,Huluwa1,2,2
100,Huluwa2,2,3
100,Huluwa3,2,4
100,Huluwa4,2,5
100,Yeye,7,5
100,Huluwa5,2,6
100,Huluwa6,2,7
100,Huluwa7,2,8
100,Xiezijing,20,2
100,Xiaolouluo,19,3
100,Xiezijing,18,4
100,Xiaolouluo,17,5
100,Shejing,21,5
100,Xiezijing,18,6
100,Xiaolouluo,19,7
100,Xiezijing,20,8

101,Huluwa1,2,2
101,Huluwa2,2,3
101,Huluwa3,2,4
101,Huluwa4,2,5
101,Yeye,7,5
101,Huluwa5,2,6
101,Huluwa6,2,7
101,Huluwa7,2,8
101,Xiezijing,20,2
101,Xiaolouluo,19,3
101,Xiezijing,18,4
101,Xiaolouluo,17,5
101,Shejing,21,5
101,Xiezijing,18,6
101,Xiaolouluo,19,7
101,Xiezijing,20,8

102,Huluwa1,2,2
102,Huluwa2,2,3
102,Huluwa3,2,4
102,Huluwa4,2,5
102,Yeye,7,5
102,Huluwa5,2,6
102,Huluwa6,2,7
102,Huluwa7,2,8
102,Xiezijing,20,2
102,Xiaolouluo,19,3
102,Xiezijing,18,4
102,Xiaolouluo,17,5
102,Shejing,21,5
102,Xiezijing,18,6
102,Xiaolouluo,19,7
102,Xiezijing,20,8

103,Huluwa1,2,2
103,Huluwa2,2,3
103,Huluwa3,2,4
103,Huluwa4,2,5
103,Yeye,7,5
103,Huluwa5,2,6
103,Huluwa6,2,7
103,Huluwa7,2,8
103,Xiezijing,20,2
103,Xiaolouluo,19,3
103,Xiezijing,18,4
103,Xiaolouluo,17,5
103,Shejing,21,5
103,Xiezijing,18,6
103,Xiaolouluo,19,7
103,Xiezijing,20,8

104,Huluwa1,2,2
104,Huluwa2,2,3
104,Huluwa3,2,4
104,Huluwa4,2,5
104,Yeye,7,5
104,Huluwa5,2,6
104,Huluwa6,2,7
104,Huluwa7,2,8
104,Xiezijing,20,2
104,Xiaolouluo,19,3
104,Xiezijing,18,4
104,Xiaolouluo,17,5
104,Shejing,21,5
104,Xiezijing,18,6
104,Xiaolouluo,19,7
104,Xiezijing,20,8

105,Huluwa1,2,2
105,Huluwa2,2,3
105,Huluwa3,2,4
105,Huluwa4,2,5
105,Yeye,7,5
105,Huluwa5,2,6
105,Huluwa6,2,7
105,Huluwa7,2,8
105,Xiezijing,20,2
105,Xiaolouluo,19,3
105,Xiezijing,18,4
105,Xiaolouluo,17,5
105,Shejing,21,5
105,Xiezijing,18,6
105,Xiaolouluo,19,7
105,Xiezijing,20,8

106,Huluwa1,2,2
106,Huluwa2,2,3
106,Huluwa3,2,4
106,Huluwa4,2,5
106,Yeye,7,5
106,Huluwa5,2,6
106,Huluwa6,2,7
106,Huluwa7,2,8
106,Xiezijing,20,2
106,Xiaolouluo,19,3
106,Xiezijing,18,4
106,Xiaolouluo,17,5
106,Shejing,21,5
106,Xiezijing,18,6
106,Xiaolouluo,19,7
106,Xiezijing,20,8

107,Huluwa1,2,2
107,Huluwa2,2,3
107,Huluwa3,2,4
107,Huluwa4,2,5
107,Yeye,7,5
107,Huluwa5,2,6
107,Huluwa6,2,7
107,Huluwa7,2,8
107,Xiezijing,20,2
107,Xiaolouluo,19,3
107,Xiezijing,18,4
107,Xiaolouluo,17,5
107,Shejing,21,5
107,Xiezijing,18,6
107,Xiaolouluo,19,7
107,Xiezijing,20,8

108,Huluwa1,2,2
108,Huluwa2,2,3
108,Huluwa3,2,4
108,Huluwa4,2,5
108,Yeye,7,5
108,Huluwa5,2,6
108,Huluwa6,2,7
108,Huluwa7,2,8
108,Xiezijing,20,2
108,Xiaolouluo,19,3
108,Xiezijing,18,4
108,Xiaolouluo,17,5
108,Shejing,21,5
108,Xiezijing,18,6
108,Xiaolouluo,19,7
108,Xiezijing,20,8

109,Huluwa1,2,2
109,Huluwa2,2,3
109,Huluwa3,2,4
109,Huluwa4,2,5
109,Yeye,7,5
109,Huluwa5,2,6
109,Huluwa6,2,7
109,Huluwa7,2,8
109,Xiezijing,20,2
109,Xiaolouluo,19,3
109,Xiezijing,18,4
109,Xiaolouluo,17,5
109,Shejing,21,5
109,Xiezijing,18,6
109,Xiaolouluo,19,7
109,Xiezijing,20,8

110,Huluwa1,2,2
110,Huluwa2,2,3
110,Huluwa3,2,4
110,Huluwa4,2,5
110,Yeye,7,5
110,Huluwa5,2,6
110,Huluwa6,2,7
110,Huluwa7,2,8
110,Xiezijing,20,2
110,Xiaolouluo,19,3
110,Xiezijing,18,4
110,Xiaolouluo,17,5
110,Shejing,21,5
110,Xiezijing,18,6
110,Xiaolouluo,19,7
110,Xiezijing,20,8

111,Huluwa1,2,2
111,Huluwa2,2,3
111,Huluwa3,2,4
111,Huluwa4,2,5
111,Yeye,7,5
111,Huluwa5,2,6
111,Huluwa6,2,7
111,Huluwa7,2,8
111,Xiezijing,20,2
111,Xiaolouluo,19,3
111,Xiezijing,18,4
111,Xiaolouluo,17,5
111,Shejing,21,5
111,Xiezijing,18,6
111,Xiaolouluo,19,7
111,Xiezijing,20,8

112,Huluwa1,2,2
112,Huluwa2,2,3
112,Huluwa3,2,4
112,Huluwa4,2,5
112,Yeye,7,5
112,Huluwa5,2,6
112,Huluwa6,2,7
112,Huluwa7,2,8
112,Xiezijing,20,2
112,Xiaolouluo,19,3
112,Xiezijing,18,4
112,Xiaolouluo,17,5
112,Shejing,21,5
112,Xiezijing,18,6
112,Xiaolouluo,19,7
112,Xiezijing,20,8

113,Huluwa1,2,2
113,Huluwa2,2,3
113,Huluwa3,2,4
113,Huluwa4,2,5
113,Yeye,7,5
113,Huluwa5,2,6
113,Huluwa6,2,7
113,Huluwa7,2,8
113,Xiezijing,20,2
113,Xiaolouluo,19,3
113,Xiezijing,18,4
113,Xiaolouluo,17,5
113,Shejing,21,5
113,Xiezijing,18,6
113,Xiaolouluo,19,7
113,Xiezijing,20,8

114,Huluwa1,2,2
114,Huluwa2,2,3
114,Huluwa3,2,4
114,Huluwa4,2,5
114,Yeye,7,5
114,Huluwa5,2,6
114,Huluwa6,2,7
114,Huluwa7,2,8
114,Xiezijing,20,2
114,Xiaolouluo,19,3
114,Xiezijing,18,4
114,Xiaolouluo,17,5
114,Shejing,21,5
114,Xiezijing,18,6
114,Xiaolouluo,19,7
114,Xiezijing,20,8

115,Huluwa1,2,2
115,Huluwa2,2,3
115,Huluwa3,2,4
115,Huluwa4,2,5
115,Yeye,7,5
115,Huluwa5,2,6
115,Huluwa6,2,7
115,Huluwa7,2,8
115,Xiezijing,20,2
115,Xiaolouluo,19,3
115,Xiezijing,18,4
115,Xiaolouluo,17,5
115,Shejing,21,5
115,Xiezijing,18,6
115,Xiaolouluo,19,7
115,Xiezijing,20,8

116,Huluwa1,2,2
116,Huluwa2,2,3
116,Huluwa3,2,4
116,Huluwa4,2,5
116,Yeye,7,5
116,Huluwa5,2,6
116,Huluwa6,2,7
116,Huluwa7,2,8
116,Xiezijing,20,2
116,Xiaolouluo,19,3
116,Xiezijing,18,4
116,Xiaolouluo,17,5
116,Shejing,21,5
116,Xiezijing,18,6
116,Xiaolouluo,19,7
116,Xiezijing,20,8

117,Huluwa1,2,2
117,Huluwa2,2,3
117,Huluwa3,2,4
117,Huluwa4,2,5
117,Yeye,7,5
117,Huluwa5,2,6
117,Huluwa6,2,7
117,Huluwa7,2,8
117,Xiezijing,20,2
117,Xiaolouluo,19,3
117,Xiezijing,18,4
117,Xiaolouluo,17,5
117,Shejing,21,5
117,Xiezijing,18,6
117,Xiaolouluo,19,7
117,Xiezijing,20,8

118,Huluwa1,2,2
118,Huluwa2,2,3
118,Huluwa3,2,4
118,Huluwa4,2,5
118,Yeye,7,5
118,Huluwa5,2,6
118,Huluwa6,2,7
118,Huluwa7,2,8
118,Xiezijing,20,2
118,Xiaolouluo,19,3
118,Xiezijing,18,4
118,Xiaolouluo,17,5
118,Shejing,21,5
118,Xiezijing,18,6
118,Xiaolouluo,19,7
118,Xiezijing,20,8

119,Huluwa1,2,2
119,Huluwa2,2,3
119,Huluwa3,2,4
119,Huluwa4,2,5
119,Yeye,7,5
119,Huluwa5,2,6
119,Huluwa6,2,7
119,Huluwa7,2,8
119,Xiezijing,20,2
119,Xiaolouluo,19,3
119,Xiezijing,18,4
119,Xiaolouluo,17,5
119,Shejing,21,5
119,Xiezijing,18,6
119,Xiaolouluo,19,7
119,Xiezijing,20,8

120,Huluwa1,2,2
120,Huluwa2,2,3
120,Huluwa3,2,4
120,Huluwa4,2,5
120,Yeye,7,5
120,Huluwa5,2,6
120,Huluwa6,2,7
120,Huluwa7,2,8
120,Xiezijing,20,2
120,Xiaolouluo,19,3
120,Xiezijing,18,4
120,Xiaolouluo,17,5
120,Shejing,21,5
120,Xiezijing,18,6
120,Xiaolouluo,19,7
120,Xiezijing,20,8

121,Huluwa1,2,2
121,Huluwa2,2,3
121,Huluwa3,2,4
121,Huluwa4,2,5
121,Yeye,7,5
121,Huluwa5,2,6
121,Huluwa6,2,7
121,Huluwa7,2,8
121,Xiezijing,20,2
121,Xiaolouluo,19,3
121,Xiezijing,18,4
121,Xiaolouluo,17,5
121,Shejing,21,5
121,Xiezijing,18,6
121,Xiaolouluo,19,7
121,Xiezijing,20,8

122,Huluwa1,2,2
122,Huluwa2,2,3
122,Huluwa3,2,4
122,Huluwa4,2,5
122,Yeye,7,5
122,Huluwa5,2,6
122,Huluwa6,2,7
122,Huluwa7,2,8
122,Xiezijing,20,2
122,Xiaolouluo,19,3
122,Xiezijing,18,4
122,Xiaolouluo,17,5
122,Shejing,21,5
122,Xiezijing,18,6
122,Xiaolouluo,19,7
122,Xiezijing,20,8

123,Huluwa1,2,2
123,Huluwa2,2,3
123,Huluwa3,2,4
123,Huluwa4,2,5
123,Yeye,7,5
123,Huluwa5,2,6
123,Huluwa6,2,7
123,Huluwa7,2,8
123,Xiezijing,20,2
123,Xiaolouluo,19,3
123,Xiezijing,18,4
123,Xiaolouluo,17,5
123,Shejing,21,5
123,Xiezijing,18,6
123,Xiaolouluo,19,7
123,Xiezijing,20,8

124,Huluwa1,2,2
124,Huluwa2,2,3
124,Huluwa3,2,4
124,Huluwa4,2,5
124,Yeye,7,5
124,Huluwa5,2,6
124,Huluwa6,2,7
124,Huluwa7,2,8
124,Xiezijing,20,2
124,Xiaolouluo,19,3
124,Xiezijing,18,4
124,Xiaolouluo,17,5
124,Shejing,21,5
124,Xiezijing,18,6
124,Xiaolouluo,19,7
124,Xiezijing,20,8

125,Huluwa1,2,2
125,Huluwa2,2,3
125,Huluwa3,2,4
125,Huluwa4,2,5
125,Yeye,7,5
125,Huluwa5,2,6
125,Huluwa6,2,7
125,Huluwa7,2,8
125,Xiezijing,20,2
125,Xiaolouluo,19,3
125,Xiezijing,18,4
125,Xiaolouluo,17,5
125,Shejing,21,5
125,Xiezijing,18,6
125,Xiaolouluo,19,7
125,Xiezijing,20,8

126,Huluwa1,2,2
126,Huluwa2,2,3
126,Huluwa3,2,4
126,Huluwa4,2,5
126,Yeye,7,5
126,Huluwa5,2,6
126,Huluwa6,2,7
126,Huluwa7,2,8
126,Xiezijing,20,2
126,Xiaolouluo,19,3
126,Xiezijing,18,4
126,Xiaolouluo,17,5
126,Shejing,21,5
126,Xiezijing,18,6
126,Xiaolouluo,19,7
126,Xiezijing,20,8

127,Huluwa1,2,2
127,Huluwa2,2,3
127,Huluwa3,2,4
127,Huluwa4,2,5
127,Yeye,7,5
127,Huluwa5,2,6
127,Huluwa6,2,7
127,Huluwa7,2,8
127,Xiezijing,20,2
127,Xiaolouluo,19,3
127,Xiezijing,18,4
127,Xiaolouluo,17,5
127,Shejing,21,5
127,Xiezijing,18,6
127,Xiaolouluo,19,7
127,Xiezijing,20,8

128,Huluwa1,2,2
128,Huluwa2,2,3
128,Huluwa3,2,4
128,Huluwa4,2,5
128,Yeye,7,5
128,Huluwa5,2,6
128,Huluwa6,2,7
128,Huluwa7,2,8
128,Xiezijing,20,2
128,Xiaolouluo,19,3
128,Xiezijing,18,4
128,Xiaolouluo,17,5
128,Shejing,21,5
128,Xiezijing,18,6
128,Xiaolouluo,19,7
128,Xiezijing,20,8

129,Huluwa1,2,2
129,Huluwa2,2,3
129,Huluwa3,2,4
129,Huluwa4,2,5
129,Yeye,7,5
129,Huluwa5,2,6
129,Huluwa6,2,7
129,Huluwa7,2,8
129,Xiezijing,20,2
129,Xiaolouluo,19,3
129,Xiezijing,18,4
129,Xiaolouluo,17,5
129,Shejing,21,5
129,Xiezijing,18,6
129,Xiaolouluo,19,7
129,Xiezijing,20,8

130,Huluwa1,2,2
130,Huluwa2,2,3
130,Huluwa3,2,4
130,Huluwa4,2,5
130,Yeye,7,5
130,Huluwa5,2,6
130,Huluwa6,2,7
130,Huluwa7,2,8
130,Xiezijing,20,2
130,Xiaolouluo,19,3
130,Xiezijing,18,4
130,Xiaolouluo,17,5
130,Shejing,21,5
130,Xiezijing,18,6
130,Xiaolouluo,19,7
130,Xiezijing,20,8

131,Huluwa1,2,2
131,Huluwa2,2,3
131,Huluwa3,2,4
131,Huluwa4,2,5
131,Yeye,7,5
131,Huluwa5,2,6
131,Huluwa6,2,7
131,Huluwa7,2,8
131,Xiezijing,20,2
131,Xiaolouluo,19,3
131,Xiezijing,18,4
131,Xiaolouluo,17,5
131,Shejing,21,5
131,Xiezijing,18,6
131,Xiaolouluo,19,7
131,Xiezijing,20,8

132,Huluwa1,2,2
132,Huluwa2,2,3
132,Huluwa3,2,4
132,Huluwa4,2,5
132,Yeye,7,5
132,Huluwa5,2,6
132,Huluwa6,2,7
132,Huluwa7,2,8
132,Xiezijing,20,2
132,Xiaolouluo,19,3
132,Xiezijing,18,4
132,Xiaolouluo,17,5
132,Shejing,21,5
132,Xiezijing,18,6
132,Xiaolouluo,19,7
132,Xiezijing,20,8

133,Huluwa1,2,2
133,Huluwa2,2,3
133,Huluwa3,2,4
133,Huluwa4,2,5
133,Yeye,7,5
133,Huluwa5,2,6
133,Huluwa6,2,7
133,Huluwa7,2,8
133,Xiezijing,20,2
133,Xiaolouluo,19,3
133,Xiezijing,18,4
133,Xiaolouluo,17,5
133,Shejing,21,5
133,Xiezijing,18,6
133,Xiaolouluo,19,7
133,Xiezijing,20,8

133,Huluwa1,2,2
133,Huluwa2,2,3
133,Huluwa3,2,4
133,Huluwa4,2,5
133,Yeye,7,5
133,Huluwa5,2,6
133,Huluwa6,2,7
133,Huluwa7,2,8
133,Xiezijing,20,2
134,Xiaolouluo,19,3
134,Xiezijing,18,4
134,Xiaolouluo,17,5
134,Shejing,21,5
134,Xiezijing,18,6
134,Xiaolouluo,19,7
134,Xiezijing,20,8

135,Huluwa1,2,2
135,Huluwa2,2,3
135,Huluwa3,2,4
135,Huluwa4,2,5
135,Yeye,7,5
135,Huluwa5,2,6
135,Huluwa6,2,7
135,Huluwa7,2,8
135,Xiezijing,20,2
135,Xiaolouluo,19,3
135,Xiezijing,18,4
135,Xiaolouluo,17,5
135,Shejing,21,5
135,Xiezijing,18,6
135,Xiaolouluo,19,7
135,Xiezijing,20,8

136,Huluwa1,2,2
136,Huluwa2,2,3
136,Huluwa3,2,4
136,Huluwa4,2,5
136,Yeye,7,5
136,Huluwa5,2,6
136,Huluwa6,2,7
136,Huluwa7,2,8
136,Xiezijing,20,2
136,Xiaolouluo,19,3
136,Xiezijing,18,4
136,Xiaolouluo,17,5
136,Shejing,21,5
136,Xiezijing,18,6
136,Xiaolouluo,19,7
136,Xiezijing,20,8

137,Huluwa1,2,2
137,Huluwa2,2,3
137,Huluwa3,2,4
137,Huluwa4,2,5
137,Yeye,7,5
137,Huluwa5,2,6
137,Huluwa6,2,7
137,Huluwa7,2,8
137,Xiezijing,20,2
137,Xiaolouluo,19,3
137,Xiezijing,18,4
137,Xiaolouluo,17,5
137,Shejing,21,5
137,Xiezijing,18,6
137,Xiaolouluo,19,7
137,Xiezijing,20,8

138,Huluwa1,2,2
138,Huluwa2,2,3
138,Huluwa3,2,4
138,Huluwa4,2,5
138,Yeye,7,5
138,Huluwa5,2,6
138,Huluwa6,2,7
138,Huluwa7,2,8
138,Xiezijing,20,2
138,Xiaolouluo,19,3
138,Xiezijing,18,4
138,Xiaolouluo,17,5
138,Shejing,21,5
138,Xiezijing,18,6
138,Xiaolouluo,19,7
138,Xiezijing,20,8

139,Huluwa1,2,2
139,Huluwa2,2,3
139,Huluwa3,2,4
139,Huluwa4,2,5
139,Yeye,7,5
139,Huluwa5,2,6
139,Huluwa6,2,7
139,Huluwa7,2,8
139,Xiezijing,20,2
139,Xiaolouluo,19,3
139,Xiezijing,18,4
139,Xiaolouluo,17,5
139,Shejing,21,5
139,Xiezijing,18,6
139,Xiaolouluo,19,7
139,Xiezijing,20,8

140,Huluwa1,2,2
140,Huluwa2,2,3
140,Huluwa3,2,4
140,Huluwa4,2,5
140,Yeye,7,5
140,Huluwa5,2,6
140,Huluwa6,2,7
140,Huluwa7,2,8
140,Xiezijing,20,2
140,Xiaolouluo,19,3
140,Xiezijing,18,4
140,Xiaolouluo,17,5
140,Shejing,21,5
140,Xiezijing,18,6
140,Xiaolouluo,19,7
140,Xiezijing,20,8

141,Huluwa1,2,2
141,Huluwa2,2,3
141,Huluwa3,2,4
141,Huluwa4,2,5
141,Yeye,7,5
141,Huluwa5,2,6
141,Huluwa6,2,7
141,Huluwa7,2,8
141,Xiezijing,20,2
141,Xiaolouluo,19,3
141,Xiezijing,18,4
141,Xiaolouluo,17,5
141,Shejing,21,5
141,Xiezijing,18,6
141,Xiaolouluo,19,7
141,Xiezijing,20,8

142,Huluwa1,2,2
142,Huluwa2,2,3
142,Huluwa3,2,4
142,Huluwa4,2,5
142,Yeye,7,5
142,Huluwa5,2,6
142,Huluwa6,2,7
142,Huluwa7,2,8
142,Xiezijing,20,2
142,Xiaolouluo,19,3
142,Xiezijing,18,4
142,Xiaolouluo,17,5
142,Shejing,21,5
142,Xiezijing,18,6
142,Xiaolouluo,19,7
142,Xiezijing,20,8

143,Huluwa1,2,2
143,Huluwa2,2,3
143,Huluwa3,2,4
143,Huluwa4,2,5
143,Yeye,7,5
143,Huluwa5,2,6
143,Huluwa6,2,7
143,Huluwa7,2,8
143,Xiezijing,20,2
143,Xiaolouluo,19,3
143,Xiezijing,18,4
143,Xiaolouluo,17,5
143,Shejing,21,5
143,Xiezijing,18,6
143,Xiaolouluo,19,7
143,Xiezijing,20,8

144,Huluwa1,2,2
144,Huluwa2,2,3
144,Huluwa3,2,4
144,Huluwa4,2,5
144,Yeye,7,5
144,Huluwa5,2,6
144,Huluwa6,2,7
144,Huluwa7,2,8
144,Xiezijing,20,2
144,Xiaolouluo,19,3
144,Xiezijing,18,4
144,Xiaolouluo,17,5
144,Shejing,21,5
144,Xiezijing,18,6
144,Xiaolouluo,19,7
144,Xiezijing,20,8

145,Huluwa1,2,2
145,Huluwa2,2,3
145,Huluwa3,2,4
145,Huluwa4,2,5
145,Yeye,7,5
145,Huluwa5,2,6
145,Huluwa6,2,7
145,Huluwa7,2,8
145,Xiezijing,20,2
145,Xiaolouluo,19,3
145,Xiezijing,18,4
145,Xiaolouluo,17,5
145,Shejing,21,5
145,Xiezijing,18,6
145,Xiaolouluo,19,7
145,Xiezijing,20,8

146,Huluwa1,2,2
146,Huluwa2,2,3
146,Huluwa3,2,4
146,Huluwa4,2,5
146,Yeye,7,5
146,Huluwa5,2,6
146,Huluwa6,2,7
146,Huluwa7,2,8
146,Xiezijing,20,2
146,Xiaolouluo,19,3
146,Xiezijing,18,4
146,Xiaolouluo,17,5
146,Shejing,21,5
146,Xiezijing,18,6
146,Xiaolouluo,19,7
146,Xiezijing,20,8

147,Huluwa1,2,2
147,Huluwa2,2,3
147,Huluwa3,2,4
147,Huluwa4,2,5
147,Yeye,7,5
147,Huluwa5,2,6
147,Huluwa6,2,7
147,Huluwa7,2,8
147,Xiezijing,20,2
147,Xiaolouluo,19,3
147,Xiezijing,18,4
147,Xiaolouluo,17,5
147,Shejing,21,5
147,Xiezijing,18,6
147,Xiaolouluo,19,7
147,Xiezijing,20,8

148,Huluwa1,2,2
148,Huluwa2,2,3
148,Huluwa3,2,4
148,Huluwa4,2,5
148,Yeye,7,5
148,Huluwa5,2,6
148,Huluwa6,2,7
148,Huluwa7,2,8
148,Xiezijing,20,2
148,Xiaolouluo,19,3
148,Xiezijing,18,4
148,Xiaolouluo,17,5
148,Shejing,21,5
148,Xiezijing,18,6
148,Xiaolouluo,19,7
148,Xiezijing,20,8

149,Huluwa1,2,2
149,Huluwa2,2,3
149,Huluwa3,2,4
149,Huluwa4,2,5
149,Yeye,7,5
149,Huluwa5,2,6
149,Huluwa6,2,7
149,Huluwa7,2,8
149,Xiezijing,20,2
149,Xiaolouluo,19,3
149,Xiezijing,18,4
149,Xiaolouluo,17,5
149,Shejing,21,5
149,Xiezijing,18,6
149,Xiaolouluo,19,7
149,Xiezijing,20,8

150,Huluwa1,2,2
150,Huluwa2,2,3
150,Huluwa3,2,4
150,Huluwa4,2,5
150,Yeye,7,5
150,Huluwa5,2,6
150,Huluwa6,2,7
150,Huluwa7,2,8
150,Xiezijing,20,2
150,Xiaolouluo,19,3
150,Xiezijing,18,4
150,Xiaolouluo,17,5
150,Shejing,21,5
150,Xiezijing,18,6
150,Xiaolouluo,19,7
150,Xiezijing,20,8

151,Huluwa1,2,2
151,Huluwa2,2,3
151,Huluwa3,2,4
151,Huluwa4,2,5
151,Yeye,7,5
151,Huluwa5,2,6
151,Huluwa6,2,7
151,Huluwa7,2,8
151,Xiezijing,20,2
151,Xiaolouluo,19,3
151,Xiezijing,18,4
151,Xiaolouluo,17,5
151,Shejing,21,5
151,Xiezijing,18,6
151,Xiaolouluo,19,7
151,Xiezijing,20,8

152,Huluwa1,2,2
152,Huluwa2,2,3
152,Huluwa3,2,4
152,Huluwa4,2,5
152,Yeye,7,5
152,Huluwa5,2,6
152,Huluwa6,2,7
152,Huluwa7,2,8
152,Xiezijing,20,2
152,Xiaolouluo,19,3
152,Xiezijing,18,4
152,Xiaolouluo,17,5
152,Shejing,21,5
152,Xiezijing,18,6
152,Xiaolouluo,19,7
152,Xiezijing,20,8

153,Huluwa1,2,2
153,Huluwa2,2,3
153,Huluwa3,2,4
153,Huluwa4,2,5
153,Yeye,7,5
153,Huluwa5,2,6
153,Huluwa6,2,7
153,Huluwa7,2,8
153,Xiezijing,20,2
153,Xiaolouluo,19,3
153,Xiezijing,18,4
153,Xiaolouluo,17,5
153,Shejing,21,5
153,Xiezijing,18,6
153,Xiaolouluo,19,7
153,Xiezijing,20,8

154,Huluwa1,2,2
154,Huluwa2,2,3
154,Huluwa3,2,4
154,Huluwa4,2,5
154,Yeye,7,5
154,Huluwa5,2,6
154,Huluwa6,2,7
154,Huluwa7,2,8
154,Xiezijing,20,2
154,Xiaolouluo,19,3
154,Xiezijing,18,4
154,Xiaolouluo,17,5
154,Shejing,21,5
154,Xiezijing,18,6
154,Xiaolouluo,19,7
154,Xiezijing,20,8

155,Huluwa1,2,2
155,Huluwa2,2,3
155,Huluwa3,2,4
155,Huluwa4,2,5
155,Yeye,7,5
155,Huluwa5,2,6
155,Huluwa6,2,7
155,Huluwa7,2,8
155,Xiezijing,20,2
155,Xiaolouluo,19,3
155,Xiezijing,18,4
155,Xiaolouluo,17,5
155,Shejing,21,5
155,Xiezijing,18,6
155,Xiaolouluo,19,7
155,Xiezijing,20,8

156,Huluwa1,2,2
156,Huluwa2,2,3
156,Huluwa3,2,4
156,Huluwa4,2,5
156,Yeye,7,5
156,Huluwa5,2,6
156,Huluwa6,2,7
156,Huluwa7,2,8
156,Xiezijing,20,2
156,Xiaolouluo,19,3
156,Xiezijing,18,4
156,Xiaolouluo,17,5
156,Shejing,21,5
156,Xiezijing,18,6
156,Xiaolouluo,19,7
156,Xiezijing,20,8

157,Huluwa1,2,2
157,Huluwa2,2,3
157,Huluwa3,2,4
157,Huluwa4,2,5
157,Yeye,7,5
157,Huluwa5,2,6
157,Huluwa6,2,7
157,Huluwa7,2,8
157,Xiezijing,20,2
157,Xiaolouluo,19,3
157,Xiezijing,18,4
157,Xiaolouluo,17,5
157,Shejing,21,5
157,Xiezijing,18,6
157,Xiaolouluo,19,7
157,Xiezijing,20,8

158,Huluwa1,2,2
158,Huluwa2,2,3
158,Huluwa3,2,4
158,Huluwa4,2,5
158,Yeye,7,5
158,Huluwa5,2,6
158,Huluwa6,2,7
158,Huluwa7,2,8
158,Xiezijing,20,2
158,Xiaolouluo,19,3
158,Xiezijing,18,4
158,Xiaolouluo,17,5
158,Shejing,21,5
158,Xiezijing,18,6
158,Xiaolouluo,19,7
158,Xiezijing,20,8

159,Huluwa1,2,2
159,Huluwa2,2,3
159,Huluwa3,2,4
159,Huluwa4,2,5
159,Yeye,7,5
159,Huluwa5,2,6
159,Huluwa6,2,7
159,Huluwa7,2,8
159,Xiezijing,20,2
159,Xiaolouluo,19,3
159,Xiezijing,18,4
159,Xiaolouluo,17,5
159,Shejing,21,5
159,Xiezijing,18,6
159,Xiaolouluo,19,7
159,Xiezijing,20,8

160,Huluwa1,2,2
160,Huluwa2,2,3
160,Huluwa3,2,4
160,Huluwa4,2,5
160,Yeye,7,5
160,Huluwa5,2,6
160,Huluwa6,2,7
160,Huluwa7,2,8
160,Xiezijing,20,2
160,Xiaolouluo,19,3
160,Xiezijing,18,4
160,Xiaolouluo,17,5
160,Shejing,21,5
160,Xiezijing,18,6
160,Xiaolouluo,19,7
160,Xiezijing,20,8

161,Huluwa1,2,2
161,Huluwa2,2,3
161,Huluwa3,2,4
161,Huluwa4,2,5
161,Yeye,7,5
161,Huluwa5,2,6
161,Huluwa6,2,7
161,Huluwa7,2,8
161,Xiezijing,20,2
161,Xiaolouluo,19,3
161,Xiezijing,18,4
161,Xiaolouluo,17,5
161,Shejing,21,5
161,Xiezijing,18,6
161,Xiaolouluo,19,7
161,Xiezijing,20,8

162,Huluwa1,2,2
162,Huluwa2,2,3
162,Huluwa3,2,4
162,Huluwa4,2,5
162,Yeye,7,5
162,Huluwa5,2,6
162,Huluwa6,2,7
162,Huluwa7,2,8
162,Xiezijing,20,2
162,Xiaolouluo,19,3
162,Xiezijing,18,4
162,Xiaolouluo,17,5
162,Shejing,21,5
162,Xiezijing,18,6
162,Xiaolouluo,19,7
162,Xiezijing,20,8

163,Huluwa1,2,2
163,Huluwa2,2,3
163,Huluwa3,2,4
163,Huluwa4,2,5
163,Yeye,7,5
163,Huluwa5,2,6
163,Huluwa6,2,7
163,Huluwa7,2,8
163,Xiezijing,20,2
163,Xiaolouluo,19,3
163,Xiezijing,18,4
163,Xiaolouluo,17,5
163,Shejing,21,5
163,Xiezijing,18,6
163,Xiaolouluo,19,7
163,Xiezijing,20,8

164,Huluwa1,2,2
164,Huluwa2,2,3
164,Huluwa3,2,4
164,Huluwa4,2,5
164,Yeye,7,5
164,Huluwa5,2,6
164,Huluwa6,2,7
164,Huluwa7,2,8
164,Xiezijing,20,2
164,Xiaolouluo,19,3
164,Xiezijing,18,4
164,Xiaolouluo,17,5
164,Shejing,21,5
164,Xiezijing,18,6
164,Xiaolouluo,19,7
164,Xiezijing,20,8

165,Huluwa1,2,2
165,Huluwa2,2,3
165,Huluwa3,2,4
165,Huluwa4,2,5
165,Yeye,7,5
165,Huluwa5,2,6
165,Huluwa6,2,7
165,Huluwa7,2,8
165,Xiezijing,20,2
165,Xiaolouluo,19,3
165,Xiezijing,18,4
165,Xiaolouluo,17,5
165,Shejing,21,5
165,Xiezijing,18,6
165,Xiaolouluo,19,7
165,Xiezijing,20,8

166,Huluwa1,2,2
166,Huluwa2,2,3
166,Huluwa3,2,4
166,Huluwa4,2,5
166,Yeye,7,5
166,Huluwa5,2,6
166,Huluwa6,2,7
166,Huluwa7,2,8
166,Xiezijing,20,2
166,Xiaolouluo,19,3
166,Xiezijing,18,4
166,Xiaolouluo,17,5
166,Shejing,21,5
166,Xiezijing,18,6
166,Xiaolouluo,19,7
166,Xiezijing,20,8

167,Huluwa1,2,2
167,Huluwa2,2,3
167,Huluwa3,2,4
167,Huluwa4,2,5
167,Yeye,7,5
167,Huluwa5,2,6
167,Huluwa6,2,7
167,Huluwa7,2,8
167,Xiezijing,20,2
167,Xiaolouluo,19,3
167,Xiezijing,18,4
167,Xiaolouluo,17,5
167,Shejing,21,5
167,Xiezijing,18,6
167,Xiaolouluo,19,7
167,Xiezijing,20,8

168,Huluwa1,2,2
168,Huluwa2,2,3
168,Huluwa3,2,4
168,Huluwa4,2,5
168,Yeye,7,5
168,Huluwa5,2,6
168,Huluwa6,2,7
168,Huluwa7,2,8
168,Xiezijing,20,2
168,Xiaolouluo,19,3
168,Xiezijing,18,4
168,Xiaolouluo,17,5
168,Shejing,21,5
168,Xiezijing,18,6
168,Xiaolouluo,19,7
168,Xiezijing,20,8

169,Huluwa1,2,2
169,Huluwa2,2,3
169,Huluwa3,2,4
169,Huluwa4,2,5
169,Yeye,7,5
169,Huluwa5,2,6
169,Huluwa6,2,7
169,Huluwa7,2,8
169,Xiezijing,20,2
169,Xiaolouluo,19,3
169,Xiezijing,18,4
169,Xiaolouluo,17,5
169,Shejing,21,5
169,Xiezijing,18,6
169,Xiaolouluo,19,7
169,Xiezijing,20,8

170,Huluwa1,2,2
170,Huluwa2,2,3
170,Huluwa3,2,4
170,Huluwa4,2,5
170,Yeye,7,5
170,Huluwa5,2,6
170,Huluwa6,2,7
170,Huluwa7,2,8
170,Xiezijing,20,2
170,Xiaolouluo,19,3
170,Xiezijing,18,4
170,Xiaolouluo,17,5
170,Shejing,21,5
170,Xiezijing,18,6
170,Xiaolouluo,19,7
170,Xiezijing,20,8

171,Huluwa1,2,2
171,Huluwa2,2,3
171,Huluwa3,2,4
171,Huluwa4,2,5
171,Yeye,7,5
171,Huluwa5,2,6
171,Huluwa6,2,7
171,Huluwa7,2,8
171,Xiezijing,20,2
171,Xiaolouluo,19,3
171,Xiezijing,18,4
171,Xiaolouluo,17,5
171,Shejing,21,5
171,Xiezijing,18,6
171,Xiaolouluo,19,7
171,Xiezijing,20,8

172,Huluwa1,2,2
172,Huluwa2,2,3
172,Huluwa3,2,4
172,Huluwa4,2,5
172,Yeye,7,5
172,Huluwa5,2,6
172,Huluwa6,2,7
172,Huluwa7,2,8
172,Xiezijing,20,2
172,Xiaolouluo,19,3
172,Xiezijing,18,4
172,Xiaolouluo,17,5
172,Shejing,21,5
172,Xiezijing,18,6
172,Xiaolouluo,19,7
172,Xiezijing,20,8

173,Huluwa1,2,2
173,Huluwa2,2,3
173,Huluwa3,2,4
173,Huluwa4,2,5
173,Yeye,7,5
173,Huluwa5,2,6
173,Huluwa6,2,7
173,Huluwa7,2,8
173,Xiezijing,20,2
173,Xiaolouluo,19,3
173,Xiezijing,18,4
173,Xiaolouluo,17,5
173,Shejing,21,5
173,Xiezijing,18,6
173,Xiaolouluo,19,7
173,Xiezijing,20,8

174,Huluwa1,2,2
174,Huluwa2,2,3
174,Huluwa3,2,4
174,Huluwa4,2,5
174,Yeye,7,5
174,Huluwa5,2,6
174,Huluwa6,2,7
174,Huluwa7,2,8
174,Xiezijing,20,2
174,Xiaolouluo,19,3
174,Xiezijing,18,4
174,Xiaolouluo,17,5
174,Shejing,21,5
174,Xiezijing,18,6
174,Xiaolouluo,19,7
174,Xiezijing,20,8

175,Huluwa1,2,2
175,Huluwa2,2,3
175,Huluwa3,2,4
175,Huluwa4,2,5
175,Yeye,7,5
175,Huluwa5,2,6
175,Huluwa6,2,7
175,Huluwa7,2,8
175,Xiezijing,20,2
175,Xiaolouluo,19,3
175,Xiezijing,18,4
175,Xiaolouluo,17,5
175,Shejing,21,5
175,Xiezijing,18,6
175,Xiaolouluo,19,7
175,Xiezijing,20,8

176,Huluwa1,2,2
176,Huluwa2,2,3
176,Huluwa3,2,4
176,Huluwa4,2,5
176,Yeye,7,5
176,Huluwa5,2,6
176,Huluwa6,2,7
176,Huluwa7,2,8
176,Xiezijing,20,2
176,Xiaolouluo,19,3
176,Xiezijing,18,4
176,Xiaolouluo,17,5
176,Shejing,21,5
176,Xiezijing,18,6
176,Xiaolouluo,19,7
176,Xiezijing,20,8

177,Huluwa1,2,2
177,Huluwa2,2,3
177,Huluwa3,2,4
177,Huluwa4,2,5
177,Yeye,7,5
177,Huluwa5,2,6
177,Huluwa6,2,7
177,Huluwa7,2,8
177,Xiezijing,20,2
177,Xiaolouluo,19,3
177,Xiezijing,18,4
177,Xiaolouluo,17,5
177,Shejing,21,5
177,Xiezijing,18,6
177,Xiaolouluo,19,7
177,Xiezijing,20,8

178,Huluwa1,2,2
178,Huluwa2,2,3
178,Huluwa3,2,4
178,Huluwa4,2,5
178,Yeye,7,5
178,Huluwa5,2,6
178,Huluwa6,2,7
178,Huluwa7,2,8
178,Xiezijing,20,2
178,Xiaolouluo,19,3
178,Xiezijing,18,4
178,Xiaolouluo,17,5
178,Shejing,21,5
178,Xiezijing,18,6
178,Xiaolouluo,19,7
178,Xiezijing,20,8

179,Huluwa1,2,2
179,Huluwa2,2,3
179,Huluwa3,2,4
179,Huluwa4,2,5
179,Yeye,7,5
179,Huluwa5,2,6
179,Huluwa6,2,7
179,Huluwa7,2,8
179,Xiezijing,20,2
179,Xiaolouluo,19,3
179,Xiezijing,18,4
179,Xiaolouluo,17,5
179,Shejing,21,5
179,Xiezijing,18,6
179,Xiaolouluo,19,7
179,Xiezijing,20,8

180,Huluwa1,2,2
180,Huluwa2,2,3
180,Huluwa3,2,4
180,Huluwa4,2,5
180,Yeye,7,5
180,Huluwa5,2,6
180,Huluwa6,2,7
180,Huluwa7,2,8
180,Xiezijing,20,2
180,Xiaolouluo,19,3
180,Xiezijing,18,4
180,Xiaolouluo,17,5
180,Shejing,21,5
180,Xiezijing,18,6
180,Xiaolouluo,19,7
180,Xiezijing,20,8

181,Huluwa1,2,2
181,Huluwa2,2,3
181,Huluwa3,2,4
181,Huluwa4,2,5
181,Yeye,7,5
181,Huluwa5,2,6
181,Huluwa6,2,7
181,Huluwa7,2,8
181,Xiezijing,20,2
181,Xiaolouluo,19,3
181,Xiezijing,18,4
181,Xiaolouluo,17,5
181,Shejing,21,5
181,Xiezijing,18,6
181,Xiaolouluo,19,7
181,Xiezijing,20,8

182,Huluwa1,2,2
182,Huluwa2,2,3
182,Huluwa3,2,4
182,Huluwa4,2,5
182,Yeye,7,5
182,Huluwa5,2,6
182,Huluwa6,2,7
182,Huluwa7,2,8
182,Xiezijing,20,2
182,Xiaolouluo,19,3
182,Xiezijing,18,4
182,Xiaolouluo,17,5
182,Shejing,21,5
182,Xiezijing,18,6
182,Xiaolouluo,19,7
182,Xiezijing,20,8

183,Huluwa1,2,2
183,Huluwa2,2,3
183,Huluwa3,2,4
183,Huluwa4,2,5
183,Yeye,7,5
183,Huluwa5,2,6
183,Huluwa6,2,7
183,Huluwa7,2,8
183,Xiezijing,20,2
183,Xiaolouluo,19,3
183,Xiezijing,18,4
183,Xiaolouluo,17,5
183,Shejing,21,5
183,Xiezijing,18,6
183,Xiaolouluo,19,7
183,Xiezijing,20,8

184,Huluwa1,2,2
184,Huluwa2,2,3
184,Huluwa3,2,4
184,Huluwa4,2,5
184,Yeye,7,5
184,Huluwa5,2,6
184,Huluwa6,2,7
184,Huluwa7,2,8
184,Xiezijing,20,2
184,Xiaolouluo,19,3
184,Xiezijing,18,4
184,Xiaolouluo,17,5
184,Shejing,21,5
184,Xiezijing,18,6
184,Xiaolouluo,19,7
184,Xiezijing,20,8

185,Huluwa1,2,2
185,Huluwa2,2,3
185,Huluwa3,2,4
185,Huluwa4,2,5
185,Yeye,7,5
185,Huluwa5,2,6
185,Huluwa6,2,7
185,Huluwa7,2,8
185,Xiezijing,20,2
185,Xiaolouluo,19,3
185,Xiezijing,18,4
185,Xiaolouluo,17,5
185,Shejing,21,5
185,Xiezijing,18,6
185,Xiaolouluo,19,7
185,Xiezijing,20,8

186,Huluwa1,2,2
186,Huluwa2,2,3
186,Huluwa3,2,4
186,Huluwa4,2,5
186,Yeye,7,5
186,Huluwa5,2,6
186,Huluwa6,2,7
186,Huluwa7,2,8
186,Xiezijing,20,2
186,Xiaolouluo,19,3
186,Xiezijing,18,4
186,Xiaolouluo,17,5
186,Shejing,21,5
186,Xiezijing,18,6
186,Xiaolouluo,19,7
186,Xiezijing,20,8

187,Huluwa1,2,2
187,Huluwa2,2,3
187,Huluwa3,2,4
187,Huluwa4,2,5
187,Yeye,7,5
187,Huluwa5,2,6
187,Huluwa6,2,7
187,Huluwa7,2,8
187,Xiezijing,20,2
187,Xiaolouluo,19,3
187,Xiezijing,18,4
187,Xiaolouluo,17,5
187,Shejing,21,5
187,Xiezijing,18,6
187,Xiaolouluo,19,7
187,Xiezijing,20,8

188,Huluwa1,2,2
188,Huluwa2,2,3
188,Huluwa3,2,4
188,Huluwa4,2,5
188,Yeye,7,5
188,Huluwa5,2,6
188,Huluwa6,2,7
188,Huluwa7,2,8
188,Xiezijing,20,2
188,Xiaolouluo,19,3
188,Xiezijing,18,4
188,Xiaolouluo,17,5
188,Shejing,21,5
188,Xiezijing,18,6
188,Xiaolouluo,19,7
188,Xiezijing,20,8

189,Huluwa1,2,2
189,Huluwa2,2,3
189,Huluwa3,2,4
189,Huluwa4,2,5
189,Yeye,7,5
189,Huluwa5,2,6
189,Huluwa6,2,7
189,Huluwa7,2,8
189,Xiezijing,20,2
189,Xiaolouluo,19,3
189,Xiezijing,18,4
189,Xiaolouluo,17,5
189,Shejing,21,5
189,Xiezijing,18,6
189,Xiaolouluo,19,7
189,Xiezijing,20,8

190,Huluwa1,2,2
190,Huluwa2,2,3
190,Huluwa3,2,4
190,Huluwa4,2,5
190,Yeye,7,5
190,Huluwa5,2,6
190,Huluwa6,2,7
190,Huluwa7,2,8
190,Xiezijing,20,2
190,Xiaolouluo,19,3
190,Xiezijing,18,4
190,Xiaolouluo,17,5
190,Shejing,21,5
190,Xiezijing,18,6
190,Xiaolouluo,19,7
190,Xiezijing,20,8

191,Huluwa1,2,2
191,Huluwa2,2,3
191,Huluwa3,2,4
191,Huluwa4,2,5
191,Yeye,7,5
191,Huluwa5,2,6
191,Huluwa6,2,7
191,Huluwa7,2,8
191,Xiezijing,20,2
191,Xiaolouluo,19,3
191,Xiezijing,18,4
191,Xiaolouluo,17,5
191,Shejing,21,5
191,Xiezijing,18,6
191,Xiaolouluo,19,7
191,Xiezijing,20,8

192,Huluwa1,2,2
192,Huluwa2,2,3
192,Huluwa3,2,4
192,Huluwa4,2,5
192,Yeye,7,5
192,Huluwa5,2,6
192,Huluwa6,2,7
192,Huluwa7,2,8
192,Xiezijing,20,2
192,Xiaolouluo,19,3
192,Xiezijing,18,4
192,Xiaolouluo,17,5
192,Shejing,21,5
192,Xiezijing,18,6
192,Xiaolouluo,19,7
192,Xiezijing,20,8

193,Huluwa1,2,2
193,Huluwa2,2,3
193,Huluwa3,2,4
193,Huluwa4,2,5
193,Yeye,7,5
193,Huluwa5,2,6
193,Huluwa6,2,7
193,Huluwa7,2,8
193,Xiezijing,20,2
193,Xiaolouluo,19,3
193,Xiezijing,18,4
193,Xiaolouluo,17,5
193,Shejing,21,5
193,Xiezijing,18,6
193,Xiaolouluo,19,7
193,Xiezijing,20,8

194,Huluwa1,2,2
194,Huluwa2,2,3
194,Huluwa3,2,4
194,Huluwa4,2,5
194,Yeye,7,5
194,Huluwa5,2,6
194,Huluwa6,2,7
194,Huluwa7,2,8
194,Xiezijing,20,2
194,Xiaolouluo,19,3
194,Xiezijing,18,4
194,Xiaolouluo,17,5
194,Shejing,21,5
194,Xiezijing,18,6
194,Xiaolouluo,19,7
194,Xiezijing,20,8

195,Huluwa1,2,2
195,Huluwa2,2,3
195,Huluwa3,2,4
195,Huluwa4,2,5
195,Yeye,7,5
195,Huluwa5,2,6
195,Huluwa6,2,7
195,Huluwa7,2,8
195,Xiezijing,20,2
195,Xiaolouluo,19,3
195,Xiezijing,18,4
195,Xiaolouluo,17,5
195,Shejing,21,5
195,Xiezijing,18,6
195,Xiaolouluo,19,7
195,Xiezijing,20,8

196,Huluwa1,2,2
196,Huluwa2,2,3
196,Huluwa3,2,4
196,Huluwa4,2,5
196,Yeye,7,5
196,Huluwa5,2,6
196,Huluwa6,2,7
196,Huluwa7,2,8
196,Xiezijing,20,2
196,Xiaolouluo,19,3
196,Xiezijing,18,4
196,Xiaolouluo,17,5
196,Shejing,21,5
196,Xiezijing,18,6
196,Xiaolouluo,19,7
196,Xiezijing,20,8

197,Huluwa1,2,2
197,Huluwa2,2,3
197,Huluwa3,2,4
197,Huluwa4,2,5
197,Yeye,7,5
197,Huluwa5,2,6
197,Huluwa6,2,7
197,Huluwa7,2,8
197,Xiezijing,20,2
197,Xiaolouluo,19,3
197,Xiezijing,18,4
197,Xiaolouluo,17,5
197,Shejing,21,5
197,Xiezijing,18,6
197,Xiaolouluo,19,7
197,Xiezijing,20,8

198,Huluwa1,2,2
198,Huluwa2,2,3
198,Huluwa3,2,4
198,Huluwa4,2,5
198,Yeye,7,5
198,Huluwa5,2,6
198,Huluwa6,2,7
198,Huluwa7,2,8
198,Xiezijing,20,2
198,Xiaolouluo,19,3
198,Xiezijing,18,4
198,Xiaolouluo,17,5
198,Shejing,21,5
198,Xiezijing,18,6
198,Xiaolouluo,19,7
198,Xiezijing,20,8

199,Huluwa1,2,2
199,Huluwa2,2,3
199,Huluwa3,2,4
199,Huluwa4,2,5
199,Yeye,7,5
199,Huluwa5,2,6
199,Huluwa6,2,7
199,Huluwa7,2,8
199,Xiezijing,20,2
199,Xiaolouluo,19,3
199,Xiezijing,18,4
199,Xiaolouluo,17,5
199,Shejing,21,5
199,Xiezijing,18,6
199,Xiaolouluo,19,7
199,Xiezijing,20,8

200,Huluwa1,2,2
200,Huluwa2,2,3
200,Huluwa3,2,4
200,Huluwa4,2,5
200,Yeye,7,5
200,Huluwa5,2,6
200,Huluwa6,2,7
200,Huluwa7,2,8
200,Xiezijing,20,2
200,Xiaolouluo,19,3
200,Xiezijing,18,4
200,Xiaolouluo,17,5
200,Shejing,21,5
200,Xiezijing,18,6
200,Xiaolouluo,19,7
200,Xiezijing,20,8

201,Huluwa1,2,2
201,Huluwa2,2,3
201,Huluwa3,2,4
201,Huluwa4,2,5
201,Yeye,7,5
201,Huluwa5,2,6
201,Huluwa6,2,7
201,Huluwa7,2,8
201,Xiezijing,20,2
201,Xiaolouluo,19,3
201,Xiezijing,18,4
201,Xiaolouluo,17,5
201,Shejing,21,5
201,Xiezijing,18,6
201,Xiaolouluo,19,7
201,Xiezijing,20,8

202,Huluwa1,2,2
202,Huluwa2,2,3
202,Huluwa3,2,4
202,Huluwa4,2,5
202,Yeye,7,5
202,Huluwa5,2,6
202,Huluwa6,2,7
202,Huluwa7,2,8
202,Xiezijing,20,2
202,Xiaolouluo,19,3
202,Xiezijing,18,4
202,Xiaolouluo,17,5
202,Shejing,21,5
202,Xiezijing,18,6
202,Xiaolouluo,19,7
202,Xiezijing,20,8

203,Huluwa1,2,2
203,Huluwa2,2,3
203,Huluwa3,2,4
203,Huluwa4,2,5
203,Yeye,7,5
203,Huluwa5,2,6
203,Huluwa6,2,7
203,Huluwa7,2,8
203,Xiezijing,20,2
203,Xiaolouluo,19,3
203,Xiezijing,18,4
203,Xiaolouluo,17,5
203,Shejing,21,5
203,Xiezijing,18,6
203,Xiaolouluo,19,7
203,Xiezijing,20,8

204,Huluwa1,2,2
204,Huluwa2,2,3
204,Huluwa3,2,4
204,Huluwa4,2,5
204,Yeye,7,5
204,Huluwa5,2,6
204,Huluwa6,2,7
204,Huluwa7,2,8
204,Xiezijing,20,2
204,Xiaolouluo,19,3
204,Xiezijing,18,4
204,Xiaolouluo,17,5
204,Shejing,21,5
204,Xiezijing,18,6
204,Xiaolouluo,19,7
204,Xiezijing,20,8

205,Huluwa1,2,2
205,Huluwa2,2,3
205,Huluwa3,2,4
205,Huluwa4,2,5
205,Yeye,7,5
205,Huluwa5,2,6
205,Huluwa6,2,7
205,Huluwa7,2,8
205,Xiezijing,20,2
205,Xiaolouluo,19,3
205,Xiezijing,18,4
205,Xiaolouluo,17,5
205,Shejing,21,5
205,Xiezijing,18,6
205,Xiaolouluo,19,7
205,Xiezijing,20,8

206,Huluwa1,2,2
206,Huluwa2,2,3
206,Huluwa3,2,4
206,Huluwa4,2,5
206,Yeye,7,5
206,Huluwa5,2,6
206,Huluwa6,2,7
206,Huluwa7,2,8
206,Xiezijing,20,2
206,Xiaolouluo,19,3
206,Xiezijing,18,4
206,Xiaolouluo,17,5
206,Shejing,21,5
206,Xiezijing,18,6
206,Xiaolouluo,19,7
206,Xiezijing,20,8

207,Huluwa1,2,2
207,Huluwa2,2,3
207,Huluwa3,2,4
207,Huluwa4,2,5
207,Yeye,7,5
207,Huluwa5,2,6
207,Huluwa6,2,7
207,Huluwa7,2,8
207,Xiezijing,20,2
207,Xiaolouluo,19,3
207,Xiezijing,18,4
207,Xiaolouluo,17,5
207,Shejing,21,5
207,Xiezijing,18,6
207,Xiaolouluo,19,7
207,Xiezijing,20,8

208,Huluwa1,2,2
208,Huluwa2,2,3
208,Huluwa3,2,4
208,Huluwa4,2,5
208,Yeye,7,5
208,Huluwa5,2,6
208,Huluwa6,2,7
208,Huluwa7,2,8
208,Xiezijing,20,2
208,Xiaolouluo,19,3
208,Xiezijing,18,4
208,Xiaolouluo,17,5
208,Shejing,21,5
208,Xiezijing,18,6
208,Xiaolouluo,19,7
208,Xiezijing,20,8

209,Huluwa1,2,2
209,Huluwa2,2,3
209,Huluwa3,2,4
209,Huluwa4,2,5
209,Yeye,7,5
209,Huluwa5,2,6
209,Huluwa6,2,7
209,Huluwa7,2,8
209,Xiezijing,20,2
209,Xiaolouluo,19,3
209,Xiezijing,18,4
209,Xiaolouluo,17,5
209,Shejing,21,5
209,Xiezijing,18,6
209,Xiaolouluo,19,7
209,Xiezijing,20,8

210,Huluwa1,2,2
210,Huluwa2,2,3
210,Huluwa3,2,4
210,Huluwa4,2,5
210,Yeye,7,5
210,Huluwa5,2,6
210,Huluwa6,2,7
210,Huluwa7,2,8
210,Xiezijing,20,2
210,Xiaolouluo,19,3
210,Xiezijing,18,4
210,Xiaolouluo,17,5
210,Shejing,21,5
210,Xiezijing,18,6
210,Xiaolouluo,19,7
210,Xiezijing,20,8

211,Huluwa1,2,2
211,Huluwa2,2,3
211,Huluwa3,2,4
211,Huluwa4,2,5
211,Yeye,7,5
211,Huluwa5,2,6
211,Huluwa6,2,7
211,Huluwa7,2,8
211,Xiezijing,20,2
211,Xiaolouluo,19,3
211,Xiezijing,18,4
211,Xiaolouluo,17,5
211,Shejing,21,5
211,Xiezijing,18,6
211,Xiaolouluo,19,7
211,Xiezijing,20,8

212,Huluwa1,2,2
212,Huluwa2,2,3
212,Huluwa3,2,4
212,Huluwa4,2,5
212,Yeye,7,5
212,Huluwa5,2,6
212,Huluwa6,2,7
212,Huluwa7,2,8
212,Xiezijing,20,2
212,Xiaolouluo,19,3
212,Xiezijing,18,4
212,Xiaolouluo,17,5
212,Shejing,21,5
212,Xiezijing,18,6
212,Xiaolouluo,19,7
212,Xiezijing,20,8

213,Huluwa1,2,2
213,Huluwa2,2,3
213,Huluwa3,2,4
213,Huluwa4,2,5
213,Yeye,7,5
213,Huluwa5,2,6
213,Huluwa6,2,7
213,Huluwa7,2,8
213,Xiezijing,20,2
213,Xiaolouluo,19,3
213,Xiezijing,18,4
213,Xiaolouluo,17,5
213,Shejing,21,5
213,Xiezijing,18,6
213,Xiaolouluo,19,7
213,Xiezijing,20,8

214,Huluwa1,2,2
214,Huluwa2,2,3
214,Huluwa3,2,4
214,Huluwa4,2,5
214,Yeye,7,5
214,Huluwa5,2,6
214,Huluwa6,2,7
214,Huluwa7,2,8
214,Xiezijing,20,2
214,Xiaolouluo,19,3
214,Xiezijing,18,4
214,Xiaolouluo,17,5
214,Shejing,21,5
214,Xiezijing,18,6
214,Xiaolouluo,19,7
214,Xiezijing,20,8

215,Huluwa1,2,2
215,Huluwa2,2,3
215,Huluwa3,2,4
215,Huluwa4,2,5
215,Yeye,7,5
215,Huluwa5,2,6
215,Huluwa6,2,7
215,Huluwa7,2,8
215,Xiezijing,20,2
215,Xiaolouluo,19,3
215,Xiezijing,18,4
215,Xiaolouluo,17,5
215,Shejing,21,5
215,Xiezijing,18,6
215,Xiaolouluo,19,7
215,Xiezijing,20,8

216,Huluwa1,2,2
216,Huluwa2,2,3
216,Huluwa3,2,4
216,Huluwa4,2,5
216,Yeye,7,5
216,Huluwa5,2,6
216,Huluwa6,2,7
216,Huluwa7,2,8
216,Xiezijing,20,2
216,Xiaolouluo,19,3
216,Xiezijing,18,4
216,Xiaolouluo,17,5
216,Shejing,21,5
216,Xiezijing,18,6
216,Xiaolouluo,19,7
216,Xiezijing,20,8

217,Huluwa1,2,2
217,Huluwa2,2,3
217,Huluwa3,2,4
217,Huluwa4,2,5
217,Yeye,7,5
217,Huluwa5,2,6
217,Huluwa6,2,7
217,Huluwa7,2,8
217,Xiezijing,20,2
217,Xiaolouluo,19,3
217,Xiezijing,18,4
217,Xiaolouluo,17,5
217,Shejing,21,5
217,Xiezijing,18,6
217,Xiaolouluo,19,7
217,Xiezijing,20,8

218,Huluwa1,2,2
218,Huluwa2,2,3
218,Huluwa3,2,4
218,Huluwa4,2,5
218,Yeye,7,5
218,Huluwa5,2,6
218,Huluwa6,2,7
218,Huluwa7,2,8
218,Xiezijing,20,2
218,Xiaolouluo,19,3
218,Xiezijing,18,4
218,Xiaolouluo,17,5
218,Shejing,21,5
218,Xiezijing,18,6
218,Xiaolouluo,19,7
218,Xiezijing,20,8

219,Huluwa1,2,2
219,Huluwa2,2,3
219,Huluwa3,2,4
219,Huluwa4,2,5
219,Yeye,7,5
219,Huluwa5,2,6
219,Huluwa6,2,7
219,Huluwa7,2,8
219,Xiezijing,20,2
219,Xiaolouluo,19,3
219,Xiezijing,18,4
219,Xiaolouluo,17,5
219,Shejing,21,5
219,Xiezijing,18,6
219,Xiaolouluo,19,7
219,Xiezijing,20,8

220,Huluwa1,2,2
220,Huluwa2,2,3
220,Huluwa3,2,4
220,Huluwa4,2,5
220,Yeye,7,5
220,Huluwa5,2,6
220,Huluwa6,2,7
220,Huluwa7,2,8
220,Xiezijing,20,2
220,Xiaolouluo,19,3
220,Xiezijing,18,4
220,Xiaolouluo,17,5
220,Shejing,21,5
220,Xiezijing,18,6
220,Xiaolouluo,19,7
220,Xiezijing,20,8

221,Huluwa1,2,2
221,Huluwa2,2,3
221,Huluwa3,2,4
221,Huluwa4,2,5
221,Yeye,7,5
221,Huluwa5,2,6
221,Huluwa6,2,7
221,Huluwa7,2,8
221,Xiezijing,20,2
221,Xiaolouluo,19,3
221,Xiezijing,18,4
221,Xiaolouluo,17,5
221,Shejing,21,5
221,Xiezijing,18,6
221,Xiaolouluo,19,7
221,Xiezijing,20,8

222,Huluwa1,2,2
222,Huluwa2,2,3
222,Huluwa3,2,4
222,Huluwa4,2,5
222,Yeye,7,5
222,Huluwa5,2,6
222,Huluwa6,2,7
222,Huluwa7,2,8
222,Xiezijing,20,2
222,Xiaolouluo,19,3
222,Xiezijing,18,4
222,Xiaolouluo,17,5
222,Shejing,21,5
222,Xiezijing,18,6
222,Xiaolouluo,19,7
222,Xiezijing,20,8

223,Huluwa1,2,2
223,Huluwa2,2,3
223,Huluwa3,2,4
223,Huluwa4,2,5
223,Yeye,7,5
223,Huluwa5,2,6
223,Huluwa6,2,7
223,Huluwa7,2,8
223,Xiezijing,20,2
223,Xiaolouluo,19,3
223,Xiezijing,18,4
223,Xiaolouluo,17,5
223,Shejing,21,5
223,Xiezijing,18,6
223,Xiaolouluo,19,7
223,Xiezijing,20,8

224,Huluwa1,2,2
224,Huluwa2,2,3
224,Huluwa3,2,4
224,Huluwa4,2,5
224,Yeye,7,5
224,Huluwa5,2,6
224,Huluwa6,2,7
224,Huluwa7,2,8
224,Xiezijing,20,2
224,Xiaolouluo,19,3
224,Xiezijing,18,4
224,Xiaolouluo,17,5
224,Shejing,21,5
224,Xiezijing,18,6
224,Xiaolouluo,19,7
224,Xiezijing,20,8

225,Huluwa1,2,2
225,Huluwa2,2,3
225,Huluwa3,2,4
225,Huluwa4,2,5
225,Yeye,7,5
225,Huluwa5,2,6
225,Huluwa6,2,7
225,Huluwa7,2,8
225,Xiezijing,20,2
225,Xiaolouluo,19,3
225,Xiezijing,18,4
225,Xiaolouluo,17,5
225,Shejing,21,5
225,Xiezijing,18,6
225,Xiaolouluo,19,7
225,Xiezijing,20,8

226,Huluwa1,2,2
226,Huluwa2,2,3
226,Huluwa3,2,4
226,Huluwa4,2,5
226,Yeye,7,5
226,Huluwa5,2,6
226,Huluwa6,2,7
226,Huluwa7,2,8
226,Xiezijing,20,2
226,Xiaolouluo,19,3
226,Xiezijing,18,4
226,Xiaolouluo,17,5
226,Shejing,21,5
226,Xiezijing,18,6
226,Xiaolouluo,19,7
226,Xiezijing,20,8

227,Huluwa1,2,2
227,Huluwa2,2,3
227,Huluwa3,2,4
227,Huluwa4,2,5
227,Yeye,7,5
227,Huluwa5,2,6
227,Huluwa6,2,7
227,Huluwa7,2,8
227,Xiezijing,20,2
227,Xiaolouluo,19,3
227,Xiezijing,18,4
227,Xiaolouluo,17,5
227,Shejing,21,5
227,Xiezijing,18,6
227,Xiaolouluo,19,7
227,Xiezijing,20,8

228,Huluwa1,2,2
228,Huluwa2,2,3
228,Huluwa3,2,4
228,Huluwa4,2,5
228,Yeye,7,5
228,Huluwa5,2,6
228,Huluwa6,2,7
228,Huluwa7,2,8
228,Xiezijing,20,2
228,Xiaolouluo,19,3
228,Xiezijing,18,4
228,Xiaolouluo,17,5
228,Shejing,21,5
228,Xiezijing,18,6
228,Xiaolouluo,19,7
228,Xiezijing,20,8

229,Huluwa1,2,2
229,Huluwa2,2,3
229,Huluwa3,2,4
229,Huluwa4,2,5
229,Yeye,7,5
229,Huluwa5,2,6
229,Huluwa6,2,7
229,Huluwa7,2,8
229,Xiezijing,20,2
229,Xiaolouluo,19,3
229,Xiezijing,18,4
229,Xiaolouluo,17,5
229,Shejing,21,5
229,Xiezijing,18,6
229,Xiaolouluo,19,7
229,Xiezijing,20,8

230,Huluwa1,2,2
230,Huluwa2,2,3
230,Huluwa3,2,4
230,Huluwa4,2,5
230,Yeye,7,5
230,Huluwa5,2,6
230,Huluwa6,2,7
230,Huluwa7,2,8
230,Xiezijing,20,2
230,Xiaolouluo,19,3
230,Xiezijing,18,4
230,Xiaolouluo,17,5
230,Shejing,21,5
230,Xiezijing,18,6
230,Xiaolouluo,19,7
230,Xiezijing,20,8

231,Huluwa1,2,2
231,Huluwa2,2,3
231,Huluwa3,2,4
231,Huluwa4,2,5
231,Yeye,7,5
231,Huluwa5,2,6
231,Huluwa6,2,7
231,Huluwa7,2,8
231,Xiezijing,20,2
231,Xiaolouluo,19,3
231,Xiezijing,18,4
231,Xiaolouluo,17,5
231,Shejing,21,5
231,Xiezijing,18,6
231,Xiaolouluo,19,7
231,Xiezijing,20,8

232,Huluwa1,2,2
232,Huluwa2,2,3
232,Huluwa3,2,4
232,Huluwa4,2,5
232,Yeye,7,5
232,Huluwa5,2,6
232,Huluwa6,2,7
232,Huluwa7,2,8
232,Xiezijing,20,2
232,Xiaolouluo,19,3
232,Xiezijing,18,4
232,Xiaolouluo,17,5
232,Shejing,21,5
232,Xiezijing,18,6
232,Xiaolouluo,19,7
232,Xiezijing,20,8

233,Huluwa1,2,2
233,Huluwa2,2,3
233,Huluwa3,2,4
233,Huluwa4,2,5
233,Yeye,7,5
233,Huluwa5,2,6
233,Huluwa6,2,7
233,Huluwa7,2,8
233,Xiezijing,20,2
233,Xiaolouluo,19,3
233,Xiezijing,18,4
233,Xiaolouluo,17,5
233,Shejing,21,5
233,Xiezijing,18,6
233,Xiaolouluo,19,7
233,Xiezijing,20,8

234,Huluwa1,2,2
234,Huluwa2,2,3
234,Huluwa3,2,4
234,Huluwa4,2,5
234,Yeye,7,5
234,Huluwa5,2,6
234,Huluwa6,2,7
234,Huluwa7,2,8
234,Xiezijing,20,2
234,Xiaolouluo,19,3
234,Xiezijing,18,4
234,Xiaolouluo,17,5
234,Shejing,21,5
234,Xiezijing,18,6
234,Xiaolouluo,19,7
234,Xiezijing,20,8

235,Huluwa1,2,2
235,Huluwa2,2,3
235,Huluwa3,2,4
235,Huluwa4,2,5
235,Yeye,7,5
235,Huluwa5,2,6
235,Huluwa6,2,7
235,Huluwa7,2,8
235,Xiezijing,20,2
235,Xiaolouluo,19,3
235,Xiezijing,18,4
235,Xiaolouluo,17,5
235,Shejing,21,5
235,Xiezijing,18,6
235,Xiaolouluo,19,7
235,Xiezijing,20,8

236,Huluwa1,2,2
236,Huluwa2,2,3
236,Huluwa3,2,4
236,Huluwa4,2,5
236,Yeye,7,5
236,Huluwa5,2,6
236,Huluwa6,2,7
236,Huluwa7,2,8
236,Xiezijing,20,2
236,Xiaolouluo,19,3
236,Xiezijing,18,4
236,Xiaolouluo,17,5
236,Shejing,21,5
236,Xiezijing,18,6
236,Xiaolouluo,19,7
236,Xiezijing,20,8

237,Huluwa1,2,2
237,Huluwa2,2,3
237,Huluwa3,2,4
237,Huluwa4,2,5
237,Yeye,7,5
237,Huluwa5,2,6
237,Huluwa6,2,7
237,Huluwa7,2,8
237,Xiezijing,20,2
237,Xiaolouluo,19,3
237,Xiezijing,18,4
237,Xiaolouluo,17,5
237,Shejing,21,5
237,Xiezijing,18,6
237,Xiaolouluo,19,7
237,Xiezijing,20,8

238,Huluwa1,2,2
238,Huluwa2,2,3
238,Huluwa3,2,4
238,Huluwa4,2,5
238,Yeye,7,5
238,Huluwa5,2,6
238,Huluwa6,2,7
238,Huluwa7,2,8
238,Xiezijing,20,2
238,Xiaolouluo,19,3
238,Xiezijing,18,4
238,Xiaolouluo,17,5
238,Shejing,21,5
238,Xiezijing,18,6
238,Xiaolouluo,19,7
238,Xiezijing,20,8

239,Huluwa1,2,2
239,Huluwa2,2,3
239,Huluwa3,2,4
239,Huluwa4,2,5
239,Yeye,7,5
239,Huluwa5,2,6
239,Huluwa6,2,7
239,Huluwa7,2,8
239,Xiezijing,20,2
239,Xiaolouluo,19,3
239,Xiezijing,18,4
239,Xiaolouluo,17,5
239,Shejing,21,5
239,Xiezijing,18,6
239,Xiaolouluo,19,7
239,Xiezijing,20,8

240,Huluwa1,2,2
240,Huluwa2,2,3
240,Huluwa3,2,4
240,Huluwa4,2,5
240,Yeye,7,5
240,Huluwa5,2,6
240,Huluwa6,2,7
240,Huluwa7,2,8
240,Xiezijing,20,2
240,Xiaolouluo,19,3
240,Xiezijing,18,4
240,Xiaolouluo,17,5
240,Shejing,21,5
240,Xiezijing,18,6
240,Xiaolouluo,19,7
240,Xiezijing,20,8

241,Huluwa1,2,2
241,Huluwa2,2,3
241,Huluwa3,2,4
241,Huluwa4,2,5
241,Yeye,7,5
241,Huluwa5,2,6
241,Huluwa6,2,7
241,Huluwa7,2,8
241,Xiezijing,20,2
241,Xiaolouluo,19,3
241,Xiezijing,18,4
241,Xiaolouluo,17,5
241,Shejing,21,5
241,Xiezijing,18,6
241,Xiaolouluo,19,7
241,Xiezijing,20,8

242,Huluwa1,2,2
242,Huluwa2,2,3
242,Huluwa3,2,4
242,Huluwa4,2,5
242,Yeye,7,5
242,Huluwa5,2,6
242,Huluwa6,2,7
242,Huluwa7,2,8
242,Xiezijing,20,2
242,Xiaolouluo,19,3
242,Xiezijing,18,4
242,Xiaolouluo,17,5
242,Shejing,21,5
242,Xiezijing,18,6
242,Xiaolouluo,19,7
242,Xiezijing,20,8

243,Huluwa1,2,2
243,Huluwa2,2,3
243,Huluwa3,2,4
243,Huluwa4,2,5
243,Yeye,7,5
243,Huluwa5,2,6
243,Huluwa6,2,7
243,Huluwa7,2,8
243,Xiezijing,20,2
243,Xiaolouluo,19,3
243,Xiezijing,18,4
243,Xiaolouluo,17,5
243,Shejing,21,5
243,Xiezijing,18,6
243,Xiaolouluo,19,7
243,Xiezijing,20,8

244,Huluwa1,2,2
244,Huluwa2,2,3
244,Huluwa3,2,4
244,Huluwa4,2,5
244,Yeye,7,5
244,Huluwa5,2,6
244,Huluwa6,2,7
244,Huluwa7,2,8
244,Xiezijing,20,2
244,Xiaolouluo,19,3
244,Xiezijing,18,4
244,Xiaolouluo,17,5
244,Shejing,21,5
244,Xiezijing,18,6
244,Xiaolouluo,19,7
244,Xiezijing,20,8

245,Huluwa1,2,2
245,Huluwa2,2,3
245,Huluwa3,2,4
245,Huluwa4,2,5
245,Yeye,7,5
245,Huluwa5,2,6
245,Huluwa6,2,7
245,Huluwa7,2,8
245,Xiezijing,20,2
245,Xiaolouluo,19,3
245,Xiezijing,18,4
245,Xiaolouluo,17,5
245,Shejing,21,5
245,Xiezijing,18,6
245,Xiaolouluo,19,7
245,Xiezijing,20,8

246,Huluwa1,2,2
246,Huluwa2,2,3
246,Huluwa3,2,4
246,Huluwa4,2,5
246,Yeye,7,5
246,Huluwa5,2,6
246,Huluwa6,2,7
246,Huluwa7,2,8
246,Xiezijing,20,2
246,Xiaolouluo,19,3
246,Xiezijing,18,4
246,Xiaolouluo,17,5
246,Shejing,21,5
246,Xiezijing,18,6
246,Xiaolouluo,19,7
246,Xiezijing,20,8

247,Huluwa1,2,2
247,Huluwa2,2,3
247,Huluwa3,2,4
247,Huluwa4,2,5
247,Yeye,7,5
247,Huluwa5,2,6
247,Huluwa6,2,7
247,Huluwa7,2,8
247,Xiezijing,20,2
247,Xiaolouluo,19,3
247,Xiezijing,18,4
247,Xiaolouluo,17,5
247,Shejing,21,5
247,Xiezijing,18,6
247,Xiaolouluo,19,7
247,Xiezijing,20,8

248,Huluwa1,2,2
248,Huluwa2,2,3
248,Huluwa3,2,4
248,Huluwa4,2,5
248,Yeye,7,5
248,Huluwa5,2,6
248,Huluwa6,2,7
248,Huluwa7,2,8
248,Xiezijing,20,2
248,Xiaolouluo,19,3
248,Xiezijing,18,4
248,Xiaolouluo,17,5
248,Shejing,21,5
248,Xiezijing,18,6
248,Xiaolouluo,19,7
248,Xiezijing,20,8

249,Huluwa1,2,2
249,Huluwa2,2,3
249,Huluwa3,2,4
249,Huluwa4,2,5
249,Yeye,7,5
249,Huluwa5,2,6
249,Huluwa6,2,7
249,Huluwa7,2,8
249,Xiezijing,20,2
249,Xiaolouluo,19,3
249,Xiezijing,18,4
249,Xiaolouluo,17,5
249,Shejing,21,5
249,Xiezijing,18,6
249,Xiaolouluo,19,7
249,Xiezijing,20,8

250,Huluwa1,2,2
250,Huluwa2,2,3
250,Huluwa3,2,4
250,Huluwa4,2,5
250,Yeye,7,5
250,Huluwa5,2,6
250,Huluwa6,2,7
250,Huluwa7,2,8
250,Xiezijing,20,2
250,Xiaolouluo,19,3
250,Xiezijing,18,4
250,Xiaolouluo,17,5
250,Shejing,21,5
250,Xiezijing,18,6
250,Xiaolouluo,19,7
250,Xiezijing,20,8

251,Huluwa1,2,2
251,Huluwa2,2,3
251,Huluwa3,2,4
251,Huluwa4,2,5
251,Yeye,7,5
251,Huluwa5,2,6
251,Huluwa6,2,7
251,Huluwa7,2,8
251,Xiezijing,20,2
251,Xiaolouluo,19,3
251,Xiezijing,18,4
251,Xiaolouluo,17,5
251,Shejing,21,5
251,Xiezijing,18,6
251,Xiaolouluo,19,7
251,Xiezijing,20,8

252,Huluwa1,2,2
252,Huluwa2,2,3
252,Huluwa3,2,4
252,Huluwa4,2,5
252,Yeye,7,5
252,Huluwa5,2,6
252,Huluwa6,2,7
252,Huluwa7,2,8
252,Xiezijing,20,2
252,Xiaolouluo,19,3
252,Xiezijing,18,4
252,Xiaolouluo,17,5
252,Shejing,21,5
252,Xiezijing,18,6
252,Xiaolouluo,19,7
252,Xiezijing,20,8

253,Huluwa1,2,2
253,Huluwa2,2,3
253,Huluwa3,2,4
253,Huluwa4,2,5
253,Yeye,7,5
253,Huluwa5,2,6
253,Huluwa6,2,7
253,Huluwa7,2,8
253,Xiezijing,20,2
253,Xiaolouluo,19,3
253,Xiezijing,18,4
253,Xiaolouluo,17,5
253,Shejing,21,5
253,Xiezijing,18,6
253,Xiaolouluo,19,7
253,Xiezijing,20,8

254,Huluwa1,2,2
254,Huluwa2,2,3
254,Huluwa3,2,4
254,Huluwa4,2,5
254,Yeye,7,5
254,Huluwa5,2,6
254,Huluwa6,2,7
254,Huluwa7,2,8
254,Xiezijing,20,2
254,Xiaolouluo,19,3
254,Xiezijing,18,4
254,Xiaolouluo,17,5
254,Shejing,21,5
254,Xiezijing,18,6
254,Xiaolouluo,19,7
254,Xiezijing,20,8

255,Huluwa1,2,2
255,Huluwa2,2,3
255,Huluwa3,2,4
255,Huluwa4,2,5
255,Yeye,7,5
255,Huluwa5,2,6
255,Huluwa6,2,7
255,Huluwa7,2,8
255,Xiezijing,20,2
255,Xiaolouluo,19,3
255,Xiezijing,18,4
255,Xiaolouluo,17,5
255,Shejing,21,5
255,Xiezijing,18,6
255,Xiaolouluo,19,7
255,Xiezijing,20,8

256,Huluwa1,2,2
256,Huluwa2,2,3
256,Huluwa3,2,4
256,Huluwa4,2,5
256,Yeye,7,5
256,Huluwa5,2,6
256,Huluwa6,2,7
256,Huluwa7,2,8
256,Xiezijing,20,2
256,Xiaolouluo,19,3
256,Xiezijing,18,4
256,Xiaolouluo,17,5
256,Shejing,21,5
256,Xiezijing,18,6
256,Xiaolouluo,19,7
256,Xiezijing,20,8

257,Huluwa1,2,2
257,Huluwa2,2,3
257,Huluwa3,2,4
257,Huluwa4,2,5
257,Yeye,7,5
257,Huluwa5,2,6
257,Huluwa6,2,7
257,Huluwa7,2,8
257,Xiezijing,20,2
257,Xiaolouluo,19,3
257,Xiezijing,18,4
257,Xiaolouluo,17,5
257,Shejing,21,5
257,Xiezijing,18,6
257,Xiaolouluo,19,7
257,Xiezijing,20,8

258,Huluwa1,2,2
258,Huluwa2,2,3
258,Huluwa3,2,4
258,Huluwa4,2,5
258,Yeye,7,5
258,Huluwa5,2,6
258,Huluwa6,2,7
258,Huluwa7,2,8
258,Xiezijing,20,2
258,Xiaolouluo,19,3
258,Xiezijing,18,4
258,Xiaolouluo,17,5
258,Shejing,21,5
258,Xiezijing,18,6
258,Xiaolouluo,19,7
258,Xiezijing,20,8

259,Huluwa1,2,2
259,Huluwa2,2,3
259,Huluwa3,2,4
259,Huluwa4,2,5
259,Yeye,7,5
259,Huluwa5,2,6
259,Huluwa6,2,7
259,Huluwa7,2,8
259,Xiezijing,20,2
259,Xiaolouluo,19,3
259,Xiezijing,18,4
259,Xiaolouluo,17,5
259,Shejing,21,5
259,Xiezijing,18,6
259,Xiaolouluo,19,7
259,Xiezijing,20,8

259,Huluwa1,2,2
259,Huluwa2,2,3
259,Huluwa3,2,4
259,Huluwa4,2,5
259,Yeye,7,5
259,Huluwa5,2,6
259,Huluwa6,2,7
259,Huluwa7,2,8
259,Xiezijing,20,2
259,Xiaolouluo,19,3
259,Xiezijing,18,4
259,Xiaolouluo,17,5
259,Shejing,21,5
259,Xiezijing,18,6
259,Xiaolouluo,19,7
259,Xiezijing,20,8

260,Huluwa1,2,2
260,Huluwa2,2,3
260,Huluwa3,2,4
260,Huluwa4,2,5
260,Yeye,7,5
260,Huluwa5,2,6
260,Huluwa6,2,7
260,Huluwa7,2,8
260,Xiezijing,20,2
260,Xiaolouluo,19,3
260,Xiezijing,18,4
260,Xiaolouluo,17,5
260,Shejing,21,5
260,Xiezijing,18,6
260,Xiaolouluo,19,7
260,Xiezijing,20,8

261,Huluwa1,2,2
261,Huluwa2,2,3
261,Huluwa3,2,4
261,Huluwa4,2,5
261,Yeye,7,5
261,Huluwa5,2,6
261,Huluwa6,2,7
261,Huluwa7,2,8
261,Xiezijing,20,2
261,Xiaolouluo,19,3
261,Xiezijing,18,4
261,Xiaolouluo,17,5
261,Shejing,21,5
261,Xiezijing,18,6
261,Xiaolouluo,19,7
261,Xiezijing,20,8

262,Huluwa1,2,2
262,Huluwa2,2,3
262,Huluwa3,2,4
262,Huluwa4,2,5
262,Yeye,7,5
262,Huluwa5,2,6
262,Huluwa6,2,7
262,Huluwa7,2,8
262,Xiezijing,20,2
262,Xiaolouluo,19,3
262,Xiezijing,18,4
262,Xiaolouluo,17,5
262,Shejing,21,5
262,Xiezijing,18,6
262,Xiaolouluo,19,7
262,Xiezijing,20,8

263,Huluwa1,2,2
263,Huluwa2,2,3
263,Huluwa3,2,4
263,Huluwa4,2,5
263,Yeye,7,5
263,Huluwa5,2,6
263,Huluwa6,2,7
263,Huluwa7,2,8
263,Xiezijing,20,2
263,Xiaolouluo,19,3
263,Xiezijing,18,4
263,Xiaolouluo,17,5
263,Shejing,21,5
263,Xiezijing,18,6
263,Xiaolouluo,19,7
263,Xiezijing,20,8

264,Huluwa1,2,2
264,Huluwa2,2,3
264,Huluwa3,2,4
264,Huluwa4,2,5
264,Yeye,7,5
264,Huluwa5,2,6
264,Huluwa6,2,7
264,Huluwa7,2,8
264,Xiezijing,20,2
264,Xiaolouluo,19,3
264,Xiezijing,18,4
264,Xiaolouluo,17,5
264,Shejing,21,5
264,Xiezijing,18,6
264,Xiaolouluo,19,7
264,Xiezijing,20,8

265,Huluwa1,2,2
265,Huluwa2,2,3
265,Huluwa3,2,4
265,Huluwa4,2,5
265,Yeye,7,5
265,Huluwa5,2,6
265,Huluwa6,2,7
265,Huluwa7,2,8
265,Xiezijing,20,2
265,Xiaolouluo,19,3
265,Xiezijing,18,4
265,Xiaolouluo,17,5
265,Shejing,21,5
265,Xiezijing,18,6
265,Xiaolouluo,19,7
265,Xiezijing,20,8

266,Huluwa1,2,2
266,Huluwa2,2,3
266,Huluwa3,2,4
266,Huluwa4,2,5
266,Yeye,7,5
266,Huluwa5,2,6
266,Huluwa6,2,7
266,Huluwa7,2,8
266,Xiezijing,20,2
266,Xiaolouluo,19,3
266,Xiezijing,18,4
266,Xiaolouluo,17,5
266,Shejing,21,5
266,Xiezijing,18,6
266,Xiaolouluo,19,7
266,Xiezijing,20,8

267,Huluwa1,2,2
267,Huluwa2,2,3
267,Huluwa3,2,4
267,Huluwa4,2,5
267,Yeye,7,5
267,Huluwa5,2,6
267,Huluwa6,2,7
267,Huluwa7,2,8
267,Xiezijing,20,2
267,Xiaolouluo,19,3
267,Xiezijing,18,4
267,Xiaolouluo,17,5
267,Shejing,21,5
267,Xiezijing,18,6
267,Xiaolouluo,19,7
267,Xiezijing,20,8

268,Huluwa1,2,2
268,Huluwa2,2,3
268,Huluwa3,2,4
268,Huluwa4,2,5
268,Yeye,7,5
268,Huluwa5,2,6
268,Huluwa6,2,7
268,Huluwa7,2,8
268,Xiezijing,20,2
268,Xiaolouluo,19,3
268,Xiezijing,18,4
268,Xiaolouluo,17,5
268,Shejing,21,5
268,Xiezijing,18,6
268,Xiaolouluo,19,7
268,Xiezijing,20,8

269,Huluwa1,2,2
269,Huluwa2,2,3
269,Huluwa3,2,4
269,Huluwa4,2,5
269,Yeye,7,5
269,Huluwa5,2,6
269,Huluwa6,2,7
269,Huluwa7,2,8
269,Xiezijing,20,2
269,Xiaolouluo,19,3
269,Xiezijing,18,4
269,Xiaolouluo,17,5
269,Shejing,21,5
269,Xiezijing,18,6
269,Xiaolouluo,19,7
269,Xiezijing,20,8

270,Huluwa1,2,2
270,Huluwa2,2,3
270,Huluwa3,2,4
270,Huluwa4,2,5
270,Yeye,7,5
270,Huluwa5,2,6
270,Huluwa6,2,7
270,Huluwa7,2,8
270,Xiezijing,20,2
270,Xiaolouluo,19,3
270,Xiezijing,18,4
270,Xiaolouluo,17,5
270,Shejing,21,5
270,Xiezijing,18,6
270,Xiaolouluo,19,7
270,Xiezijing,20,8

271,Huluwa1,2,2
271,Huluwa2,2,3
271,Huluwa3,2,4
271,Huluwa4,2,5
271,Yeye,7,5
271,Huluwa5,2,6
271,Huluwa6,2,7
271,Huluwa7,2,8
271,Xiezijing,20,2
271,Xiaolouluo,19,3
271,Xiezijing,18,4
271,Xiaolouluo,17,5
271,Shejing,21,5
271,Xiezijing,18,6
271,Xiaolouluo,19,7
271,Xiezijing,20,8

272,Huluwa1,2,2
272,Huluwa2,2,3
272,Huluwa3,2,4
272,Huluwa4,2,5
272,Yeye,7,5
272,Huluwa5,2,6
272,Huluwa6,2,7
272,Huluwa7,2,8
272,Xiezijing,20,2
272,Xiaolouluo,19,3
272,Xiezijing,18,4
272,Xiaolouluo,17,5
272,Shejing,21,5
272,Xiezijing,18,6
272,Xiaolouluo,19,7
272,Xiezijing,20,8

273,Huluwa1,2,2
273,Huluwa2,2,3
273,Huluwa3,2,4
273,Huluwa4,2,5
273,Yeye,7,5
273,Huluwa5,2,6
273,Huluwa6,2,7
273,Huluwa7,2,8
273,Xiezijing,20,2
273,Xiaolouluo,19,3
273,Xiezijing,18,4
273,Xiaolouluo,17,5
273,Shejing,21,5
273,Xiezijing,18,6
273,Xiaolouluo,19,7
273,Xiezijing,20,8

274,Huluwa1,2,2
274,Huluwa2,2,3
274,Huluwa3,2,4
274,Huluwa4,2,5
274,Yeye,7,5
274,Huluwa5,2,6
274,Huluwa6,2,7
274,Huluwa7,2,8
274,Xiezijing,20,2
274,Xiaolouluo,19,3
274,Xiezijing,18,4
274,Xiaolouluo,17,5
274,Shejing,21,5
274,Xiezijing,18,6
274,Xiaolouluo,19,7
274,Xiezijing,20,8

275,Huluwa1,2,2
275,Huluwa2,2,3
275,Huluwa3,2,4
275,Huluwa4,2,5
275,Yeye,7,5
275,Huluwa5,2,6
275,Huluwa6,2,7
275,Huluwa7,2,8
275,Xiezijing,20,2
275,Xiaolouluo,19,3
275,Xiezijing,18,4
275,Xiaolouluo,17,5
275,Shejing,21,5
275,Xiezijing,18,6
275,Xiaolouluo,19,7
275,Xiezijing,20,8

276,Huluwa1,2,2
276,Huluwa2,2,3
276,Huluwa3,2,4
276,Huluwa4,2,5
276,Yeye,7,5
276,Huluwa5,2,6
276,Huluwa6,2,7
276,Huluwa7,2,8
276,Xiezijing,20,2
276,Xiaolouluo,19,3
276,Xiezijing,18,4
276,Xiaolouluo,17,5
276,Shejing,21,5
276,Xiezijing,18,6
276,Xiaolouluo,19,7
276,Xiezijing,20,8

277,Huluwa1,2,2
277,Huluwa2,2,3
277,Huluwa3,2,4
277,Huluwa4,2,5
277,Yeye,7,5
277,Huluwa5,2,6
277,Huluwa6,2,7
277,Huluwa7,2,8
277,Xiezijing,20,2
277,Xiaolouluo,19,3
277,Xiezijing,18,4
277,Xiaolouluo,17,5
277,Shejing,21,5
277,Xiezijing,18,6
277,Xiaolouluo,19,7
277,Xiezijing,20,8

278,Huluwa1,2,2
278,Huluwa2,2,3
278,Huluwa3,2,4
278,Huluwa4,2,5
278,Yeye,7,5
278,Huluwa5,2,6
278,Huluwa6,2,7
278,Huluwa7,2,8
278,Xiezijing,20,2
278,Xiaolouluo,19,3
278,Xiezijing,18,4
278,Xiaolouluo,17,5
278,Shejing,21,5
278,Xiezijing,18,6
278,Xiaolouluo,19,7
278,Xiezijing,20,8

279,Huluwa1,2,2
279,Huluwa2,2,3
279,Huluwa3,2,4
279,Huluwa4,2,5
279,Yeye,7,5
279,Huluwa5,2,6
279,Huluwa6,2,7
279,Huluwa7,2,8
279,Xiezijing,20,2
279,Xiaolouluo,19,3
279,Xiezijing,18,4
279,Xiaolouluo,17,5
279,Shejing,21,5
279,Xiezijing,18,6
279,Xiaolouluo,19,7
279,Xiezijing,20,8

280,Huluwa1,2,2
280,Huluwa2,2,3
280,Huluwa3,2,4
280,Huluwa4,2,5
280,Yeye,7,5
280,Huluwa5,2,6
280,Huluwa6,2,7
280,Huluwa7,2,8
280,Xiezijing,20,2
280,Xiaolouluo,19,3
280,Xiezijing,18,4
280,Xiaolouluo,17,5
280,Shejing,21,5
280,Xiezijing,18,6
280,Xiaolouluo,19,7
280,Xiezijing,20,8

281,Huluwa1,2,2
281,Huluwa2,2,3
281,Huluwa3,2,4
281,Huluwa4,2,5
281,Yeye,7,5
281,Huluwa5,2,6
281,Huluwa6,2,7
281,Huluwa7,2,8
281,Xiezijing,20,2
281,Xiaolouluo,19,3
281,Xiezijing,18,4
281,Xiaolouluo,17,5
281,Shejing,21,5
281,Xiezijing,18,6
281,Xiaolouluo,19,7
281,Xiezijing,20,8

282,Huluwa1,2,2
282,Huluwa2,2,3
282,Huluwa3,2,4
282,Huluwa4,2,5
282,Yeye,7,5
282,Huluwa5,2,6
282,Huluwa6,2,7
282,Huluwa7,2,8
282,Xiezijing,20,2
282,Xiaolouluo,19,3
282,Xiezijing,18,4
282,Xiaolouluo,17,5
282,Shejing,21,5
282,Xiezijing,18,6
282,Xiaolouluo,19,7
282,Xiezijing,20,8

283,Huluwa1,2,2
283,Huluwa2,2,3
283,Huluwa3,2,4
283,Huluwa4,2,5
283,Yeye,7,5
283,Huluwa5,2,6
283,Huluwa6,2,7
283,Huluwa7,2,8
283,Xiezijing,20,2
283,Xiaolouluo,19,3
283,Xiezijing,18,4
283,Xiaolouluo,17,5
283,Shejing,21,5
283,Xiezijing,18,6
283,Xiaolouluo,19,7
283,Xiezijing,20,8

284,Huluwa1,2,2
284,Huluwa2,2,3
284,Huluwa3,2,4
284,Huluwa4,2,5
284,Yeye,7,5
284,Huluwa5,2,6
284,Huluwa6,2,7
284,Huluwa7,2,8
284,Xiezijing,20,2
284,Xiaolouluo,19,3
284,Xiezijing,18,4
284,Xiaolouluo,17,5
284,Shejing,21,5
284,Xiezijing,18,6
284,Xiaolouluo,19,7
284,Xiezijing,20,8

285,Huluwa1,2,2
285,Huluwa2,2,3
285,Huluwa3,2,4
285,Huluwa4,2,5
285,Yeye,7,5
285,Huluwa5,2,6
285,Huluwa6,2,7
285,Huluwa7,2,8
285,Xiezijing,20,2
285,Xiaolouluo,19,3
285,Xiezijing,18,4
285,Xiaolouluo,17,5
285,Shejing,21,5
285,Xiezijing,18,6
285,Xiaolouluo,19,7
285,Xiezijing,20,8

286,Huluwa1,2,2
286,Huluwa2,2,3
286,Huluwa3,2,4
286,Huluwa4,2,5
286,Yeye,7,5
286,Huluwa5,2,6
286,Huluwa6,2,7
286,Huluwa7,2,8
286,Xiezijing,20,2
286,Xiaolouluo,19,3
286,Xiezijing,18,4
286,Xiaolouluo,17,5
286,Shejing,21,5
286,Xiezijing,18,6
286,Xiaolouluo,19,7
286,Xiezijing,20,8

287,Huluwa1,2,2
287,Huluwa2,2,3
287,Huluwa3,2,4
287,Huluwa4,2,5
287,Yeye,7,5
287,Huluwa5,2,6
287,Huluwa6,2,7
287,Huluwa7,2,8
287,Xiezijing,20,2
287,Xiaolouluo,19,3
287,Xiezijing,18,4
287,Xiaolouluo,17,5
287,Shejing,21,5
287,Xiezijing,18,6
287,Xiaolouluo,19,7
287,Xiezijing,20,8

288,Huluwa1,2,2
288,Huluwa2,2,3
288,Huluwa3,2,4
288,Huluwa4,2,5
288,Yeye,7,5
288,Huluwa5,2,6
288,Huluwa6,2,7
288,Huluwa7,2,8
288,Xiezijing,20,2
288,Xiaolouluo,19,3
288,Xiezijing,18,4
288,Xiaolouluo,17,5
288,Shejing,21,5
288,Xiezijing,18,6
288,Xiaolouluo,19,7
288,Xiezijing,20,8

289,Huluwa1,2,2
289,Huluwa2,2,3
289,Huluwa3,2,4
289,Huluwa4,2,5
289,Yeye,7,5
289,Huluwa5,2,6
289,Huluwa6,2,7
289,Huluwa7,2,8
289,Xiezijing,20,2
289,Xiaolouluo,19,3
289,Xiezijing,18,4
289,Xiaolouluo,17,5
289,Shejing,21,5
289,Xiezijing,18,6
289,Xiaolouluo,19,7
289,Xiezijing,20,8

290,Huluwa1,2,2
290,Huluwa2,2,3
290,Huluwa3,2,4
290,Huluwa4,2,5
290,Yeye,7,5
290,Huluwa5,2,6
290,Huluwa6,2,7
290,Huluwa7,2,8
290,Xiezijing,20,2
290,Xiaolouluo,19,3
290,Xiezijing,18,4
290,Xiaolouluo,17,5
290,Shejing,21,5
290,Xiezijing,18,6
290,Xiaolouluo,19,7
290,Xiezijing,20,8

291,Huluwa1,2,2
291,Huluwa2,2,3
291,Huluwa3,2,4
291,Huluwa4,2,5
291,Yeye,7,5
291,Huluwa5,2,6
291,Huluwa6,2,7
291,Huluwa7,2,8
291,Xiezijing,20,2
291,Xiaolouluo,19,3
291,Xiezijing,18,4
291,Xiaolouluo,17,5
291,Shejing,21,5
291,Xiezijing,18,6
291,Xiaolouluo,19,7
291,Xiezijing,20,8

292,Huluwa1,2,2
292,Huluwa2,2,3
292,Huluwa3,2,4
292,Huluwa4,2,5
292,Yeye,7,5
292,Huluwa5,2,6
292,Huluwa6,2,7
292,Huluwa7,2,8
292,Xiezijing,20,2
292,Xiaolouluo,19,3
292,Xiezijing,18,4
292,Xiaolouluo,17,5
292,Shejing,21,5
292,Xiezijing,18,6
292,Xiaolouluo,19,7
292,Xiezijing,20,8

293,Huluwa1,2,2
293,Huluwa2,2,3
293,Huluwa3,2,4
293,Huluwa4,2,5
293,Yeye,7,5
293,Huluwa5,2,6
293,Huluwa6,2,7
293,Huluwa7,2,8
293,Xiezijing,20,2
293,Xiaolouluo,19,3
293,Xiezijing,18,4
293,Xiaolouluo,17,5
293,Shejing,21,5
293,Xiezijing,18,6
293,Xiaolouluo,19,7
293,Xiezijing,20,8

294,Huluwa1,2,2
294,Huluwa2,2,3
294,Huluwa3,2,4
294,Huluwa4,2,5
294,Yeye,7,5
294,Huluwa5,2,6
294,Huluwa6,2,7
294,Huluwa7,2,8
294,Xiezijing,20,2
294,Xiaolouluo,19,3
294,Xiezijing,18,4
294,Xiaolouluo,17,5
294,Shejing,21,5
294,Xiezijing,18,6
294,Xiaolouluo,19,7
294,Xiezijing,20,8

294,Huluwa1,2,2
294,Huluwa2,2,3
294,Huluwa3,2,4
294,Huluwa4,2,5
294,Yeye,7,5
294,Huluwa5,2,6
294,Huluwa6,2,7
294,Huluwa7,2,8
294,Xiezijing,20,2
294,Xiaolouluo,19,3
294,Xiezijing,18,4
294,Xiaolouluo,17,5
294,Shejing,21,5
294,Xiezijing,18,6
294,Xiaolouluo,19,7
294,Xiezijing,20,8

295,Huluwa1,2,2
295,Huluwa2,2,3
295,Huluwa3,2,4
295,Huluwa4,2,5
295,Yeye,7,5
295,Huluwa5,2,6
295,Huluwa6,2,7
295,Huluwa7,2,8
295,Xiezijing,20,2
295,Xiaolouluo,19,3
295,Xiezijing,18,4
295,Xiaolouluo,17,5
295,Shejing,21,5
295,Xiezijing,18,6
295,Xiaolouluo,19,7
295,Xiezijing,20,8

296,Huluwa1,2,2
296,Huluwa2,2,3
296,Huluwa3,2,4
296,Huluwa4,2,5
296,Yeye,7,5
296,Huluwa5,2,6
296,Huluwa6,2,7
296,Huluwa7,2,8
296,Xiezijing,20,2
296,Xiaolouluo,19,3
296,Xiezijing,18,4
296,Xiaolouluo,17,5
296,Shejing,21,5
296,Xiezijing,18,6
296,Xiaolouluo,19,7
296,Xiezijing,20,8

297,Huluwa1,2,2
297,Huluwa2,2,3
297,Huluwa3,2,4
297,Huluwa4,2,5
297,Yeye,7,5
297,Huluwa5,2,6
297,Huluwa6,2,7
297,Huluwa7,2,8
297,Xiezijing,20,2
297,Xiaolouluo,19,3
297,Xiezijing,18,4
297,Xiaolouluo,17,5
297,Shejing,21,5
297,Xiezijing,18,6
297,Xiaolouluo,19,7
297,Xiezijing,20,8

298,Huluwa1,2,2
298,Huluwa2,2,3
298,Huluwa3,2,4
298,Huluwa4,2,5
298,Yeye,7,5
298,Huluwa5,2,6
298,Huluwa6,2,7
298,Huluwa7,2,8
298,Xiezijing,20,2
298,Xiaolouluo,19,3
298,Xiezijing,18,4
298,Xiaolouluo,17,5
298,Shejing,21,5
298,Xiezijing,18,6
298,Xiaolouluo,19,7
298,Xiezijing,20,8

299,Huluwa1,2,2
299,Huluwa2,2,3
299,Huluwa3,2,4
299,Huluwa4,2,5
299,Yeye,7,5
299,Huluwa5,2,6
299,Huluwa6,2,7
299,Huluwa7,2,8
299,Xiezijing,20,2
299,Xiaolouluo,19,3
299,Xiezijing,18,4
299,Xiaolouluo,17,5
299,Shejing,21,5
299,Xiezijing,18,6
299,Xiaolouluo,19,7
299,Xiezijing,20,8

300,Huluwa1,2,2
300,Huluwa2,2,3
300,Huluwa3,2,4
300,Huluwa4,2,5
300,Yeye,7,5
300,Huluwa5,2,6
300,Huluwa6,2,7
300,Huluwa7,2,8
300,Xiezijing,20,2
300,Xiaolouluo,19,3
300,Xiezijing,18,4
300,Xiaolouluo,17,5
300,Shejing,21,5
300,Xiezijing,18,6
300,Xiaolouluo,19,7
300,Xiezijing,20,8

301,Huluwa1,2,2
301,Huluwa2,2,3
301,Huluwa3,2,4
301,Huluwa4,2,5
301,Yeye,7,5
301,Huluwa5,2,6
301,Huluwa6,2,7
301,Huluwa7,2,8
301,Xiezijing,20,2
301,Xiaolouluo,19,3
301,Xiezijing,18,4
301,Xiaolouluo,17,5
301,Shejing,21,5
301,Xiezijing,18,6
301,Xiaolouluo,19,7
301,Xiezijing,20,8

302,Huluwa1,2,2
302,Huluwa2,2,3
302,Huluwa3,2,4
302,Huluwa4,2,5
302,Yeye,7,5
302,Huluwa5,2,6
302,Huluwa6,2,7
302,Huluwa7,2,8
302,Xiezijing,20,2
302,Xiaolouluo,19,3
302,Xiezijing,18,4
302,Xiaolouluo,17,5
302,Shejing,21,5
302,Xiezijing,18,6
302,Xiaolouluo,19,7
302,Xiezijing,20,8

303,Huluwa1,2,2
303,Huluwa2,2,3
303,Huluwa3,2,4
303,Huluwa4,2,5
303,Yeye,7,5
303,Huluwa5,2,6
303,Huluwa6,2,7
303,Huluwa7,2,8
303,Xiezijing,20,2
303,Xiaolouluo,19,3
303,Xiezijing,18,4
303,Xiaolouluo,17,5
303,Shejing,21,5
303,Xiezijing,18,6
303,Xiaolouluo,19,7
303,Xiezijing,20,8

304,Huluwa1,2,2
304,Huluwa2,2,3
304,Huluwa3,2,4
304,Huluwa4,2,5
304,Yeye,7,5
304,Huluwa5,2,6
304,Huluwa6,2,7
304,Huluwa7,2,8
304,Xiezijing,20,2
304,Xiaolouluo,19,3
304,Xiezijing,18,4
304,Xiaolouluo,17,5
304,Shejing,21,5
304,Xiezijing,18,6
304,Xiaolouluo,19,7
304,Xiezijing,20,8

305,Huluwa1,2,2
305,Huluwa2,2,3
305,Huluwa3,2,4
305,Huluwa4,2,5
305,Yeye,7,5
305,Huluwa5,2,6
305,Huluwa6,2,7
305,Huluwa7,2,8
305,Xiezijing,20,2
305,Xiaolouluo,19,3
305,Xiezijing,18,4
305,Xiaolouluo,17,5
305,Shejing,21,5
305,Xiezijing,18,6
305,Xiaolouluo,19,7
305,Xiezijing,20,8

306,Huluwa1,2,2
306,Huluwa2,2,3
306,Huluwa3,2,4
306,Huluwa4,2,5
306,Yeye,7,5
306,Huluwa5,2,6
306,Huluwa6,2,7
306,Huluwa7,2,8
306,Xiezijing,20,2
306,Xiaolouluo,19,3
306,Xiezijing,18,4
306,Xiaolouluo,17,5
306,Shejing,21,5
306,Xiezijing,18,6
306,Xiaolouluo,19,7
306,Xiezijing,20,8

307,Huluwa1,2,2
307,Huluwa2,2,3
307,Huluwa3,2,4
307,Huluwa4,2,5
307,Yeye,7,5
307,Huluwa5,2,6
307,Huluwa6,2,7
307,Huluwa7,2,8
307,Xiezijing,20,2
307,Xiaolouluo,19,3
307,Xiezijing,18,4
307,Xiaolouluo,17,5
307,Shejing,21,5
307,Xiezijing,18,6
307,Xiaolouluo,19,7
307,Xiezijing,20,8

308,Huluwa1,2,2
308,Huluwa2,2,3
308,Huluwa3,2,4
308,Huluwa4,2,5
308,Yeye,7,5
308,Huluwa5,2,6
308,Huluwa6,2,7
308,Huluwa7,2,8
308,Xiezijing,20,2
308,Xiaolouluo,19,3
308,Xiezijing,18,4
308,Xiaolouluo,17,5
308,Shejing,21,5
308,Xiezijing,18,6
308,Xiaolouluo,19,7
308,Xiezijing,20,8

309,Huluwa1,2,2
309,Huluwa2,2,3
309,Huluwa3,2,4
309,Huluwa4,2,5
309,Yeye,7,5
309,Huluwa5,2,6
309,Huluwa6,2,7
309,Huluwa7,2,8
309,Xiezijing,20,2
309,Xiaolouluo,19,3
309,Xiezijing,18,4
309,Xiaolouluo,17,5
309,Shejing,21,5
309,Xiezijing,18,6
309,Xiaolouluo,19,7
309,Xiezijing,20,8

310,Huluwa1,2,2
310,Huluwa2,2,3
310,Huluwa3,2,4
310,Huluwa4,2,5
310,Yeye,7,5
310,Huluwa5,2,6
310,Huluwa6,2,7
310,Huluwa7,2,8
310,Xiezijing,20,2
310,Xiaolouluo,19,3
310,Xiezijing,18,4
310,Xiaolouluo,17,5
310,Shejing,21,5
310,Xiezijing,18,6
310,Xiaolouluo,19,7
310,Xiezijing,20,8

311,Huluwa1,2,2
311,Huluwa2,2,3
311,Huluwa3,2,4
311,Huluwa4,2,5
311,Yeye,7,5
311,Huluwa5,2,6
311,Huluwa6,2,7
311,Huluwa7,2,8
311,Xiezijing,20,2
311,Xiaolouluo,19,3
311,Xiezijing,18,4
311,Xiaolouluo,17,5
311,Shejing,21,5
311,Xiezijing,18,6
311,Xiaolouluo,19,7
311,Xiezijing,20,8

312,Huluwa1,2,2
312,Huluwa2,2,3
312,Huluwa3,2,4
312,Huluwa4,2,5
312,Yeye,7,5
312,Huluwa5,2,6
312,Huluwa6,2,7
312,Huluwa7,2,8
312,Xiezijing,20,2
312,Xiaolouluo,19,3
312,Xiezijing,18,4
312,Xiaolouluo,17,5
312,Shejing,21,5
312,Xiezijing,18,6
312,Xiaolouluo,19,7
312,Xiezijing,20,8

313,Huluwa1,2,2
313,Huluwa2,2,3
313,Huluwa3,2,4
313,Huluwa4,2,5
313,Yeye,7,5
313,Huluwa5,2,6
313,Huluwa6,2,7
313,Huluwa7,2,8
313,Xiezijing,20,2
313,Xiaolouluo,19,3
313,Xiezijing,18,4
313,Xiaolouluo,17,5
313,Shejing,21,5
313,Xiezijing,18,6
313,Xiaolouluo,19,7
313,Xiezijing,20,8

901,Huluwa1,2,2
901,Huluwa2,2,3
901,Huluwa3,2,4
901,Huluwa4,2,5
901,Yeye,7,5
901,Huluwa5,2,6
901,Huluwa6,2,7
901,Huluwa7,2,8
901,Xiezijing,20,2
901,Xiaolouluo,19,3
901,Xiezijing,18,4
901,Xiaolouluo,17,5
901,Shejing,21,5
901,Xiezijing,18,6
901,Xiaolouluo,19,7
901,Xiezijing,20,8

902,Huluwa1,2,2
902,Huluwa2,2,3
902,Huluwa3,2,4
902,Huluwa4,2,5
902,Yeye,7,5
902,Huluwa5,2,6
902,Huluwa6,2,7
902,Huluwa7,2,8
902,Xiezijing,20,2
902,Xiaolouluo,19,3
902,Xiezijing,18,4
902,Xiaolouluo,17,5
902,Shejing,21,5
902,Xiezijing,18,6
902,Xiaolouluo,19,7
902,Xiezijing,20,8

903,Huluwa1,2,2
903,Huluwa2,2,3
903,Huluwa3,2,4
903,Huluwa4,2,5
903,Yeye,7,5
903,Huluwa5,2,6
903,Huluwa6,2,7
903,Huluwa7,2,8
903,Xiezijing,20,2
903,Xiaolouluo,19,3
903,Xiezijing,18,4
903,Xiaolouluo,17,5
903,Shejing,21,5
903,Xiezijing,18,6
903,Xiaolouluo,19,7
903,Xiezijing,20,8

904,Huluwa1,2,2
904,Huluwa2,2,3
904,Huluwa3,2,4
904,Huluwa4,2,5
904,Yeye,7,5
904,Huluwa5,2,6
904,Huluwa6,2,7
904,Huluwa7,2,8
904,Xiezijing,20,2
904,Xiaolouluo,19,3
904,Xiezijing,18,4
904,Xiaolouluo,17,5
904,Shejing,21,5
904,Xiezijing,18,6
904,Xiaolouluo,19,7
904,Xiezijing,20,8

905,Huluwa1,2,2
905,Huluwa2,2,3
905,Huluwa3,2,4
905,Huluwa4,2,5
905,Yeye,7,5
905,Huluwa5,2,6
905,Huluwa6,2,7
905,Huluwa7,2,8
905,Xiezijing,20,2
905,Xiaolouluo,19,3
905,Xiezijing,18,4
905,Xiaolouluo,17,5
905,Shejing,21,5
905,Xiezijing,18,6
905,Xiaolouluo,19,7
905,Xiezijing,20,8

906,Huluwa1,2,2
906,Huluwa2,2,3
906,Huluwa3,2,4
906,Huluwa4,2,5
906,Yeye,7,5
906,Huluwa5,2,6
906,Huluwa6,2,7
906,Huluwa7,2,8
906,Xiezijing,20,2
906,Xiaolouluo,19,3
906,Xiezijing,18,4
906,Xiaolouluo,17,5
906,Shejing,21,5
906,Xiezijing,18,6
906,Xiaolouluo,19,7
906,Xiezijing,20,8

907,Huluwa1,2,2
907,Huluwa2,2,3
907,Huluwa3,2,4
907,Huluwa4,2,5
907,Yeye,7,5
907,Huluwa5,2,6
907,Huluwa6,2,7
907,Huluwa7,2,8
907,Xiezijing,20,2
907,Xiaolouluo,19,3
907,Xiezijing,18,4
907,Xiaolouluo,17,5
907,Shejing,21,5
907,Xiezijing,18,6
907,Xiaolouluo,19,7
907,Xiezijing,20,8

908,Huluwa1,2,2
908,Huluwa2,2,3
908,Huluwa3,2,4
908,Huluwa4,2,5
908,Yeye,7,5
908,Huluwa5,2,6
908,Huluwa6,2,7
908,Huluwa7,2,8
908,Xiezijing,20,2
908,Xiaolouluo,19,3
908,Xiezijing,18,4
908,Xiaolouluo,17,5
908,Shejing,21,5
908,Xiezijing,18,6
908,Xiaolouluo,19,7
908,Xiezijing,20,8

909,Huluwa1,2,2
909,Huluwa2,2,3
909,Huluwa3,2,4
909,Huluwa4,2,5
909,Yeye,7,5
909,Huluwa5,2,6
909,Huluwa6,2,7
909,Huluwa7,2,8
909,Xiezijing,20,2
909,Xiaolouluo,19,3
909,Xiezijing,18,4
909,Xiaolouluo,17,5
909,Shejing,21,5
909,Xiezijing,18,6
909,Xiaolouluo,19,7
909,Xiezijing,20,8

910,Huluwa1,2,2
910,Huluwa2,2,3
910,Huluwa3,2,4
910,Huluwa4,2,5
910,Yeye,7,5
910,Huluwa5,2,6
910,Huluwa6,2,7
910,Huluwa7,2,8
910,Xiezijing,20,2
910,Xiaolouluo,19,3
910,Xiezijing,18,4
910,Xiaolouluo,17,5
910,Shejing,21,5
910,Xiezijing,18,6
910,Xiaolouluo,19,7
910,Xiezijing,20,8

911,Huluwa1,2,2
911,Huluwa2,2,3
911,Huluwa3,2,4
911,Huluwa4,2,5
911,Yeye,7,5
911,Huluwa5,2,6
911,Huluwa6,2,7
911,Huluwa7,2,8
911,Xiezijing,20,2
911,Xiaolouluo,19,3
911,Xiezijing,18,4
911,Xiaolouluo,17,5
911,Shejing,21,5
911,Xiezijing,18,6
911,Xiaolouluo,19,7
911,Xiezijing,20,8

912,Huluwa1,2,2
912,Huluwa2,2,3
912,Huluwa3,2,4
912,Huluwa4,2,5
912,Yeye,7,5
912,Huluwa5,2,6
912,Huluwa6,2,7
912,Huluwa7,2,8
912,Xiezijing,20,2
912,Xiaolouluo,19,3
912,Xiezijing,18,4
912,Xiaolouluo,17,5
912,Shejing,21,5
912,Xiezijing,18,6
912,Xiaolouluo,19,7
912,Xiezijing,20,8

913,Huluwa1,2,2
913,Huluwa2,2,3
913,Huluwa3,2,4
913,Huluwa4,2,5
913,Yeye,7,5
913,Huluwa5,2,6
913,Huluwa6,2,7
913,Huluwa7,2,8
913,Xiezijing,20,2
913,Xiaolouluo,19,3
913,Xiezijing,18,4
913,Xiaolouluo,17,5
913,Shejing,21,5
913,Xiezijing,18,6
913,Xiaolouluo,19,7
913,Xiezijing,20,8

914,Huluwa1,2,2
914,Huluwa2,2,3
914,Huluwa3,2,4
914,Huluwa4,2,5
914,Yeye,7,5
914,Huluwa5,2,6
914,Huluwa6,2,7
914,Huluwa7,2,8
914,Xiezijing,20,2
914,Xiaolouluo,19,3
914,Xiezijing,18,4
914,Xiaolouluo,17,5
914,Shejing,21,5
914,Xiezijing,18,6
914,Xiaolouluo,19,7
914,Xiezijing,20,8

915,Huluwa1,2,2
915,Huluwa2,2,3
915,Huluwa3,2,4
915,Huluwa4,2,5
915,Yeye,7,5
915,Huluwa5,2,6
915,Huluwa6,2,7
915,Huluwa7,2,8
915,Xiezijing,20,2
915,Xiaolouluo,19,3
915,Xiezijing,18,4
915,Xiaolouluo,17,5
915,Shejing,21,5
915,Xiezijing,18,6
915,Xiaolouluo,19,7
915,Xiezijing,20,8

916,Huluwa1,2,2
916,Huluwa2,2,3
916,Huluwa3,2,4
916,Huluwa4,2,5
916,Yeye,7,5
916,Huluwa5,2,6
916,Huluwa6,2,7
916,Huluwa7,2,8
916,Xiezijing,20,2
916,Xiaolouluo,19,3
916,Xiezijing,18,4
916,Xiaolouluo,17,5
916,Shejing,21,5
916,Xiezijing,18,6
916,Xiaolouluo,19,7
916,Xiezijing,20,8

917,Huluwa1,2,2
917,Huluwa2,2,3
917,Huluwa3,2,4
917,Huluwa4,2,5
917,Yeye,7,5
917,Huluwa5,2,6
917,Huluwa6,2,7
917,Huluwa7,2,8
917,Xiezijing,20,2
917,Xiaolouluo,19,3
917,Xiezijing,18,4
917,Xiaolouluo,17,5
917,Shejing,21,5
917,Xiezijing,18,6
917,Xiaolouluo,19,7
917,Xiezijing,20,8

918,Huluwa1,2,2
918,Huluwa2,2,3
918,Huluwa3,2,4
918,Huluwa4,2,5
918,Yeye,7,5
918,Huluwa5,2,6
918,Huluwa6,2,7
918,Huluwa7,2,8
918,Xiezijing,20,2
918,Xiaolouluo,19,3
918,Xiezijing,18,4
918,Xiaolouluo,17,5
918,Shejing,21,5
918,Xiezijing,18,6
918,Xiaolouluo,19,7
918,Xiezijing,20,8

919,Huluwa1,2,2
919,Huluwa2,2,3
919,Huluwa3,2,4
919,Huluwa4,2,5
919,Yeye,7,5
919,Huluwa5,2,6
919,Huluwa6,2,7
919,Huluwa7,2,8
919,Xiezijing,20,2
919,Xiaolouluo,19,3
919,Xiezijing,18,4
919,Xiaolouluo,17,5
919,Shejing,21,5
919,Xiezijing,18,6
919,Xiaolouluo,19,7
919,Xiezijing,20,8

920,Huluwa1,2,2
920,Huluwa2,2,3
920,Huluwa3,2,4
920,Huluwa4,2,5
920,Yeye,7,5
920,Huluwa5,2,6
920,Huluwa6,2,7
920,Huluwa7,2,8
920,Xiezijing,20,2
920,Xiaolouluo,19,3
920,Xiezijing,18,4
920,Xiaolouluo,17,5
920,Shejing,21,5
920,Xiezijing,18,6
920,Xiaolouluo,19,7
920,Xiezijing,20,8

921,Huluwa1,2,2
921,Huluwa2,2,3
921,Huluwa3,2,4
921,Huluwa4,2,5
921,Yeye,7,5
921,Huluwa5,2,6
921,Huluwa6,2,7
921,Huluwa7,2,8
921,Xiezijing,20,2
921,Xiaolouluo,19,3
921,Xiezijing,18,4
921,Xiaolouluo,17,5
921,Shejing,21,5
921,Xiezijing,18,6
921,Xiaolouluo,19,7
921,Xiezijing,20,8

922,Huluwa1,2,2
922,Huluwa2,2,3
922,Huluwa3,2,4
922,Huluwa4,2,5
922,Yeye,7,5
922,Huluwa5,2,6
922,Huluwa6,2,7
922,Huluwa7,2,8
922,Xiezijing,20,2
922,Xiaolouluo,19,3
922,Xiezijing,18,4
922,Xiaolouluo,17,5
922,Shejing,21,5
922,Xiezijing,18,6
922,Xiaolouluo,19,7
922,Xiezijing,20,8

923,Huluwa1,2,2
923,Huluwa2,2,3
923,Huluwa3,2,4
923,Huluwa4,2,5
923,Yeye,7,5
923,Huluwa5,2,6
923,Huluwa6,2,7
923,Huluwa7,2,8
923,Xiezijing,20,2
923,Xiaolouluo,19,3
923,Xiezijing,18,4
923,Xiaolouluo,17,5
923,Shejing,21,5
923,Xiezijing,18,6
923,Xiaolouluo,19,7
923,Xiezijing,20,8

924,Huluwa1,2,2
924,Huluwa2,2,3
924,Huluwa3,2,4
924,Huluwa4,2,5
924,Yeye,7,5
924,Huluwa5,2,6
924,Huluwa6,2,7
924,Huluwa7,2,8
924,Xiezijing,20,2
924,Xiaolouluo,19,3
924,Xiezijing,18,4
924,Xiaolouluo,17,5
924,Shejing,21,5
924,Xiezijing,18,6
924,Xiaolouluo,19,7
924,Xiezijing,20,8

925,Huluwa1,2,2
925,Huluwa2,2,3
925,Huluwa3,2,4
925,Huluwa4,2,5
925,Yeye,7,5
925,Huluwa5,2,6
925,Huluwa6,2,7
925,Huluwa7,2,8
925,Xiezijing,20,2
925,Xiaolouluo,19,3
925,Xiezijing,18,4
925,Xiaolouluo,17,5
925,Shejing,21,5
925,Xiezijing,18,6
925,Xiaolouluo,19,7
925,Xiezijing,20,8

926,Huluwa1,2,2
926,Huluwa2,2,3
926,Huluwa3,2,4
926,Huluwa4,2,5
926,Yeye,7,5
926,Huluwa5,2,6
926,Huluwa6,2,7
926,Huluwa7,2,8
926,Xiezijing,20,2
926,Xiaolouluo,19,3
926,Xiezijing,18,4
926,Xiaolouluo,17,5
926,Shejing,21,5
926,Xiezijing,18,6
926,Xiaolouluo,19,7
926,Xiezijing,20,8

927,Huluwa1,2,2
927,Huluwa2,2,3
927,Huluwa3,2,4
927,Huluwa4,2,5
927,Yeye,7,5
927,Huluwa5,2,6
927,Huluwa6,2,7
927,Huluwa7,2,8
927,Xiezijing,20,2
927,Xiaolouluo,19,3
927,Xiezijing,18,4
927,Xiaolouluo,17,5
927,Shejing,21,5
927,Xiezijing,18,6
927,Xiaolouluo,19,7
927,Xiezijing,20,8

928,Huluwa1,2,2
928,Huluwa2,2,3
928,Huluwa3,2,4
928,Huluwa4,2,5
928,Yeye,7,5
928,Huluwa5,2,6
928,Huluwa6,2,7
928,Huluwa7,2,8
928,Xiezijing,20,2
928,Xiaolouluo,19,3
928,Xiezijing,18,4
928,Xiaolouluo,17,5
928,Shejing,21,5
928,Xiezijing,18,6
928,Xiaolouluo,19,7
928,Xiezijing,20,8

929,Huluwa1,2,2
929,Huluwa2,2,3
929,Huluwa3,2,4
929,Huluwa4,2,5
929,Yeye,7,5
929,Huluwa5,2,6
929,Huluwa6,2,7
929,Huluwa7,2,8
929,Xiezijing,20,2
929,Xiaolouluo,19,3
929,Xiezijing,18,4
929,Xiaolouluo,17,5
929,Shejing,21,5
929,Xiezijing,18,6
929,Xiaolouluo,19,7
929,Xiezijing,20,8

930,Huluwa1,2,2
930,Huluwa2,2,3
930,Huluwa3,2,4
930,Huluwa4,2,5
930,Yeye,7,5
930,Huluwa5,2,6
930,Huluwa6,2,7
930,Huluwa7,2,8
930,Xiezijing,20,2
930,Xiaolouluo,19,3
930,Xiezijing,18,4
930,Xiaolouluo,17,5
930,Shejing,21,5
930,Xiezijing,18,6
930,Xiaolouluo,19,7
930,Xiezijing,20,8

931,Huluwa1,2,2
931,Huluwa2,2,3
931,Huluwa3,2,4
931,Huluwa4,2,5
931,Yeye,7,5
931,Huluwa5,2,6
931,Huluwa6,2,7
931,Huluwa7,2,8
931,Xiezijing,20,2
931,Xiaolouluo,19,3
931,Xiezijing,18,4
931,Xiaolouluo,17,5
931,Shejing,21,5
931,Xiezijing,18,6
931,Xiaolouluo,19,7
931,Xiezijing,20,8

932,Huluwa1,2,2
932,Huluwa2,2,3
932,Huluwa3,2,4
932,Huluwa4,2,5
932,Yeye,7,5
932,Huluwa5,2,6
932,Huluwa6,2,7
932,Huluwa7,2,8
932,Xiezijing,20,2
932,Xiaolouluo,19,3
932,Xiezijing,18,4
932,Xiaolouluo,17,5
932,Shejing,21,5
932,Xiezijing,18,6
932,Xiaolouluo,19,7
932,Xiezijing,20,8

933,Huluwa1,2,2
933,Huluwa2,2,3
933,Huluwa3,2,4
933,Huluwa4,2,5
933,Yeye,7,5
933,Huluwa5,2,6
933,Huluwa6,2,7
933,Huluwa7,2,8
933,Xiezijing,20,2
933,Xiaolouluo,19,3
933,Xiezijing,18,4
933,Xiaolouluo,17,5
933,Shejing,21,5
933,Xiezijing,18,6
933,Xiaolouluo,19,7
933,Xiezijing,20,8

934,Huluwa1,2,2
934,Huluwa2,2,3
934,Huluwa3,2,4
934,Huluwa4,2,5
934,Yeye,7,5
934,Huluwa5,2,6
934,Huluwa6,2,7
934,Huluwa7,2,8
934,Xiezijing,20,2
934,Xiaolouluo,19,3
934,Xiezijing,18,4
934,Xiaolouluo,17,5
934,Shejing,21,5
934,Xiezijing,18,6
934,Xiaolouluo,19,7
934,Xiezijing,20,8

935,Huluwa1,2,2
935,Huluwa2,2,3
935,Huluwa3,2,4
935,Huluwa4,2,5
935,Yeye,7,5
935,Huluwa5,2,6
935,Huluwa6,2,7
935,Huluwa7,2,8
935,Xiezijing,20,2
935,Xiaolouluo,19,3
935,Xiezijing,18,4
935,Xiaolouluo,17,5
935,Shejing,21,5
935,Xiezijing,18,6
935,Xiaolouluo,19,7
935,Xiezijing,20,8

936,Huluwa1,2,2
936,Huluwa2,2,3
936,Huluwa3,2,4
936,Huluwa4,2,5
936,Yeye,7,5
936,Huluwa5,2,6
936,Huluwa6,2,7
936,Huluwa7,2,8
936,Xiezijing,20,2
936,Xiaolouluo,19,3
936,Xiezijing,18,4
936,Xiaolouluo,17,5
936,Shejing,21,5
936,Xiezijing,18,6
936,Xiaolouluo,19,7
936,Xiezijing,20,8

937,Huluwa1,2,2
937,Huluwa2,2,3
937,Huluwa3,2,4
937,Huluwa4,2,5
937,Yeye,7,5
937,Huluwa5,2,6
937,Huluwa6,2,7
937,Huluwa7,2,8
937,Xiezijing,20,2
937,Xiaolouluo,19,3
937,Xiezijing,18,4
937,Xiaolouluo,17,5
937,Shejing,21,5
937,Xiezijing,18,6
937,Xiaolouluo,19,7
937,Xiezijing,20,8

938,Huluwa1,2,2
938,Huluwa2,2,3
938,Huluwa3,2,4
938,Huluwa4,2,5
938,Yeye,7,5
938,Huluwa5,2,6
938,Huluwa6,2,7
938,Huluwa7,2,8
938,Xiezijing,20,2
938,Xiaolouluo,19,3
938,Xiezijing,18,4
938,Xiaolouluo,17,5
938,Shejing,21,5
938,Xiezijing,18,6
938,Xiaolouluo,19,7
938,Xiezijing,20,8

939,Huluwa1,2,2
939,Huluwa2,2,3
939,Huluwa3,2,4
939,Huluwa4,2,5
939,Yeye,7,5
939,Huluwa5,2,6
939,Huluwa6,2,7
939,Huluwa7,2,8
939,Xiezijing,20,2
939,Xiaolouluo,19,3
939,Xiezijing,18,4
939,Xiaolouluo,17,5
939,Shejing,21,5
939,Xiezijing,18,6
939,Xiaolouluo,19,7
939,Xiezijing,20,8

940,Huluwa1,2,2
940,Huluwa2,2,3
940,Huluwa3,2,4
940,Huluwa4,2,5
940,Yeye,7,5
940,Huluwa5,2,6
940,Huluwa6,2,7
940,Huluwa7,2,8
940,Xiezijing,20,2
940,Xiaolouluo,19,3
940,Xiezijing,18,4
940,Xiaolouluo,17,5
940,Shejing,21,5
940,Xiezijing,18,6
940,Xiaolouluo,19,7
940,Xiezijing,20,8

941,Huluwa1,2,2
941,Huluwa2,2,3
941,Huluwa3,2,4
941,Huluwa4,2,5
941,Yeye,7,5
941,Huluwa5,2,6
941,Huluwa6,2,7
941,Huluwa7,2,8
941,Xiezijing,20,2
941,Xiaolouluo,19,3
941,Xiezijing,18,4
941,Xiaolouluo,17,5
941,Shejing,21,5
941,Xiezijing,18,6
941,Xiaolouluo,19,7
941,Xiezijing,20,8

942,Huluwa1,2,2
942,Huluwa2,2,3
942,Huluwa3,2,4
942,Huluwa4,2,5
942,Yeye,7,5
942,Huluwa5,2,6
942,Huluwa6,2,7
942,Huluwa7,2,8
942,Xiezijing,20,2
942,Xiaolouluo,19,3
942,Xiezijing,18,4
942,Xiaolouluo,17,5
942,Shejing,21,5
942,Xiezijing,18,6
942,Xiaolouluo,19,7
942,Xiezijing,20,8

943,Huluwa1,2,2
943,Huluwa2,2,3
943,Huluwa3,2,4
943,Huluwa4,2,5
943,Yeye,7,5
943,Huluwa5,2,6
943,Huluwa6,2,7
943,Huluwa7,2,8
943,Xiezijing,20,2
943,Xiaolouluo,19,3
943,Xiezijing,18,4