0,Huluwa1,2,2
0,Huluwa2,2,3
0,Huluwa3,2,4
0,Huluwa4,2,5
0,Yeye,7,5
0,Huluwa5,2,6
0,Huluwa6,2,7
0,Huluwa7,2,8
0,Xiezijing,20,2
0,Xiaolouluo,19,3
0,Xiezijing,18,4
0,Xiaolouluo,17,5
0,Shejing,21,5
0,Xiezijing,18,6
0,Xiaolouluo,19,7
0,Xiezijing,20,8

1,Huluwa1,2,2
1,Huluwa2,2,3
1,Huluwa3,2,4
1,Huluwa4,2,5
1,Yeye,7,5
1,Huluwa5,2,6
1,Huluwa6,2,7
1,Huluwa7,2,8
1,Xiezijing,20,2
1,Xiaolouluo,19,3
1,Xiezijing,18,4
1,Xiaolouluo,17,5
1,Shejing,21,5
1,Xiezijing,18,6
1,Xiaolouluo,19,7
1,Xiezijing,20,8

2,Huluwa1,2,2
2,Huluwa2,2,3
2,Huluwa3,2,4
2,Huluwa4,2,5
2,Yeye,7,5
2,Huluwa5,2,6
2,Huluwa6,2,7
2,Huluwa7,2,8
2,Xiezijing,20,2
2,Xiaolouluo,19,3
2,Xiezijing,18,4
2,Xiaolouluo,17,5
2,Shejing,21,5
2,Xiezijing,18,6
2,Xiaolouluo,19,7
2,Xiezijing,20,8

3,Huluwa1,2,2
3,Huluwa2,2,3
3,Huluwa3,2,4
3,Huluwa4,2,5
3,Yeye,7,5
3,Huluwa5,2,6
3,Huluwa6,2,7
3,Huluwa7,2,8
3,Xiezijing,20,2
3,Xiaolouluo,19,3
3,Xiezijing,18,4
3,Xiaolouluo,17,5
3,Shejing,21,5
3,Xiezijing,18,6
3,Xiaolouluo,19,7
3,Xiezijing,20,8

4,Huluwa1,2,2
4,Huluwa2,2,3
4,Huluwa3,2,4
4,Huluwa4,2,5
4,Yeye,7,5
4,Huluwa5,2,6
4,Huluwa6,2,7
4,Huluwa7,2,8
4,Xiezijing,20,2
4,Xiaolouluo,19,3
4,Xiezijing,18,4
4,Xiaolouluo,17,5
4,Shejing,21,5
4,Xiezijing,18,6
4,Xiaolouluo,19,7
4,Xiezijing,20,8

5,Huluwa1,2,2
5,Huluwa2,2,3
5,Huluwa3,2,4
5,Huluwa4,2,5
5,Yeye,7,5
5,Huluwa5,2,6
5,Huluwa6,2,7
5,Huluwa7,2,8
5,Xiezijing,20,2
5,Xiaolouluo,19,3
5,Xiezijing,18,4
5,Xiaolouluo,17,5
5,Shejing,21,5
5,Xiezijing,18,6
5,Xiaolouluo,19,7
5,Xiezijing,20,8

6,Huluwa1,2,2
6,Huluwa2,2,3
6,Huluwa3,2,4
6,Huluwa4,2,5
6,Yeye,7,5
6,Huluwa5,2,6
6,Huluwa6,2,7
6,Huluwa7,2,8
6,Xiezijing,20,2
6,Xiaolouluo,19,3
6,Xiezijing,18,4
6,Xiaolouluo,17,5
6,Shejing,21,5
6,Xiezijing,18,6
6,Xiaolouluo,19,7
6,Xiezijing,20,8

7,Huluwa1,2,2
7,Huluwa2,2,3
7,Huluwa3,2,4
7,Huluwa4,2,5
7,Yeye,7,5
7,Huluwa5,2,6
7,Huluwa6,2,7
7,Huluwa7,2,8
7,Xiezijing,20,2
7,Xiaolouluo,19,3
7,Xiezijing,18,4
7,Xiaolouluo,17,5
7,Shejing,21,5
7,Xiezijing,18,6
7,Xiaolouluo,19,7
7,Xiezijing,20,8

8,Huluwa1,2,2
8,Huluwa2,2,3
8,Huluwa3,2,4
8,Huluwa4,2,5
8,Yeye,7,5
8,Huluwa5,2,6
8,Huluwa6,2,7
8,Huluwa7,2,8
8,Xiezijing,20,2
8,Xiaolouluo,19,3
8,Xiezijing,18,4
8,Xiaolouluo,17,5
8,Shejing,21,5
8,Xiezijing,18,6
8,Xiaolouluo,19,7
8,Xiezijing,20,8

9,Huluwa1,2,2
9,Huluwa2,2,3
9,Huluwa3,2,4
9,Huluwa4,2,5
9,Yeye,7,5
9,Huluwa5,2,6
9,Huluwa6,2,7
9,Huluwa7,2,8
9,Xiezijing,20,2
9,Xiaolouluo,19,3
9,Xiezijing,18,4
9,Xiaolouluo,17,5
9,Shejing,21,5
9,Xiezijing,18,6
9,Xiaolouluo,19,7
9,Xiezijing,20,8

10,Huluwa1,2,2
10,Huluwa2,2,3
10,Huluwa3,2,4
10,Huluwa4,2,5
10,Yeye,7,5
10,Huluwa5,2,6
10,Huluwa6,2,7
10,Huluwa7,2,8
10,Xiezijing,20,2
10,Xiaolouluo,19,3
10,Xiezijing,18,4
10,Xiaolouluo,17,5
10,Shejing,21,5
10,Xiezijing,18,6
10,Xiaolouluo,19,7
10,Xiezijing,20,8

11,Huluwa1,2,2
11,Huluwa2,2,3
11,Huluwa3,2,4
11,Huluwa4,2,5
11,Yeye,7,5
11,Huluwa5,2,6
11,Huluwa6,2,7
11,Huluwa7,2,8
11,Xiezijing,20,2
11,Xiaolouluo,19,3
11,Xiezijing,18,4
11,Xiaolouluo,17,5
11,Shejing,21,5
11,Xiezijing,18,6
11,Xiaolouluo,19,7
11,Xiezijing,20,8

12,Huluwa1,2,2
12,Huluwa2,2,3
12,Huluwa3,2,4
12,Huluwa4,2,5
12,Yeye,7,5
12,Huluwa5,2,6
12,Huluwa6,2,7
12,Huluwa7,2,8
12,Xiezijing,20,2
12,Xiaolouluo,19,3
12,Xiezijing,18,4
12,Xiaolouluo,17,5
12,Shejing,21,5
12,Xiezijing,18,6
12,Xiaolouluo,19,7
12,Xiezijing,20,8

13,Huluwa1,2,2
13,Huluwa2,2,3
13,Huluwa3,2,4
13,Huluwa4,2,5
13,Yeye,7,5
13,Huluwa5,2,6
13,Huluwa6,2,7
13,Huluwa7,2,8
13,Xiezijing,20,2
13,Xiaolouluo,19,3
13,Xiezijing,18,4
13,Xiaolouluo,17,5
13,Shejing,21,5
13,Xiezijing,18,6
13,Xiaolouluo,19,7
13,Xiezijing,20,8

14,Huluwa1,2,2
14,Huluwa2,2,3
14,Huluwa3,2,4
14,Huluwa4,2,5
14,Yeye,7,5
14,Huluwa5,2,6
14,Huluwa6,2,7
14,Huluwa7,2,8
14,Xiezijing,20,2
14,Xiaolouluo,19,3
14,Xiezijing,18,4
14,Xiaolouluo,17,5
14,Shejing,21,5
14,Xiezijing,18,6
14,Xiaolouluo,19,7
14,Xiezijing,20,8

15,Huluwa1,2,2
15,Huluwa2,2,3
15,Huluwa3,2,4
15,Huluwa4,2,5
15,Yeye,7,5
15,Huluwa5,2,6
15,Huluwa6,2,7
15,Huluwa7,2,8
15,Xiezijing,20,2
15,Xiaolouluo,19,3
15,Xiezijing,18,4
15,Xiaolouluo,17,5
15,Shejing,21,5
15,Xiezijing,18,6
15,Xiaolouluo,19,7
15,Xiezijing,20,8

16,Huluwa1,2,2
16,Huluwa2,2,3
16,Huluwa3,2,4
16,Huluwa4,2,5
16,Yeye,7,5
16,Huluwa5,2,6
16,Huluwa6,2,7
16,Huluwa7,2,8
16,Xiezijing,20,2
16,Xiaolouluo,19,3
16,Xiezijing,18,4
16,Xiaolouluo,17,5
16,Shejing,21,5
16,Xiezijing,18,6
16,Xiaolouluo,19,7
16,Xiezijing,20,8

17,Huluwa1,2,2
17,Huluwa2,2,3
17,Huluwa3,2,4
17,Huluwa4,2,5
17,Yeye,7,5
17,Huluwa5,2,6
17,Huluwa6,2,7
17,Huluwa7,2,8
17,Xiezijing,20,2
17,Xiaolouluo,19,3
17,Xiezijing,18,4
17,Xiaolouluo,17,5
17,Shejing,21,5
17,Xiezijing,18,6
17,Xiaolouluo,19,7
17,Xiezijing,20,8

18,Huluwa1,2,2
18,Huluwa2,2,3
18,Huluwa3,2,4
18,Huluwa4,2,5
18,Yeye,7,5
18,Huluwa5,2,6
18,Huluwa6,2,7
18,Huluwa7,2,8
18,Xiezijing,20,2
18,Xiaolouluo,19,3
18,Xiezijing,18,4
18,Xiaolouluo,17,5
18,Shejing,21,5
18,Xiezijing,18,6
18,Xiaolouluo,19,7
18,Xiezijing,20,8

19,Huluwa1,2,2
19,Huluwa2,2,3
19,Huluwa3,2,4
19,Huluwa4,2,5
19,Yeye,7,5
19,Huluwa5,2,6
19,Huluwa6,2,7
19,Huluwa7,2,8
19,Xiezijing,20,2
19,Xiaolouluo,19,3
19,Xiezijing,18,4
19,Xiaolouluo,17,5
19,Shejing,21,5
19,Xiezijing,18,6
19,Xiaolouluo,19,7
19,Xiezijing,20,8

20,Huluwa1,2,2
20,Huluwa2,2,3
20,Huluwa3,2,4
20,Huluwa4,2,5
20,Yeye,7,5
20,Huluwa5,2,6
20,Huluwa6,2,7
20,Huluwa7,2,8
20,Xiezijing,20,2
20,Xiaolouluo,19,3
20,Xiezijing,18,4
20,Xiaolouluo,17,5
20,Shejing,21,5
20,Xiezijing,18,6
20,Xiaolouluo,19,7
20,Xiezijing,20,8

21,Huluwa1,2,2
21,Huluwa2,2,3
21,Huluwa3,2,4
21,Huluwa4,2,5
21,Yeye,7,5
21,Huluwa5,2,6
21,Huluwa6,2,7
21,Huluwa7,2,8
21,Xiezijing,20,2
21,Xiaolouluo,19,3
21,Xiezijing,18,4
21,Xiaolouluo,17,5
21,Shejing,21,5
21,Xiezijing,18,6
21,Xiaolouluo,19,7
21,Xiezijing,20,8

22,Huluwa1,2,2
22,Huluwa2,2,3
22,Huluwa3,2,4
22,Huluwa4,2,5
22,Yeye,7,5
22,Huluwa5,2,6
22,Huluwa6,2,7
22,Huluwa7,2,8
22,Xiezijing,20,2
22,Xiaolouluo,19,3
22,Xiezijing,18,4
22,Xiaolouluo,17,5
22,Shejing,21,5
22,Xiezijing,18,6
22,Xiaolouluo,19,7
22,Xiezijing,20,8

23,Huluwa1,2,2
23,Huluwa2,2,3
23,Huluwa3,2,4
23,Huluwa4,2,5
23,Yeye,7,5
23,Huluwa5,2,6
23,Huluwa6,2,7
23,Huluwa7,2,8
23,Xiezijing,20,2
23,Xiaolouluo,19,3
23,Xiezijing,18,4
23,Xiaolouluo,17,5
23,Shejing,21,5
23,Xiezijing,18,6
23,Xiaolouluo,19,7
23,Xiezijing,20,8

24,Huluwa1,2,2
24,Huluwa2,2,3
24,Huluwa3,2,4
24,Huluwa4,2,5
24,Yeye,7,5
24,Huluwa5,2,6
24,Huluwa6,2,7
24,Huluwa7,2,8
24,Xiezijing,20,2
24,Xiaolouluo,19,3
24,Xiezijing,18,4
24,Xiaolouluo,17,5
24,Shejing,21,5
24,Xiezijing,18,6
24,Xiaolouluo,19,7
24,Xiezijing,20,8

25,Huluwa1,2,2
25,Huluwa2,2,3
25,Huluwa3,2,4
25,Huluwa4,2,5
25,Yeye,7,5
25,Huluwa5,2,6
25,Huluwa6,2,7
25,Huluwa7,2,8
25,Xiezijing,20,2
25,Xiaolouluo,19,3
25,Xiezijing,18,4
25,Xiaolouluo,17,5
25,Shejing,21,5
25,Xiezijing,18,6
25,Xiaolouluo,19,7
25,Xiezijing,20,8

26,Huluwa1,2,2
26,Huluwa2,2,3
26,Huluwa3,2,4
26,Huluwa4,2,5
26,Yeye,7,5
26,Huluwa5,2,6
26,Huluwa6,2,7
26,Huluwa7,2,8
26,Xiezijing,20,2
26,Xiaolouluo,19,3
26,Xiezijing,18,4
26,Xiaolouluo,17,5
26,Shejing,21,5
26,Xiezijing,18,6
26,Xiaolouluo,19,7
26,Xiezijing,20,8

27,Huluwa1,2,2
27,Huluwa2,2,3
27,Huluwa3,2,4
27,Huluwa4,2,5
27,Yeye,7,5
27,Huluwa5,2,6
27,Huluwa6,2,7
27,Huluwa7,2,8
27,Xiezijing,20,2
27,Xiaolouluo,19,3
27,Xiezijing,18,4
27,Xiaolouluo,17,5
27,Shejing,21,5
27,Xiezijing,18,6
27,Xiaolouluo,19,7
27,Xiezijing,20,8

28,Huluwa1,2,2
28,Huluwa2,2,3
28,Huluwa3,2,4
28,Huluwa4,2,5
28,Yeye,7,5
28,Huluwa5,2,6
28,Huluwa6,2,7
28,Huluwa7,2,8
28,Xiezijing,20,2
28,Xiaolouluo,19,3
28,Xiezijing,18,4
28,Xiaolouluo,17,5
28,Shejing,21,5
28,Xiezijing,18,6
28,Xiaolouluo,19,7
28,Xiezijing,20,8

29,Huluwa1,2,2
29,Huluwa2,2,3
29,Huluwa3,2,4
29,Huluwa4,2,5
29,Yeye,7,5
29,Huluwa5,2,6
29,Huluwa6,2,7
29,Huluwa7,2,8
29,Xiezijing,20,2
29,Xiaolouluo,19,3
29,Xiezijing,18,4
29,Xiaolouluo,17,5
29,Shejing,21,5
29,Xiezijing,18,6
29,Xiaolouluo,19,7
29,Xiezijing,20,8

30,Huluwa1,2,2
30,Huluwa2,2,3
30,Huluwa3,2,4
30,Huluwa4,2,5
30,Yeye,7,5
30,Huluwa5,2,6
30,Huluwa6,2,7
30,Huluwa7,2,8
30,Xiezijing,20,2
30,Xiaolouluo,19,3
30,Xiezijing,18,4
30,Xiaolouluo,17,5
30,Shejing,21,5
30,Xiezijing,18,6
30,Xiaolouluo,19,7
30,Xiezijing,20,8

31,Huluwa1,2,2
31,Huluwa2,2,3
31,Huluwa3,2,4
31,Huluwa4,2,5
31,Yeye,7,5
31,Huluwa5,2,6
31,Huluwa6,2,7
31,Huluwa7,2,8
31,Xiezijing,20,2
31,Xiaolouluo,19,3
31,Xiezijing,18,4
31,Xiaolouluo,17,5
31,Sheji