0,Huluwa1,2,2
0,Huluwa2,2,3
0,Huluwa3,2,4
0,Huluwa4,2,5
0,Huluwa5,2,6
0,Huluwa6,2,7
0,Huluwa7,2,8
0,Yeye,5,9
0,Xiezijing,20,2
0,Xiaolouluo,19,3
0,Xiezijing,18,4
0,Xiaolouluo,17,5
0,Xiezijing,18,6
0,Xiaolouluo,19,7
0,Xiezijing,20,8
0,Shejing,15,9

1,Huluwa1,2,2
1,Huluwa2,2,3
1,Huluwa3,2,4
1,Huluwa4,2,5
1,Huluwa5,2,6
1,Huluwa6,2,7
1,Huluwa7,2,8
1,Yeye,5,9
1,Xiezijing,20,2
1,Xiaolouluo,19,3
1,Xiezijing,18,4
1,Xiaolouluo,17,5
1,Xiezijing,18,6
1,Xiaolouluo,19,7
1,Xiezijing,20,8
1,Shejing,15,9

2,Huluwa1,2,2
2,Huluwa2,2,3
2,Huluwa3,2,4
2,Huluwa4,2,5
2,Huluwa5,2,6
2,Huluwa6,2,7
2,Huluwa7,2,8
2,Yeye,5,9
2,Xiezijing,20,2
2,Xiaolouluo,19,3
2,Xiezijing,18,4
2,Xiaolouluo,17,5
2,Xiezijing,18,6
2,Xiaolouluo,19,7
2,Xiezijing,20,8
2,Shejing,15,9

3,Huluwa1,2,2
3,Huluwa2,2,3
3,Huluwa3,2,4
3,Huluwa4,2,5
3,Huluwa5,2,6
3,Huluwa6,2,7
3,Huluwa7,2,8
3,Yeye,5,9
3,Xiezijing,20,2
3,Xiaolouluo,19,3
3,Xiezijing,18,4
3,Xiaolouluo,17,5
3,Xiezijing,18,6
3,Xiaolouluo,19,7
3,Xiezijing,20,8
3,Shejing,15,9

4,Huluwa1,2,2
4,Huluwa2,2,3
4,Huluwa3,2,4
4,Huluwa4,2,5
4,Huluwa5,2,6
4,Huluwa6,2,7
4,Huluwa7,2,8
4,Yeye,5,9
4,Xiezijing,20,2
4,Xiaolouluo,19,3
4,Xiezijing,18,4
4,Xiaolouluo,17,5
4,Xiezijing,18,6
4,Xiaolouluo,19,7
4,Xiezijing,20,8
4,Shejing,15,9

5,Huluwa1,2,2
5,Huluwa2,2,3
5,Huluwa3,2,4
5,Huluwa4,2,5
5,Huluwa5,2,6
5,Huluwa6,2,7
5,Huluwa7,2,8
5,Yeye,5,9
5,Xiezijing,20,2
5,Xiaolouluo,19,3
5,Xiezijing,18,4
5,Xiaolouluo,17,5
5,Xiezijing,18,6
5,Xiaolouluo,19,7
5,Xiezijing,20,8
5,Shejing,15,9

6,Huluwa1,2,2
6,Huluwa2,2,3
6,Huluwa3,2,4
6,Huluwa4,2,5
6,Huluwa5,2,6
6,Huluwa6,2,7
6,Huluwa7,2,8
6,Yeye,5,9
6,Xiezijing,20,2
6,Xiaolouluo,19,3
6,Xiezijing,18,4
6,Xiaolouluo,17,5
6,Xiezijing,18,6
6,Xiaolouluo,19,7
6,Xiezijing,20,8
6,Shejing,15,9

7,Huluwa1,2,2
7,Huluwa2,2,3
7,Huluwa3,2,4
7,Huluwa4,2,5
7,Huluwa5,2,6
7,Huluwa6,2,7
7,Huluwa7,2,8
7,Yeye,5,9
7,Xiezijing,20,2
7,Xiaolouluo,19,3
7,Xiezijing,18,4
7,Xiaolouluo,17,5
7,Xiezijing,18,6
7,Xiaolouluo,19,7
7,Xiezijing,20,8
7,Shejing,15,9

8,Huluwa1,2,2
8,Huluwa2,2,3
8,Huluwa3,2,4
8,Huluwa4,2,5
8,Huluwa5,2,6
8,Huluwa6,2,7
8,Huluwa7,2,8
8,Yeye,5,9
8,Xiezijing,20,2
8,Xiaolouluo,19,3
8,Xiezijing,18,4
8,Xiaolouluo,17,5
8,Xiezijing,18,6
8,Xiaolouluo,19,7
8,Xiezijing,20,8
8,Shejing,15,9

9,Huluwa1,2,2
9,Huluwa2,2,3
9,Huluwa3,2,4
9,Huluwa4,2,5
9,Huluwa5,2,6
9,Huluwa6,2,7
9,Huluwa7,2,8
9,Yeye,5,9
9,Xiezijing,20,2
9,Xiaolouluo,19,3
9,Xiezijing,18,4
9,Xiaolouluo,17,5
9,Xiezijing,18,6
9,Xiaolouluo,19,7
9,Xiezijing,20,8
9,Shejing,15,9

10,Huluwa1,3,2
10,Huluwa2,3,3
10,Huluwa3,3,4
10,Huluwa4,3,5
10,Huluwa5,3,6
10,Huluwa6,3,7
10,Huluwa7,3,8
10,Yeye,6,9
10,Xiezijing,19,2
10,Xiaolouluo,18,3
10,Xiezijing,17,4
10,Xiaolouluo,16,5
10,Xiezijing,17,6
10,Xiaolouluo,18,7
10,Xiezijing,19,8
10,Shejing,14,9

11,Huluwa1,3,2
11,Huluwa2,3,3
11,Huluwa3,3,4
11,Huluwa4,3,5
11,Huluwa5,3,6
11,Huluwa6,3,7
11,Huluwa7,3,8
11,Yeye,6,9
11,Xiezijing,19,2
11,Xiaolouluo,18,3
11,Xiezijing,17,4
11,Xiaolouluo,16,5
11,Xiezijing,17,6
11,Xiaolouluo,18,7
11,Xiezijing,19,8
11,Shejing,14,9

12,Huluwa1,3,2
12,Huluwa2,3,3
12,Huluwa3,3,4
12,Huluwa4,3,5
12,Huluwa5,3,6
12,Huluwa6,3,7
12,Huluwa7,3,8
12,Yeye,6,9
12,Xiezijing,19,2
12,Xiaolouluo,18,3
12,Xiezijing,17,4
12,Xiaolouluo,16,5
12,Xiezijing,17,6
12,Xiaolouluo,18,7
12,Xiezijing,19,8
12,Shejing,14,9

13,Huluwa1,3,2
13,Huluwa2,3,3
13,Huluwa3,3,4
13,Huluwa4,3,5
13,Huluwa5,3,6
13,Huluwa6,3,7
13,Huluwa7,3,8
13,Yeye,6,9
13,Xiezijing,19,2
13,Xiaolouluo,18,3
13,Xiezijing,17,4
13,Xiaolouluo,16,5
13,Xiezijing,17,6
13,Xiaolouluo,18,7
13,Xiezijing,19,8
13,Shejing,14,9

14,Huluwa1,3,2
14,Huluwa2,3,3
14,Huluwa3,3,4
14,Huluwa4,3,5
14,Huluwa5,3,6
14,Huluwa6,3,7
14,Huluwa7,3,8
14,Yeye,6,9
14,Xiezijing,19,2
14,Xiaolouluo,18,3
14,Xiezijing,17,4
14,Xiaolouluo,16,5
14,Xiezijing,17,6
14,Xiaolouluo,18,7
14,Xiezijing,19,8
14,Shejing,14,9

15,Huluwa1,3,2
15,Huluwa2,3,3
15,Huluwa3,3,4
15,Huluwa4,3,5
15,Huluwa5,3,6
15,Huluwa6,3,7
15,Huluwa7,3,8
15,Yeye,6,9
15,Xiezijing,19,2
15,Xiaolouluo,18,3
15,Xiezijing,17,4
15,Xiaolouluo,16,5
15,Xiezijing,17,6
15,Xiaolouluo,18,7
15,Xiezijing,19,8
15,Shejing,14,9

16,Huluwa1,3,2
16,Huluwa2,3,3
16,Huluwa3,3,4
16,Huluwa4,3,5
16,Huluwa5,3,6
16,Huluwa6,3,7
16,Huluwa7,3,8
16,Yeye,6,9
16,Xiezijing,19,2
16,Xiaolouluo,18,3
16,Xiezijing,17,4
16,Xiaolouluo,16,5
16,Xiezijing,17,6
16,Xiaolouluo,18,7
16,Xiezijing,19,8
16,Shejing,14,9

17,Huluwa1,3,2
17,Huluwa2,3,3
17,Huluwa3,3,4
17,Huluwa4,3,5
17,Huluwa5,3,6
17,Huluwa6,3,7
17,Huluwa7,3,8
17,Yeye,6,9
17,Xiezijing,19,2
17,Xiaolouluo,18,3
17,Xiezijing,17,4
17,Xiaolouluo,16,5
17,Xiezijing,17,6
17,Xiaolouluo,18,7
17,Xiezijing,19,8
17,Shejing,14,9

18,Huluwa1,3,2
18,Huluwa2,3,3
18,Huluwa3,3,4
18,Huluwa4,3,5
18,Huluwa5,3,6
18,Huluwa6,3,7
18,Huluwa7,3,8
18,Yeye,6,9
18,Xiezijing,19,2
18,Xiaolouluo,18,3
18,Xiezijing,17,4
18,Xiaolouluo,16,5
18,Xiezijing,17,6
18,Xiaolouluo,18,7
18,Xiezijing,19,8
18,Shejing,14,9

19,Huluwa1,3,2
19,Huluwa2,3,3
19,Huluwa3,3,4
19,Huluwa4,3,5
19,Huluwa5,3,6
19,Huluwa6,3,7
19,Huluwa7,3,8
19,Yeye,6,9
19,Xiezijing,19,2
19,Xiaolouluo,18,3
19,Xiezijing,17,4
19,Xiaolouluo,16,5
19,Xiezijing,17,6
19,Xiaolouluo,18,7
19,Xiezijing,19,8
19,Shejing,14,9

20,Huluwa1,3,2
20,Huluwa2,3,3
20,Huluwa3,3,4
20,Huluwa4,3,5
20,Huluwa5,3,6
20,Huluwa6,3,7
20,Huluwa7,3,8
20,Yeye,6,9
20,Xiezijing,19,2
20,Xiaolouluo,18,3
20,Xiezijing,17,4
20,Xiaolouluo,16,5
20,Xiezijing,17,6
20,Xiaolouluo,18,7
20,Xiezijing,19,8
20,Shejing,14,9

21,Huluwa1,3,2
21,Huluwa2,3,3
21,Huluwa3,3,4
21,Huluwa4,3,5
21,Huluwa5,3,6
21,Huluwa6,3,7
21,Huluwa7,3,8
21,Yeye,6,9
21,Xiezijing,19,2
21,Xiaolouluo,18,3
21,Xiezijing,17,4
21,Xiaolouluo,16,5
21,Xiezijing,17,6
21,Xiaolouluo,18,7
21,Xiezijing,19,8
21,Shejing,14,9

22,Huluwa1,3,2
22,Huluwa2,3,3
22,Huluwa3,3,4
22,Huluwa4,3,5
22,Huluwa5,3,6
22,Huluwa6,3,7
22,Huluwa7,3,8
22,Yeye,6,9
22,Xiezijing,19,2
22,Xiaolouluo,18,3
22,Xiezijing,17,4
22,Xiaolouluo,16,5
22,Xiezijing,17,6
22,Xiaolouluo,18,7
22,Xiezijing,19,8
22,Shejing,14,9

23,Huluwa1,3,2
23,Huluwa2,3,3
23,Huluwa3,3,4
23,Huluwa4,3,5
23,Huluwa5,3,6
23,Huluwa6,3,7
23,Huluwa7,3,8
23,Yeye,6,9
23,Xiezijing,19,2
23,Xiaolouluo,18,3
23,Xiezijing,17,4
23,Xiaolouluo,16,5
23,Xiezijing,17,6
23,Xiaolouluo,18,7
23,Xiezijing,19,8
23,Shejing,14,9

24,Huluwa1,3,2
24,Huluwa2,3,3
24,Huluwa3,3,4
24,Huluwa4,3,5
24,Huluwa5,3,6
24,Huluwa6,3,7
24,Huluwa7,3,8
24,Yeye,6,9
24,Xiezijing,19,2
24,Xiaolouluo,18,3
24,Xiezijing,17,4
24,Xiaolouluo,16,5
24,Xiezijing,17,6
24,Xiaolouluo,18,7
24,Xiezijing,19,8
24,Shejing,14,9

25,Huluwa1,3,2
25,Huluwa2,3,3
25,Huluwa3,3,4
25,Huluwa4,3,5
25,Huluwa5,3,6
25,Huluwa6,3,7
25,Huluwa7,3,8
25,Yeye,6,9
25,Xiezijing,19,2
25,Xiaolouluo,18,3
25,Xiezijing,17,4
25,Xiaolouluo,16,5
25,Xiezijing,17,6
25,Xiaolouluo,18,7
25,Xiezijing,19,8
25,Shejing,14,9

26,Huluwa1,3,2
26,Huluwa2,3,3
26,Huluwa3,3,4
26,Huluwa4,3,5
26,Huluwa5,3,6
26,Huluwa6,3,7
26,Huluwa7,3,8
26,Yeye,6,9
26,Xiezijing,19,2
26,Xiaolouluo,18,3
26,Xiezijing,17,4
26,Xiaolouluo,16,5
26,Xiezijing,17,6
26,Xiaolouluo,18,7
26,Xiezijing,19,8
26,Shejing,14,9

27,Huluwa1,3,2
27,Huluwa2,3,3
27,Huluwa3,3,4
27,Huluwa4,3,5
27,Huluwa5,3,6
27,Huluwa6,3,7
27,Huluwa7,3,8
27,Yeye,6,9
27,Xiezijing,19,2
27,Xiaolouluo,18,3
27,Xiezijing,17,4
27,Xiaolouluo,16,5
27,Xiezijing,17,6
27,Xiaolouluo,18,7
27,Xiezijing,19,8
27,Shejing,14,9

28,Huluwa1,3,2
28,Huluwa2,3,3
28,Huluwa3,3,4
28,Huluwa4,3,5
28,Huluwa5,3,6
28,Huluwa6,3,7
28,Huluwa7,3,8
28,Yeye,6,9
28,Xiezijing,19,2
28,Xiaolouluo,18,3
28,Xiezijing,17,4
28,Xiaolouluo,16,5
28,Xiezijing,17,6
28,Xiaolouluo,18,7
28,Xiezijing,19,8
28,Shejing,14,9

29,Huluwa1,3,2
29,Huluwa2,3,3
29,Huluwa3,3,4
29,Huluwa4,3,5
29,Huluwa5,3,6
29,Huluwa6,3,7
29,Huluwa7,3,8
29,Yeye,6,9
29,Xiezijing,19,2
29,Xiaolouluo,18,3
29,Xiezijing,17,4
29,Xiaolouluo,16,5
29,Xiezijing,17,6
29,Xiaolouluo,18,7
29,Xiezijing,19,8
29,Shejing,14,9

30,Huluwa1,4,2
30,Huluwa2,4,3
30,Huluwa3,4,4
30,Huluwa4,4,5
30,Huluwa5,4,6
30,Huluwa6,4,7
30,Huluwa7,4,8
30,Yeye,7,9
30,Xiezijing,18,2
30,Xiaolouluo,17,3
30,Xiezijing,16,4
30,Xiaolouluo,15,5
30,Xiezijing,16,6
30,Xiaolouluo,17,7
30,Xiezijing,18,8
30,Shejing,13,9

31,Huluwa1,4,2
31,Huluwa2,4,3
31,Huluwa3,4,4
31,Huluwa4,4,5
31,Huluwa5,4,6
31,Huluwa6,4,7
31,Huluwa7,4,8
31,Yeye,7,9
31,Xiezijing,18,2
31,Xiaolouluo,17,3
31,Xiezijing,16,4
31,Xiaolouluo,15,5
31,Xiezijing,16,6
31,Xiaolouluo,17,7
31,Xiezijing,18,8
31,Shejing,13,9

32,Huluwa1,4,2
32,Huluwa2,4,3
32,Huluwa3,4,4
32,Huluwa4,4,5
32,Huluwa5,4,6
32,Huluwa6,4,7
32,Huluwa7,4,8
32,Yeye,7,9
32,Xiezijing,18,2
32,Xiaolouluo,17,3
32,Xiezijing,16,4
32,Xiaolouluo,15,5
32,Xiezijing,16,6
32,Xiaolouluo,17,7
32,Xiezijing,18,8
32,Shejing,13,9

33,Huluwa1,4,2
33,Huluwa2,4,3
33,Huluwa3,4,4
33,Huluwa4,4,5
33,Huluwa5,4,6
33,Huluwa6,4,7
33,Huluwa7,4,8
33,Yeye,7,9
33,Xiezijing,18,2
33,Xiaolouluo,17,3
33,Xiezijing,16,4
33,Xiaolouluo,15,5
33,Xiezijing,16,6
33,Xiaolouluo,17,7
33,Xiezijing,18,8
33,Shejing,13,9

34,Huluwa1,4,2
34,Huluwa2,4,3
34,Huluwa3,4,4
34,Huluwa4,4,5
34,Huluwa5,4,6
34,Huluwa6,4,7
34,Huluwa7,4,8
34,Yeye,7,9
34,Xiezijing,18,2
34,Xiaolouluo,17,3
34,Xiezijing,16,4
34,Xiaolouluo,15,5
34,Xiezijing,16,6
34,Xiaolouluo,17,7
34,Xiezijing,18,8
34,Shejing,13,9

35,Huluwa1,4,2
35,Huluwa2,4,3
35,Huluwa3,4,4
35,Huluwa4,4,5
35,Huluwa5,4,6
35,Huluwa6,4,7
35,Huluwa7,4,8
35,Yeye,7,9
35,Xiezijing,18,2
35,Xiaolouluo,17,3
35,Xiezijing,16,4
35,Xiaolouluo,15,5
35,Xiezijing,16,6
35,Xiaolouluo,17,7
35,Xiezijing,18,8
35,Shejing,13,9

36,Huluwa1,4,2
36,Huluwa2,4,3
36,Huluwa3,4,4
36,Huluwa4,4,5
36,Huluwa5,4,6
36,Huluwa6,4,7
36,Huluwa7,4,8
36,Yeye,7,9
36,Xiezijing,18,2
36,Xiaolouluo,17,3
36,Xiezijing,16,4
36,Xiaolouluo,15,5
36,Xiezijing,16,6
36,Xiaolouluo,17,7
36,Xiezijing,18,8
36,Shejing,13,9

37,Huluwa1,4,2
37,Huluwa2,4,3
37,Huluwa3,4,4
37,Huluwa4,4,5
37,Huluwa5,4,6
37,Huluwa6,4,7
37,Huluwa7,4,8
37,Yeye,7,9
37,Xiezijing,18,2
37,Xiaolouluo,17,3
37,Xiezijing,16,4
37,Xiaolouluo,15,5
37,Xiezijing,16,6
37,Xiaolouluo,17,7
37,Xiezijing,18,8
37,Shejing,13,9

38,Huluwa1,4,2
38,Huluwa2,4,3
38,Huluwa3,4,4
38,Huluwa4,4,5
38,Huluwa5,4,6
38,Huluwa6,4,7
38,Huluwa7,4,8
38,Yeye,7,9
38,Xiezijing,18,2
38,Xiaolouluo,17,3
38,Xiezijing,16,4
38,Xiaolouluo,15,5
38,Xiezijing,16,6
38,Xiaolouluo,17,7
38,Xiezijing,18,8
38,Shejing,13,9

39,Huluwa1,4,2
39,Huluwa2,4,3
39,Huluwa3,4,4
39,Huluwa4,4,5
39,Huluwa5,4,6
39,Huluwa6,4,7
39,Huluwa7,4,8
39,Yeye,7,9
39,Xiezijing,18,2
39,Xiaolouluo,17,3
39,Xiezijing,16,4
39,Xiaolouluo,15,5
39,Xiezijing,16,6
39,Xiaolouluo,17,7
39,Xiezijing,18,8
39,Shejing,13,9

40,Huluwa1,4,2
40,Huluwa2,4,3
40,Huluwa3,4,4
40,Huluwa4,4,5
40,Huluwa5,4,6
40,Huluwa6,4,7
40,Huluwa7,4,8
40,Yeye,7,9
40,Xiezijing,18,2
40,Xiaolouluo,17,3
40,Xiezijing,16,4
40,Xiaolouluo,15,5
40,Xiezijing,16,6
40,Xiaolouluo,17,7
40,Xiezijing,18,8
40,Shejing,13,9

41,Huluwa1,4,2
41,Huluwa2,4,3
41,Huluwa3,4,4
41,Huluwa4,4,5
41,Huluwa5,4,6
41,Huluwa6,4,7
41,Huluwa7,4,8
41,Yeye,7,9
41,Xiezijing,18,2
41,Xiaolouluo,17,3
41,Xiezijing,16,4
41,Xiaolouluo,15,5
41,Xiezijing,16,6
41,Xiaolouluo,17,7
41,Xiezijing,18,8
41,Shejing,13,9

42,Huluwa1,4,2
42,Huluwa2,4,3
42,Huluwa3,4,4
42,Huluwa4,4,5
42,Huluwa5,4,6
42,Huluwa6,4,7
42,Huluwa7,4,8
42,Yeye,7,9
42,Xiezijing,18,2
42,Xiaolouluo,17,3
42,Xiezijing,16,4
42,Xiaolouluo,15,5
42,Xiezijing,16,6
42,Xiaolouluo,17,7
42,Xiezijing,18,8
42,Shejing,13,9

43,Huluwa1,4,2
43,Huluwa2,4,3
43,Huluwa3,4,4
43,Huluwa4,4,5
43,Huluwa5,4,6
43,Huluwa6,4,7
43,Huluwa7,4,8
43,Yeye,7,9
43,Xiezijing,18,2
43,Xiaolouluo,17,3
43,Xiezijing,16,4
43,Xiaolouluo,15,5
43,Xiezijing,16,6
43,Xiaolouluo,17,7
43,Xiezijing,18,8
43,Shejing,13,9

44,Huluwa1,4,2
44,Huluwa2,4,3
44,Huluwa3,4,4
44,Huluwa4,4,5
44,Huluwa5,4,6
44,Huluwa6,4,7
44,Huluwa7,4,8
44,Yeye,7,9
44,Xiezijing,18,2
44,Xiaolouluo,17,3
44,Xiezijing,16,4
44,Xiaolouluo,15,5
44,Xiezijing,16,6
44,Xiaolouluo,17,7
44,Xiezijing,18,8
44,Shejing,13,9

45,Huluwa1,4,2
45,Huluwa2,4,3
45,Huluwa3,4,4
45,Huluwa4,4,5
45,Huluwa5,4,6
45,Huluwa6,4,7
45,Huluwa7,4,8
45,Yeye,7,9
45,Xiezijing,18,2
45,Xiaolouluo,17,3
45,Xiezijing,16,4
45,Xiaolouluo,15,5
45,Xiezijing,16,6
45,Xiaolouluo,17,7
45,Xiezijing,18,8
45,Shejing,13,9

46,Huluwa1,4,2
46,Huluwa2,4,3
46,Huluwa3,4,4
46,Huluwa4,4,5
46,Huluwa5,4,6
46,Huluwa6,4,7
46,Huluwa7,4,8
46,Yeye,7,9
46,Xiezijing,18,2
46,Xiaolouluo,17,3
46,Xiezijing,16,4
46,Xiaolouluo,15,5
46,Xiezijing,16,6
46,Xiaolouluo,17,7
46,Xiezijing,18,8
46,Shejing,13,9

47,Huluwa1,4,2
47,Huluwa2,4,3
47,Huluwa3,4,4
47,Huluwa4,4,5
47,Huluwa5,4,6
47,Huluwa6,4,7
47,Huluwa7,4,8
47,Yeye,7,9
47,Xiezijing,18,2
47,Xiaolouluo,17,3
47,Xiezijing,16,4
47,Xiaolouluo,15,5
47,Xiezijing,16,6
47,Xiaolouluo,17,7
47,Xiezijing,18,8
47,Shejing,13,9

48,Huluwa1,4,2
48,Huluwa2,4,3
48,Huluwa3,4,4
48,Huluwa4,4,5
48,Huluwa5,4,6
48,Huluwa6,4,7
48,Huluwa7,4,8
48,Yeye,7,9
48,Xiezijing,18,2
48,Xiaolouluo,17,3
48,Xiezijing,16,4
48,Xiaolouluo,15,5
48,Xiezijing,16,6
48,Xiaolouluo,17,7
48,Xiezijing,18,8
48,Shejing,13,9

49,Huluwa1,4,2
49,Huluwa2,4,3
49,Huluwa3,4,4
49,Huluwa4,4,5
49,Huluwa5,4,6
49,Huluwa6,4,7
49,Huluwa7,4,8
49,Yeye,7,9
49,Xiezijing,18,2
49,Xiaolouluo,17,3
49,Xiezijing,16,4
49,Xiaolouluo,15,5
49,Xiezijing,16,6
49,Xiaolouluo,17,7
49,Xiezijing,18,8
49,Shejing,13,9

50,Huluwa1,5,2
50,Huluwa2,5,3
50,Huluwa3,5,4
50,Huluwa4,5,5
50,Huluwa5,5,6
50,Huluwa6,5,7
50,Huluwa7,5,8
50,Yeye,8,9
50,Xiezijing,17,2
50,Xiaolouluo,16,3
50,Xiezijing,15,4
50,Xiaolouluo,14,5
50,Xiezijing,15,6
50,Xiaolouluo,16,7
50,Xiezijing,17,8
50,Shejing,12,9

51,Huluwa1,5,2
51,Huluwa2,5,3
51,Huluwa3,5,4
51,Huluwa4,5,5
51,Huluwa5,5,6
51,Huluwa6,5,7
51,Huluwa7,5,8
51,Yeye,8,9
51,Xiezijing,17,2
51,Xiaolouluo,16,3
51,Xiezijing,15,4
51,Xiaolouluo,14,5
51,Xiezijing,15,6
51,Xiaolouluo,16,7
51,Xiezijing,17,8
51,Shejing,12,9

52,Huluwa1,5,2
52,Huluwa2,5,3
52,Huluwa3,5,4
52,Huluwa4,5,5
52,Huluwa5,5,6
52,Huluwa6,5,7
52,Huluwa7,5,8
52,Yeye,8,9
52,Xiezijing,17,2
52,Xiaolouluo,16,3
52,Xiezijing,15,4
52,Xiaolouluo,14,5
52,Xiezijing,15,6
52,Xiaolouluo,16,7
52,Xiezijing,17,8
52,Shejing,12,9

53,Huluwa1,5,2
53,Huluwa2,5,3
53,Huluwa3,5,4
53,Huluwa4,5,5
53,Huluwa5,5,6
53,Huluwa6,5,7
53,Huluwa7,5,8
53,Yeye,8,9
53,Xiezijing,17,2
53,Xiaolouluo,16,3
53,Xiezijing,15,4
53,Xiaolouluo,14,5
53,Xiezijing,15,6
53,Xiaolouluo,16,7
53,Xiezijing,17,8
53,Shejing,12,9

54,Huluwa1,5,2
54,Huluwa2,5,3
54,Huluwa3,5,4
54,Huluwa4,5,5
54,Huluwa5,5,6
54,Huluwa6,5,7
54,Huluwa7,5,8
54,Yeye,8,9
54,Xiezijing,17,2
54,Xiaolouluo,16,3
54,Xiezijing,15,4
54,Xiaolouluo,14,5
54,Xiezijing,15,6
54,Xiaolouluo,16,7
54,Xiezijing,17,8
54,Shejing,12,9

55,Huluwa1,5,2
55,Huluwa2,5,3
55,Huluwa3,5,4
55,Huluwa4,5,5
55,Huluwa5,5,6
55,Huluwa6,5,7
55,Huluwa7,5,8
55,Yeye,8,9
55,Xiezijing,17,2
55,Xiaolouluo,16,3
55,Xiezijing,15,4
55,Xiaolouluo,14,5
55,Xiezijing,15,6
55,Xiaolouluo,16,7
55,Xiezijing,17,8
55,Shejing,12,9

56,Huluwa1,5,2
56,Huluwa2,5,3
56,Huluwa3,5,4
56,Huluwa4,5,5
56,Huluwa5,5,6
56,Huluwa6,5,7
56,Huluwa7,5,8
56,Yeye,8,9
56,Xiezijing,17,2
56,Xiaolouluo,16,3
56,Xiezijing,15,4
56,Xiaolouluo,14,5
56,Xiezijing,15,6
56,Xiaolouluo,16,7
56,Xiezijing,17,8
56,Shejing,12,9

57,Huluwa1,5,2
57,Huluwa2,5,3
57,Huluwa3,5,4
57,Huluwa4,5,5
57,Huluwa5,5,6
57,Huluwa6,5,7
57,Huluwa7,5,8
57,Yeye,8,9
57,Xiezijing,17,2
57,Xiaolouluo,16,3
57,Xiezijing,15,4
57,Xiaolouluo,14,5
57,Xiezijing,15,6
57,Xiaolouluo,16,7
57,Xiezijing,17,8
57,Shejing,12,9

58,Huluwa1,5,2
58,Huluwa2,5,3
58,Huluwa3,5,4
58,Huluwa4,5,5
58,Huluwa5,5,6
58,Huluwa6,5,7
58,Huluwa7,5,8
58,Yeye,8,9
58,Xiezijing,17,2
58,Xiaolouluo,16,3
58,Xiezijing,15,4
58,Xiaolouluo,14,5
58,Xiezijing,15,6
58,Xiaolouluo,16,7
58,Xiezijing,17,8
58,Shejing,12,9

59,Huluwa1,5,2
59,Huluwa2,5,3
59,Huluwa3,5,4
59,Huluwa4,5,5
59,Huluwa5,5,6
59,Huluwa6,5,7
59,Huluwa7,5,8
59,Yeye,8,9
59,Xiezijing,17,2
59,Xiaolouluo,16,3
59,Xiezijing,15,4
59,Xiaolouluo,14,5
59,Xiezijing,15,6
59,Xiaolouluo,16,7
59,Xiezijing,17,8
59,Shejing,12,9

60,Huluwa1,5,2
60,Huluwa2,5,3
60,Huluwa3,5,4
60,Huluwa4,5,5
60,Huluwa5,5,6
60,Huluwa6,5,7
60,Huluwa7,5,8
60,Yeye,8,9
60,Xiezijing,17,2
60,Xiaolouluo,16,3
60,Xiezijing,15,4
60,Xiaolouluo,14,5
60,Xiezijing,15,6
60,Xiaolouluo,16,7
60,Xiezijing,17,8
60,Shejing,12,9

61,Huluwa1,5,2
61,Huluwa2,5,3
61,Huluwa3,5,4
61,Huluwa4,5,5
61,Huluwa5,5,6
61,Huluwa6,5,7
61,Huluwa7,5,8
61,Yeye,8,9
61,Xiezijing,17,2
61,Xiaolouluo,16,3
61,Xiezijing,15,4
61,Xiaolouluo,14,5
61,Xiezijing,15,6
61,Xiaolouluo,16,7
61,Xiezijing,17,8
61,Shejing,12,9

62,Huluwa1,5,2
62,Huluwa2,5,3
62,Huluwa3,5,4
62,Huluwa4,5,5
62,Huluwa5,5,6
62,Huluwa6,5,7
62,Huluwa7,5,8
62,Yeye,8,9
62,Xiezijing,17,2
62,Xiaolouluo,16,3
62,Xiezijing,15,4
62,Xiaolouluo,14,5
62,Xiezijing,15,6
62,Xiaolouluo,16,7
62,Xiezijing,17,8
62,Shejing,12,9

63,Huluwa1,5,2
63,Huluwa2,5,3
63,Huluwa3,5,4
63,Huluwa4,5,5
63,Huluwa5,5,6
63,Huluwa6,5,7
63,Huluwa7,5,8
63,Yeye,8,9
63,Xiezijing,17,2
63,Xiaolouluo,16,3
63,Xiezijing,15,4
63,Xiaolouluo,14,5
63,Xiezijing,15,6
63,Xiaolouluo,16,7
63,Xiezijing,17,8
63,Shejing,12,9

64,Huluwa1,5,2
64,Huluwa2,5,3
64,Huluwa3,5,4
64,Huluwa4,5,5
64,Huluwa5,5,6
64,Huluwa6,5,7
64,Huluwa7,5,8
64,Yeye,8,9
64,Xiezijing,17,2
64,Xiaolouluo,16,3
64,Xiezijing,15,4
64,Xiaolouluo,14,5
64,Xiezijing,15,6
64,Xiaolouluo,16,7
64,Xiezijing,17,8
64,Shejing,12,9

65,Huluwa1,5,2
65,Huluwa2,5,3
65,Huluwa3,5,4
65,Huluwa4,5,5
65,Huluwa5,5,6
65,Huluwa6,5,7
65,Huluwa7,5,8
65,Yeye,8,9
65,Xiezijing,17,2
65,Xiaolouluo,16,3
65,Xiezijing,15,4
65,Xiaolouluo,14,5
65,Xiezijing,15,6
65,Xiaolouluo,16,7
65,Xiezijing,17,8
65,Shejing,12,9

66,Huluwa1,5,2
66,Huluwa2,5,3
66,Huluwa3,5,4
66,Huluwa4,5,5
66,Huluwa5,5,6
66,Huluwa6,5,7
66,Huluwa7,5,8
66,Yeye,8,9
66,Xiezijing,17,2
66,Xiaolouluo,16,3
66,Xiezijing,15,4
66,Xiaolouluo,14,5
66,Xiezijing,15,6
66,Xiaolouluo,16,7
66,Xiezijing,17,8
66,Shejing,12,9

67,Huluwa1,5,2
67,Huluwa2,5,3
67,Huluwa3,5,4
67,Huluwa4,5,5
67,Huluwa5,5,6
67,Huluwa6,5,7
67,Huluwa7,5,8
67,Yeye,8,9
67,Xiezijing,17,2
67,Xiaolouluo,16,3
67,Xiezijing,15,4
67,Xiaolouluo,14,5
67,Xiezijing,15,6
67,Xiaolouluo,16,7
67,Xiezijing,17,8
67,Shejing,12,9

68,Huluwa1,5,2
68,Huluwa2,5,3
68,Huluwa3,5,4
68,Huluwa4,5,5
68,Huluwa5,5,6
68,Huluwa6,5,7
68,Huluwa7,5,8
68,Yeye,8,9
68,Xiezijing,17,2
68,Xiaolouluo,16,3
68,Xiezijing,15,4
68,Xiaolouluo,14,5
68,Xiezijing,15,6
68,Xiaolouluo,16,7
68,Xiezijing,17,8
68,Shejing,12,9

69,Huluwa1,5,2
69,Huluwa2,5,3
69,Huluwa3,5,4
69,Huluwa4,5,5
69,Huluwa5,5,6
69,Huluwa6,5,7
69,Huluwa7,5,8
69,Yeye,8,9
69,Xiezijing,17,2
69,Xiaolouluo,16,3
69,Xiezijing,15,4
69,Xiaolouluo,14,5
69,Xiezijing,15,6
69,Xiaolouluo,16,7
69,Xiezijing,17,8
69,Shejing,12,9

70,Huluwa1,6,2
70,Huluwa2,6,3
70,Huluwa3,6,4
70,Huluwa4,6,5
70,Huluwa5,6,6
70,Huluwa6,6,7
70,Huluwa7,6,8
70,Yeye,9,9
70,Xiezijing,16,2
70,Xiaolouluo,15,3
70,Xiezijing,14,4
70,Xiaolouluo,13,5
70,Xiezijing,14,6
70,Xiaolouluo,15,7
70,Xiezijing,16,8
70,Shejing,11,9

71,Huluwa1,6,2
71,Huluwa2,6,3
71,Huluwa3,6,4
71,Huluwa4,6,5
71,Huluwa5,6,6
71,Huluwa6,6,7
71,Huluwa7,6,8
71,Yeye,9,9
71,Xiezijing,16,2
71,Xiaolouluo,15,3
71,Xiezijing,14,4
71,Xiaolouluo,13,5
71,Xiezijing,14,6
71,Xiaolouluo,15,7
71,Xiezijing,16,8
71,Shejing,11,9

72,Huluwa1,6,2
72,Huluwa2,6,3
72,Huluwa3,6,4
72,Huluwa4,6,5
72,Huluwa5,6,6
72,Huluwa6,6,7
72,Huluwa7,6,8
72,Yeye,9,9
72,Xiezijing,16,2
72,Xiaolouluo,15,3
72,Xiezijing,14,4
72,Xiaolouluo,13,5
72,Xiezijing,14,6
72,Xiaolouluo,15,7
72,Xiezijing,16,8
72,Shejing,11,9

73,Huluwa1,6,2
73,Huluwa2,6,3
73,Huluwa3,6,4
73,Huluwa4,6,5
73,Huluwa5,6,6
73,Huluwa6,6,7
73,Huluwa7,6,8
73,Yeye,9,9
73,Xiezijing,16,2
73,Xiaolouluo,15,3
73,Xiezijing,14,4
73,Xiaolouluo,13,5
73,Xiezijing,14,6
73,Xiaolouluo,15,7
73,Xiezijing,16,8
73,Shejing,11,9

74,Huluwa1,6,2
74,Huluwa2,6,3
74,Huluwa3,6,4
74,Huluwa4,6,5
74,Huluwa5,6,6
74,Huluwa6,6,7
74,Huluwa7,6,8
74,Yeye,9,9
74,Xiezijing,16,2
74,Xiaolouluo,15,3
74,Xiezijing,14,4
74,Xiaolouluo,13,5
74,Xiezijing,14,6
74,Xiaolouluo,15,7
74,Xiezijing,16,8
74,Shejing,11,9

75,Huluwa1,6,2
75,Huluwa2,6,3
75,Huluwa3,6,4
75,Huluwa4,6,5
75,Huluwa5,6,6
75,Huluwa6,6,7
75,Huluwa7,6,8
75,Yeye,9,9
75,Xiezijing,16,2
75,Xiaolouluo,15,3
75,Xiezijing,14,4
75,Xiaolouluo,13,5
75,Xiezijing,14,6
75,Xiaolouluo,15,7
75,Xiezijing,16,8
75,Shejing,11,9

76,Huluwa1,6,2
76,Huluwa2,6,3
76,Huluwa3,6,4
76,Huluwa4,6,5
76,Huluwa5,6,6
76,Huluwa6,6,7
76,Huluwa7,6,8
76,Yeye,9,9
76,Xiezijing,16,2
76,Xiaolouluo,15,3
76,Xiezijing,14,4
76,Xiaolouluo,13,5
76,Xiezijing,14,6
76,Xiaolouluo,15,7
76,Xiezijing,16,8
76,Shejing,11,9

77,Huluwa1,6,2
77,Huluwa2,6,3
77,Huluwa3,6,4
77,Huluwa4,6,5
77,Huluwa5,6,6
77,Huluwa6,6,7
77,Huluwa7,6,8
77,Yeye,9,9
77,Xiezijing,16,2
77,Xiaolouluo,15,3
77,Xiezijing,14,4
77,Xiaolouluo,13,5
77,Xiezijing,14,6
77,Xiaolouluo,15,7
77,Xiezijing,16,8
77,Shejing,11,9

78,Huluwa1,6,2
78,Huluwa2,6,3
78,Huluwa3,6,4
78,Huluwa4,6,5
78,Huluwa5,6,6
78,Huluwa6,6,7
78,Huluwa7,6,8
78,Yeye,9,9
78,Xiezijing,16,2
78,Xiaolouluo,15,3
78,Xiezijing,14,4
78,Xiaolouluo,13,5
78,Xiezijing,14,6
78,Xiaolouluo,15,7
78,Xiezijing,16,8
78,Shejing,11,9

79,Huluwa1,6,2
79,Huluwa2,6,3
79,Huluwa3,6,4
79,Huluwa4,6,5
79,Huluwa5,6,6
79,Huluwa6,6,7
79,Huluwa7,6,8
79,Yeye,9,9
79,Xiezijing,16,2
79,Xiaolouluo,15,3
79,Xiezijing,14,4
79,Xiaolouluo,13,5
79,Xiezijing,14,6
79,Xiaolouluo,15,7
79,Xiezijing,16,8
79,Shejing,11,9

80,Huluwa1,6,2
80,Huluwa2,6,3
80,Huluwa3,6,4
80,Huluwa4,6,5
80,Huluwa5,6,6
80,Huluwa6,6,7
80,Huluwa7,6,8
80,Yeye,9,9
80,Xiezijing,16,2
80,Xiaolouluo,15,3
80,Xiezijing,14,4
80,Xiaolouluo,13,5
80,Xiezijing,14,6
80,Xiaolouluo,15,7
80,Xiezijing,16,8
80,Shejing,11,9

81,Huluwa1,6,2
81,Huluwa2,6,3
81,Huluwa3,6,4
81,Huluwa4,6,5
81,Huluwa5,6,6
81,Huluwa6,6,7
81,Huluwa7,6,8
81,Yeye,9,9
81,Xiezijing,16,2
81,Xiaolouluo,15,3
81,Xiezijing,14,4
81,Xiaolouluo,13,5
81,Xiezijing,14,6
81,Xiaolouluo,15,7
81,Xiezijing,16,8
81,Shejing,11,9

82,Huluwa1,6,2
82,Huluwa2,6,3
82,Huluwa3,6,4
82,Huluwa4,6,5
82,Huluwa5,6,6
82,Huluwa6,6,7
82,Huluwa7,6,8
82,Yeye,9,9
82,Xiezijing,16,2
82,Xiaolouluo,15,3
82,Xiezijing,14,4
82,Xiaolouluo,13,5
82,Xiezijing,14,6
82,Xiaolouluo,15,7
82,Xiezijing,16,8
82,Shejing,11,9

83,Huluwa1,6,2
83,Huluwa2,6,3
83,Huluwa3,6,4
83,Huluwa4,6,5
83,Huluwa5,6,6
83,Huluwa6,6,7
83,Huluwa7,6,8
83,Yeye,9,9
83,Xiezijing,16,2
83,Xiaolouluo,15,3
83,Xiezijing,14,4
83,Xiaolouluo,13,5
83,Xiezijing,14,6
83,Xiaolouluo,15,7
83,Xiezijing,16,8
83,Shejing,11,9

84,Huluwa1,6,2
84,Huluwa2,6,3
84,Huluwa3,6,4
84,Huluwa4,6,5
84,Huluwa5,6,6
84,Huluwa6,6,7
84,Huluwa7,6,8
84,Yeye,9,9
84,Xiezijing,16,2
84,Xiaolouluo,15,3
84,Xiezijing,14,4
84,Xiaolouluo,13,5
84,Xiezijing,14,6
84,Xiaolouluo,15,7
84,Xiezijing,16,8
84,Shejing,11,9

85,Huluwa1,6,2
85,Huluwa2,6,3
85,Huluwa3,6,4
85,Huluwa4,6,5
85,Huluwa5,6,6
85,Huluwa6,6,7
85,Huluwa7,6,8
85,Yeye,9,9
85,Xiezijing,16,2
85,Xiaolouluo,15,3
85,Xiezijing,14,4
85,Xiaolouluo,13,5
85,Xiezijing,14,6
85,Xiaolouluo,15,7
85,Xiezijing,16,8
85,Shejing,11,9

86,Huluwa1,6,2
86,Huluwa2,6,3
86,Huluwa3,6,4
86,Huluwa4,6,5
86,Huluwa5,6,6
86,Huluwa6,6,7
86,Huluwa7,6,8
86,Yeye,9,9
86,Xiezijing,16,2
86,Xiaolouluo,15,3
86,Xiezijing,14,4
86,Xiaolouluo,13,5
86,Xiezijing,14,6
86,Xiaolouluo,15,7
86,Xiezijing,16,8
86,Shejing,11,9

87,Huluwa1,6,2
87,Huluwa2,6,3
87,Huluwa3,6,4
87,Huluwa4,6,5
87,Huluwa5,6,6
87,Huluwa6,6,7
87,Huluwa7,6,8
87,Yeye,9,9
87,Xiezijing,16,2
87,Xiaolouluo,15,3
87,Xiezijing,14,4
87,Xiaolouluo,13,5
87,Xiezijing,14,6
87,Xiaolouluo,15,7
87,Xiezijing,16,8
87,Shejing,11,9

88,Huluwa1,6,2
88,Huluwa2,6,3
88,Huluwa3,6,4
88,Huluwa4,6,5
88,Huluwa5,6,6
88,Huluwa6,6,7
88,Huluwa7,6,8
88,Yeye,9,9
88,Xiezijing,16,2
88,Xiaolouluo,15,3
88,Xiezijing,14,4
88,Xiaolouluo,13,5
88,Xiezijing,14,6
88,Xiaolouluo,15,7
88,Xiezijing,16,8
88,Shejing,11,9

89,Huluwa1,7,2
89,Huluwa2,7,3
89,Huluwa3,6,5
89,Huluwa4,7,5
89,Huluwa5,7,6
89,Huluwa6,7,7
89,Huluwa7,7,8
89,Yeye,9,9
89,Xiezijing,15,2
89,Xiaolouluo,14,3
89,Xiezijing,13,4
89,Xiaolouluo,12,5
89,Xiezijing,13,6
89,Xiaolouluo,14,7
89,Xiezijing,15,8

90,Huluwa1,7,2
90,Huluwa2,7,3
90,Huluwa3,6,5
90,Huluwa4,7,5
90,Huluwa5,7,6
90,Huluwa6,7,7
90,Huluwa7,7,8
90,Yeye,9,9
90,Xiezijing,15,2
90,Xiaolouluo,14,3
90,Xiezijing,13,4
90,Xiaolouluo,12,5
90,Xiezijing,13,6
90,Xiaolouluo,14,7
90,Xiezijing,15,8

91,Huluwa1,7,2
91,Huluwa2,7,3
91,Huluwa3,6,5
91,Huluwa4,7,5
91,Huluwa5,7,6
91,Huluwa6,7,7
91,Huluwa7,7,8
91,Yeye,9,9
91,Xiezijing,15,2
91,Xiaolouluo,14,3
91,Xiezijing,13,4
91,Xiaolouluo,12,5
91,Xiezijing,13,6
91,Xiaolouluo,14,7
91,Xiezijing,15,8

92,Huluwa1,7,2
92,Huluwa2,7,3
92,Huluwa3,6,5
92,Huluwa4,7,5
92,Huluwa5,7,6
92,Huluwa6,7,7
92,Huluwa7,7,8
92,Yeye,9,9
92,Xiezijing,15,2
92,Xiaolouluo,14,3
92,Xiezijing,13,4
92,Xiaolouluo,12,5
92,Xiezijing,13,6
92,Xiaolouluo,14,7
92,Xiezijing,15,8

93,Huluwa1,7,2
93,Huluwa2,7,3
93,Huluwa3,6,5
93,Huluwa4,7,5
93,Huluwa5,7,6
93,Huluwa6,7,7
93,Huluwa7,7,8
93,Yeye,9,9
93,Xiezijing,15,2
93,Xiaolouluo,14,3
93,Xiezijing,13,4
93,Xiaolouluo,12,5
93,Xiezijing,13,6
93,Xiaolouluo,14,7
93,Xiezijing,15,8

94,Huluwa1,7,2
94,Huluwa2,7,3
94,Huluwa3,6,5
94,Huluwa4,7,5
94,Huluwa5,7,6
94,Huluwa6,7,7
94,Huluwa7,7,8
94,Yeye,9,9
94,Xiezijing,15,2
94,Xiaolouluo,14,3
94,Xiezijing,13,4
94,Xiaolouluo,12,5
94,Xiezijing,13,6
94,Xiaolouluo,14,7
94,Xiezijing,15,8

95,Huluwa1,7,2
95,Huluwa2,7,3
95,Huluwa3,6,5
95,Huluwa4,7,5
95,Huluwa5,7,6
95,Huluwa6,7,7
95,Huluwa7,7,8
95,Yeye,9,9
95,Xiezijing,15,2
95,Xiaolouluo,14,3
95,Xiezijing,13,4
95,Xiaolouluo,12,5
95,Xiezijing,13,6
95,Xiaolouluo,14,7
95,Xiezijing,15,8

96,Huluwa1,7,2
96,Huluwa2,7,3
96,Huluwa3,6,5
96,Huluwa4,7,5
96,Huluwa5,7,6
96,Huluwa6,7,7
96,Huluwa7,7,8
96,Yeye,9,9
96,Xiezijing,15,2
96,Xiaolouluo,14,3
96,Xiezijing,13,4
96,Xiaolouluo,12,5
96,Xiezijing,13,6
96,Xiaolouluo,14,7
96,Xiezijing,15,8

97,Huluwa1,7,2
97,Huluwa2,7,3
97,Huluwa3,6,5
97,Huluwa4,7,5
97,Huluwa5,7,6
97,Huluwa6,7,7
97,Huluwa7,7,8
97,Yeye,9,9
97,Xiezijing,15,2
97,Xiaolouluo,14,3
97,Xiezijing,13,4
97,Xiaolouluo,12,5
97,Xiezijing,13,6
97,Xiaolouluo,14,7
97,Xiezijing,15,8

98,Huluwa1,7,2
98,Huluwa2,7,3
98,Huluwa3,6,5
98,Huluwa4,7,5
98,Huluwa5,7,6
98,Huluwa6,7,7
98,Huluwa7,7,8
98,Yeye,9,9
98,Xiezijing,15,2
98,Xiaolouluo,14,3
98,Xiezijing,13,4
98,Xiaolouluo,12,5
98,Xiezijing,13,6
98,Xiaolouluo,14,7
98,Xiezijing,15,8

99,Huluwa1,7,2
99,Huluwa2,7,3
99,Huluwa3,6,5
99,Huluwa4,7,5
99,Huluwa5,7,6
99,Huluwa6,7,7
99,Huluwa7,7,8
99,Yeye,9,9
99,Xiezijing,15,2
99,Xiaolouluo,14,3
99,Xiezijing,13,4
99,Xiaolouluo,12,5
99,Xiezijing,13,6
99,Xiaolouluo,14,7
99,Xiezijing,15,8

100,Huluwa1,7,2
100,Huluwa2,7,3
100,Huluwa3,6,5
100,Huluwa4,7,5
100,Huluwa5,7,6
100,Huluwa6,7,7
100,Huluwa7,7,8
100,Yeye,9,9
100,Xiezijing,15,2
100,Xiaolouluo,14,3
100,Xiezijing,13,4
100,Xiaolouluo,12,5
100,Xiezijing,13,6
100,Xiaolouluo,14,7
100,Xiezijing,15,8

101,Huluwa1,7,2
101,Huluwa2,7,3
101,Huluwa3,6,5
101,Huluwa4,7,5
101,Huluwa5,7,6
101,Huluwa6,7,7
101,Huluwa7,7,8
101,Yeye,9,9
101,Xiezijing,15,2
101,Xiaolouluo,14,3
101,Xiezijing,13,4
101,Xiaolouluo,12,5
101,Xiezijing,13,6
101,Xiaolouluo,14,7
101,Xiezijing,15,8

102,Huluwa1,7,2
102,Huluwa2,7,3
102,Huluwa3,6,5
102,Huluwa4,7,5
102,Huluwa5,7,6
102,Huluwa6,7,7
102,Huluwa7,7,8
102,Yeye,9,9
102,Xiezijing,15,2
102,Xiaolouluo,14,3
102,Xiezijing,13,4
102,Xiaolouluo,12,5
102,Xiezijing,13,6
102,Xiaolouluo,14,7
102,Xiezijing,15,8

103,Huluwa1,7,2
103,Huluwa2,7,3
103,Huluwa3,6,5
103,Huluwa4,7,5
103,Huluwa5,7,6
103,Huluwa6,7,7
103,Huluwa7,7,8
103,Yeye,9,9
103,Xiezijing,15,2
103,Xiaolouluo,14,3
103,Xiezijing,13,4
103,Xiaolouluo,12,5
103,Xiezijing,13,6
103,Xiaolouluo,14,7
103,Xiezijing,15,8

104,Huluwa1,7,2
104,Huluwa2,7,3
104,Huluwa3,6,5
104,Huluwa4,7,5
104,Huluwa5,7,6
104,Huluwa6,7,7
104,Huluwa7,7,8
104,Yeye,9,9
104,Xiezijing,15,2
104,Xiaolouluo,14,3
104,Xiezijing,13,4
104,Xiaolouluo,12,5
104,Xiezijing,13,6
104,Xiaolouluo,14,7
104,Xiezijing,15,8

105,Huluwa1,7,2
105,Huluwa2,7,3
105,Huluwa3,6,5
105,Huluwa4,7,5
105,Huluwa5,7,6
105,Huluwa6,7,7
105,Huluwa7,7,8
105,Yeye,9,9
105,Xiezijing,15,2
105,Xiaolouluo,14,3
105,Xiezijing,13,4
105,Xiaolouluo,12,5
105,Xiezijing,13,6
105,Xiaolouluo,14,7
105,Xiezijing,15,8

106,Huluwa1,7,2
106,Huluwa2,7,3
106,Huluwa3,6,5
106,Huluwa4,7,5
106,Huluwa5,7,6
106,Huluwa6,7,7
106,Huluwa7,7,8
106,Yeye,9,9
106,Xiezijing,15,2
106,Xiaolouluo,14,3
106,Xiezijing,13,4
106,Xiaolouluo,12,5
106,Xiezijing,13,6
106,Xiaolouluo,14,7
106,Xiezijing,15,8

107,Huluwa1,7,2
107,Huluwa2,7,3
107,Huluwa3,6,5
107,Huluwa4,7,5
107,Huluwa5,7,6
107,Huluwa6,7,7
107,Huluwa7,7,8
107,Yeye,9,9
107,Xiezijing,15,2
107,Xiaolouluo,14,3
107,Xiezijing,13,4
107,Xiaolouluo,12,5
107,Xiezijing,13,6
107,Xiaolouluo,14,7
107,Xiezijing,15,8

108,Huluwa1,7,2
108,Huluwa2,7,3
108,Huluwa3,6,5
108,Huluwa4,7,5
108,Huluwa5,7,6
108,Huluwa6,7,7
108,Huluwa7,7,8
108,Yeye,9,9
108,Xiezijing,15,2
108,Xiaolouluo,14,3
108,Xiezijing,13,4
108,Xiaolouluo,12,5
108,Xiezijing,13,6
108,Xiaolouluo,14,7
108,Xiezijing,15,8

109,Huluwa1,8,2
109,Huluwa2,8,3
109,Huluwa3,7,5
109,Huluwa4,8,5
109,Huluwa5,8,6
109,Huluwa6,8,7
109,Huluwa7,8,8
109,Xiezijing,14,2
109,Xiaolouluo,13,3
109,Xiezijing,12,4
109,Xiaolouluo,11,5
109,Xiezijing,12,6
109,Xiaolouluo,13,7
109,Xiezijing,14,8

110,Huluwa1,8,2
110,Huluwa2,8,3
110,Huluwa3,7,5
110,Huluwa4,8,5
110,Huluwa5,8,6
110,Huluwa6,8,7
110,Huluwa7,8,8
110,Xiezijing,14,2
110,Xiaolouluo,13,3
110,Xiezijing,12,4
110,Xiaolouluo,11,5
110,Xiezijing,12,6
110,Xiaolouluo,13,7
110,Xiezijing,14,8

111,Huluwa1,8,2
111,Huluwa2,8,3
111,Huluwa3,7,5
111,Huluwa4,8,5
111,Huluwa5,8,6
111,Huluwa6,8,7
111,Huluwa7,8,8
111,Xiezijing,14,2
111,Xiaolouluo,13,3
111,Xiezijing,12,4
111,Xiaolouluo,11,5
111,Xiezijing,12,6
111,Xiaolouluo,13,7
111,Xiezijing,14,8

112,Huluwa1,8,2
112,Huluwa2,8,3
112,Huluwa3,7,5
112,Huluwa4,8,5
112,Huluwa5,8,6
112,Huluwa6,8,7
112,Huluwa7,8,8
112,Xiezijing,14,2
112,Xiaolouluo,13,3
112,Xiezijing,12,4
112,Xiaolouluo,11,5
112,Xiezijing,12,6
112,Xiaolouluo,13,7
112,Xiezijing,14,8

113,Huluwa1,8,2
113,Huluwa2,8,3
113,Huluwa3,7,5
113,Huluwa4,8,5
113,Huluwa5,8,6
113,Huluwa6,8,7
113,Huluwa7,8,8
113,Xiezijing,14,2
113,Xiaolouluo,13,3
113,Xiezijing,12,4
113,Xiaolouluo,11,5
113,Xiezijing,12,6
113,Xiaolouluo,13,7
113,Xiezijing,14,8

114,Huluwa1,8,2
114,Huluwa2,8,3
114,Huluwa3,7,5
114,Huluwa4,8,5
114,Huluwa5,8,6
114,Huluwa6,8,7
114,Huluwa7,8,8
114,Xiezijing,14,2
114,Xiaolouluo,13,3
114,Xiezijing,12,4
114,Xiaolouluo,11,5
114,Xiezijing,12,6
114,Xiaolouluo,13,7
114,Xiezijing,14,8

115,Huluwa1,8,2
115,Huluwa2,8,3
115,Huluwa3,7,5
115,Huluwa4,8,5
115,Huluwa5,8,6
115,Huluwa6,8,7
115,Huluwa7,8,8
115,Xiezijing,14,2
115,Xiaolouluo,13,3
115,Xiezijing,12,4
115,Xiaolouluo,11,5
115,Xiezijing,12,6
115,Xiaolouluo,13,7
115,Xiezijing,14,8

116,Huluwa1,8,2
116,Huluwa2,8,3
116,Huluwa3,7,5
116,Huluwa4,8,5
116,Huluwa5,8,6
116,Huluwa6,8,7
116,Huluwa7,8,8
116,Xiezijing,14,2
116,Xiaolouluo,13,3
116,Xiezijing,12,4
116,Xiaolouluo,11,5
116,Xiezijing,12,6
116,Xiaolouluo,13,7
116,Xiezijing,14,8

117,Huluwa1,8,2
117,Huluwa2,8,3
117,Huluwa3,7,5
117,Huluwa4,8,5
117,Huluwa5,8,6
117,Huluwa6,8,7
117,Huluwa7,8,8
117,Xiezijing,14,2
117,Xiaolouluo,13,3
117,Xiezijing,12,4
117,Xiaolouluo,11,5
117,Xiezijing,12,6
117,Xiaolouluo,13,7
117,Xiezijing,14,8

118,Huluwa1,8,2
118,Huluwa2,8,3
118,Huluwa3,7,5
118,Huluwa4,8,5
118,Huluwa5,8,6
118,Huluwa6,8,7
118,Huluwa7,8,8
118,Xiezijing,14,2
118,Xiaolouluo,13,3
118,Xiezijing,12,4
118,Xiaolouluo,11,5
118,Xiezijing,12,6
118,Xiaolouluo,13,7
118,Xiezijing,14,8

119,Huluwa1,8,2
119,Huluwa2,8,3
119,Huluwa3,7,5
119,Huluwa4,8,5
119,Huluwa5,8,6
119,Huluwa6,8,7
119,Huluwa7,8,8
119,Xiezijing,14,2
119,Xiaolouluo,13,3
119,Xiezijing,12,4
119,Xiaolouluo,11,5
119,Xiezijing,12,6
119,Xiaolouluo,13,7
119,Xiezijing,14,8

120,Huluwa1,8,2
120,Huluwa2,8,3
120,Huluwa3,7,5
120,Huluwa4,8,5
120,Huluwa5,8,6
120,Huluwa6,8,7
120,Huluwa7,8,8
120,Xiezijing,14,2
120,Xiaolouluo,13,3
120,Xiezijing,12,4
120,Xiaolouluo,11,5
120,Xiezijing,12,6
120,Xiaolouluo,13,7
120,Xiezijing,14,8

121,Huluwa1,8,2
121,Huluwa2,8,3
121,Huluwa3,7,5
121,Huluwa4,8,5
121,Huluwa5,8,6
121,Huluwa6,8,7
121,Huluwa7,8,8
121,Xiezijing,14,2
121,Xiaolouluo,13,3
121,Xiezijing,12,4
121,Xiaolouluo,11,5
121,Xiezijing,12,6
121,Xiaolouluo,13,7
121,Xiezijing,14,8

122,Huluwa1,8,2
122,Huluwa2,8,3
122,Huluwa3,7,5
122,Huluwa4,8,5
122,Huluwa5,8,6
122,Huluwa6,8,7
122,Huluwa7,8,8
122,Xiezijing,14,2
122,Xiaolouluo,13,3
122,Xiezijing,12,4
122,Xiaolouluo,11,5
122,Xiezijing,12,6
122,Xiaolouluo,13,7
122,Xiezijing,14,8

123,Huluwa1,8,2
123,Huluwa2,8,3
123,Huluwa3,7,5
123,Huluwa4,8,5
123,Huluwa5,8,6
123,Huluwa6,8,7
123,Huluwa7,8,8
123,Xiezijing,14,2
123,Xiaolouluo,13,3
123,Xiezijing,12,4
123,Xiaolouluo,11,5
123,Xiezijing,12,6
123,Xiaolouluo,13,7
123,Xiezijing,14,8

124,Huluwa1,8,2
124,Huluwa2,8,3
124,Huluwa3,7,5
124,Huluwa4,8,5
124,Huluwa5,8,6
124,Huluwa6,8,7
124,Huluwa7,8,8
124,Xiezijing,14,2
124,Xiaolouluo,13,3
124,Xiezijing,12,4
124,Xiaolouluo,11,5
124,Xiezijing,12,6
124,Xiaolouluo,13,7
124,Xiezijing,14,8

125,Huluwa1,8,2
125,Huluwa2,8,3
125,Huluwa3,7,5
125,Huluwa4,8,5
125,Huluwa5,8,6
125,Huluwa6,8,7
125,Huluwa7,8,8
125,Xiezijing,14,2
125,Xiaolouluo,13,3
125,Xiezijing,12,4
125,Xiaolouluo,11,5
125,Xiezijing,12,6
125,Xiaolouluo,13,7
125,Xiezijing,14,8

126,Huluwa1,8,2
126,Huluwa2,8,3
126,Huluwa3,7,5
126,Huluwa4,8,5
126,Huluwa5,8,6
126,Huluwa6,8,7
126,Huluwa7,8,8
126,Xiezijing,14,2
126,Xiaolouluo,13,3
126,Xiezijing,12,4
126,Xiaolouluo,11,5
126,Xiezijing,12,6
126,Xiaolouluo,13,7
126,Xiezijing,14,8

127,Huluwa1,8,2
127,Huluwa2,8,3
127,Huluwa3,7,5
127,Huluwa4,8,5
127,Huluwa5,8,6
127,Huluwa6,8,7
127,Huluwa7,8,8
127,Xiezijing,14,2
127,Xiaolouluo,13,3
127,Xiezijing,12,4
127,Xiaolouluo,11,5
127,Xiezijing,12,6
127,Xiaolouluo,13,7
127,Xiezijing,14,8

128,Huluwa1,8,2
128,Huluwa2,8,3
128,Huluwa3,7,5
128,Huluwa4,8,5
128,Huluwa5,8,6
128,Huluwa6,8,7
128,Huluwa7,8,8
128,Xiezijing,14,2
128,Xiaolouluo,13,3
128,Xiezijing,12,4
128,Xiaolouluo,11,5
128,Xiezijing,12,6
128,Xiaolouluo,13,7
128,Xiezijing,14,8

129,Huluwa1,9,2
129,Huluwa2,9,3
129,Huluwa3,8,5
129,Huluwa4,9,5
129,Huluwa5,9,6
129,Huluwa6,9,7
129,Huluwa7,9,8
129,Xiezijing,13,2
129,Xiaolouluo,12,3
129,Xiezijing,11,4
129,Xiaolouluo,10,5
129,Xiezijing,11,6
129,Xiaolouluo,12,7
129,Xiezijing,13,8

130,Huluwa1,9,2
130,Huluwa2,9,3
130,Huluwa3,8,5
130,Huluwa4,9,5
130,Huluwa5,9,6
130,Huluwa6,9,7
130,Huluwa7,9,8
130,Xiezijing,13,2
130,Xiaolouluo,12,3
130,Xiezijing,11,4
130,Xiaolouluo,10,5
130,Xiezijing,11,6
130,Xiaolouluo,12,7
130,Xiezijing,13,8

131,Huluwa1,9,2
131,Huluwa2,9,3
131,Huluwa3,8,5
131,Huluwa4,9,5
131,Huluwa5,9,6
131,Huluwa6,9,7
131,Huluwa7,9,8
131,Xiezijing,13,2
131,Xiaolouluo,12,3
131,Xiezijing,11,4
131,Xiaolouluo,10,5
131,Xiezijing,11,6
131,Xiaolouluo,12,7
131,Xiezijing,13,8

132,Huluwa1,9,2
132,Huluwa2,9,3
132,Huluwa3,8,5
132,Huluwa4,9,5
132,Huluwa5,9,6
132,Huluwa6,9,7
132,Huluwa7,9,8
132,Xiezijing,13,2
132,Xiaolouluo,12,3
132,Xiezijing,11,4
132,Xiaolouluo,10,5
132,Xiezijing,11,6
132,Xiaolouluo,12,7
132,Xiezijing,13,8

133,Huluwa1,9,2
133,Huluwa2,9,3
133,Huluwa3,8,5
133,Huluwa4,9,5
133,Huluwa5,9,6
133,Huluwa6,9,7
133,Huluwa7,9,8
133,Xiezijing,13,2
133,Xiaolouluo,12,3
133,Xiezijing,11,4
133,Xiaolouluo,10,5
133,Xiezijing,11,6
133,Xiaolouluo,12,7
133,Xiezijing,13,8

134,Huluwa1,9,2
134,Huluwa2,9,3
134,Huluwa3,8,5
134,Huluwa4,9,5
134,Huluwa5,9,6
134,Huluwa6,9,7
134,Huluwa7,9,8
134,Xiezijing,13,2
134,Xiaolouluo,12,3
134,Xiezijing,11,4
134,Xiaolouluo,10,5
134,Xiezijing,11,6
134,Xiaolouluo,12,7
134,Xiezijing,13,8

135,Huluwa1,9,2
135,Huluwa2,9,3
135,Huluwa3,8,5
135,Huluwa4,9,5
135,Huluwa5,9,6
135,Huluwa6,9,7
135,Huluwa7,9,8
135,Xiezijing,13,2
135,Xiaolouluo,12,3
135,Xiezijing,11,4
135,Xiaolouluo,10,5
135,Xiezijing,11,6
135,Xiaolouluo,12,7
135,Xiezijing,13,8

136,Huluwa1,9,2
136,Huluwa2,9,3
136,Huluwa3,8,5
136,Huluwa4,9,5
136,Huluwa5,9,6
136,Huluwa6,9,7
136,Huluwa7,9,8
136,Xiezijing,13,2
136,Xiaolouluo,12,3
136,Xiezijing,11,4
136,Xiaolouluo,10,5
136,Xiezijing,11,6
136,Xiaolouluo,12,7
136,Xiezijing,13,8

137,Huluwa1,9,2
137,Huluwa2,9,3
137,Huluwa3,8,5
137,Huluwa4,9,5
137,Huluwa5,9,6
137,Huluwa6,9,7
137,Huluwa7,9,8
137,Xiezijing,13,2
137,Xiaolouluo,12,3
137,Xiezijing,11,4
137,Xiaolouluo,10,5
137,Xiezijing,11,6
137,Xiaolouluo,12,7
137,Xiezijing,13,8

138,Huluwa1,9,2
138,Huluwa2,9,3
138,Huluwa3,8,5
138,Huluwa4,9,5
138,Huluwa5,9,6
138,Huluwa6,9,7
138,Huluwa7,9,8
138,Xiezijing,13,2
138,Xiaolouluo,12,3
138,Xiezijing,11,4
138,Xiaolouluo,10,5
138,Xiezijing,11,6
138,Xiaolouluo,12,7
138,Xiezijing,13,8

139,Huluwa1,9,2
139,Huluwa2,9,3
139,Huluwa3,8,5
139,Huluwa4,9,5
139,Huluwa5,9,6
139,Huluwa6,9,7
139,Huluwa7,9,8
139,Xiezijing,13,2
139,Xiaolouluo,12,3
139,Xiezijing,11,4
139,Xiaolouluo,10,5
139,Xiezijing,11,6
139,Xiaolouluo,12,7
139,Xiezijing,13,8

140,Huluwa1,9,2
140,Huluwa2,9,3
140,Huluwa3,8,5
140,Huluwa4,9,5
140,Huluwa5,9,6
140,Huluwa6,9,7
140,Huluwa7,9,8
140,Xiezijing,13,2
140,Xiaolouluo,12,3
140,Xiezijing,11,4
140,Xiaolouluo,10,5
140,Xiezijing,11,6
140,Xiaolouluo,12,7
140,Xiezijing,13,8

141,Huluwa1,9,2
141,Huluwa2,9,3
141,Huluwa3,8,5
141,Huluwa4,9,5
141,Huluwa5,9,6
141,Huluwa6,9,7
141,Huluwa7,9,8
141,Xiezijing,13,2
141,Xiaolouluo,12,3
141,Xiezijing,11,4
141,Xiaolouluo,10,5
141,Xiezijing,11,6
141,Xiaolouluo,12,7
141,Xiezijing,13,8

142,Huluwa1,9,2
142,Huluwa2,9,3
142,Huluwa3,8,5
142,Huluwa4,9,5
142,Huluwa5,9,6
142,Huluwa6,9,7
142,Huluwa7,9,8
142,Xiezijing,13,2
142,Xiaolouluo,12,3
142,Xiezijing,11,4
142,Xiaolouluo,10,5
142,Xiezijing,11,6
142,Xiaolouluo,12,7
142,Xiezijing,13,8

143,Huluwa1,9,2
143,Huluwa2,9,3
143,Huluwa3,8,5
143,Huluwa4,9,5
143,Huluwa5,9,6
143,Huluwa6,9,7
143,Huluwa7,9,8
143,Xiezijing,13,2
143,Xiaolouluo,12,3
143,Xiezijing,11,4
143,Xiaolouluo,10,5
143,Xiezijing,11,6
143,Xiaolouluo,12,7
143,Xiezijing,13,8

144,Huluwa1,9,2
144,Huluwa2,9,3
144,Huluwa3,8,5
144,Huluwa4,9,5
144,Huluwa5,9,6
144,Huluwa6,9,7
144,Huluwa7,9,8
144,Xiezijing,13,2
144,Xiaolouluo,12,3
144,Xiezijing,11,4
144,Xiaolouluo,10,5
144,Xiezijing,11,6
144,Xiaolouluo,12,7
144,Xiezijing,13,8

145,Huluwa1,9,2
145,Huluwa2,9,3
145,Huluwa3,8,5
145,Huluwa4,9,5
145,Huluwa5,9,6
145,Huluwa6,9,7
145,Huluwa7,9,8
145,Xiezijing,13,2
145,Xiaolouluo,12,3
145,Xiezijing,11,4
145,Xiaolouluo,10,5
145,Xiezijing,11,6
145,Xiaolouluo,12,7
145,Xiezijing,13,8

146,Huluwa1,9,2
146,Huluwa2,9,3
146,Huluwa3,8,5
146,Huluwa4,9,5
146,Huluwa5,9,6
146,Huluwa6,9,7
146,Huluwa7,9,8
146,Xiezijing,13,2
146,Xiaolouluo,12,3
146,Xiezijing,11,4
146,Xiaolouluo,10,5
146,Xiezijing,11,6
146,Xiaolouluo,12,7
146,Xiezijing,13,8

147,Huluwa1,9,2
147,Huluwa2,9,3
147,Huluwa3,8,5
147,Huluwa4,9,5
147,Huluwa5,9,6
147,Huluwa6,9,7
147,Huluwa7,9,8
147,Xiezijing,13,2
147,Xiaolouluo,12,3
147,Xiezijing,11,4
147,Xiaolouluo,10,5
147,Xiezijing,11,6
147,Xiaolouluo,12,7
147,Xiezijing,13,8

148,Huluwa1,9,2
148,Huluwa2,9,3
148,Huluwa3,8,5
148,Huluwa4,9,5
148,Huluwa5,9,6
148,Huluwa6,9,7
148,Huluwa7,9,8
148,Xiezijing,13,2
148,Xiaolouluo,12,3
148,Xiezijing,11,4
148,Xiaolouluo,10,5
148,Xiezijing,11,6
148,Xiaolouluo,12,7
148,Xiezijing,13,8

149,Huluwa1,10,2
149,Huluwa2,10,3
149,Huluwa5,10,6
149,Huluwa6,9,6
149,Huluwa7,10,8
149,Xiezijing,12,2
149,Xiaolouluo,11,3
149,Xiezijing,10,4
149,Xiaolouluo,10,5
149,Xiaolouluo,11,7
149,Xiezijing,12,8

150,Huluwa1,10,2
150,Huluwa2,10,3
150,Huluwa5,10,6
150,Huluwa6,9,6
150,Huluwa7,10,8
150,Xiezijing,12,2
150,Xiaolouluo,11,3
150,Xiezijing,10,4
150,Xiaolouluo,10,5
150,Xiaolouluo,11,7
150,Xiezijing,12,8

151,Huluwa1,10,2
151,Huluwa2,10,3
151,Huluwa5,10,6
151,Huluwa6,9,6
151,Huluwa7,10,8
151,Xiezijing,12,2
151,Xiaolouluo,11,3
151,Xiezijing,10,4
151,Xiaolouluo,10,5
151,Xiaolouluo,11,7
151,Xiezijing,12,8

152,Huluwa1,10,2
152,Huluwa2,10,3
152,Huluwa5,10,6
152,Huluwa6,9,6
152,Huluwa7,10,8
152,Xiezijing,12,2
152,Xiaolouluo,11,3
152,Xiezijing,10,4
152,Xiaolouluo,10,5
152,Xiaolouluo,11,7
152,Xiezijing,12,8

153,Huluwa1,10,2
153,Huluwa2,10,3
153,Huluwa5,10,6
153,Huluwa6,9,6
153,Huluwa7,10,8
153,Xiezijing,12,2
153,Xiaolouluo,11,3
153,Xiezijing,10,4
153,Xiaolouluo,10,5
153,Xiaolouluo,11,7
153,Xiezijing,12,8

154,Huluwa1,10,2
154,Huluwa2,10,3
154,Huluwa5,10,6
154,Huluwa6,9,6
154,Huluwa7,10,8
154,Xiezijing,12,2
154,Xiaolouluo,11,3
154,Xiezijing,10,4
154,Xiaolouluo,10,5
154,Xiaolouluo,11,7
154,Xiezijing,12,8

155,Huluwa1,10,2
155,Huluwa2,10,3
155,Huluwa5,10,6
155,Huluwa6,9,6
155,Huluwa7,10,8
155,Xiezijing,12,2
155,Xiaolouluo,11,3
155,Xiezijing,10,4
155,Xiaolouluo,10,5
155,Xiaolouluo,11,7
155,Xiezijing,12,8

156,Huluwa1,10,2
156,Huluwa2,10,3
156,Huluwa5,10,6
156,Huluwa6,9,6
156,Huluwa7,10,8
156,Xiezijing,12,2
156,Xiaolouluo,11,3
156,Xiezijing,10,4
156,Xiaolouluo,10,5
156,Xiaolouluo,11,7
156,Xiezijing,12,8

157,Huluwa1,10,2
157,Huluwa2,10,3
157,Huluwa5,10,6
157,Huluwa6,9,6
157,Huluwa7,10,8
157,Xiezijing,12,2
157,Xiaolouluo,11,3
157,Xiezijing,10,4
157,Xiaolouluo,10,5
157,Xiaolouluo,11,7
157,Xiezijing,12,8

158,Huluwa1,10,2
158,Huluwa2,10,3
158,Huluwa5,10,6
158,Huluwa6,9,6
158,Huluwa7,10,8
158,Xiezijing,12,2
158,Xiaolouluo,11,3
158,Xiezijing,10,4
158,Xiaolouluo,10,5
158,Xiaolouluo,11,7
158,Xiezijing,12,8

159,Huluwa1,10,2
159,Huluwa2,10,3
159,Huluwa5,10,6
159,Huluwa6,9,6
159,Huluwa7,10,8
159,Xiezijing,12,2
159,Xiaolouluo,11,3
159,Xiezijing,10,4
159,Xiaolouluo,10,5
159,Xiaolouluo,11,7
159,Xiezijing,12,8

160,Huluwa1,10,2
160,Huluwa2,10,3
160,Huluwa5,10,6
160,Huluwa6,9,6
160,Huluwa7,10,8
160,Xiezijing,12,2
160,Xiaolouluo,11,3
160,Xiezijing,10,4
160,Xiaolouluo,10,5
160,Xiaolouluo,11,7
160,Xiezijing,12,8

161,Huluwa1,10,2
161,Huluwa2,10,3
161,Huluwa5,10,6
161,Huluwa6,9,6
161,Huluwa7,10,8
161,Xiezijing,12,2
161,Xiaolouluo,11,3
161,Xiezijing,10,4
161,Xiaolouluo,10,5
161,Xiaolouluo,11,7
161,Xiezijing,12,8

162,Huluwa1,10,2
162,Huluwa2,10,3
162,Huluwa5,10,6
162,Huluwa6,9,6
162,Huluwa7,10,8
162,Xiezijing,12,2
162,Xiaolouluo,11,3
162,Xiezijing,10,4
162,Xiaolouluo,10,5
162,Xiaolouluo,11,7
162,Xiezijing,12,8

163,Huluwa1,10,2
163,Huluwa2,10,3
163,Huluwa5,10,6
163,Huluwa6,9,6
163,Huluwa7,10,8
163,Xiezijing,12,2
163,Xiaolouluo,11,3
163,Xiezijing,10,4
163,Xiaolouluo,10,5
163,Xiaolouluo,11,7
163,Xiezijing,12,8

164,Huluwa1,10,2
164,Huluwa2,10,3
164,Huluwa5,10,6
164,Huluwa6,9,6
164,Huluwa7,10,8
164,Xiezijing,12,2
164,Xiaolouluo,11,3
164,Xiezijing,10,4
164,Xiaolouluo,10,5
164,Xiaolouluo,11,7
164,Xiezijing,12,8

165,Huluwa1,10,2
165,Huluwa2,10,3
165,Huluwa5,10,6
165,Huluwa6,9,6
165,Huluwa7,10,8
165,Xiezijing,12,2
165,Xiaolouluo,11,3
165,Xiezijing,10,4
165,Xiaolouluo,10,5
165,Xiaolouluo,11,7
165,Xiezijing,12,8

166,Huluwa1,10,2
166,Huluwa2,10,3
166,Huluwa5,10,6
166,Huluwa6,9,6
166,Huluwa7,10,8
166,Xiezijing,12,2
166,Xiaolouluo,11,3
166,Xiezijing,10,4
166,Xiaolouluo,10,5
166,Xiaolouluo,11,7
166,Xiezijing,12,8

167,Huluwa1,10,2
167,Huluwa2,10,3
167,Huluwa5,10,6
167,Huluwa6,9,6
167,Huluwa7,10,8
167,Xiezijing,12,2
167,Xiaolouluo,11,3
167,Xiezijing,10,4
167,Xiaolouluo,10,5
167,Xiaolouluo,11,7
167,Xiezijing,12,8

168,Huluwa1,10,2
168,Huluwa2,10,3
168,Huluwa5,10,6
168,Huluwa6,9,6
168,Huluwa7,10,8
168,Xiezijing,12,2
168,Xiaolouluo,11,3
168,Xiezijing,10,4
168,Xiaolouluo,10,5
168,Xiaolouluo,11,7
168,Xiezijing,12,8

169,Huluwa6,9,5
169,Xiezijing,12,2
169,Xiaolouluo,10,3
169,Xiezijing,9,4
169,Xiaolouluo,11,7

170,Huluwa6,9,5
170,Xiezijing,12,2
170,Xiaolouluo,10,3
170,Xiezijing,9,4
170,Xiaolouluo,11,7

171,Huluwa6,9,5
171,Xiezijing,12,2
171,Xiaolouluo,10,3
171,Xiezijing,9,4
171,Xiaolouluo,11,7

172,Huluwa6,9,5
172,Xiezijing,12,2
172,Xiaolouluo,10,3
172,Xiezijing,9,4
172,Xiaolouluo,11,7

173,Huluwa6,9,5
173,Xiezijing,12,2
173,Xiaolouluo,10,3
173,Xiezijing,9,4
173,Xiaolouluo,11,7

174,Huluwa6,9,5
174,Xiezijing,12,2
174,Xiaolouluo,10,3
174,Xiezijing,9,4
174,Xiaolouluo,11,7

175,Huluwa6,9,5
175,Xiezijing,12,2
175,Xiaolouluo,10,3
175,Xiezijing,9,4
175,Xiaolouluo,11,7

176,Huluwa6,9,5
176,Xiezijing,12,2
176,Xiaolouluo,10,3
176,Xiezijing,9,4
176,Xiaolouluo,11,7

177,Huluwa6,9,5
177,Xiezijing,12,2
177,Xiaolouluo,10,3
177,Xiezijing,9,4
177,Xiaolouluo,11,7

178,Huluwa6,9,5
178,Xiezijing,12,2
178,Xiaolouluo,10,3
178,Xiezijing,9,4
178,Xiaolouluo,11,7

179,Huluwa6,9,5
179,Xiezijing,12,2
179,Xiaolouluo,10,3
179,Xiezijing,9,4
179,Xiaolouluo,11,7

180,Huluwa6,9,5
180,Xiezijing,12,2
180,Xiaolouluo,10,3
180,Xiezijing,9,4
180,Xiaolouluo,11,7

181,Huluwa6,9,5
181,Xiezijing,12,2
181,Xiaolouluo,10,3
181,Xiezijing,9,4
181,Xiaolouluo,11,7

182,Huluwa6,9,5
182,Xiezijing,12,2
182,Xiaolouluo,10,3
182,Xiezijing,9,4
182,Xiaolouluo,11,7

183,Huluwa6,9,5
183,Xiezijing,12,2
183,Xiaolouluo,10,3
183,Xiezijing,9,4
183,Xiaolouluo,11,7

184,Huluwa6,9,5
184,Xiezijing,12,2
184,Xiaolouluo,10,3
184,Xiezijing,9,4
184,Xiaolouluo,11,7

185,Huluwa6,9,5
185,Xiezijing,12,2
185,Xiaolouluo,10,3
185,Xiezijing,9,4
185,Xiaolouluo,11,7

186,Huluwa6,9,5
186,Xiezijing,12,2
186,Xiaolouluo,10,3
186,Xiezijing,9,4
186,Xiaolouluo,11,7

187,Huluwa6,9,5
187,Xiezijing,12,2
187,Xiaolouluo,10,3
187,Xiezijing,9,4
187,Xiaolouluo,11,7

188,Huluwa6,9,5
188,Xiezijing,12,2
188,Xiaolouluo,10,3
188,Xiezijing,9,4
188,Xiaolouluo,11,7

